/
/APPINFO/
/APPINFO/AMBREAD.DE
/APPINFO/AMBREAD.FR
/APPINFO/AMBREAD.LSM
/APPINFO/AMBREAD.SV
/APPINFO/AMBREAD.TR
/BIN/
/BIN/amb.com
/DOC/
/DOC/AMBREAD/
/DOC/AMBREAD/amb.txt
/SOURCE/
/SOURCE/AMBREAD/
/SOURCE/AMBREAD/SOURCES.ZIP/
/SOURCE/AMBREAD/SOURCES.ZIP/amb.c
/SOURCE/AMBREAD/SOURCES.ZIP/amb.txt
/SOURCE/AMBREAD/SOURCES.ZIP/Makefile
/SOURCE/AMBREAD/SOURCES.ZIP/Makefile.mingw
/SOURCE/AMBREAD/SOURCES.ZIP/Makefile.tcc
/SOURCE/AMBREAD/SOURCES.ZIP/Makefile.wcl
/SOURCE/AMBREAD/SOURCES.ZIP/ptui/
/SOURCE/AMBREAD/SOURCES.ZIP/ptui/README.md
/SOURCE/AMBREAD/SOURCES.ZIP/ptui/ptui-dj.c
/SOURCE/AMBREAD/SOURCES.ZIP/ptui/ptui-dos.c
/SOURCE/AMBREAD/SOURCES.ZIP/ptui/ptui-ncurses.c
/SOURCE/AMBREAD/SOURCES.ZIP/ptui/ptui.h
