/
/APPINFO/
/APPINFO/APPEND.DE
/APPINFO/APPEND.FR
/APPINFO/APPEND.LSM
/APPINFO/APPEND.SV
/APPINFO/APPEND.TR
/BIN/
/BIN/APPEND.EXE
/DOC/
/DOC/APPEND/
/DOC/APPEND/COPYING
/DOC/APPEND/README.TXT
/HELP/
/HELP/APPEND.DE
/HELP/APPEND.EN
/HELP/APPEND.ES
/HELP/APPEND.FR
/HELP/APPEND.PTB
/HELP/APPEND.SV
/HELP/APPEND.TR
/SOURCE/
/SOURCE/APPEND/
/SOURCE/APPEND/SOURCES.ZIP/
/SOURCE/APPEND/SOURCES.ZIP/APPEND.ASM
/SOURCE/APPEND/SOURCES.ZIP/CMDLINE.ASM
/SOURCE/APPEND/SOURCES.ZIP/ENVIRON.ASM
/SOURCE/APPEND/SOURCES.ZIP/EXEBIN.MAC
/SOURCE/APPEND/SOURCES.ZIP/HISTORY.TXT
/SOURCE/APPEND/SOURCES.ZIP/INT21.ASM
/SOURCE/APPEND/SOURCES.ZIP/INT2F.ASM
/SOURCE/APPEND/SOURCES.ZIP/MAKE.BAT
/SOURCE/APPEND/SOURCES.ZIP/MAKEFILE
/SOURCE/APPEND/SOURCES.ZIP/USEFUL.MAC
