/
/APPINFO/
/APPINFO/ASSIGN.DE
/APPINFO/ASSIGN.FR
/APPINFO/ASSIGN.LSM
/APPINFO/ASSIGN.SV
/APPINFO/ASSIGN.TR
/BIN/
/BIN/ASSIGN.COM
/DOC/
/DOC/ASSIGN/
/DOC/ASSIGN/ASSIGN.1
/DOC/ASSIGN/BUGS
/DOC/ASSIGN/FILES
/DOC/ASSIGN/HISTORY
/DOC/ASSIGN/NOTES
/HELP/
/HELP/ASSIGN.DE
/HELP/ASSIGN.EN
/HELP/ASSIGN.ES
/HELP/ASSIGN.FR
/HELP/ASSIGN.PTB
/HELP/ASSIGN.SV
/HELP/ASSIGN.TR
/SOURCE/
/SOURCE/ASSIGN/
/SOURCE/ASSIGN/SOURCES.ZIP/
/SOURCE/ASSIGN/SOURCES.ZIP/ASGN_TSR.ASM
/SOURCE/ASSIGN/SOURCES.ZIP/ASSIGN.1
/SOURCE/ASSIGN/SOURCES.ZIP/ASSIGN.1G
/SOURCE/ASSIGN/SOURCES.ZIP/ASSIGN.C
/SOURCE/ASSIGN/SOURCES.ZIP/BUGS
/SOURCE/ASSIGN/SOURCES.ZIP/COMPILE.BAT
/SOURCE/ASSIGN/SOURCES.ZIP/DEUTSCH.MSG
/SOURCE/ASSIGN/SOURCES.ZIP/DEUTSCH.NRO
/SOURCE/ASSIGN/SOURCES.ZIP/ELVIS.RC
/SOURCE/ASSIGN/SOURCES.ZIP/ENGLISH.MSG
/SOURCE/ASSIGN/SOURCES.ZIP/ENGLISH.NRO
/SOURCE/ASSIGN/SOURCES.ZIP/FILES
/SOURCE/ASSIGN/SOURCES.ZIP/FOREACH.C
/SOURCE/ASSIGN/SOURCES.ZIP/HISTORY
/SOURCE/ASSIGN/SOURCES.ZIP/MAKEFILE
/SOURCE/ASSIGN/SOURCES.ZIP/NOTES
/SOURCE/ASSIGN/SOURCES.ZIP/YERROR.H
