/
/APPINFO/
/APPINFO/ATTRIB.DE
/APPINFO/ATTRIB.FR
/APPINFO/ATTRIB.LSM
/APPINFO/ATTRIB.SV
/APPINFO/ATTRIB.TR
/BIN/
/BIN/ATTRIB.COM
/DOC/
/DOC/ATTRIB/
/DOC/ATTRIB/COPYING
/DOC/ATTRIB/FILES.LST
/DOC/ATTRIB/HISTORY.TXT
/DOC/ATTRIB/PLANS.TXT
/HELP/
/HELP/ATTRIB.TXT
/SOURCE/
/SOURCE/ATTRIB/
/SOURCE/ATTRIB/SOURCES.ZIP/
/SOURCE/ATTRIB/SOURCES.ZIP/ATTRIB.C
/SOURCE/ATTRIB/SOURCES.ZIP/CC.BAT
/SOURCE/ATTRIB/SOURCES.ZIP/MAKEFILE
/SOURCE/ATTRIB/SOURCES.ZIP/MALLOC.INC
/SOURCE/ATTRIB/SOURCES.ZIP/SETUPIO.INC
/SOURCE/ATTRIB/SOURCES.ZIP/SETVBUF.INC
/SOURCE/ATTRIB/SOURCES.ZIP/STDIO.INC
/SOURCE/ATTRIB/SOURCES.ZIP/TURBOC.CFG
/SOURCE/ATTRIB/SOURCES.ZIP/TYPES.H
