/
/APPINFO/
/APPINFO/CHKDSK.DE
/APPINFO/CHKDSK.FR
/APPINFO/CHKDSK.LSM
/APPINFO/CHKDSK.SV
/APPINFO/CHKDSK.TR
/BIN/
/BIN/CHKDSK.EXE
/SOURCE/
/SOURCE/CHKDSK/
/SOURCE/CHKDSK/SOURCES.ZIP/
/SOURCE/CHKDSK/SOURCES.ZIP/BOOT/
/SOURCE/CHKDSK/SOURCES.ZIP/BOOT/BOOTCHK.H
/SOURCE/CHKDSK/SOURCES.ZIP/BOOT/DESCCHK.C
/SOURCE/CHKDSK/SOURCES.ZIP/BOOT/DESCIFAT.C
/SOURCE/CHKDSK/SOURCES.ZIP/BOOT/FSSTRING.C
/SOURCE/CHKDSK/SOURCES.ZIP/BOOT/MAKEFILE
/SOURCE/CHKDSK/SOURCES.ZIP/CHECKS.H
/SOURCE/CHKDSK/SOURCES.ZIP/CHKARGS.C
/SOURCE/CHKDSK/SOURCES.ZIP/CHKARGS.H
/SOURCE/CHKDSK/SOURCES.ZIP/CHKDRVR.C
/SOURCE/CHKDSK/SOURCES.ZIP/CHKDRVR.H
/SOURCE/CHKDSK/SOURCES.ZIP/CHKDSK.C
/SOURCE/CHKDSK/SOURCES.ZIP/CHKDSK.MAP
/SOURCE/CHKDSK/SOURCES.ZIP/CONFIG.MAK
/SOURCE/CHKDSK/SOURCES.ZIP/COPYING
/SOURCE/CHKDSK/SOURCES.ZIP/DIRS/
/SOURCE/CHKDSK/SOURCES.ZIP/DIRS/CHKENTRS.C
/SOURCE/CHKDSK/SOURCES.ZIP/DIRS/CHKLFNS.C
/SOURCE/CHKDSK/SOURCES.ZIP/DIRS/DBLFILES.C
/SOURCE/CHKDSK/SOURCES.ZIP/DIRS/DIRSCHK.H
/SOURCE/CHKDSK/SOURCES.ZIP/DIRS/DTDTPNT.C
/SOURCE/CHKDSK/SOURCES.ZIP/DIRS/INVCHAR.C
/SOURCE/CHKDSK/SOURCES.ZIP/DIRS/INVFCLST.C
/SOURCE/CHKDSK/SOURCES.ZIP/DIRS/MAKEFILE
/SOURCE/CHKDSK/SOURCES.ZIP/DIRS/SBDRFNCS.H
/SOURCE/CHKDSK/SOURCES.ZIP/DIRS/SCANFILS.C
/SOURCE/CHKDSK/SOURCES.ZIP/DIRS/SCNRTDIR.C
/SOURCE/CHKDSK/SOURCES.ZIP/DIRS/SCNSBDRS.C
/SOURCE/CHKDSK/SOURCES.ZIP/DIRS/SCNSBDRS.H
/SOURCE/CHKDSK/SOURCES.ZIP/ENGINE/
/SOURCE/CHKDSK/SOURCES.ZIP/ENGINE/APMLIB/
/SOURCE/CHKDSK/SOURCES.ZIP/ENGINE/APMLIB/INCLUDE/
/SOURCE/CHKDSK/SOURCES.ZIP/ENGINE/APMLIB/INCLUDE/APMLIB.H
/SOURCE/CHKDSK/SOURCES.ZIP/ENGINE/APMLIB/INCLUDE/CEXT.H
/SOURCE/CHKDSK/SOURCES.ZIP/ENGINE/APMLIB/MAKEFILE
/SOURCE/CHKDSK/SOURCES.ZIP/ENGINE/APMLIB/SOURCE/
/SOURCE/CHKDSK/SOURCES.ZIP/ENGINE/APMLIB/SOURCE/APMLIB.C
/SOURCE/CHKDSK/SOURCES.ZIP/ENGINE/APMLIB/SOURCE/APMLIB.ERR
/SOURCE/CHKDSK/SOURCES.ZIP/ENGINE/APMLIB/SOURCE/APMLIBP.PAS
/SOURCE/CHKDSK/SOURCES.ZIP/ENGINE/APMLIB/SOURCE/TEST.C
/SOURCE/CHKDSK/SOURCES.ZIP/ENGINE/CACHE/
/SOURCE/CHKDSK/SOURCES.ZIP/ENGINE/CACHE/BLKCACHE.C
/SOURCE/CHKDSK/SOURCES.ZIP/ENGINE/CACHE/BLKCACHE.H
/SOURCE/CHKDSK/SOURCES.ZIP/ENGINE/CACHE/EMS.ASM
/SOURCE/CHKDSK/SOURCES.ZIP/ENGINE/CACHE/EMS.H
/SOURCE/CHKDSK/SOURCES.ZIP/ENGINE/CACHE/LOGCACHE.C
/SOURCE/CHKDSK/SOURCES.ZIP/ENGINE/CACHE/LOGCACHE.H
/SOURCE/CHKDSK/SOURCES.ZIP/ENGINE/CACHE/MAKEFILE
/SOURCE/CHKDSK/SOURCES.ZIP/ENGINE/CACHE/PHSCACHE.C
/SOURCE/CHKDSK/SOURCES.ZIP/ENGINE/CACHE/PHSCACHE.H
/SOURCE/CHKDSK/SOURCES.ZIP/ENGINE/CACHE/PREREAD.C
/SOURCE/CHKDSK/SOURCES.ZIP/ENGINE/CACHE/SCTCACHE.C
/SOURCE/CHKDSK/SOURCES.ZIP/ENGINE/CACHE/WRTBACK.C
/SOURCE/CHKDSK/SOURCES.ZIP/ENGINE/CACHE/WRTBACK.H
/SOURCE/CHKDSK/SOURCES.ZIP/ENGINE/CACHE/XMS.ASM
/SOURCE/CHKDSK/SOURCES.ZIP/ENGINE/CACHE/XMS.H
/SOURCE/CHKDSK/SOURCES.ZIP/ENGINE/DELETE.BAT
/SOURCE/CHKDSK/SOURCES.ZIP/ENGINE/DISKLIB/
/SOURCE/CHKDSK/SOURCES.ZIP/ENGINE/DISKLIB/ARCHIVE/
/SOURCE/CHKDSK/SOURCES.ZIP/ENGINE/DISKLIB/ARCHIVE/DISKLIB.ZIP/
/SOURCE/CHKDSK/SOURCES.ZIP/ENGINE/DISKLIB/ARCHIVE/DISKLIB.ZIP/dos/
/SOURCE/CHKDSK/SOURCES.ZIP/ENGINE/DISKLIB/ARCHIVE/DISKLIB.ZIP/dos/mk.bat
/SOURCE/CHKDSK/SOURCES.ZIP/ENGINE/DISKLIB/ARCHIVE/DISKLIB.ZIP/dos/write.c
/SOURCE/CHKDSK/SOURCES.ZIP/ENGINE/DISKLIB/ARCHIVE/DISKLIB.ZIP/dos/read.c
/SOURCE/CHKDSK/SOURCES.ZIP/ENGINE/DISKLIB/ARCHIVE/DISKLIB.ZIP/dos/rdump.c
/SOURCE/CHKDSK/SOURCES.ZIP/ENGINE/DISKLIB/ARCHIVE/DISKLIB.ZIP/dos/error.c
/SOURCE/CHKDSK/SOURCES.ZIP/ENGINE/DISKLIB/ARCHIVE/DISKLIB.ZIP/dos/free.c
/SOURCE/CHKDSK/SOURCES.ZIP/ENGINE/DISKLIB/ARCHIVE/DISKLIB.ZIP/dos/makefile.msc
/SOURCE/CHKDSK/SOURCES.ZIP/ENGINE/DISKLIB/ARCHIVE/DISKLIB.ZIP/dos/ioctl.c
/SOURCE/CHKDSK/SOURCES.ZIP/ENGINE/DISKLIB/ARCHIVE/DISKLIB.ZIP/dos/lock.c
/SOURCE/CHKDSK/SOURCES.ZIP/ENGINE/DISKLIB/ARCHIVE/DISKLIB.ZIP/dos/dosio.c
/SOURCE/CHKDSK/SOURCES.ZIP/ENGINE/DISKLIB/ARCHIVE/DISKLIB.ZIP/dos/env.bat
/SOURCE/CHKDSK/SOURCES.ZIP/ENGINE/DISKLIB/ARCHIVE/DISKLIB.ZIP/dos/makefile.wcl
/SOURCE/CHKDSK/SOURCES.ZIP/ENGINE/DISKLIB/ARCHIVE/DISKLIB.ZIP/dos/makefile.gcc
/SOURCE/CHKDSK/SOURCES.ZIP/ENGINE/DISKLIB/ARCHIVE/DISKLIB.ZIP/dos/ver.c
/SOURCE/CHKDSK/SOURCES.ZIP/ENGINE/DISKLIB/ARCHIVE/DISKLIB.ZIP/dos/gcc/
/SOURCE/CHKDSK/SOURCES.ZIP/ENGINE/DISKLIB/ARCHIVE/DISKLIB.ZIP/dos/gcc/dosmem.c
/SOURCE/CHKDSK/SOURCES.ZIP/ENGINE/DISKLIB/ARCHIVE/DISKLIB.ZIP/dos/gcc/read.c
/SOURCE/CHKDSK/SOURCES.ZIP/ENGINE/DISKLIB/ARCHIVE/DISKLIB.ZIP/dos/gcc/rdump.c
/SOURCE/CHKDSK/SOURCES.ZIP/ENGINE/DISKLIB/ARCHIVE/DISKLIB.ZIP/dos/gcc/write.c
/SOURCE/CHKDSK/SOURCES.ZIP/ENGINE/DISKLIB/ARCHIVE/DISKLIB.ZIP/dos/gcc/dosmem.h
/SOURCE/CHKDSK/SOURCES.ZIP/ENGINE/DISKLIB/ARCHIVE/DISKLIB.ZIP/dos/gcc/ioctl.c
/SOURCE/CHKDSK/SOURCES.ZIP/ENGINE/DISKLIB/ARCHIVE/DISKLIB.ZIP/dos/gcc/bios.c
/SOURCE/CHKDSK/SOURCES.ZIP/ENGINE/DISKLIB/ARCHIVE/DISKLIB.ZIP/dos/gcc/edump.c
/SOURCE/CHKDSK/SOURCES.ZIP/ENGINE/DISKLIB/ARCHIVE/DISKLIB.ZIP/dos/gcc/error.c
/SOURCE/CHKDSK/SOURCES.ZIP/ENGINE/DISKLIB/ARCHIVE/DISKLIB.ZIP/dos/getdisk.c
/SOURCE/CHKDSK/SOURCES.ZIP/ENGINE/DISKLIB/ARCHIVE/DISKLIB.ZIP/dos/bios.c
/SOURCE/CHKDSK/SOURCES.ZIP/ENGINE/DISKLIB/ARCHIVE/DISKLIB.ZIP/part.c
/SOURCE/CHKDSK/SOURCES.ZIP/ENGINE/DISKLIB/ARCHIVE/DISKLIB.ZIP/boot.c
/SOURCE/CHKDSK/SOURCES.ZIP/ENGINE/DISKLIB/ARCHIVE/DISKLIB.ZIP/diskfile.c
/SOURCE/CHKDSK/SOURCES.ZIP/ENGINE/DISKLIB/ARCHIVE/DISKLIB.ZIP/shorti.c
/SOURCE/CHKDSK/SOURCES.ZIP/ENGINE/DISKLIB/ARCHIVE/DISKLIB.ZIP/readme.txt
/SOURCE/CHKDSK/SOURCES.ZIP/ENGINE/DISKLIB/ARCHIVE/DISKLIB.ZIP/df.txt
/SOURCE/CHKDSK/SOURCES.ZIP/ENGINE/DISKLIB/ARCHIVE/DISKLIB.ZIP/dosio.h
/SOURCE/CHKDSK/SOURCES.ZIP/ENGINE/DISKLIB/ARCHIVE/DISKLIB.ZIP/drives.c
/SOURCE/CHKDSK/SOURCES.ZIP/ENGINE/DISKLIB/ARCHIVE/DISKLIB.ZIP/getparts.c
/SOURCE/CHKDSK/SOURCES.ZIP/ENGINE/DISKLIB/ARCHIVE/DISKLIB.ZIP/testioct.c
/SOURCE/CHKDSK/SOURCES.ZIP/ENGINE/DISKLIB/ARCHIVE/DISKLIB.ZIP/dump.c
/SOURCE/CHKDSK/SOURCES.ZIP/ENGINE/DISKLIB/ARCHIVE/DISKLIB.ZIP/vers.c
/SOURCE/CHKDSK/SOURCES.ZIP/ENGINE/DISKLIB/ARCHIVE/DISKLIB.ZIP/fat.h
/SOURCE/CHKDSK/SOURCES.ZIP/ENGINE/DISKLIB/ARCHIVE/DISKLIB.ZIP/boota.c
/SOURCE/CHKDSK/SOURCES.ZIP/ENGINE/DISKLIB/ARCHIVE/DISKLIB.ZIP/bootaw.c
/SOURCE/CHKDSK/SOURCES.ZIP/ENGINE/DISKLIB/ARCHIVE/DISKLIB.ZIP/win32/
/SOURCE/CHKDSK/SOURCES.ZIP/ENGINE/DISKLIB/ARCHIVE/DISKLIB.ZIP/win32/rdump.c
/SOURCE/CHKDSK/SOURCES.ZIP/ENGINE/DISKLIB/ARCHIVE/DISKLIB.ZIP/win32/getdisk.c
/SOURCE/CHKDSK/SOURCES.ZIP/ENGINE/DISKLIB/ARCHIVE/DISKLIB.ZIP/win32/makefile.msc
/SOURCE/CHKDSK/SOURCES.ZIP/ENGINE/DISKLIB/ARCHIVE/DISKLIB.ZIP/win32/makefile.wcl
/SOURCE/CHKDSK/SOURCES.ZIP/ENGINE/DISKLIB/ARCHIVE/DISKLIB.ZIP/win32/bios.c
/SOURCE/CHKDSK/SOURCES.ZIP/ENGINE/DISKLIB/ARCHIVE/DISKLIB.ZIP/win32/free.c
/SOURCE/CHKDSK/SOURCES.ZIP/ENGINE/DISKLIB/ARCHIVE/DISKLIB.ZIP/win32/makefile.wnt
/SOURCE/CHKDSK/SOURCES.ZIP/ENGINE/DISKLIB/ARCHIVE/DISKLIB.ZIP/win32/ver.c
/SOURCE/CHKDSK/SOURCES.ZIP/ENGINE/DISKLIB/ARCHIVE/DISKLIB.ZIP/win32/error.c
/SOURCE/CHKDSK/SOURCES.ZIP/ENGINE/DISKLIB/ARCHIVE/DISKLIB.ZIP/win32/device.c
/SOURCE/CHKDSK/SOURCES.ZIP/ENGINE/DISKLIB/ARCHIVE/DISKLIB.ZIP/win32/lock.c
/SOURCE/CHKDSK/SOURCES.ZIP/ENGINE/DISKLIB/ARCHIVE/DISKLIB.ZIP/win32/wlib.c
/SOURCE/CHKDSK/SOURCES.ZIP/ENGINE/DISKLIB/ARCHIVE/DISKLIB.ZIP/win32/makefile.mnt
/SOURCE/CHKDSK/SOURCES.ZIP/ENGINE/DISKLIB/ARCHIVE/DISKLIB.ZIP/win32/intdos.c
/SOURCE/CHKDSK/SOURCES.ZIP/ENGINE/DISKLIB/ARCHIVE/DISKLIB.ZIP/win32/winnt/
/SOURCE/CHKDSK/SOURCES.ZIP/ENGINE/DISKLIB/ARCHIVE/DISKLIB.ZIP/win32/winnt/bios.c
/SOURCE/CHKDSK/SOURCES.ZIP/ENGINE/DISKLIB/ARCHIVE/DISKLIB.ZIP/win32/winnt/read.c
/SOURCE/CHKDSK/SOURCES.ZIP/ENGINE/DISKLIB/ARCHIVE/DISKLIB.ZIP/win32/winnt/open.c
/SOURCE/CHKDSK/SOURCES.ZIP/ENGINE/DISKLIB/ARCHIVE/DISKLIB.ZIP/win32/winnt/getdisk.c
/SOURCE/CHKDSK/SOURCES.ZIP/ENGINE/DISKLIB/ARCHIVE/DISKLIB.ZIP/win32/ioctl.c
/SOURCE/CHKDSK/SOURCES.ZIP/ENGINE/DISKLIB/ARCHIVE/DISKLIB.ZIP/win32/read.c
/SOURCE/CHKDSK/SOURCES.ZIP/ENGINE/DISKLIB/ARCHIVE/DISKLIB.ZIP/win32/mk.bat
/SOURCE/CHKDSK/SOURCES.ZIP/ENGINE/DISKLIB/ARCHIVE/DISKLIB.ZIP/win32/write.c
/SOURCE/CHKDSK/SOURCES.ZIP/ENGINE/DISKLIB/ARCHIVE/DISKLIB.ZIP/lockt.c
/SOURCE/CHKDSK/SOURCES.ZIP/ENGINE/DISKLIB/ARCHIVE/DISKLIB.ZIP/media.c
/SOURCE/CHKDSK/SOURCES.ZIP/ENGINE/DISKLIB/ARCHIVE/DISKLIB.ZIP/get.c
/SOURCE/CHKDSK/SOURCES.ZIP/ENGINE/DISKLIB/ARCHIVE/DISKLIB.ZIP/lib.c
/SOURCE/CHKDSK/SOURCES.ZIP/ENGINE/DISKLIB/ARCHIVE/DISKLIB.ZIP/debug.h
/SOURCE/CHKDSK/SOURCES.ZIP/ENGINE/DISKLIB/ARCHIVE/DISKLIB.ZIP/last.c
/SOURCE/CHKDSK/SOURCES.ZIP/ENGINE/DISKLIB/ARCHIVE/DISKLIB.ZIP/disklib.txt
/SOURCE/CHKDSK/SOURCES.ZIP/ENGINE/DISKLIB/ARCHIVE/DISKLIB.ZIP/lib.h
/SOURCE/CHKDSK/SOURCES.ZIP/ENGINE/DISKLIB/ARCHIVE/DISKLIB.ZIP/getparts.txt
/SOURCE/CHKDSK/SOURCES.ZIP/ENGINE/DISKLIB/ARCHIVE/DISKLIB.ZIP/part.h
/SOURCE/CHKDSK/SOURCES.ZIP/ENGINE/DISKLIB/ARCHIVE/DISKLIB.ZIP/xlate.c
/SOURCE/CHKDSK/SOURCES.ZIP/ENGINE/DISKLIB/ARCHIVE/DISKLIB.ZIP/fat.c
/SOURCE/CHKDSK/SOURCES.ZIP/ENGINE/DISKLIB/ARCHIVE/DISKLIB.ZIP/mid.c
/SOURCE/CHKDSK/SOURCES.ZIP/ENGINE/DISKLIB/ARCHIVE/DISKLIB.ZIP/mid.txt
/SOURCE/CHKDSK/SOURCES.ZIP/ENGINE/DISKLIB/ARCHIVE/DISKLIB.ZIP/qf.bat
/SOURCE/CHKDSK/SOURCES.ZIP/ENGINE/DISKLIB/ARCHIVE/DISKLIB.ZIP/df.c
/SOURCE/CHKDSK/SOURCES.ZIP/ENGINE/DISKLIB/ARCHIVE/DISKLIB.ZIP/win32.h
/SOURCE/CHKDSK/SOURCES.ZIP/ENGINE/DISKLIB/ARCHIVE/DISKLIB.ZIP/apps.txt
/SOURCE/CHKDSK/SOURCES.ZIP/ENGINE/DISKLIB/ARCHIVE/DISKLIB.ZIP/err.c
/SOURCE/CHKDSK/SOURCES.ZIP/ENGINE/DISKLIB/ARCHIVE/DISKLIB.ZIP/show.c
/SOURCE/CHKDSK/SOURCES.ZIP/ENGINE/DISKLIB/ARCHIVE/DISKLIB.ZIP/disklib.h
/SOURCE/CHKDSK/SOURCES.ZIP/ENGINE/DISKLIB/ARCHIVE/DISKLIB.ZIP/changelo.txt
/SOURCE/CHKDSK/SOURCES.ZIP/ENGINE/DISKLIB/ARCHIVE/DISKLIB.ZIP/cc.bat
/SOURCE/CHKDSK/SOURCES.ZIP/ENGINE/DISKLIB/ARCHIVE/DISKLIB.ZIP/arc.bat
/SOURCE/CHKDSK/SOURCES.ZIP/ENGINE/DISKLIB/DISKLIB.H
/SOURCE/CHKDSK/SOURCES.ZIP/ENGINE/DISKLIB/DOCS/
/SOURCE/CHKDSK/SOURCES.ZIP/ENGINE/DISKLIB/DOCS/DISKIO.HTM
/SOURCE/CHKDSK/SOURCES.ZIP/ENGINE/DISKLIB/DOCS/DISKIO2.HTM
/SOURCE/CHKDSK/SOURCES.ZIP/ENGINE/DISKLIB/DOCS/D_DISK.HTM
/SOURCE/CHKDSK/SOURCES.ZIP/ENGINE/DISKLIB/DOCS/LICENS1.TXT
/SOURCE/CHKDSK/SOURCES.ZIP/ENGINE/DISKLIB/DOCS/LICENS2.TXT
/SOURCE/CHKDSK/SOURCES.ZIP/ENGINE/DISKLIB/DOCS/LICENSE.TXT
/SOURCE/CHKDSK/SOURCES.ZIP/ENGINE/DISKLIB/DOCS/NT.HTM
/SOURCE/CHKDSK/SOURCES.ZIP/ENGINE/DISKLIB/DOSIO.H
/SOURCE/CHKDSK/SOURCES.ZIP/ENGINE/DISKLIB/MAKEFILE
/SOURCE/CHKDSK/SOURCES.ZIP/ENGINE/DISKLIB/READ.C
/SOURCE/CHKDSK/SOURCES.ZIP/ENGINE/DISKLIB/WRITE.C
/SOURCE/CHKDSK/SOURCES.ZIP/ENGINE/DOC/
/SOURCE/CHKDSK/SOURCES.ZIP/ENGINE/DOC/FTE.DOC
/SOURCE/CHKDSK/SOURCES.ZIP/ENGINE/DOC/JENNINGS/
/SOURCE/CHKDSK/SOURCES.ZIP/ENGINE/DOC/JENNINGS/LICENSE.TXT
/SOURCE/CHKDSK/SOURCES.ZIP/ENGINE/DOC/JENNINGS/LICENS~2.TXT
/SOURCE/CHKDSK/SOURCES.ZIP/ENGINE/DTSTRCT/
/SOURCE/CHKDSK/SOURCES.ZIP/ENGINE/DTSTRCT/BITFIELD.C
/SOURCE/CHKDSK/SOURCES.ZIP/ENGINE/DTSTRCT/FILE
/SOURCE/CHKDSK/SOURCES.ZIP/ENGINE/DTSTRCT/GNUMAKEF
/SOURCE/CHKDSK/SOURCES.ZIP/ENGINE/DTSTRCT/MAKEFILE
/SOURCE/CHKDSK/SOURCES.ZIP/ENGINE/DTSTRCT/VFSARRAY.BAK
/SOURCE/CHKDSK/SOURCES.ZIP/ENGINE/DTSTRCT/VFSARRAY.C
/SOURCE/CHKDSK/SOURCES.ZIP/ENGINE/DTSTRCT/VFSBTFLD.BAK
/SOURCE/CHKDSK/SOURCES.ZIP/ENGINE/DTSTRCT/VFSBTFLD.C
/SOURCE/CHKDSK/SOURCES.ZIP/ENGINE/HEADER/
/SOURCE/CHKDSK/SOURCES.ZIP/ENGINE/HEADER/ADCPDIRS.H
/SOURCE/CHKDSK/SOURCES.ZIP/ENGINE/HEADER/BACKMEM.H
/SOURCE/CHKDSK/SOURCES.ZIP/ENGINE/HEADER/BACKUP.H
/SOURCE/CHKDSK/SOURCES.ZIP/ENGINE/HEADER/BOOT.H
/SOURCE/CHKDSK/SOURCES.ZIP/ENGINE/HEADER/BUFSHIFT.H
/SOURCE/CHKDSK/SOURCES.ZIP/ENGINE/HEADER/CLCFSIZE.H
/SOURCE/CHKDSK/SOURCES.ZIP/ENGINE/HEADER/CPYSCT.H
/SOURCE/CHKDSK/SOURCES.ZIP/ENGINE/HEADER/DATAAREA.H
/SOURCE/CHKDSK/SOURCES.ZIP/ENGINE/HEADER/DIRCNT.H
/SOURCE/CHKDSK/SOURCES.ZIP/ENGINE/HEADER/DIRECT.H
/SOURCE/CHKDSK/SOURCES.ZIP/ENGINE/HEADER/DRIVE.H
/SOURCE/CHKDSK/SOURCES.ZIP/ENGINE/HEADER/DTSTRCT.H
/SOURCE/CHKDSK/SOURCES.ZIP/ENGINE/HEADER/FAT.H
/SOURCE/CHKDSK/SOURCES.ZIP/ENGINE/HEADER/FATCONST.H
/SOURCE/CHKDSK/SOURCES.ZIP/ENGINE/HEADER/FEXIST.H
/SOURCE/CHKDSK/SOURCES.ZIP/ENGINE/HEADER/FILECHN.H
/SOURCE/CHKDSK/SOURCES.ZIP/ENGINE/HEADER/FNDCIDIR.H
/SOURCE/CHKDSK/SOURCES.ZIP/ENGINE/HEADER/FNDCIFAT.H
/SOURCE/CHKDSK/SOURCES.ZIP/ENGINE/HEADER/FREESPAC.H
/SOURCE/CHKDSK/SOURCES.ZIP/ENGINE/HEADER/FSINFO.H
/SOURCE/CHKDSK/SOURCES.ZIP/ENGINE/HEADER/FTE.H
/SOURCE/CHKDSK/SOURCES.ZIP/ENGINE/HEADER/FTEERR.H
/SOURCE/CHKDSK/SOURCES.ZIP/ENGINE/HEADER/FTEMEM.H
/SOURCE/CHKDSK/SOURCES.ZIP/ENGINE/HEADER/FTEMISC.H
/SOURCE/CHKDSK/SOURCES.ZIP/ENGINE/HEADER/GTNTHCST.H
/SOURCE/CHKDSK/SOURCES.ZIP/ENGINE/HEADER/IO_LINUX.H
/SOURCE/CHKDSK/SOURCES.ZIP/ENGINE/HEADER/LFN.H
/SOURCE/CHKDSK/SOURCES.ZIP/ENGINE/HEADER/LOCPATH.H
/SOURCE/CHKDSK/SOURCES.ZIP/ENGINE/HEADER/LOGCACHE.H
/SOURCE/CHKDSK/SOURCES.ZIP/ENGINE/HEADER/LOWFAT32.H
/SOURCE/CHKDSK/SOURCES.ZIP/ENGINE/HEADER/MKABSPTH.H
/SOURCE/CHKDSK/SOURCES.ZIP/ENGINE/HEADER/NTHENTRY.H
/SOURCE/CHKDSK/SOURCES.ZIP/ENGINE/HEADER/NTHFLCLT.H
/SOURCE/CHKDSK/SOURCES.ZIP/ENGINE/HEADER/PATHCONV.H
/SOURCE/CHKDSK/SOURCES.ZIP/ENGINE/HEADER/PREREAD.H
/SOURCE/CHKDSK/SOURCES.ZIP/ENGINE/HEADER/RDWRSECT.BAK
/SOURCE/CHKDSK/SOURCES.ZIP/ENGINE/HEADER/RDWRSECT.H
/SOURCE/CHKDSK/SOURCES.ZIP/ENGINE/HEADER/RELOCCHN.H
/SOURCE/CHKDSK/SOURCES.ZIP/ENGINE/HEADER/RELOCCLT.H
/SOURCE/CHKDSK/SOURCES.ZIP/ENGINE/HEADER/RELOCSQC.H
/SOURCE/CHKDSK/SOURCES.ZIP/ENGINE/HEADER/SCTCACHE.H
/SOURCE/CHKDSK/SOURCES.ZIP/ENGINE/HEADER/STRNICMP.H
/SOURCE/CHKDSK/SOURCES.ZIP/ENGINE/HEADER/SUBDIR.H
/SOURCE/CHKDSK/SOURCES.ZIP/ENGINE/HEADER/SUREMEM.H
/SOURCE/CHKDSK/SOURCES.ZIP/ENGINE/HEADER/SWPCLST.H
/SOURCE/CHKDSK/SOURCES.ZIP/ENGINE/HEADER/TRACEPTH.H
/SOURCE/CHKDSK/SOURCES.ZIP/ENGINE/HEADER/TRAVERSL.H
/SOURCE/CHKDSK/SOURCES.ZIP/ENGINE/HEADER/VFILESYS.H
/SOURCE/CHKDSK/SOURCES.ZIP/ENGINE/HEADER/VFSARRAY.H
/SOURCE/CHKDSK/SOURCES.ZIP/ENGINE/HEADER/VFSBTFLD.H
/SOURCE/CHKDSK/SOURCES.ZIP/ENGINE/HEADER/VOLUME.H
/SOURCE/CHKDSK/SOURCES.ZIP/ENGINE/HEADER/WALKTREE.H
/SOURCE/CHKDSK/SOURCES.ZIP/ENGINE/HEADER/WALKWPTH.H
/SOURCE/CHKDSK/SOURCES.ZIP/ENGINE/HEADER/WILDCARD.H
/SOURCE/CHKDSK/SOURCES.ZIP/ENGINE/HEAPMEM/
/SOURCE/CHKDSK/SOURCES.ZIP/ENGINE/HEAPMEM/BACKMEM.C
/SOURCE/CHKDSK/SOURCES.ZIP/ENGINE/HEAPMEM/FTEMEM.C
/SOURCE/CHKDSK/SOURCES.ZIP/ENGINE/HEAPMEM/GNUMAKEF
/SOURCE/CHKDSK/SOURCES.ZIP/ENGINE/HEAPMEM/MAKEFILE
/SOURCE/CHKDSK/SOURCES.ZIP/ENGINE/HEAPMEM/SUREMEM.C
/SOURCE/CHKDSK/SOURCES.ZIP/ENGINE/HIGH/
/SOURCE/CHKDSK/SOURCES.ZIP/ENGINE/HIGH/ADCPDIRS.C
/SOURCE/CHKDSK/SOURCES.ZIP/ENGINE/HIGH/CLCFSIZE.C
/SOURCE/CHKDSK/SOURCES.ZIP/ENGINE/HIGH/CPYSCT.C
/SOURCE/CHKDSK/SOURCES.ZIP/ENGINE/HIGH/DIRCNT.C
/SOURCE/CHKDSK/SOURCES.ZIP/ENGINE/HIGH/FEXIST.C
/SOURCE/CHKDSK/SOURCES.ZIP/ENGINE/HIGH/FILECHN.C
/SOURCE/CHKDSK/SOURCES.ZIP/ENGINE/HIGH/FNDCIDIR.C
/SOURCE/CHKDSK/SOURCES.ZIP/ENGINE/HIGH/FNDCIFAT.C
/SOURCE/CHKDSK/SOURCES.ZIP/ENGINE/HIGH/FREESPAC.C
/SOURCE/CHKDSK/SOURCES.ZIP/ENGINE/HIGH/GNUMAKEF
/SOURCE/CHKDSK/SOURCES.ZIP/ENGINE/HIGH/GTNTHCST.C
/SOURCE/CHKDSK/SOURCES.ZIP/ENGINE/HIGH/LOCPATH.C
/SOURCE/CHKDSK/SOURCES.ZIP/ENGINE/HIGH/MAKEFILE
/SOURCE/CHKDSK/SOURCES.ZIP/ENGINE/HIGH/NTHENTRY.C
/SOURCE/CHKDSK/SOURCES.ZIP/ENGINE/HIGH/NTHFLCLT.C
/SOURCE/CHKDSK/SOURCES.ZIP/ENGINE/HIGH/RELOCCHN.C
/SOURCE/CHKDSK/SOURCES.ZIP/ENGINE/HIGH/RELOCCLT.C
/SOURCE/CHKDSK/SOURCES.ZIP/ENGINE/HIGH/RELOCSQC.C
/SOURCE/CHKDSK/SOURCES.ZIP/ENGINE/HIGH/SWPCLST.C
/SOURCE/CHKDSK/SOURCES.ZIP/ENGINE/HIGH/TRACEPTH.C
/SOURCE/CHKDSK/SOURCES.ZIP/ENGINE/HIGH/VFILESYS.C
/SOURCE/CHKDSK/SOURCES.ZIP/ENGINE/HIGH/WALKTREE.C
/SOURCE/CHKDSK/SOURCES.ZIP/ENGINE/HIGH/WALKWPTH.C
/SOURCE/CHKDSK/SOURCES.ZIP/ENGINE/LIB/
/SOURCE/CHKDSK/SOURCES.ZIP/ENGINE/LIB/CLEANFTE.BAT
/SOURCE/CHKDSK/SOURCES.ZIP/ENGINE/LIB/FTE.LST
/SOURCE/CHKDSK/SOURCES.ZIP/ENGINE/LIB/GNUMAKEF
/SOURCE/CHKDSK/SOURCES.ZIP/ENGINE/LIB/LIBTMPAA.AAA
/SOURCE/CHKDSK/SOURCES.ZIP/ENGINE/LIB/MAKEFILE
/SOURCE/CHKDSK/SOURCES.ZIP/ENGINE/LIB/MAKEFTE.BAT
/SOURCE/CHKDSK/SOURCES.ZIP/ENGINE/LOW/
/SOURCE/CHKDSK/SOURCES.ZIP/ENGINE/LOW/BACKUP.C
/SOURCE/CHKDSK/SOURCES.ZIP/ENGINE/LOW/BOOT.C
/SOURCE/CHKDSK/SOURCES.ZIP/ENGINE/LOW/DIRECT.C
/SOURCE/CHKDSK/SOURCES.ZIP/ENGINE/LOW/DRIVE.C
/SOURCE/CHKDSK/SOURCES.ZIP/ENGINE/LOW/FAT.C
/SOURCE/CHKDSK/SOURCES.ZIP/ENGINE/LOW/FSINFO.C
/SOURCE/CHKDSK/SOURCES.ZIP/ENGINE/LOW/FTEERR.C
/SOURCE/CHKDSK/SOURCES.ZIP/ENGINE/LOW/GNUMAKEF
/SOURCE/CHKDSK/SOURCES.ZIP/ENGINE/LOW/IO.C
/SOURCE/CHKDSK/SOURCES.ZIP/ENGINE/LOW/LFN.C
/SOURCE/CHKDSK/SOURCES.ZIP/ENGINE/LOW/LIBTMPAA.AAA
/SOURCE/CHKDSK/SOURCES.ZIP/ENGINE/LOW/LOWFAT32.C
/SOURCE/CHKDSK/SOURCES.ZIP/ENGINE/LOW/MAKEFILE
/SOURCE/CHKDSK/SOURCES.ZIP/ENGINE/LOW/RDWRSECT.C
/SOURCE/CHKDSK/SOURCES.ZIP/ENGINE/LOW/SUBDIR.C
/SOURCE/CHKDSK/SOURCES.ZIP/ENGINE/LOW/VOLUME.C
/SOURCE/CHKDSK/SOURCES.ZIP/ENGINE/MISC/
/SOURCE/CHKDSK/SOURCES.ZIP/ENGINE/MISC/BUFSHIFT.C
/SOURCE/CHKDSK/SOURCES.ZIP/ENGINE/MISC/ENTSHIFT.C
/SOURCE/CHKDSK/SOURCES.ZIP/ENGINE/MISC/ENTSHIFT.ERR
/SOURCE/CHKDSK/SOURCES.ZIP/ENGINE/MISC/GNUMAKEF
/SOURCE/CHKDSK/SOURCES.ZIP/ENGINE/MISC/MAKEFILE
/SOURCE/CHKDSK/SOURCES.ZIP/ENGINE/MISC/MKABSPTH.C
/SOURCE/CHKDSK/SOURCES.ZIP/ENGINE/MISC/PATHCONV.C
/SOURCE/CHKDSK/SOURCES.ZIP/ENGINE/MISC/PATHCONV.DSK
/SOURCE/CHKDSK/SOURCES.ZIP/ENGINE/MISC/PATHCONV.PRJ
/SOURCE/CHKDSK/SOURCES.ZIP/ENGINE/MISC/STRNICMP.C
/SOURCE/CHKDSK/SOURCES.ZIP/ENGINE/MISC/WILDCARD.C
/SOURCE/CHKDSK/SOURCES.ZIP/ENGINE/MISC/WILDCARD.ERR
/SOURCE/CHKDSK/SOURCES.ZIP/ERRMSGS/
/SOURCE/CHKDSK/SOURCES.ZIP/ERRMSGS/CHKMSGS.C
/SOURCE/CHKDSK/SOURCES.ZIP/ERRMSGS/ERRMSGS.H
/SOURCE/CHKDSK/SOURCES.ZIP/ERRMSGS/MAKEFILE
/SOURCE/CHKDSK/SOURCES.ZIP/ERRMSGS/PRINTBUF.C
/SOURCE/CHKDSK/SOURCES.ZIP/ERRMSGS/PRINTBUF.H
/SOURCE/CHKDSK/SOURCES.ZIP/FAT/
/SOURCE/CHKDSK/SOURCES.ZIP/FAT/CROSSLNK.C
/SOURCE/CHKDSK/SOURCES.ZIP/FAT/DFATCHK.C
/SOURCE/CHKDSK/SOURCES.ZIP/FAT/FATCHKS.H
/SOURCE/CHKDSK/SOURCES.ZIP/FAT/LBLVALID.C
/SOURCE/CHKDSK/SOURCES.ZIP/FAT/LOSTCLTS.C
/SOURCE/CHKDSK/SOURCES.ZIP/FAT/MAKEFILE
/SOURCE/CHKDSK/SOURCES.ZIP/FRAGFACT/
/SOURCE/CHKDSK/SOURCES.ZIP/FRAGFACT/DEFRFACT.C
/SOURCE/CHKDSK/SOURCES.ZIP/FRAGFACT/DEFRFACT.H
/SOURCE/CHKDSK/SOURCES.ZIP/FRAGFACT/MAKEFILE
/SOURCE/CHKDSK/SOURCES.ZIP/MAKEFILE
/SOURCE/CHKDSK/SOURCES.ZIP/MISC/
/SOURCE/CHKDSK/SOURCES.ZIP/MISC/BOOL.H
/SOURCE/CHKDSK/SOURCES.ZIP/MISC/MAKEFILE
/SOURCE/CHKDSK/SOURCES.ZIP/MISC/MISC.LIB
/SOURCE/CHKDSK/SOURCES.ZIP/MISC/SWITCHCH.ASM
/SOURCE/CHKDSK/SOURCES.ZIP/MISC/SWITCHCH.H
/SOURCE/CHKDSK/SOURCES.ZIP/MISC/SWITCHCH.OBJ
/SOURCE/CHKDSK/SOURCES.ZIP/MISC/USEFUL.H
/SOURCE/CHKDSK/SOURCES.ZIP/STRUCT/
/SOURCE/CHKDSK/SOURCES.ZIP/STRUCT/FSTTRMAP.C
/SOURCE/CHKDSK/SOURCES.ZIP/STRUCT/FSTTRMAP.H
/SOURCE/CHKDSK/SOURCES.ZIP/STRUCT/INTELWLK.C
/SOURCE/CHKDSK/SOURCES.ZIP/STRUCT/INTELWLK.H
/SOURCE/CHKDSK/SOURCES.ZIP/STRUCT/MAKEFILE
/SOURCE/CHKDSK/SOURCES.ZIP/SUMMARY/
/SOURCE/CHKDSK/SOURCES.ZIP/SUMMARY/FATSUM.C
/SOURCE/CHKDSK/SOURCES.ZIP/SUMMARY/FATSUM.H
/SOURCE/CHKDSK/SOURCES.ZIP/SUMMARY/FILESSUM.C
/SOURCE/CHKDSK/SOURCES.ZIP/SUMMARY/FILESSUM.H
/SOURCE/CHKDSK/SOURCES.ZIP/SUMMARY/MAKEFILE
/SOURCE/CHKDSK/SOURCES.ZIP/SUMMARY/SUMMARY.C
/SOURCE/CHKDSK/SOURCES.ZIP/SUMMARY/SUMMARY.H
/SOURCE/CHKDSK/SOURCES.ZIP/SURFACE/
/SOURCE/CHKDSK/SOURCES.ZIP/SURFACE/MAKEFILE
/SOURCE/CHKDSK/SOURCES.ZIP/SURFACE/SURFACE.C
/SOURCE/CHKDSK/SOURCES.ZIP/SURFACE/SURFACE.H
/SOURCE/CHKDSK/SOURCES.ZIP/VERSION.H
/SOURCE/CHKDSK/SOURCES.ZIP/VOLUME.H
