/
/APPINFO/
/APPINFO/CHOICE.DE
/APPINFO/CHOICE.FR
/APPINFO/CHOICE.LSM
/APPINFO/CHOICE.SV
/APPINFO/CHOICE.TR
/BIN/
/BIN/CHOICE.EXE
/BIN/_CHOICE.EXE
/DOC/
/DOC/CHOICE/
/DOC/CHOICE/BUGS
/DOC/CHOICE/INSTALL
/DOC/CHOICE/NEWS
/DOC/CHOICE/README
/HELP/
/HELP/CHOICE.DE
/HELP/CHOICE.EN
/HELP/CHOICE.ES
/HELP/CHOICE.FR
/HELP/CHOICE.PTB
/HELP/CHOICE.SV
/HELP/CHOICE.TR
/NLS/
/NLS/CHOICE.DE
/NLS/CHOICE.DK
/NLS/CHOICE.EN
/NLS/CHOICE.ES
/NLS/CHOICE.FI
/NLS/CHOICE.FR
/NLS/CHOICE.HU
/NLS/CHOICE.IT
/NLS/CHOICE.LV
/NLS/CHOICE.NL
/NLS/CHOICE.PL
/NLS/CHOICE.PT
/NLS/CHOICE.RU
/NLS/CHOICE.SL
/NLS/CHOICE.SV
/NLS/CHOICE.TR
/SOURCE/
/SOURCE/CHOICE/
/SOURCE/CHOICE/SOURCES.ZIP/
/SOURCE/CHOICE/SOURCES.ZIP/CHOICE.C
/SOURCE/CHOICE/SOURCES.ZIP/KITTEN.C
/SOURCE/CHOICE/SOURCES.ZIP/KITTEN.H
/SOURCE/CHOICE/SOURCES.ZIP/MAKEFILE
/SOURCE/CHOICE/SOURCES.ZIP/MKZIP.BAT
/SOURCE/CHOICE/SOURCES.ZIP/PRF.C
/SOURCE/CHOICE/SOURCES.ZIP/TALLOC.C
/SOURCE/CHOICE/SOURCES.ZIP/TCDUMMY.C
/SOURCE/CHOICE/SOURCES.ZIP/TEST1.BAT
/SOURCE/CHOICE/SOURCES.ZIP/TEST2.BAT
/SOURCE/CHOICE/SOURCES.ZIP/TEST3.BAT
/SOURCE/CHOICE/SOURCES.ZIP/TEST4.BAT
