/
/APPINFO/
/APPINFO/CTMOUSE.DE
/APPINFO/CTMOUSE.FR
/APPINFO/CTMOUSE.LSM
/APPINFO/CTMOUSE.SV
/APPINFO/CTMOUSE.TR
/BIN/
/BIN/CTMOUSE.EXE
/BIN/CTMOUSE/
/BIN/CTMOUSE/COM2EXE.EXE
/BIN/CTMOUSE/COMTEST.COM
/BIN/CTMOUSE/CTM-BR.EXE
/BIN/CTMOUSE/CTM-DE.EXE
/BIN/CTMOUSE/CTM-EN.EXE
/BIN/CTMOUSE/CTM-ES.EXE
/BIN/CTMOUSE/CTM-FR.EXE
/BIN/CTMOUSE/CTM-HU.EXE
/BIN/CTMOUSE/CTM-IT.EXE
/BIN/CTMOUSE/CTM-LV.EXE
/BIN/CTMOUSE/CTM-NL.EXE
/BIN/CTMOUSE/CTM-PL.EXE
/BIN/CTMOUSE/CTM-PT.EXE
/BIN/CTMOUSE/CTM-SK.EXE
/BIN/CTMOUSE/CTMDEBUG.EXE
/BIN/CTMOUSE/MOUSETST.COM
/BIN/CTMOUSE/PROTOCOL.COM
/DOC/
/DOC/CTMOUSE/
/DOC/CTMOUSE/CTMOUSE.TXT
/DOC/CTMOUSE/EXTEND.TXT
/DOC/CTMOUSE/FILES.LST
/DOC/CTMOUSE/HISTORY.TXT
/DOC/CTMOUSE/INT10.LST
/DOC/CTMOUSE/INT33.LST
/DOC/CTMOUSE/JWASM.TXT
/DOC/CTMOUSE/PROTOCOL.TXT
/DOC/CTMOUSE/TECHNOTE.TXT
/DOC/CTMOUSE/UARTNOTE.TXT
/DOC/CTMOUSE/WHEELAPI.TXT
/SOURCE/
/SOURCE/CTMOUSE/
/SOURCE/CTMOUSE/SOURCES.ZIP/
/SOURCE/CTMOUSE/SOURCES.ZIP/ALLLANG.BAT
/SOURCE/CTMOUSE/SOURCES.ZIP/ASMLIB/
/SOURCE/CTMOUSE/SOURCES.ZIP/ASMLIB/ASM.MAC
/SOURCE/CTMOUSE/SOURCES.ZIP/ASMLIB/BIOS/
/SOURCE/CTMOUSE/SOURCES.ZIP/ASMLIB/BIOS/AREA0.DEF
/SOURCE/CTMOUSE/SOURCES.ZIP/ASMLIB/CODE.DEF
/SOURCE/CTMOUSE/SOURCES.ZIP/ASMLIB/CODE.MAC
/SOURCE/CTMOUSE/SOURCES.ZIP/ASMLIB/CONVERT/
/SOURCE/CTMOUSE/SOURCES.ZIP/ASMLIB/CONVERT/COUNT2X.MAC
/SOURCE/CTMOUSE/SOURCES.ZIP/ASMLIB/CONVERT/DIGIT.MAC
/SOURCE/CTMOUSE/SOURCES.ZIP/ASMLIB/DOS/
/SOURCE/CTMOUSE/SOURCES.ZIP/ASMLIB/DOS/IO.MAC
/SOURCE/CTMOUSE/SOURCES.ZIP/ASMLIB/DOS/MCB.DEF
/SOURCE/CTMOUSE/SOURCES.ZIP/ASMLIB/DOS/MEM.MAC
/SOURCE/CTMOUSE/SOURCES.ZIP/ASMLIB/DOS/PSP.DEF
/SOURCE/CTMOUSE/SOURCES.ZIP/ASMLIB/HARD/
/SOURCE/CTMOUSE/SOURCES.ZIP/ASMLIB/HARD/PIC8259A.DEF
/SOURCE/CTMOUSE/SOURCES.ZIP/ASMLIB/HARD/UART.DEF
/SOURCE/CTMOUSE/SOURCES.ZIP/ASMLIB/LGPL
/SOURCE/CTMOUSE/SOURCES.ZIP/ASMLIB/MACRO.MAC
/SOURCE/CTMOUSE/SOURCES.ZIP/ASMLIB.CFG
/SOURCE/CTMOUSE/SOURCES.ZIP/COM2EXE.EXE
/SOURCE/CTMOUSE/SOURCES.ZIP/COPYING
/SOURCE/CTMOUSE/SOURCES.ZIP/CTM-BR.MSG
/SOURCE/CTMOUSE/SOURCES.ZIP/CTM-DE.MSG
/SOURCE/CTMOUSE/SOURCES.ZIP/CTM-EN.MSG
/SOURCE/CTMOUSE/SOURCES.ZIP/CTM-ES.MSG
/SOURCE/CTMOUSE/SOURCES.ZIP/CTM-FR.MSG
/SOURCE/CTMOUSE/SOURCES.ZIP/CTM-HU.MSG
/SOURCE/CTMOUSE/SOURCES.ZIP/CTM-IT.MSG
/SOURCE/CTMOUSE/SOURCES.ZIP/CTM-LV.MSG
/SOURCE/CTMOUSE/SOURCES.ZIP/CTM-NL.MSG
/SOURCE/CTMOUSE/SOURCES.ZIP/CTMOUSE.ASM
/SOURCE/CTMOUSE/SOURCES.ZIP/CTMOUSE.MAP
/SOURCE/CTMOUSE/SOURCES.ZIP/CTMOUSE.MSG
/SOURCE/CTMOUSE/SOURCES.ZIP/CTM-PL.MSG
/SOURCE/CTMOUSE/SOURCES.ZIP/CTM-PT.MSG
/SOURCE/CTMOUSE/SOURCES.ZIP/CTM-SK.MSG
/SOURCE/CTMOUSE/SOURCES.ZIP/CTM-TR.MSG
/SOURCE/CTMOUSE/SOURCES.ZIP/MAKEFILE
/SOURCE/CTMOUSE/SOURCES.ZIP/TASMMASM/
/SOURCE/CTMOUSE/SOURCES.ZIP/TASMMASM/COMTEST.COM
/SOURCE/CTMOUSE/SOURCES.ZIP/TASMMASM/CTMOUSE.EXE
/SOURCE/CTMOUSE/SOURCES.ZIP/TASMMASM/JW-TASM.DIF
/SOURCE/CTMOUSE/SOURCES.ZIP/TASMMASM/JW-TASM.TXT
/SOURCE/CTMOUSE/SOURCES.ZIP/TASMMASM/MOUSETST.COM
/SOURCE/CTMOUSE/SOURCES.ZIP/TASMMASM/PROTOCOL.COM
/SOURCE/CTMOUSE/SOURCES.ZIP/UTILITY/
/SOURCE/CTMOUSE/SOURCES.ZIP/UTILITY/COMTEST.ASM
/SOURCE/CTMOUSE/SOURCES.ZIP/UTILITY/DISPLAY.ASM
/SOURCE/CTMOUSE/SOURCES.ZIP/UTILITY/MAKEFILE
/SOURCE/CTMOUSE/SOURCES.ZIP/UTILITY/MOUSETST.ASM
/SOURCE/CTMOUSE/SOURCES.ZIP/UTILITY/PROTOCOL.ASM
