/
/APPINFO/
/APPINFO/CWSDPMI.DE
/APPINFO/CWSDPMI.FR
/APPINFO/CWSDPMI.LSM
/APPINFO/CWSDPMI.SV
/APPINFO/CWSDPMI.TR
/BIN/
/BIN/CWSDPMI.EXE
/BIN/CWSDPR0.EXE
/BIN/CWSDSTR0.EXE
/BIN/CWSDSTUB.EXE
/BIN/CWSPARAM.EXE
/DOC/
/DOC/CWSDPMI/
/DOC/CWSDPMI/COPYING.CWS
/DOC/CWSDPMI/CSDPMI7B.VER
/DOC/CWSDPMI/CWSDPMI.DOC
/DOC/CWSDPMI/CWSPARAM.DOC
/SOURCE/
/SOURCE/CWSDPMI/
/SOURCE/CWSDPMI/SOURCES.ZIP/
/SOURCE/CWSDPMI/SOURCES.ZIP/CONTROL.C
/SOURCE/CWSDPMI/SOURCES.ZIP/CONTROL.H
/SOURCE/CWSDPMI/SOURCES.ZIP/COPYING
/SOURCE/CWSDPMI/SOURCES.ZIP/COPYING.CWS
/SOURCE/CWSDPMI/SOURCES.ZIP/CSDPMI7S.MFT
/SOURCE/CWSDPMI/SOURCES.ZIP/CSDPMI7S.VER
/SOURCE/CWSDPMI/SOURCES.ZIP/CWSDSTUB.ASM
/SOURCE/CWSDPMI/SOURCES.ZIP/CWSPARM.C
/SOURCE/CWSDPMI/SOURCES.ZIP/DALLOC.C
/SOURCE/CWSDPMI/SOURCES.ZIP/DALLOC.H
/SOURCE/CWSDPMI/SOURCES.ZIP/DOUTILS.ASM
/SOURCE/CWSDPMI/SOURCES.ZIP/DPMISIM.ASM
/SOURCE/CWSDPMI/SOURCES.ZIP/DPMISIM.H
/SOURCE/CWSDPMI/SOURCES.ZIP/EHDRFIX.C
/SOURCE/CWSDPMI/SOURCES.ZIP/EXPHDLR.C
/SOURCE/CWSDPMI/SOURCES.ZIP/EXPHDLR.H
/SOURCE/CWSDPMI/SOURCES.ZIP/GDT.H
/SOURCE/CWSDPMI/SOURCES.ZIP/GDT.INC
/SOURCE/CWSDPMI/SOURCES.ZIP/GOTYPES.H
/SOURCE/CWSDPMI/SOURCES.ZIP/IDT.H
/SOURCE/CWSDPMI/SOURCES.ZIP/MAKEFILE
/SOURCE/CWSDPMI/SOURCES.ZIP/MSWITCH.ASM
/SOURCE/CWSDPMI/SOURCES.ZIP/MSWITCH.H
/SOURCE/CWSDPMI/SOURCES.ZIP/PAGING.C
/SOURCE/CWSDPMI/SOURCES.ZIP/PAGING.H
/SOURCE/CWSDPMI/SOURCES.ZIP/SEGDEFS.INC
/SOURCE/CWSDPMI/SOURCES.ZIP/START.ASM
/SOURCE/CWSDPMI/SOURCES.ZIP/TABLES.ASM
/SOURCE/CWSDPMI/SOURCES.ZIP/TSS.H
/SOURCE/CWSDPMI/SOURCES.ZIP/TSS.INC
/SOURCE/CWSDPMI/SOURCES.ZIP/UEXTMEM.ASM
/SOURCE/CWSDPMI/SOURCES.ZIP/UNLOAD.ASM
/SOURCE/CWSDPMI/SOURCES.ZIP/UTILS.C
/SOURCE/CWSDPMI/SOURCES.ZIP/UTILS.H
/SOURCE/CWSDPMI/SOURCES.ZIP/VALLOC.C
/SOURCE/CWSDPMI/SOURCES.ZIP/VALLOC.H
/SOURCE/CWSDPMI/SOURCES.ZIP/VCPI.ASM
/SOURCE/CWSDPMI/SOURCES.ZIP/VCPI.H
/SOURCE/CWSDPMI/SOURCES.ZIP/VCPI.INC
/SOURCE/CWSDPMI/SOURCES.ZIP/VDS.C
/SOURCE/CWSDPMI/SOURCES.ZIP/XMS.ASM
/SOURCE/CWSDPMI/SOURCES.ZIP/XMS.H
