/
/APPINFO/
/APPINFO/DEBUG.DE
/APPINFO/DEBUG.FR
/APPINFO/DEBUG.LSM
/APPINFO/DEBUG.SV
/APPINFO/DEBUG.TR
/BIN/
/BIN/DEBUG.COM
/BIN/DEBUGX.COM
/BIN/DEBXXVDD.DLL
/DOC/
/DOC/DEBUG/
/DOC/DEBUG/DEBUG.TXT
/DOC/DEBUG/HISTORY.TXT
/DOC/DEBUG/README.TXT
/DOC/DEBUG/SAMPLES/
/DOC/DEBUG/SAMPLES/DPMIBK16.ASM
/DOC/DEBUG/SAMPLES/DPMIBK32.ASM
/DOC/DEBUG/SAMPLES/DPMICL16.ASM
/DOC/DEBUG/SAMPLES/DPMICL16.SCR
/DOC/DEBUG/SAMPLES/DPMICL32.ASM
/DOC/DEBUG/SAMPLES/MAKEJ.BAT
/SOURCE/
/SOURCE/DEBUG/
/SOURCE/DEBUG/SOURCES.ZIP/
/SOURCE/DEBUG/SOURCES.ZIP/DEBUG.TXT
/SOURCE/DEBUG/SOURCES.ZIP/HISTORY.TXT
/SOURCE/DEBUG/SOURCES.ZIP/MAKE.BAT
/SOURCE/DEBUG/SOURCES.ZIP/MAKEC.BAT
/SOURCE/DEBUG/SOURCES.ZIP/MAKEX.BAT
/SOURCE/DEBUG/SOURCES.ZIP/README.TXT
/SOURCE/DEBUG/SOURCES.ZIP/Samples/
/SOURCE/DEBUG/SOURCES.ZIP/Samples/DPMIBK16.ASM
/SOURCE/DEBUG/SOURCES.ZIP/Samples/DPMIBK32.ASM
/SOURCE/DEBUG/SOURCES.ZIP/Samples/DPMICL16.ASM
/SOURCE/DEBUG/SOURCES.ZIP/Samples/DPMICL16.SCR
/SOURCE/DEBUG/SOURCES.ZIP/Samples/DPMICL32.ASM
/SOURCE/DEBUG/SOURCES.ZIP/Samples/MAKEJ.BAT
/SOURCE/DEBUG/SOURCES.ZIP/src/
/SOURCE/DEBUG/SOURCES.ZIP/src/DEBUG.ASM
/SOURCE/DEBUG/SOURCES.ZIP/src/DEBUGTBL.INC
/SOURCE/DEBUG/SOURCES.ZIP/src/DPRINTF.INC
/SOURCE/DEBUG/SOURCES.ZIP/src/FPTOSTR.INC
/SOURCE/DEBUG/SOURCES.ZIP/src/INSTR.KEY
/SOURCE/DEBUG/SOURCES.ZIP/src/INSTR.ORD
/SOURCE/DEBUG/SOURCES.ZIP/src/INSTR.SET
/SOURCE/DEBUG/SOURCES.ZIP/src/MKTABLES.C
