/
/APPINFO/
/APPINFO/DEFRAG.DE
/APPINFO/DEFRAG.FR
/APPINFO/DEFRAG.LSM
/APPINFO/DEFRAG.SV
/APPINFO/DEFRAG.TR
/BIN/
/BIN/DEFRAG.EXE
/BIN/DEFRAG.HLP
/SOURCE/
/SOURCE/DEFRAG/
/SOURCE/DEFRAG/SOURCES.ZIP/
/SOURCE/DEFRAG/SOURCES.ZIP/BUILD.BAT
/SOURCE/DEFRAG/SOURCES.ZIP/CLEAN.BAT
/SOURCE/DEFRAG/SOURCES.ZIP/CMDEFINT/
/SOURCE/DEFRAG/SOURCES.ZIP/CMDEFINT/CMDEFINT.LST
/SOURCE/DEFRAG/SOURCES.ZIP/CMDEFINT/MAIN/
/SOURCE/DEFRAG/SOURCES.ZIP/CMDEFINT/MAIN/CHECKOS.C
/SOURCE/DEFRAG/SOURCES.ZIP/CMDEFINT/MAIN/CHECKOS.H
/SOURCE/DEFRAG/SOURCES.ZIP/CMDEFINT/MAIN/CHKARGS.C
/SOURCE/DEFRAG/SOURCES.ZIP/CMDEFINT/MAIN/CHKARGS.H
/SOURCE/DEFRAG/SOURCES.ZIP/CMDEFINT/MAIN/CMDEFINT.BAK
/SOURCE/DEFRAG/SOURCES.ZIP/CMDEFINT/MAIN/CMDEFINT.C
/SOURCE/DEFRAG/SOURCES.ZIP/CMDEFINT/MAIN/CMDEFINT.ERR
/SOURCE/DEFRAG/SOURCES.ZIP/CMDEFINT/MAIN/CMDEFINT.H
/SOURCE/DEFRAG/SOURCES.ZIP/CMDEFINT/MAIN/MAKEFILE
/SOURCE/DEFRAG/SOURCES.ZIP/CMDEFINT/MAKEFILE
/SOURCE/DEFRAG/SOURCES.ZIP/CMDEFINT/OVLHOST/
/SOURCE/DEFRAG/SOURCES.ZIP/CMDEFINT/OVLHOST/MAKEFILE
/SOURCE/DEFRAG/SOURCES.ZIP/CMDEFINT/OVLHOST/OVLIMPL.C
/SOURCE/DEFRAG/SOURCES.ZIP/CMDEFINT/OVLHOST/OVLIMPL.ERR
/SOURCE/DEFRAG/SOURCES.ZIP/CMDEFINT/OVLHOST/OVLIMPL.H
/SOURCE/DEFRAG/SOURCES.ZIP/CONFIG.MAK
/SOURCE/DEFRAG/SOURCES.ZIP/CONFIG.WCL
/SOURCE/DEFRAG/SOURCES.ZIP/CREATIMG/
/SOURCE/DEFRAG/SOURCES.ZIP/CREATIMG/CREATIMG.C
/SOURCE/DEFRAG/SOURCES.ZIP/CREATIMG/FRAG.C
/SOURCE/DEFRAG/SOURCES.ZIP/CREATIMG/FRAG.EXE
/SOURCE/DEFRAG/SOURCES.ZIP/CREATIMG/FRAG.OBJ
/SOURCE/DEFRAG/SOURCES.ZIP/DEFRAG.HLP
/SOURCE/DEFRAG/SOURCES.ZIP/DEFRAG.MAP
/SOURCE/DEFRAG/SOURCES.ZIP/ENGINE/
/SOURCE/DEFRAG/SOURCES.ZIP/ENGINE/APMLIB/
/SOURCE/DEFRAG/SOURCES.ZIP/ENGINE/APMLIB/INCLUDE/
/SOURCE/DEFRAG/SOURCES.ZIP/ENGINE/APMLIB/INCLUDE/APMLIB.H
/SOURCE/DEFRAG/SOURCES.ZIP/ENGINE/APMLIB/INCLUDE/CEXT.H
/SOURCE/DEFRAG/SOURCES.ZIP/ENGINE/APMLIB/MAKEFILE
/SOURCE/DEFRAG/SOURCES.ZIP/ENGINE/APMLIB/SOURCE/
/SOURCE/DEFRAG/SOURCES.ZIP/ENGINE/APMLIB/SOURCE/APMLIB.C
/SOURCE/DEFRAG/SOURCES.ZIP/ENGINE/APMLIB/SOURCE/APMLIB.ERR
/SOURCE/DEFRAG/SOURCES.ZIP/ENGINE/APMLIB/SOURCE/APMLIBP.PAS
/SOURCE/DEFRAG/SOURCES.ZIP/ENGINE/APMLIB/SOURCE/TEST.C
/SOURCE/DEFRAG/SOURCES.ZIP/ENGINE/CACHE/
/SOURCE/DEFRAG/SOURCES.ZIP/ENGINE/CACHE/BLKCACHE.C
/SOURCE/DEFRAG/SOURCES.ZIP/ENGINE/CACHE/BLKCACHE.H
/SOURCE/DEFRAG/SOURCES.ZIP/ENGINE/CACHE/EMS.ASM
/SOURCE/DEFRAG/SOURCES.ZIP/ENGINE/CACHE/EMS.H
/SOURCE/DEFRAG/SOURCES.ZIP/ENGINE/CACHE/LOGCACHE.C
/SOURCE/DEFRAG/SOURCES.ZIP/ENGINE/CACHE/LOGCACHE.H
/SOURCE/DEFRAG/SOURCES.ZIP/ENGINE/CACHE/MAKEFILE
/SOURCE/DEFRAG/SOURCES.ZIP/ENGINE/CACHE/PHSCACHE.C
/SOURCE/DEFRAG/SOURCES.ZIP/ENGINE/CACHE/PHSCACHE.H
/SOURCE/DEFRAG/SOURCES.ZIP/ENGINE/CACHE/PREREAD.C
/SOURCE/DEFRAG/SOURCES.ZIP/ENGINE/CACHE/SCTCACHE.C
/SOURCE/DEFRAG/SOURCES.ZIP/ENGINE/CACHE/WRTBACK.C
/SOURCE/DEFRAG/SOURCES.ZIP/ENGINE/CACHE/WRTBACK.H
/SOURCE/DEFRAG/SOURCES.ZIP/ENGINE/CACHE/XMS.ASM
/SOURCE/DEFRAG/SOURCES.ZIP/ENGINE/CACHE/XMS.H
/SOURCE/DEFRAG/SOURCES.ZIP/ENGINE/DELETE.BAT
/SOURCE/DEFRAG/SOURCES.ZIP/ENGINE/DISKLIB/
/SOURCE/DEFRAG/SOURCES.ZIP/ENGINE/DISKLIB/ARCHIVE/
/SOURCE/DEFRAG/SOURCES.ZIP/ENGINE/DISKLIB/ARCHIVE/DISKLIB/
/SOURCE/DEFRAG/SOURCES.ZIP/ENGINE/DISKLIB/ARCHIVE/DISKLIB/apps.txt
/SOURCE/DEFRAG/SOURCES.ZIP/ENGINE/DISKLIB/ARCHIVE/DISKLIB/arc.bat
/SOURCE/DEFRAG/SOURCES.ZIP/ENGINE/DISKLIB/ARCHIVE/DISKLIB/boot.c
/SOURCE/DEFRAG/SOURCES.ZIP/ENGINE/DISKLIB/ARCHIVE/DISKLIB/boota.c
/SOURCE/DEFRAG/SOURCES.ZIP/ENGINE/DISKLIB/ARCHIVE/DISKLIB/bootaw.c
/SOURCE/DEFRAG/SOURCES.ZIP/ENGINE/DISKLIB/ARCHIVE/DISKLIB/cc.bat
/SOURCE/DEFRAG/SOURCES.ZIP/ENGINE/DISKLIB/ARCHIVE/DISKLIB/changelo.txt
/SOURCE/DEFRAG/SOURCES.ZIP/ENGINE/DISKLIB/ARCHIVE/DISKLIB/debug.h
/SOURCE/DEFRAG/SOURCES.ZIP/ENGINE/DISKLIB/ARCHIVE/DISKLIB/df.c
/SOURCE/DEFRAG/SOURCES.ZIP/ENGINE/DISKLIB/ARCHIVE/DISKLIB/df.txt
/SOURCE/DEFRAG/SOURCES.ZIP/ENGINE/DISKLIB/ARCHIVE/DISKLIB/diskfile.c
/SOURCE/DEFRAG/SOURCES.ZIP/ENGINE/DISKLIB/ARCHIVE/DISKLIB/disklib.h
/SOURCE/DEFRAG/SOURCES.ZIP/ENGINE/DISKLIB/ARCHIVE/DISKLIB/disklib.txt
/SOURCE/DEFRAG/SOURCES.ZIP/ENGINE/DISKLIB/ARCHIVE/DISKLIB/dos/
/SOURCE/DEFRAG/SOURCES.ZIP/ENGINE/DISKLIB/ARCHIVE/DISKLIB/dos/bios.c
/SOURCE/DEFRAG/SOURCES.ZIP/ENGINE/DISKLIB/ARCHIVE/DISKLIB/dos/dosio.c
/SOURCE/DEFRAG/SOURCES.ZIP/ENGINE/DISKLIB/ARCHIVE/DISKLIB/dos/env.bat
/SOURCE/DEFRAG/SOURCES.ZIP/ENGINE/DISKLIB/ARCHIVE/DISKLIB/dos/error.c
/SOURCE/DEFRAG/SOURCES.ZIP/ENGINE/DISKLIB/ARCHIVE/DISKLIB/dos/free.c
/SOURCE/DEFRAG/SOURCES.ZIP/ENGINE/DISKLIB/ARCHIVE/DISKLIB/dos/gcc/
/SOURCE/DEFRAG/SOURCES.ZIP/ENGINE/DISKLIB/ARCHIVE/DISKLIB/dos/gcc/bios.c
/SOURCE/DEFRAG/SOURCES.ZIP/ENGINE/DISKLIB/ARCHIVE/DISKLIB/dos/gcc/dosmem.c
/SOURCE/DEFRAG/SOURCES.ZIP/ENGINE/DISKLIB/ARCHIVE/DISKLIB/dos/gcc/dosmem.h
/SOURCE/DEFRAG/SOURCES.ZIP/ENGINE/DISKLIB/ARCHIVE/DISKLIB/dos/gcc/edump.c
/SOURCE/DEFRAG/SOURCES.ZIP/ENGINE/DISKLIB/ARCHIVE/DISKLIB/dos/gcc/error.c
/SOURCE/DEFRAG/SOURCES.ZIP/ENGINE/DISKLIB/ARCHIVE/DISKLIB/dos/gcc/ioctl.c
/SOURCE/DEFRAG/SOURCES.ZIP/ENGINE/DISKLIB/ARCHIVE/DISKLIB/dos/gcc/rdump.c
/SOURCE/DEFRAG/SOURCES.ZIP/ENGINE/DISKLIB/ARCHIVE/DISKLIB/dos/gcc/read.c
/SOURCE/DEFRAG/SOURCES.ZIP/ENGINE/DISKLIB/ARCHIVE/DISKLIB/dos/gcc/write.c
/SOURCE/DEFRAG/SOURCES.ZIP/ENGINE/DISKLIB/ARCHIVE/DISKLIB/dos/getdisk.c
/SOURCE/DEFRAG/SOURCES.ZIP/ENGINE/DISKLIB/ARCHIVE/DISKLIB/dos/ioctl.c
/SOURCE/DEFRAG/SOURCES.ZIP/ENGINE/DISKLIB/ARCHIVE/DISKLIB/dos/lock.c
/SOURCE/DEFRAG/SOURCES.ZIP/ENGINE/DISKLIB/ARCHIVE/DISKLIB/dos/makefile.gcc
/SOURCE/DEFRAG/SOURCES.ZIP/ENGINE/DISKLIB/ARCHIVE/DISKLIB/dos/makefile.msc
/SOURCE/DEFRAG/SOURCES.ZIP/ENGINE/DISKLIB/ARCHIVE/DISKLIB/dos/makefile.wcl
/SOURCE/DEFRAG/SOURCES.ZIP/ENGINE/DISKLIB/ARCHIVE/DISKLIB/dos/mk.bat
/SOURCE/DEFRAG/SOURCES.ZIP/ENGINE/DISKLIB/ARCHIVE/DISKLIB/dos/rdump.c
/SOURCE/DEFRAG/SOURCES.ZIP/ENGINE/DISKLIB/ARCHIVE/DISKLIB/dos/read.c
/SOURCE/DEFRAG/SOURCES.ZIP/ENGINE/DISKLIB/ARCHIVE/DISKLIB/dos/ver.c
/SOURCE/DEFRAG/SOURCES.ZIP/ENGINE/DISKLIB/ARCHIVE/DISKLIB/dos/write.c
/SOURCE/DEFRAG/SOURCES.ZIP/ENGINE/DISKLIB/ARCHIVE/DISKLIB/dosio.h
/SOURCE/DEFRAG/SOURCES.ZIP/ENGINE/DISKLIB/ARCHIVE/DISKLIB/drives.c
/SOURCE/DEFRAG/SOURCES.ZIP/ENGINE/DISKLIB/ARCHIVE/DISKLIB/dump.c
/SOURCE/DEFRAG/SOURCES.ZIP/ENGINE/DISKLIB/ARCHIVE/DISKLIB/err.c
/SOURCE/DEFRAG/SOURCES.ZIP/ENGINE/DISKLIB/ARCHIVE/DISKLIB/fat.c
/SOURCE/DEFRAG/SOURCES.ZIP/ENGINE/DISKLIB/ARCHIVE/DISKLIB/fat.h
/SOURCE/DEFRAG/SOURCES.ZIP/ENGINE/DISKLIB/ARCHIVE/DISKLIB/get.c
/SOURCE/DEFRAG/SOURCES.ZIP/ENGINE/DISKLIB/ARCHIVE/DISKLIB/getparts.c
/SOURCE/DEFRAG/SOURCES.ZIP/ENGINE/DISKLIB/ARCHIVE/DISKLIB/getparts.txt
/SOURCE/DEFRAG/SOURCES.ZIP/ENGINE/DISKLIB/ARCHIVE/DISKLIB/last.c
/SOURCE/DEFRAG/SOURCES.ZIP/ENGINE/DISKLIB/ARCHIVE/DISKLIB/lib.c
/SOURCE/DEFRAG/SOURCES.ZIP/ENGINE/DISKLIB/ARCHIVE/DISKLIB/lib.h
/SOURCE/DEFRAG/SOURCES.ZIP/ENGINE/DISKLIB/ARCHIVE/DISKLIB/lockt.c
/SOURCE/DEFRAG/SOURCES.ZIP/ENGINE/DISKLIB/ARCHIVE/DISKLIB/media.c
/SOURCE/DEFRAG/SOURCES.ZIP/ENGINE/DISKLIB/ARCHIVE/DISKLIB/mid.c
/SOURCE/DEFRAG/SOURCES.ZIP/ENGINE/DISKLIB/ARCHIVE/DISKLIB/mid.txt
/SOURCE/DEFRAG/SOURCES.ZIP/ENGINE/DISKLIB/ARCHIVE/DISKLIB/part.c
/SOURCE/DEFRAG/SOURCES.ZIP/ENGINE/DISKLIB/ARCHIVE/DISKLIB/part.h
/SOURCE/DEFRAG/SOURCES.ZIP/ENGINE/DISKLIB/ARCHIVE/DISKLIB/qf.bat
/SOURCE/DEFRAG/SOURCES.ZIP/ENGINE/DISKLIB/ARCHIVE/DISKLIB/readme.txt
/SOURCE/DEFRAG/SOURCES.ZIP/ENGINE/DISKLIB/ARCHIVE/DISKLIB/shorti.c
/SOURCE/DEFRAG/SOURCES.ZIP/ENGINE/DISKLIB/ARCHIVE/DISKLIB/show.c
/SOURCE/DEFRAG/SOURCES.ZIP/ENGINE/DISKLIB/ARCHIVE/DISKLIB/testioct.c
/SOURCE/DEFRAG/SOURCES.ZIP/ENGINE/DISKLIB/ARCHIVE/DISKLIB/vers.c
/SOURCE/DEFRAG/SOURCES.ZIP/ENGINE/DISKLIB/ARCHIVE/DISKLIB/win32.h
/SOURCE/DEFRAG/SOURCES.ZIP/ENGINE/DISKLIB/ARCHIVE/DISKLIB/win32/
/SOURCE/DEFRAG/SOURCES.ZIP/ENGINE/DISKLIB/ARCHIVE/DISKLIB/win32/bios.c
/SOURCE/DEFRAG/SOURCES.ZIP/ENGINE/DISKLIB/ARCHIVE/DISKLIB/win32/device.c
/SOURCE/DEFRAG/SOURCES.ZIP/ENGINE/DISKLIB/ARCHIVE/DISKLIB/win32/error.c
/SOURCE/DEFRAG/SOURCES.ZIP/ENGINE/DISKLIB/ARCHIVE/DISKLIB/win32/free.c
/SOURCE/DEFRAG/SOURCES.ZIP/ENGINE/DISKLIB/ARCHIVE/DISKLIB/win32/getdisk.c
/SOURCE/DEFRAG/SOURCES.ZIP/ENGINE/DISKLIB/ARCHIVE/DISKLIB/win32/intdos.c
/SOURCE/DEFRAG/SOURCES.ZIP/ENGINE/DISKLIB/ARCHIVE/DISKLIB/win32/ioctl.c
/SOURCE/DEFRAG/SOURCES.ZIP/ENGINE/DISKLIB/ARCHIVE/DISKLIB/win32/lock.c
/SOURCE/DEFRAG/SOURCES.ZIP/ENGINE/DISKLIB/ARCHIVE/DISKLIB/win32/makefile.mnt
/SOURCE/DEFRAG/SOURCES.ZIP/ENGINE/DISKLIB/ARCHIVE/DISKLIB/win32/makefile.msc
/SOURCE/DEFRAG/SOURCES.ZIP/ENGINE/DISKLIB/ARCHIVE/DISKLIB/win32/makefile.wcl
/SOURCE/DEFRAG/SOURCES.ZIP/ENGINE/DISKLIB/ARCHIVE/DISKLIB/win32/makefile.wnt
/SOURCE/DEFRAG/SOURCES.ZIP/ENGINE/DISKLIB/ARCHIVE/DISKLIB/win32/mk.bat
/SOURCE/DEFRAG/SOURCES.ZIP/ENGINE/DISKLIB/ARCHIVE/DISKLIB/win32/rdump.c
/SOURCE/DEFRAG/SOURCES.ZIP/ENGINE/DISKLIB/ARCHIVE/DISKLIB/win32/read.c
/SOURCE/DEFRAG/SOURCES.ZIP/ENGINE/DISKLIB/ARCHIVE/DISKLIB/win32/ver.c
/SOURCE/DEFRAG/SOURCES.ZIP/ENGINE/DISKLIB/ARCHIVE/DISKLIB/win32/winnt/
/SOURCE/DEFRAG/SOURCES.ZIP/ENGINE/DISKLIB/ARCHIVE/DISKLIB/win32/winnt/bios.c
/SOURCE/DEFRAG/SOURCES.ZIP/ENGINE/DISKLIB/ARCHIVE/DISKLIB/win32/winnt/getdisk.c
/SOURCE/DEFRAG/SOURCES.ZIP/ENGINE/DISKLIB/ARCHIVE/DISKLIB/win32/winnt/open.c
/SOURCE/DEFRAG/SOURCES.ZIP/ENGINE/DISKLIB/ARCHIVE/DISKLIB/win32/winnt/read.c
/SOURCE/DEFRAG/SOURCES.ZIP/ENGINE/DISKLIB/ARCHIVE/DISKLIB/win32/wlib.c
/SOURCE/DEFRAG/SOURCES.ZIP/ENGINE/DISKLIB/ARCHIVE/DISKLIB/win32/write.c
/SOURCE/DEFRAG/SOURCES.ZIP/ENGINE/DISKLIB/ARCHIVE/DISKLIB/xlate.c
/SOURCE/DEFRAG/SOURCES.ZIP/ENGINE/DISKLIB/DISKLIB.H
/SOURCE/DEFRAG/SOURCES.ZIP/ENGINE/DISKLIB/DOCS/
/SOURCE/DEFRAG/SOURCES.ZIP/ENGINE/DISKLIB/DOCS/DISKIO.HTM
/SOURCE/DEFRAG/SOURCES.ZIP/ENGINE/DISKLIB/DOCS/DISKIO2.HTM
/SOURCE/DEFRAG/SOURCES.ZIP/ENGINE/DISKLIB/DOCS/D_DISK.HTM
/SOURCE/DEFRAG/SOURCES.ZIP/ENGINE/DISKLIB/DOCS/LICENS1.TXT
/SOURCE/DEFRAG/SOURCES.ZIP/ENGINE/DISKLIB/DOCS/LICENS2.TXT
/SOURCE/DEFRAG/SOURCES.ZIP/ENGINE/DISKLIB/DOCS/LICENSE.TXT
/SOURCE/DEFRAG/SOURCES.ZIP/ENGINE/DISKLIB/DOCS/NT.HTM
/SOURCE/DEFRAG/SOURCES.ZIP/ENGINE/DISKLIB/DOSIO.H
/SOURCE/DEFRAG/SOURCES.ZIP/ENGINE/DISKLIB/MAKEFILE
/SOURCE/DEFRAG/SOURCES.ZIP/ENGINE/DISKLIB/READ.C
/SOURCE/DEFRAG/SOURCES.ZIP/ENGINE/DISKLIB/WRITE.C
/SOURCE/DEFRAG/SOURCES.ZIP/ENGINE/DOC/
/SOURCE/DEFRAG/SOURCES.ZIP/ENGINE/DOC/FTE.DOC
/SOURCE/DEFRAG/SOURCES.ZIP/ENGINE/DOC/JENNINGS/
/SOURCE/DEFRAG/SOURCES.ZIP/ENGINE/DOC/JENNINGS/LICENSE.TXT
/SOURCE/DEFRAG/SOURCES.ZIP/ENGINE/DOC/JENNINGS/LICENS~2.TXT
/SOURCE/DEFRAG/SOURCES.ZIP/ENGINE/DTSTRCT/
/SOURCE/DEFRAG/SOURCES.ZIP/ENGINE/DTSTRCT/BITFIELD.C
/SOURCE/DEFRAG/SOURCES.ZIP/ENGINE/DTSTRCT/FILE
/SOURCE/DEFRAG/SOURCES.ZIP/ENGINE/DTSTRCT/GNUMAKEF
/SOURCE/DEFRAG/SOURCES.ZIP/ENGINE/DTSTRCT/MAKEFILE
/SOURCE/DEFRAG/SOURCES.ZIP/ENGINE/DTSTRCT/VFSARRAY.BAK
/SOURCE/DEFRAG/SOURCES.ZIP/ENGINE/DTSTRCT/VFSARRAY.C
/SOURCE/DEFRAG/SOURCES.ZIP/ENGINE/DTSTRCT/VFSBTFLD.BAK
/SOURCE/DEFRAG/SOURCES.ZIP/ENGINE/DTSTRCT/VFSBTFLD.C
/SOURCE/DEFRAG/SOURCES.ZIP/ENGINE/HEADER/
/SOURCE/DEFRAG/SOURCES.ZIP/ENGINE/HEADER/ADCPDIRS.H
/SOURCE/DEFRAG/SOURCES.ZIP/ENGINE/HEADER/BACKMEM.H
/SOURCE/DEFRAG/SOURCES.ZIP/ENGINE/HEADER/BACKUP.H
/SOURCE/DEFRAG/SOURCES.ZIP/ENGINE/HEADER/BOOT.H
/SOURCE/DEFRAG/SOURCES.ZIP/ENGINE/HEADER/BUFSHIFT.H
/SOURCE/DEFRAG/SOURCES.ZIP/ENGINE/HEADER/CLCFSIZE.H
/SOURCE/DEFRAG/SOURCES.ZIP/ENGINE/HEADER/CPYSCT.H
/SOURCE/DEFRAG/SOURCES.ZIP/ENGINE/HEADER/DATAAREA.H
/SOURCE/DEFRAG/SOURCES.ZIP/ENGINE/HEADER/DIRCNT.H
/SOURCE/DEFRAG/SOURCES.ZIP/ENGINE/HEADER/DIRECT.H
/SOURCE/DEFRAG/SOURCES.ZIP/ENGINE/HEADER/DRIVE.H
/SOURCE/DEFRAG/SOURCES.ZIP/ENGINE/HEADER/DTSTRCT.H
/SOURCE/DEFRAG/SOURCES.ZIP/ENGINE/HEADER/FAT.H
/SOURCE/DEFRAG/SOURCES.ZIP/ENGINE/HEADER/FATCONST.H
/SOURCE/DEFRAG/SOURCES.ZIP/ENGINE/HEADER/FEXIST.H
/SOURCE/DEFRAG/SOURCES.ZIP/ENGINE/HEADER/FILECHN.H
/SOURCE/DEFRAG/SOURCES.ZIP/ENGINE/HEADER/FNDCIDIR.H
/SOURCE/DEFRAG/SOURCES.ZIP/ENGINE/HEADER/FNDCIFAT.H
/SOURCE/DEFRAG/SOURCES.ZIP/ENGINE/HEADER/FREESPAC.H
/SOURCE/DEFRAG/SOURCES.ZIP/ENGINE/HEADER/FSINFO.H
/SOURCE/DEFRAG/SOURCES.ZIP/ENGINE/HEADER/FTE.H
/SOURCE/DEFRAG/SOURCES.ZIP/ENGINE/HEADER/FTEERR.H
/SOURCE/DEFRAG/SOURCES.ZIP/ENGINE/HEADER/FTEMEM.H
/SOURCE/DEFRAG/SOURCES.ZIP/ENGINE/HEADER/FTEMISC.H
/SOURCE/DEFRAG/SOURCES.ZIP/ENGINE/HEADER/GTNTHCST.H
/SOURCE/DEFRAG/SOURCES.ZIP/ENGINE/HEADER/IO_LINUX.H
/SOURCE/DEFRAG/SOURCES.ZIP/ENGINE/HEADER/LFN.H
/SOURCE/DEFRAG/SOURCES.ZIP/ENGINE/HEADER/LOCPATH.H
/SOURCE/DEFRAG/SOURCES.ZIP/ENGINE/HEADER/LOGCACHE.H
/SOURCE/DEFRAG/SOURCES.ZIP/ENGINE/HEADER/LOWFAT32.H
/SOURCE/DEFRAG/SOURCES.ZIP/ENGINE/HEADER/MKABSPTH.H
/SOURCE/DEFRAG/SOURCES.ZIP/ENGINE/HEADER/NTHENTRY.H
/SOURCE/DEFRAG/SOURCES.ZIP/ENGINE/HEADER/NTHFLCLT.H
/SOURCE/DEFRAG/SOURCES.ZIP/ENGINE/HEADER/PATHCONV.H
/SOURCE/DEFRAG/SOURCES.ZIP/ENGINE/HEADER/PREREAD.H
/SOURCE/DEFRAG/SOURCES.ZIP/ENGINE/HEADER/RDWRSECT.BAK
/SOURCE/DEFRAG/SOURCES.ZIP/ENGINE/HEADER/RDWRSECT.H
/SOURCE/DEFRAG/SOURCES.ZIP/ENGINE/HEADER/RELOCCHN.H
/SOURCE/DEFRAG/SOURCES.ZIP/ENGINE/HEADER/RELOCCLT.H
/SOURCE/DEFRAG/SOURCES.ZIP/ENGINE/HEADER/RELOCSQC.H
/SOURCE/DEFRAG/SOURCES.ZIP/ENGINE/HEADER/SCTCACHE.H
/SOURCE/DEFRAG/SOURCES.ZIP/ENGINE/HEADER/STRNICMP.H
/SOURCE/DEFRAG/SOURCES.ZIP/ENGINE/HEADER/SUBDIR.H
/SOURCE/DEFRAG/SOURCES.ZIP/ENGINE/HEADER/SUREMEM.H
/SOURCE/DEFRAG/SOURCES.ZIP/ENGINE/HEADER/SWPCLST.H
/SOURCE/DEFRAG/SOURCES.ZIP/ENGINE/HEADER/TRACEPTH.H
/SOURCE/DEFRAG/SOURCES.ZIP/ENGINE/HEADER/TRAVERSL.H
/SOURCE/DEFRAG/SOURCES.ZIP/ENGINE/HEADER/VFILESYS.H
/SOURCE/DEFRAG/SOURCES.ZIP/ENGINE/HEADER/VFSARRAY.H
/SOURCE/DEFRAG/SOURCES.ZIP/ENGINE/HEADER/VFSBTFLD.H
/SOURCE/DEFRAG/SOURCES.ZIP/ENGINE/HEADER/VOLUME.H
/SOURCE/DEFRAG/SOURCES.ZIP/ENGINE/HEADER/WALKTREE.H
/SOURCE/DEFRAG/SOURCES.ZIP/ENGINE/HEADER/WALKWPTH.H
/SOURCE/DEFRAG/SOURCES.ZIP/ENGINE/HEADER/WILDCARD.H
/SOURCE/DEFRAG/SOURCES.ZIP/ENGINE/HEAPMEM/
/SOURCE/DEFRAG/SOURCES.ZIP/ENGINE/HEAPMEM/BACKMEM.C
/SOURCE/DEFRAG/SOURCES.ZIP/ENGINE/HEAPMEM/FTEMEM.C
/SOURCE/DEFRAG/SOURCES.ZIP/ENGINE/HEAPMEM/GNUMAKEF
/SOURCE/DEFRAG/SOURCES.ZIP/ENGINE/HEAPMEM/MAKEFILE
/SOURCE/DEFRAG/SOURCES.ZIP/ENGINE/HEAPMEM/SUREMEM.C
/SOURCE/DEFRAG/SOURCES.ZIP/ENGINE/HIGH/
/SOURCE/DEFRAG/SOURCES.ZIP/ENGINE/HIGH/ADCPDIRS.C
/SOURCE/DEFRAG/SOURCES.ZIP/ENGINE/HIGH/CLCFSIZE.C
/SOURCE/DEFRAG/SOURCES.ZIP/ENGINE/HIGH/CPYSCT.C
/SOURCE/DEFRAG/SOURCES.ZIP/ENGINE/HIGH/DIRCNT.C
/SOURCE/DEFRAG/SOURCES.ZIP/ENGINE/HIGH/FEXIST.C
/SOURCE/DEFRAG/SOURCES.ZIP/ENGINE/HIGH/FILECHN.C
/SOURCE/DEFRAG/SOURCES.ZIP/ENGINE/HIGH/FNDCIDIR.C
/SOURCE/DEFRAG/SOURCES.ZIP/ENGINE/HIGH/FNDCIFAT.C
/SOURCE/DEFRAG/SOURCES.ZIP/ENGINE/HIGH/FREESPAC.C
/SOURCE/DEFRAG/SOURCES.ZIP/ENGINE/HIGH/GNUMAKEF
/SOURCE/DEFRAG/SOURCES.ZIP/ENGINE/HIGH/GTNTHCST.C
/SOURCE/DEFRAG/SOURCES.ZIP/ENGINE/HIGH/LOCPATH.C
/SOURCE/DEFRAG/SOURCES.ZIP/ENGINE/HIGH/MAKEFILE
/SOURCE/DEFRAG/SOURCES.ZIP/ENGINE/HIGH/NTHENTRY.C
/SOURCE/DEFRAG/SOURCES.ZIP/ENGINE/HIGH/NTHFLCLT.C
/SOURCE/DEFRAG/SOURCES.ZIP/ENGINE/HIGH/RELOCCHN.C
/SOURCE/DEFRAG/SOURCES.ZIP/ENGINE/HIGH/RELOCCLT.C
/SOURCE/DEFRAG/SOURCES.ZIP/ENGINE/HIGH/RELOCSQC.C
/SOURCE/DEFRAG/SOURCES.ZIP/ENGINE/HIGH/SWPCLST.C
/SOURCE/DEFRAG/SOURCES.ZIP/ENGINE/HIGH/TRACEPTH.C
/SOURCE/DEFRAG/SOURCES.ZIP/ENGINE/HIGH/VFILESYS.C
/SOURCE/DEFRAG/SOURCES.ZIP/ENGINE/HIGH/WALKTREE.C
/SOURCE/DEFRAG/SOURCES.ZIP/ENGINE/HIGH/WALKWPTH.C
/SOURCE/DEFRAG/SOURCES.ZIP/ENGINE/LIB/
/SOURCE/DEFRAG/SOURCES.ZIP/ENGINE/LIB/CLEANFTE.BAT
/SOURCE/DEFRAG/SOURCES.ZIP/ENGINE/LIB/FTE.LST
/SOURCE/DEFRAG/SOURCES.ZIP/ENGINE/LIB/GNUMAKEF
/SOURCE/DEFRAG/SOURCES.ZIP/ENGINE/LIB/MAKEFILE
/SOURCE/DEFRAG/SOURCES.ZIP/ENGINE/LIB/MAKEFTE.BAT
/SOURCE/DEFRAG/SOURCES.ZIP/ENGINE/LOW/
/SOURCE/DEFRAG/SOURCES.ZIP/ENGINE/LOW/BACKUP.C
/SOURCE/DEFRAG/SOURCES.ZIP/ENGINE/LOW/BOOT.C
/SOURCE/DEFRAG/SOURCES.ZIP/ENGINE/LOW/DIRECT.C
/SOURCE/DEFRAG/SOURCES.ZIP/ENGINE/LOW/DRIVE.C
/SOURCE/DEFRAG/SOURCES.ZIP/ENGINE/LOW/FAT.C
/SOURCE/DEFRAG/SOURCES.ZIP/ENGINE/LOW/FSINFO.C
/SOURCE/DEFRAG/SOURCES.ZIP/ENGINE/LOW/FTEERR.C
/SOURCE/DEFRAG/SOURCES.ZIP/ENGINE/LOW/GNUMAKEF
/SOURCE/DEFRAG/SOURCES.ZIP/ENGINE/LOW/IO.C
/SOURCE/DEFRAG/SOURCES.ZIP/ENGINE/LOW/LFN.C
/SOURCE/DEFRAG/SOURCES.ZIP/ENGINE/LOW/LIBTMPAA.AAA
/SOURCE/DEFRAG/SOURCES.ZIP/ENGINE/LOW/LOWFAT32.C
/SOURCE/DEFRAG/SOURCES.ZIP/ENGINE/LOW/MAKEFILE
/SOURCE/DEFRAG/SOURCES.ZIP/ENGINE/LOW/RDWRSECT.C
/SOURCE/DEFRAG/SOURCES.ZIP/ENGINE/LOW/SUBDIR.C
/SOURCE/DEFRAG/SOURCES.ZIP/ENGINE/LOW/VOLUME.C
/SOURCE/DEFRAG/SOURCES.ZIP/ENGINE/MISC/
/SOURCE/DEFRAG/SOURCES.ZIP/ENGINE/MISC/BUFSHIFT.C
/SOURCE/DEFRAG/SOURCES.ZIP/ENGINE/MISC/ENTSHIFT.C
/SOURCE/DEFRAG/SOURCES.ZIP/ENGINE/MISC/ENTSHIFT.ERR
/SOURCE/DEFRAG/SOURCES.ZIP/ENGINE/MISC/GNUMAKEF
/SOURCE/DEFRAG/SOURCES.ZIP/ENGINE/MISC/MAKEFILE
/SOURCE/DEFRAG/SOURCES.ZIP/ENGINE/MISC/MKABSPTH.C
/SOURCE/DEFRAG/SOURCES.ZIP/ENGINE/MISC/PATHCONV.C
/SOURCE/DEFRAG/SOURCES.ZIP/ENGINE/MISC/PATHCONV.DSK
/SOURCE/DEFRAG/SOURCES.ZIP/ENGINE/MISC/PATHCONV.PRJ
/SOURCE/DEFRAG/SOURCES.ZIP/ENGINE/MISC/STRNICMP.C
/SOURCE/DEFRAG/SOURCES.ZIP/ENGINE/MISC/WILDCARD.C
/SOURCE/DEFRAG/SOURCES.ZIP/ENGINE/MISC/WILDCARD.ERR
/SOURCE/DEFRAG/SOURCES.ZIP/ENVIRON/
/SOURCE/DEFRAG/SOURCES.ZIP/ENVIRON/CHECKOS.C
/SOURCE/DEFRAG/SOURCES.ZIP/ENVIRON/CHECKOS.H
/SOURCE/DEFRAG/SOURCES.ZIP/ENVIRON/DETECT.H
/SOURCE/DEFRAG/SOURCES.ZIP/ENVIRON/DOSEMU.C
/SOURCE/DEFRAG/SOURCES.ZIP/ENVIRON/DOSEMU.H
/SOURCE/DEFRAG/SOURCES.ZIP/ENVIRON/DPMITST.ASM
/SOURCE/DEFRAG/SOURCES.ZIP/ENVIRON/DPMITST.H
/SOURCE/DEFRAG/SOURCES.ZIP/ENVIRON/EXTMEM.ASM
/SOURCE/DEFRAG/SOURCES.ZIP/ENVIRON/EXTMEM.H
/SOURCE/DEFRAG/SOURCES.ZIP/ENVIRON/MAKEFILE
/SOURCE/DEFRAG/SOURCES.ZIP/ENVIRON/OS_ID.C
/SOURCE/DEFRAG/SOURCES.ZIP/ENVIRON/OS_ID.H
/SOURCE/DEFRAG/SOURCES.ZIP/ENVIRON/XMSINST.ASM
/SOURCE/DEFRAG/SOURCES.ZIP/ENVIRON/XMSINST.H
/SOURCE/DEFRAG/SOURCES.ZIP/FRAG/
/SOURCE/DEFRAG/SOURCES.ZIP/FRAG/FRAG.C
/SOURCE/DEFRAG/SOURCES.ZIP/FRAG/FRAG.DSK
/SOURCE/DEFRAG/SOURCES.ZIP/FRAG/FRAG.MAP
/SOURCE/DEFRAG/SOURCES.ZIP/FRAG/FRAG.PRJ
/SOURCE/DEFRAG/SOURCES.ZIP/FRAG/MAKEFILE
/SOURCE/DEFRAG/SOURCES.ZIP/FRAG/RELOCCLT.C
/SOURCE/DEFRAG/SOURCES.ZIP/MAIN/
/SOURCE/DEFRAG/SOURCES.ZIP/MAIN/DEFRAG.C
/SOURCE/DEFRAG/SOURCES.ZIP/MAIN/MAKEFILE
/SOURCE/DEFRAG/SOURCES.ZIP/MISC/
/SOURCE/DEFRAG/SOURCES.ZIP/MISC/BOOL.H
/SOURCE/DEFRAG/SOURCES.ZIP/MISC/CRITICAL.ASM
/SOURCE/DEFRAG/SOURCES.ZIP/MISC/CRITICAL.H
/SOURCE/DEFRAG/SOURCES.ZIP/MISC/DRVTYPES.ASM
/SOURCE/DEFRAG/SOURCES.ZIP/MISC/DRVTYPES.H
/SOURCE/DEFRAG/SOURCES.ZIP/MISC/GTCDEX.ASM
/SOURCE/DEFRAG/SOURCES.ZIP/MISC/GTDRVNMS.C
/SOURCE/DEFRAG/SOURCES.ZIP/MISC/GTDRVNMS.ERR
/SOURCE/DEFRAG/SOURCES.ZIP/MISC/HICRITCL.ASM
/SOURCE/DEFRAG/SOURCES.ZIP/MISC/MAKEFILE
/SOURCE/DEFRAG/SOURCES.ZIP/MISC/MISC.H
/SOURCE/DEFRAG/SOURCES.ZIP/MISC/REBOOT.C
/SOURCE/DEFRAG/SOURCES.ZIP/MISC/REBOOT.H
/SOURCE/DEFRAG/SOURCES.ZIP/MISC/SWITCHCH.ASM
/SOURCE/DEFRAG/SOURCES.ZIP/MISC/USEFUL.H
/SOURCE/DEFRAG/SOURCES.ZIP/MISC/VERSION.H
/SOURCE/DEFRAG/SOURCES.ZIP/MODLGATE/
/SOURCE/DEFRAG/SOURCES.ZIP/MODLGATE/ARGVARS.C
/SOURCE/DEFRAG/SOURCES.ZIP/MODLGATE/ARGVARS.H
/SOURCE/DEFRAG/SOURCES.ZIP/MODLGATE/CALLBACK.C
/SOURCE/DEFRAG/SOURCES.ZIP/MODLGATE/CALLBACK.H
/SOURCE/DEFRAG/SOURCES.ZIP/MODLGATE/CHKDSKI.C
/SOURCE/DEFRAG/SOURCES.ZIP/MODLGATE/CUSTERR.BAK
/SOURCE/DEFRAG/SOURCES.ZIP/MODLGATE/CUSTERR.C
/SOURCE/DEFRAG/SOURCES.ZIP/MODLGATE/CUSTERR.H
/SOURCE/DEFRAG/SOURCES.ZIP/MODLGATE/DEFRPARS.C
/SOURCE/DEFRAG/SOURCES.ZIP/MODLGATE/DEFRPARS.H
/SOURCE/DEFRAG/SOURCES.ZIP/MODLGATE/EXPECTED.H
/SOURCE/DEFRAG/SOURCES.ZIP/MODLGATE/FATSIZE.C
/SOURCE/DEFRAG/SOURCES.ZIP/MODLGATE/FATSIZE.H
/SOURCE/DEFRAG/SOURCES.ZIP/MODLGATE/MAKEFILE
/SOURCE/DEFRAG/SOURCES.ZIP/MODLGATE/MODLGATE.H
/SOURCE/DEFRAG/SOURCES.ZIP/MODLGATE/OPTIDISK.C
/SOURCE/DEFRAG/SOURCES.ZIP/MODLGATE/SCANDRV.C
/SOURCE/DEFRAG/SOURCES.ZIP/MODLGATE/SORTDIRS.C
/SOURCE/DEFRAG/SOURCES.ZIP/MODULES/
/SOURCE/DEFRAG/SOURCES.ZIP/MODULES/CHKFAT/
/SOURCE/DEFRAG/SOURCES.ZIP/MODULES/CHKFAT/CHECKFAT.C
/SOURCE/DEFRAG/SOURCES.ZIP/MODULES/CHKFAT/CHECKFAT.H
/SOURCE/DEFRAG/SOURCES.ZIP/MODULES/CHKFAT/CHKROUTS.H
/SOURCE/DEFRAG/SOURCES.ZIP/MODULES/CHKFAT/CHKVOL.BAK
/SOURCE/DEFRAG/SOURCES.ZIP/MODULES/CHKFAT/CHKVOL.C
/SOURCE/DEFRAG/SOURCES.ZIP/MODULES/CHKFAT/DESCCHK.C
/SOURCE/DEFRAG/SOURCES.ZIP/MODULES/CHKFAT/DESCIFAT.C
/SOURCE/DEFRAG/SOURCES.ZIP/MODULES/CHKFAT/DFATCHK.C
/SOURCE/DEFRAG/SOURCES.ZIP/MODULES/CHKFAT/MAKEFILE
/SOURCE/DEFRAG/SOURCES.ZIP/MODULES/CLEANMOD.BAT
/SOURCE/DEFRAG/SOURCES.ZIP/MODULES/DFRAGFAT/
/SOURCE/DEFRAG/SOURCES.ZIP/MODULES/DFRAGFAT/CLEAR/
/SOURCE/DEFRAG/SOURCES.ZIP/MODULES/DFRAGFAT/CLEAR/CLRUSCT.C
/SOURCE/DEFRAG/SOURCES.ZIP/MODULES/DFRAGFAT/CRUNCH/
/SOURCE/DEFRAG/SOURCES.ZIP/MODULES/DFRAGFAT/CRUNCH/CRUNCH.BAK
/SOURCE/DEFRAG/SOURCES.ZIP/MODULES/DFRAGFAT/CRUNCH/CRUNCH.C
/SOURCE/DEFRAG/SOURCES.ZIP/MODULES/DFRAGFAT/CRUNCH/CRUNCH.H
/SOURCE/DEFRAG/SOURCES.ZIP/MODULES/DFRAGFAT/DEFRMAP.BAK
/SOURCE/DEFRAG/SOURCES.ZIP/MODULES/DFRAGFAT/DEFRMAP.C
/SOURCE/DEFRAG/SOURCES.ZIP/MODULES/DFRAGFAT/DEFRMAP.H
/SOURCE/DEFRAG/SOURCES.ZIP/MODULES/DFRAGFAT/DFRAGFAT.BAK
/SOURCE/DEFRAG/SOURCES.ZIP/MODULES/DFRAGFAT/DFRAGFAT.C
/SOURCE/DEFRAG/SOURCES.ZIP/MODULES/DFRAGFAT/DFRAGFAT.DSK
/SOURCE/DEFRAG/SOURCES.ZIP/MODULES/DFRAGFAT/DFRAGFAT.PRJ
/SOURCE/DEFRAG/SOURCES.ZIP/MODULES/DFRAGFAT/DFRGDRVR.C
/SOURCE/DEFRAG/SOURCES.ZIP/MODULES/DFRAGFAT/DFRGDRVR.H
/SOURCE/DEFRAG/SOURCES.ZIP/MODULES/DFRAGFAT/FILE
/SOURCE/DEFRAG/SOURCES.ZIP/MODULES/DFRAGFAT/FLLDFRAG/
/SOURCE/DEFRAG/SOURCES.ZIP/MODULES/DFRAGFAT/FLLDFRAG/FLLDFRG.BAK
/SOURCE/DEFRAG/SOURCES.ZIP/MODULES/DFRAGFAT/FLLDFRAG/FLLDFRG.C
/SOURCE/DEFRAG/SOURCES.ZIP/MODULES/DFRAGFAT/FLLDFRAG/FLLDFRG.H
/SOURCE/DEFRAG/SOURCES.ZIP/MODULES/DFRAGFAT/MAKEFILE
/SOURCE/DEFRAG/SOURCES.ZIP/MODULES/DFRAGFAT/ORDERING/
/SOURCE/DEFRAG/SOURCES.ZIP/MODULES/DFRAGFAT/ORDERING/ORDRDFRG.C
/SOURCE/DEFRAG/SOURCES.ZIP/MODULES/DFRAGFAT/ORDERING/ORDRDFRG.H
/SOURCE/DEFRAG/SOURCES.ZIP/MODULES/DFRAGFAT/QUICKTRY/
/SOURCE/DEFRAG/SOURCES.ZIP/MODULES/DFRAGFAT/QUICKTRY/POWALKTR.C
/SOURCE/DEFRAG/SOURCES.ZIP/MODULES/DFRAGFAT/QUICKTRY/POWKTREE.H
/SOURCE/DEFRAG/SOURCES.ZIP/MODULES/DFRAGFAT/QUICKTRY/QUICKTRY.C
/SOURCE/DEFRAG/SOURCES.ZIP/MODULES/DFRAGFAT/QUICKTRY/RELOCFIL.C
/SOURCE/DEFRAG/SOURCES.ZIP/MODULES/DFRAGFAT/QUICKTRY/RELOCFIL.H
/SOURCE/DEFRAG/SOURCES.ZIP/MODULES/DFRAGFAT/UNFRGFLS/
/SOURCE/DEFRAG/SOURCES.ZIP/MODULES/DFRAGFAT/UNFRGFLS/ISFLFGTD.C
/SOURCE/DEFRAG/SOURCES.ZIP/MODULES/DFRAGFAT/UNFRGFLS/ISFLFGTD.H
/SOURCE/DEFRAG/SOURCES.ZIP/MODULES/DFRAGFAT/UNFRGFLS/UNFRAG.BAK
/SOURCE/DEFRAG/SOURCES.ZIP/MODULES/DFRAGFAT/UNFRGFLS/UNFRAG.C
/SOURCE/DEFRAG/SOURCES.ZIP/MODULES/DFRAGFAT/UNFRGFLS/UNFRAG.H
/SOURCE/DEFRAG/SOURCES.ZIP/MODULES/DTSTRUCT/
/SOURCE/DEFRAG/SOURCES.ZIP/MODULES/DTSTRUCT/CLMOVMAP.BAK
/SOURCE/DEFRAG/SOURCES.ZIP/MODULES/DTSTRUCT/CLMOVMAP.C
/SOURCE/DEFRAG/SOURCES.ZIP/MODULES/DTSTRUCT/CLMOVMAP.H
/SOURCE/DEFRAG/SOURCES.ZIP/MODULES/DTSTRUCT/MAKEFILE
/SOURCE/DEFRAG/SOURCES.ZIP/MODULES/DTSTRUCT/VLHANDLE.C
/SOURCE/DEFRAG/SOURCES.ZIP/MODULES/DTSTRUCT/VLHANDLE.H
/SOURCE/DEFRAG/SOURCES.ZIP/MODULES/INFOFAT/
/SOURCE/DEFRAG/SOURCES.ZIP/MODULES/INFOFAT/DEFRFACT.BAK
/SOURCE/DEFRAG/SOURCES.ZIP/MODULES/INFOFAT/DEFRFACT.C
/SOURCE/DEFRAG/SOURCES.ZIP/MODULES/INFOFAT/FLLDRVMP.BAK
/SOURCE/DEFRAG/SOURCES.ZIP/MODULES/INFOFAT/FLLDRVMP.C
/SOURCE/DEFRAG/SOURCES.ZIP/MODULES/INFOFAT/IFATSIZE.C
/SOURCE/DEFRAG/SOURCES.ZIP/MODULES/INFOFAT/INFOFAT.BAK
/SOURCE/DEFRAG/SOURCES.ZIP/MODULES/INFOFAT/INFOFAT.C
/SOURCE/DEFRAG/SOURCES.ZIP/MODULES/INFOFAT/INFOFAT.H
/SOURCE/DEFRAG/SOURCES.ZIP/MODULES/INFOFAT/MAKEFILE
/SOURCE/DEFRAG/SOURCES.ZIP/MODULES/INFOFAT/MRKUNMVE.BAK
/SOURCE/DEFRAG/SOURCES.ZIP/MODULES/INFOFAT/MRKUNMVE.C
/SOURCE/DEFRAG/SOURCES.ZIP/MODULES/INFOFAT/REFILCNT.C
/SOURCE/DEFRAG/SOURCES.ZIP/MODULES/MAKEMODS.BAT
/SOURCE/DEFRAG/SOURCES.ZIP/MODULES/MODBINS/
/SOURCE/DEFRAG/SOURCES.ZIP/MODULES/MODBINS/MAKEFILE
/SOURCE/DEFRAG/SOURCES.ZIP/MODULES/MODBINS/SORTFAT.BAK
/SOURCE/DEFRAG/SOURCES.ZIP/MODULES/MODULES.H
/SOURCE/DEFRAG/SOURCES.ZIP/MODULES/SORTFAT/
/SOURCE/DEFRAG/SOURCES.ZIP/MODULES/SORTFAT/CMPFNCS.C
/SOURCE/DEFRAG/SOURCES.ZIP/MODULES/SORTFAT/DSKCFG/
/SOURCE/DEFRAG/SOURCES.ZIP/MODULES/SORTFAT/DSKCFG/DSKSORT.C
/SOURCE/DEFRAG/SOURCES.ZIP/MODULES/SORTFAT/MAKEFILE
/SOURCE/DEFRAG/SOURCES.ZIP/MODULES/SORTFAT/MAKEFILE.BAK
/SOURCE/DEFRAG/SOURCES.ZIP/MODULES/SORTFAT/MEMCFG/
/SOURCE/DEFRAG/SOURCES.ZIP/MODULES/SORTFAT/MEMCFG/MEMSORT.C
/SOURCE/DEFRAG/SOURCES.ZIP/MODULES/SORTFAT/MEMCFG/RDENTRS.C
/SOURCE/DEFRAG/SOURCES.ZIP/MODULES/SORTFAT/MEMCFG/WRENTRS.C
/SOURCE/DEFRAG/SOURCES.ZIP/MODULES/SORTFAT/SORTCFGF.C
/SOURCE/DEFRAG/SOURCES.ZIP/MODULES/SORTFAT/SORTCFGF.H
/SOURCE/DEFRAG/SOURCES.ZIP/MODULES/SORTFAT/SORTDIR/
/SOURCE/DEFRAG/SOURCES.ZIP/MODULES/SORTFAT/SORTDIR/SORTDIR.C
/SOURCE/DEFRAG/SOURCES.ZIP/MODULES/SORTFAT/SORTDIR/SORTDIR.DSK
/SOURCE/DEFRAG/SOURCES.ZIP/MODULES/SORTFAT/SORTDIR/SORTDIR.MAP
/SOURCE/DEFRAG/SOURCES.ZIP/MODULES/SORTFAT/SORTDIR/SORTDIR.PRJ
/SOURCE/DEFRAG/SOURCES.ZIP/MODULES/SORTFAT/SORTFAT.C
/SOURCE/DEFRAG/SOURCES.ZIP/MODULES/SORTFAT/SORTFATF.H
/SOURCE/DEFRAG/SOURCES.ZIP/MODULES/SORTFAT/SORTTREE.C
/SOURCE/DEFRAG/SOURCES.ZIP/MODULES/SORTFAT/SRTENTRS.BAK
/SOURCE/DEFRAG/SOURCES.ZIP/MODULES/SORTFAT/SRTENTRS.C
/SOURCE/DEFRAG/SOURCES.ZIP/MODULES/SORTFAT/SSORTDIR.C
/SOURCE/DEFRAG/SOURCES.ZIP/MSDEFINT/
/SOURCE/DEFRAG/SOURCES.ZIP/MSDEFINT/DEFRAG.HLP
/SOURCE/DEFRAG/SOURCES.ZIP/MSDEFINT/DEFRHLP/
/SOURCE/DEFRAG/SOURCES.ZIP/MSDEFINT/DEFRHLP/ABOUT.11
/SOURCE/DEFRAG/SOURCES.ZIP/MSDEFINT/DEFRHLP/ABOUTDLG.17
/SOURCE/DEFRAG/SOURCES.ZIP/MSDEFINT/DEFRHLP/BEGIN.12
/SOURCE/DEFRAG/SOURCES.ZIP/MSDEFINT/DEFRHLP/CHECKING.4
/SOURCE/DEFRAG/SOURCES.ZIP/MSDEFINT/DEFRHLP/DEFRAG.6
/SOURCE/DEFRAG/SOURCES.ZIP/MSDEFINT/DEFRHLP/DEFRAG.HLP
/SOURCE/DEFRAG/SOURCES.ZIP/MSDEFINT/DEFRHLP/DEFRAG.LST
/SOURCE/DEFRAG/SOURCES.ZIP/MSDEFINT/DEFRHLP/DRIVE.13
/SOURCE/DEFRAG/SOURCES.ZIP/MSDEFINT/DEFRHLP/EXIT.18
/SOURCE/DEFRAG/SOURCES.ZIP/MSDEFINT/DEFRHLP/FILESORT.9
/SOURCE/DEFRAG/SOURCES.ZIP/MSDEFINT/DEFRHLP/INDEX.0
/SOURCE/DEFRAG/SOURCES.ZIP/MSDEFINT/DEFRHLP/KEYBOARD.3
/SOURCE/DEFRAG/SOURCES.ZIP/MSDEFINT/DEFRHLP/LEGEND.10
/SOURCE/DEFRAG/SOURCES.ZIP/MSDEFINT/DEFRHLP/MAKEFILE
/SOURCE/DEFRAG/SOURCES.ZIP/MSDEFINT/DEFRHLP/MAPLEGND.16
/SOURCE/DEFRAG/SOURCES.ZIP/MSDEFINT/DEFRHLP/METHOD.14
/SOURCE/DEFRAG/SOURCES.ZIP/MSDEFINT/DEFRHLP/MOUSE.2
/SOURCE/DEFRAG/SOURCES.ZIP/MSDEFINT/DEFRHLP/OVERVIEW.1
/SOURCE/DEFRAG/SOURCES.ZIP/MSDEFINT/DEFRHLP/SELDRV.7
/SOURCE/DEFRAG/SOURCES.ZIP/MSDEFINT/DEFRHLP/SELMETHD.8
/SOURCE/DEFRAG/SOURCES.ZIP/MSDEFINT/DEFRHLP/SORT.15
/SOURCE/DEFRAG/SOURCES.ZIP/MSDEFINT/DEFRHLP/SORTING.5
/SOURCE/DEFRAG/SOURCES.ZIP/MSDEFINT/DEFRHLP/SPEED.20
/SOURCE/DEFRAG/SOURCES.ZIP/MSDEFINT/DEFRHLP/STOP.19
/SOURCE/DEFRAG/SOURCES.ZIP/MSDEFINT/DIALOG/
/SOURCE/DEFRAG/SOURCES.ZIP/MSDEFINT/DIALOG/ASKFRXMS.C
/SOURCE/DEFRAG/SOURCES.ZIP/MSDEFINT/DIALOG/ASKFRXMS.H
/SOURCE/DEFRAG/SOURCES.ZIP/MSDEFINT/DIALOG/COPYRIGT.C
/SOURCE/DEFRAG/SOURCES.ZIP/MSDEFINT/DIALOG/COPYRIGT.H
/SOURCE/DEFRAG/SOURCES.ZIP/MSDEFINT/DIALOG/DEFRDONE.C
/SOURCE/DEFRAG/SOURCES.ZIP/MSDEFINT/DIALOG/DEFRDONE.H
/SOURCE/DEFRAG/SOURCES.ZIP/MSDEFINT/DIALOG/DIALOG.H
/SOURCE/DEFRAG/SOURCES.ZIP/MSDEFINT/DIALOG/HLPDIALG.C
/SOURCE/DEFRAG/SOURCES.ZIP/MSDEFINT/DIALOG/HLPDIALG.H
/SOURCE/DEFRAG/SOURCES.ZIP/MSDEFINT/DIALOG/MAKEFILE
/SOURCE/DEFRAG/SOURCES.ZIP/MSDEFINT/DIALOG/MAPLEGND.C
/SOURCE/DEFRAG/SOURCES.ZIP/MSDEFINT/DIALOG/MAPLEGND.H
/SOURCE/DEFRAG/SOURCES.ZIP/MSDEFINT/DIALOG/MENU.C
/SOURCE/DEFRAG/SOURCES.ZIP/MSDEFINT/DIALOG/MENU.H
/SOURCE/DEFRAG/SOURCES.ZIP/MSDEFINT/DIALOG/METHODS.C
/SOURCE/DEFRAG/SOURCES.ZIP/MSDEFINT/DIALOG/METHODS.H
/SOURCE/DEFRAG/SOURCES.ZIP/MSDEFINT/DIALOG/MSGBXS.C
/SOURCE/DEFRAG/SOURCES.ZIP/MSDEFINT/DIALOG/MSGBXS.H
/SOURCE/DEFRAG/SOURCES.ZIP/MSDEFINT/DIALOG/RECOMENT.C
/SOURCE/DEFRAG/SOURCES.ZIP/MSDEFINT/DIALOG/RECOMENT.H
/SOURCE/DEFRAG/SOURCES.ZIP/MSDEFINT/DIALOG/SELDRVBX.C
/SOURCE/DEFRAG/SOURCES.ZIP/MSDEFINT/DIALOG/SELDRVBX.H
/SOURCE/DEFRAG/SOURCES.ZIP/MSDEFINT/DIALOG/SORTBOX.C
/SOURCE/DEFRAG/SOURCES.ZIP/MSDEFINT/DIALOG/SORTBOX.H
/SOURCE/DEFRAG/SOURCES.ZIP/MSDEFINT/DIALOG/STOPDFRG.C
/SOURCE/DEFRAG/SOURCES.ZIP/MSDEFINT/DIALOG/STOPDFRG.H
/SOURCE/DEFRAG/SOURCES.ZIP/MSDEFINT/EVENT/
/SOURCE/DEFRAG/SOURCES.ZIP/MSDEFINT/EVENT/EVENT.C
/SOURCE/DEFRAG/SOURCES.ZIP/MSDEFINT/EVENT/EVENT.H
/SOURCE/DEFRAG/SOURCES.ZIP/MSDEFINT/EVENT/MAKEFILE
/SOURCE/DEFRAG/SOURCES.ZIP/MSDEFINT/GO.BAT
/SOURCE/DEFRAG/SOURCES.ZIP/MSDEFINT/GOBIN.BAT
/SOURCE/DEFRAG/SOURCES.ZIP/MSDEFINT/GOBIND.BAT
/SOURCE/DEFRAG/SOURCES.ZIP/MSDEFINT/HELPKIT/
/SOURCE/DEFRAG/SOURCES.ZIP/MSDEFINT/HELPKIT/CHECKSUM.C
/SOURCE/DEFRAG/SOURCES.ZIP/MSDEFINT/HELPKIT/CHECKSUM.H
/SOURCE/DEFRAG/SOURCES.ZIP/MSDEFINT/HELPKIT/HELPFILE.C
/SOURCE/DEFRAG/SOURCES.ZIP/MSDEFINT/HELPKIT/MAKEFILE
/SOURCE/DEFRAG/SOURCES.ZIP/MSDEFINT/HELPKIT/MKHELP.C
/SOURCE/DEFRAG/SOURCES.ZIP/MSDEFINT/HELPKIT/MKHELP.H
/SOURCE/DEFRAG/SOURCES.ZIP/MSDEFINT/HELPKIT/MKHELP.MAP
/SOURCE/DEFRAG/SOURCES.ZIP/MSDEFINT/HELPKIT/MKHELP.PRJ
/SOURCE/DEFRAG/SOURCES.ZIP/MSDEFINT/HELPSYS/
/SOURCE/DEFRAG/SOURCES.ZIP/MSDEFINT/HELPSYS/HLPFNCS.C
/SOURCE/DEFRAG/SOURCES.ZIP/MSDEFINT/HELPSYS/HLPFNCS.H
/SOURCE/DEFRAG/SOURCES.ZIP/MSDEFINT/HELPSYS/HLPINDEX.H
/SOURCE/DEFRAG/SOURCES.ZIP/MSDEFINT/HELPSYS/HLPLNPRS.C
/SOURCE/DEFRAG/SOURCES.ZIP/MSDEFINT/HELPSYS/HLPLNPRS.H
/SOURCE/DEFRAG/SOURCES.ZIP/MSDEFINT/HELPSYS/HLPPARSE.C
/SOURCE/DEFRAG/SOURCES.ZIP/MSDEFINT/HELPSYS/HLPPARSE.H
/SOURCE/DEFRAG/SOURCES.ZIP/MSDEFINT/HELPSYS/HLPREAD.C
/SOURCE/DEFRAG/SOURCES.ZIP/MSDEFINT/HELPSYS/HLPREAD.H
/SOURCE/DEFRAG/SOURCES.ZIP/MSDEFINT/HELPSYS/HLPSYSID.C
/SOURCE/DEFRAG/SOURCES.ZIP/MSDEFINT/HELPSYS/HLPSYSID.H
/SOURCE/DEFRAG/SOURCES.ZIP/MSDEFINT/HELPSYS/IDXSTACK.C
/SOURCE/DEFRAG/SOURCES.ZIP/MSDEFINT/HELPSYS/IDXSTACK.H
/SOURCE/DEFRAG/SOURCES.ZIP/MSDEFINT/HELPSYS/MAKEFILE
/SOURCE/DEFRAG/SOURCES.ZIP/MSDEFINT/HELPSYS/UNCOMP.H
/SOURCE/DEFRAG/SOURCES.ZIP/MSDEFINT/HELPSYS/UNHUF.H
/SOURCE/DEFRAG/SOURCES.ZIP/MSDEFINT/KEYBOARD/
/SOURCE/DEFRAG/SOURCES.ZIP/MSDEFINT/KEYBOARD/ALTKEY.C
/SOURCE/DEFRAG/SOURCES.ZIP/MSDEFINT/KEYBOARD/KEYBOARD.ASM
/SOURCE/DEFRAG/SOURCES.ZIP/MSDEFINT/KEYBOARD/KEYBOARD.H
/SOURCE/DEFRAG/SOURCES.ZIP/MSDEFINT/KEYBOARD/MAKEFILE
/SOURCE/DEFRAG/SOURCES.ZIP/MSDEFINT/KEYBOARD/TEST.C
/SOURCE/DEFRAG/SOURCES.ZIP/MSDEFINT/LOGMAN/
/SOURCE/DEFRAG/SOURCES.ZIP/MSDEFINT/LOGMAN/LOGMAN.H
/SOURCE/DEFRAG/SOURCES.ZIP/MSDEFINT/LOGMAN/LOGPRINT.C
/SOURCE/DEFRAG/SOURCES.ZIP/MSDEFINT/LOGMAN/LOLOGMAN.ASM
/SOURCE/DEFRAG/SOURCES.ZIP/MSDEFINT/LOGMAN/LOLOGMAN.H
/SOURCE/DEFRAG/SOURCES.ZIP/MSDEFINT/LOGMAN/MAKEFILE
/SOURCE/DEFRAG/SOURCES.ZIP/MSDEFINT/LOGMAN/SCRLOG.C
/SOURCE/DEFRAG/SOURCES.ZIP/MSDEFINT/MAIN/
/SOURCE/DEFRAG/SOURCES.ZIP/MSDEFINT/MAIN/ACTASPCT.H
/SOURCE/DEFRAG/SOURCES.ZIP/MSDEFINT/MAIN/ACTIONS.BAK
/SOURCE/DEFRAG/SOURCES.ZIP/MSDEFINT/MAIN/ACTIONS.C
/SOURCE/DEFRAG/SOURCES.ZIP/MSDEFINT/MAIN/ACTIONS.H
/SOURCE/DEFRAG/SOURCES.ZIP/MSDEFINT/MAIN/CHKARGS.C
/SOURCE/DEFRAG/SOURCES.ZIP/MSDEFINT/MAIN/CHKARGS.H
/SOURCE/DEFRAG/SOURCES.ZIP/MSDEFINT/MAIN/KEEPDOS.C
/SOURCE/DEFRAG/SOURCES.ZIP/MSDEFINT/MAIN/KEEPDOS.H
/SOURCE/DEFRAG/SOURCES.ZIP/MSDEFINT/MAIN/MAKEFILE
/SOURCE/DEFRAG/SOURCES.ZIP/MSDEFINT/MAIN/MSDEFINT.BAK
/SOURCE/DEFRAG/SOURCES.ZIP/MSDEFINT/MAIN/MSDEFINT.C
/SOURCE/DEFRAG/SOURCES.ZIP/MSDEFINT/MAIN/MSDEFINT.H
/SOURCE/DEFRAG/SOURCES.ZIP/MSDEFINT/MAKEFILE
/SOURCE/DEFRAG/SOURCES.ZIP/MSDEFINT/MOUSE/
/SOURCE/DEFRAG/SOURCES.ZIP/MSDEFINT/MOUSE/HIMOUSE.C
/SOURCE/DEFRAG/SOURCES.ZIP/MSDEFINT/MOUSE/MAKEFILE
/SOURCE/DEFRAG/SOURCES.ZIP/MSDEFINT/MOUSE/MOUSE.ASM
/SOURCE/DEFRAG/SOURCES.ZIP/MSDEFINT/MOUSE/MOUSE.H
/SOURCE/DEFRAG/SOURCES.ZIP/MSDEFINT/MSDEFINT.LST
/SOURCE/DEFRAG/SOURCES.ZIP/MSDEFINT/OVLHOST/
/SOURCE/DEFRAG/SOURCES.ZIP/MSDEFINT/OVLHOST/LOWTIME.ASM
/SOURCE/DEFRAG/SOURCES.ZIP/MSDEFINT/OVLHOST/LOWTIME.H
/SOURCE/DEFRAG/SOURCES.ZIP/MSDEFINT/OVLHOST/MAKEFILE
/SOURCE/DEFRAG/SOURCES.ZIP/MSDEFINT/OVLHOST/OVLIMPL.C
/SOURCE/DEFRAG/SOURCES.ZIP/MSDEFINT/OVLHOST/OVLIMPL.H
/SOURCE/DEFRAG/SOURCES.ZIP/MSDEFINT/SCREEN/
/SOURCE/DEFRAG/SOURCES.ZIP/MSDEFINT/SCREEN/DRAWSCR.C
/SOURCE/DEFRAG/SOURCES.ZIP/MSDEFINT/SCREEN/DRVMAP.C
/SOURCE/DEFRAG/SOURCES.ZIP/MSDEFINT/SCREEN/DRVMAP.H
/SOURCE/DEFRAG/SOURCES.ZIP/MSDEFINT/SCREEN/LOWVIDEO.C
/SOURCE/DEFRAG/SOURCES.ZIP/MSDEFINT/SCREEN/MAKEFILE
/SOURCE/DEFRAG/SOURCES.ZIP/MSDEFINT/SCREEN/SCRCLIP.C
/SOURCE/DEFRAG/SOURCES.ZIP/MSDEFINT/SCREEN/SCREEN.ASM
/SOURCE/DEFRAG/SOURCES.ZIP/MSDEFINT/SCREEN/SCREEN.H
/SOURCE/DEFRAG/SOURCES.ZIP/MSDEFINT/SCREEN/SCRMASK.C
/SOURCE/DEFRAG/SOURCES.ZIP/MSDEFINT/SCREEN/SCRMASK.H
/SOURCE/DEFRAG/SOURCES.ZIP/MSDEFINT/WINMAN/
/SOURCE/DEFRAG/SOURCES.ZIP/MSDEFINT/WINMAN/CHECKBOX.C
/SOURCE/DEFRAG/SOURCES.ZIP/MSDEFINT/WINMAN/CHECKBOX.H
/SOURCE/DEFRAG/SOURCES.ZIP/MSDEFINT/WINMAN/CMDBTN.C
/SOURCE/DEFRAG/SOURCES.ZIP/MSDEFINT/WINMAN/CMDBTN.H
/SOURCE/DEFRAG/SOURCES.ZIP/MSDEFINT/WINMAN/CMNCTRLS.C
/SOURCE/DEFRAG/SOURCES.ZIP/MSDEFINT/WINMAN/CONTROL.H
/SOURCE/DEFRAG/SOURCES.ZIP/MSDEFINT/WINMAN/CONTROLS.H
/SOURCE/DEFRAG/SOURCES.ZIP/MSDEFINT/WINMAN/DRVSLTBX.C
/SOURCE/DEFRAG/SOURCES.ZIP/MSDEFINT/WINMAN/DRVSLTBX.H
/SOURCE/DEFRAG/SOURCES.ZIP/MSDEFINT/WINMAN/EVENTBTN.C
/SOURCE/DEFRAG/SOURCES.ZIP/MSDEFINT/WINMAN/EVENTBTN.H
/SOURCE/DEFRAG/SOURCES.ZIP/MSDEFINT/WINMAN/EXTEVENT.C
/SOURCE/DEFRAG/SOURCES.ZIP/MSDEFINT/WINMAN/FRAME.C
/SOURCE/DEFRAG/SOURCES.ZIP/MSDEFINT/WINMAN/FRAME.H
/SOURCE/DEFRAG/SOURCES.ZIP/MSDEFINT/WINMAN/HELPVIEW.C
/SOURCE/DEFRAG/SOURCES.ZIP/MSDEFINT/WINMAN/HLINE.C
/SOURCE/DEFRAG/SOURCES.ZIP/MSDEFINT/WINMAN/ICTRLVLS.C
/SOURCE/DEFRAG/SOURCES.ZIP/MSDEFINT/WINMAN/LABEL.C
/SOURCE/DEFRAG/SOURCES.ZIP/MSDEFINT/WINMAN/LOLSTBX.C
/SOURCE/DEFRAG/SOURCES.ZIP/MSDEFINT/WINMAN/LOLSTBX.H
/SOURCE/DEFRAG/SOURCES.ZIP/MSDEFINT/WINMAN/LOVIEW.C
/SOURCE/DEFRAG/SOURCES.ZIP/MSDEFINT/WINMAN/LOVIEW.H
/SOURCE/DEFRAG/SOURCES.ZIP/MSDEFINT/WINMAN/MAKEFILE
/SOURCE/DEFRAG/SOURCES.ZIP/MSDEFINT/WINMAN/SLCTBTN.C
/SOURCE/DEFRAG/SOURCES.ZIP/MSDEFINT/WINMAN/SLCTBTN.H
/SOURCE/DEFRAG/SOURCES.ZIP/MSDEFINT/WINMAN/TIMLABEL.C
/SOURCE/DEFRAG/SOURCES.ZIP/MSDEFINT/WINMAN/TIMLABEL.H
/SOURCE/DEFRAG/SOURCES.ZIP/MSDEFINT/WINMAN/VSCRCTRL.C
/SOURCE/DEFRAG/SOURCES.ZIP/MSDEFINT/WINMAN/VSCRCTRL.H
/SOURCE/DEFRAG/SOURCES.ZIP/MSDEFINT/WINMAN/WINDOW.H
/SOURCE/DEFRAG/SOURCES.ZIP/MSDEFINT/WINMAN/WINMAN.C
/SOURCE/DEFRAG/SOURCES.ZIP/MSDEFINT/WINMAN/WINMAN.H
/SOURCE/DEFRAG/SOURCES.ZIP/MSDEFINT/WINMAN/WNDWCLSR.C
