/
/APPINFO/
/APPINFO/DISKCOMP.DE
/APPINFO/DISKCOMP.FR
/APPINFO/DISKCOMP.LSM
/APPINFO/DISKCOMP.SV
/APPINFO/DISKCOMP.TR
/BIN/
/BIN/DISKCOMP.COM
/DOC/
/DOC/DISKCOMP/
/DOC/DISKCOMP/README.TXT
/SOURCE/
/SOURCE/DISKCOMP/
/SOURCE/DISKCOMP/SOURCES.ZIP/
/SOURCE/DISKCOMP/SOURCES.ZIP/CONFIG.MAK
/SOURCE/DISKCOMP/SOURCES.ZIP/DISKCOMP.C
/SOURCE/DISKCOMP/SOURCES.ZIP/DISKCOMP.MAP
/SOURCE/DISKCOMP/SOURCES.ZIP/DRIVE.C
/SOURCE/DISKCOMP/SOURCES.ZIP/DRIVE.H
/SOURCE/DISKCOMP/SOURCES.ZIP/GLOBAL.H
/SOURCE/DISKCOMP/SOURCES.ZIP/MAKEFILE
/SOURCE/DISKCOMP/SOURCES.ZIP/MD5.C
/SOURCE/DISKCOMP/SOURCES.ZIP/MD5.H
/SOURCE/DISKCOMP/SOURCES.ZIP/MISC.C
