/
/APPINFO/
/APPINFO/DISKCOPY.DE
/APPINFO/DISKCOPY.FR
/APPINFO/DISKCOPY.LSM
/APPINFO/DISKCOPY.SV
/APPINFO/DISKCOPY.TR
/BIN/
/BIN/DISKCOPY.EXE
/DOC/
/DOC/DISKCOPY/
/DOC/DISKCOPY/COPYING.TXT
/DOC/DISKCOPY/DISKCOPY
/NLS/
/NLS/DISKCOPY.DE
/NLS/DISKCOPY.DK
/NLS/DISKCOPY.EN
/NLS/DISKCOPY.ES
/NLS/DISKCOPY.FI
/NLS/DISKCOPY.FR
/NLS/DISKCOPY.IT
/NLS/DISKCOPY.NL
/NLS/DISKCOPY.PL
/NLS/DISKCOPY.SL
/NLS/DISKCOPY.SV
/NLS/DISKCOPY.TR
/SOURCE/
/SOURCE/DISKCOPY/
/SOURCE/DISKCOPY/SOURCES.ZIP/
/SOURCE/DISKCOPY/SOURCES.ZIP/BOOT.H
/SOURCE/DISKCOPY/SOURCES.ZIP/CATS/
/SOURCE/DISKCOPY/SOURCES.ZIP/CATS/CATGETS.C
/SOURCE/DISKCOPY/SOURCES.ZIP/CATS/CATGETS.H
/SOURCE/DISKCOPY/SOURCES.ZIP/CATS/CATSDB.BAK
/SOURCE/DISKCOPY/SOURCES.ZIP/CATS/CATSDB.LIB
/SOURCE/DISKCOPY/SOURCES.ZIP/CATS/DB.C
/SOURCE/DISKCOPY/SOURCES.ZIP/CATS/DB.H
/SOURCE/DISKCOPY/SOURCES.ZIP/CATS/GET_LINE.C
/SOURCE/DISKCOPY/SOURCES.ZIP/CATS/MAKECATS.BAT
/SOURCE/DISKCOPY/SOURCES.ZIP/CATS/MAKEFILE
/SOURCE/DISKCOPY/SOURCES.ZIP/COPYING
/SOURCE/DISKCOPY/SOURCES.ZIP/CRITICAL.ASM
/SOURCE/DISKCOPY/SOURCES.ZIP/CRITICAL.H
/SOURCE/DISKCOPY/SOURCES.ZIP/DATGEN.C
/SOURCE/DISKCOPY/SOURCES.ZIP/DATGEN.H
/SOURCE/DISKCOPY/SOURCES.ZIP/DELETE.BAT
/SOURCE/DISKCOPY/SOURCES.ZIP/DISKCOPY.C
/SOURCE/DISKCOPY/SOURCES.ZIP/DISKCOPY.H
/SOURCE/DISKCOPY/SOURCES.ZIP/DISKCOPY.INI
/SOURCE/DISKCOPY/SOURCES.ZIP/DRIVE.C
/SOURCE/DISKCOPY/SOURCES.ZIP/DRIVE.H
/SOURCE/DISKCOPY/SOURCES.ZIP/EMS.ASM
/SOURCE/DISKCOPY/SOURCES.ZIP/EMS.H
/SOURCE/DISKCOPY/SOURCES.ZIP/EXEPATH.C
/SOURCE/DISKCOPY/SOURCES.ZIP/EXEPATH.H
/SOURCE/DISKCOPY/SOURCES.ZIP/FASTCOPY.C
/SOURCE/DISKCOPY/SOURCES.ZIP/FASTCOPY.H
/SOURCE/DISKCOPY/SOURCES.ZIP/HICRITCL.ASM
/SOURCE/DISKCOPY/SOURCES.ZIP/INDENTER.BAT
/SOURCE/DISKCOPY/SOURCES.ZIP/IO95/
/SOURCE/DISKCOPY/SOURCES.ZIP/IO95/BORLANDC/
/SOURCE/DISKCOPY/SOURCES.ZIP/IO95/BORLANDC/MKLIB.BAT
/SOURCE/DISKCOPY/SOURCES.ZIP/IO95/BORLANDC/MKTEST.BAT
/SOURCE/DISKCOPY/SOURCES.ZIP/IO95/DIR95.C
/SOURCE/DISKCOPY/SOURCES.ZIP/IO95/DIR95.H
/SOURCE/DISKCOPY/SOURCES.ZIP/IO95/ERRLIST
/SOURCE/DISKCOPY/SOURCES.ZIP/IO95/FILES
/SOURCE/DISKCOPY/SOURCES.ZIP/IO95/FIND95.C
/SOURCE/DISKCOPY/SOURCES.ZIP/IO95/FIND95.H
/SOURCE/DISKCOPY/SOURCES.ZIP/IO95/FLLPTH95.C
/SOURCE/DISKCOPY/SOURCES.ZIP/IO95/FOPEN95.C
/SOURCE/DISKCOPY/SOURCES.ZIP/IO95/GETCWD95.C
/SOURCE/DISKCOPY/SOURCES.ZIP/IO95/HISTORY
/SOURCE/DISKCOPY/SOURCES.ZIP/IO95/IO95.BAK
/SOURCE/DISKCOPY/SOURCES.ZIP/IO95/IO95.H
/SOURCE/DISKCOPY/SOURCES.ZIP/IO95/IO95_LOC.H
/SOURCE/DISKCOPY/SOURCES.ZIP/IO95/L2S95.C
/SOURCE/DISKCOPY/SOURCES.ZIP/IO95/LICENSE
/SOURCE/DISKCOPY/SOURCES.ZIP/IO95/LICENSE.GPL
/SOURCE/DISKCOPY/SOURCES.ZIP/IO95/MAKEFILE
/SOURCE/DISKCOPY/SOURCES.ZIP/IO95/MAKEIO95.BAT
/SOURCE/DISKCOPY/SOURCES.ZIP/IO95/MKDIR95.C
/SOURCE/DISKCOPY/SOURCES.ZIP/IO95/OPEN95.C
/SOURCE/DISKCOPY/SOURCES.ZIP/IO95/README
/SOURCE/DISKCOPY/SOURCES.ZIP/IO95/REN95.C
/SOURCE/DISKCOPY/SOURCES.ZIP/IO95/STDIO95.H
/SOURCE/DISKCOPY/SOURCES.ZIP/IO95/T.CC
/SOURCE/DISKCOPY/SOURCES.ZIP/IO95/TAGS
/SOURCE/DISKCOPY/SOURCES.ZIP/IO95/TST.BAT
/SOURCE/DISKCOPY/SOURCES.ZIP/IO95/TST.OUT
/SOURCE/DISKCOPY/SOURCES.ZIP/IO95/TURBOC/
/SOURCE/DISKCOPY/SOURCES.ZIP/IO95/TURBOC/MKLIB.BAT
/SOURCE/DISKCOPY/SOURCES.ZIP/IO95/TURBOC/MKTEST.BAT
/SOURCE/DISKCOPY/SOURCES.ZIP/IO95/WIN95API.C
/SOURCE/DISKCOPY/SOURCES.ZIP/LFNAPI.C
/SOURCE/DISKCOPY/SOURCES.ZIP/LFNAPI.H
/SOURCE/DISKCOPY/SOURCES.ZIP/LFNCHK.ASM
/SOURCE/DISKCOPY/SOURCES.ZIP/MAKEFILE
/SOURCE/DISKCOPY/SOURCES.ZIP/MEMTYPES.C
/SOURCE/DISKCOPY/SOURCES.ZIP/MEMTYPES.H
/SOURCE/DISKCOPY/SOURCES.ZIP/MISC.H
/SOURCE/DISKCOPY/SOURCES.ZIP/MOUSE.ASM
/SOURCE/DISKCOPY/SOURCES.ZIP/MOUSE.H
/SOURCE/DISKCOPY/SOURCES.ZIP/NLS/
/SOURCE/DISKCOPY/SOURCES.ZIP/NLS/DISKCOPY.DE
/SOURCE/DISKCOPY/SOURCES.ZIP/NLS/DISKCOPY.EN
/SOURCE/DISKCOPY/SOURCES.ZIP/NLS/DISKCOPY.NL
/SOURCE/DISKCOPY/SOURCES.ZIP/NLSASPCT.H
/SOURCE/DISKCOPY/SOURCES.ZIP/PARSER.C
/SOURCE/DISKCOPY/SOURCES.ZIP/PARSER.H
/SOURCE/DISKCOPY/SOURCES.ZIP/README
/SOURCE/DISKCOPY/SOURCES.ZIP/RECOVERY.C
/SOURCE/DISKCOPY/SOURCES.ZIP/SCANNER.C
/SOURCE/DISKCOPY/SOURCES.ZIP/SCANNER.H
/SOURCE/DISKCOPY/SOURCES.ZIP/SERIALNM.C
/SOURCE/DISKCOPY/SOURCES.ZIP/SERIALNM.H
/SOURCE/DISKCOPY/SOURCES.ZIP/SIMPLCPY.C
/SOURCE/DISKCOPY/SOURCES.ZIP/SIMPLCPY.H
/SOURCE/DISKCOPY/SOURCES.ZIP/SMDSKCPY.C
/SOURCE/DISKCOPY/SOURCES.ZIP/SMDSKCPY.H
/SOURCE/DISKCOPY/SOURCES.ZIP/SWITCHCH.ASM
/SOURCE/DISKCOPY/SOURCES.ZIP/TDRVCPY.C
/SOURCE/DISKCOPY/SOURCES.ZIP/TDRVCPY.H
/SOURCE/DISKCOPY/SOURCES.ZIP/WAITFINP.C
/SOURCE/DISKCOPY/SOURCES.ZIP/WAITFINP.H
/SOURCE/DISKCOPY/SOURCES.ZIP/XMS.ASM
/SOURCE/DISKCOPY/SOURCES.ZIP/XMS.H
