/
/APPINFO/
/APPINFO/DISPLAY.DE
/APPINFO/DISPLAY.FR
/APPINFO/DISPLAY.LSM
/APPINFO/DISPLAY.SV
/APPINFO/DISPLAY.TR
/BIN/
/BIN/DISPLAY.EXE
/DOC/
/DOC/DISPLAY/
/DOC/DISPLAY/COPYING
/DOC/DISPLAY/NEWHW.TXT
/DOC/DISPLAY/README.TXT
/HELP/
/HELP/DISPLAY
/SOURCE/
/SOURCE/DISPLAY/
/SOURCE/DISPLAY/SOURCES.ZIP/
/SOURCE/DISPLAY/SOURCES.ZIP/CMDLINE.ASM
/SOURCE/DISPLAY/SOURCES.ZIP/DISPLAY.ASM
/SOURCE/DISPLAY/SOURCES.ZIP/DISPLIB.ASM
/SOURCE/DISPLAY/SOURCES.ZIP/DOC/
/SOURCE/DISPLAY/SOURCES.ZIP/DOC/COPYING
/SOURCE/DISPLAY/SOURCES.ZIP/DOC/HISTORY.TXT
/SOURCE/DISPLAY/SOURCES.ZIP/DOC/NEWHW.TXT
/SOURCE/DISPLAY/SOURCES.ZIP/DOC/README.TXT
/SOURCE/DISPLAY/SOURCES.ZIP/EGAVGA/
/SOURCE/DISPLAY/SOURCES.ZIP/EGAVGA/CGAEGA.ASM
/SOURCE/DISPLAY/SOURCES.ZIP/EGAVGA/CGAR.ASM
/SOURCE/DISPLAY/SOURCES.ZIP/EGAVGA/EGAR.ASM
/SOURCE/DISPLAY/SOURCES.ZIP/EGAVGA/VIDEOINT.ASM
/SOURCE/DISPLAY/SOURCES.ZIP/GENIOCTL.ASM
/SOURCE/DISPLAY/SOURCES.ZIP/HWINITD.ASM
/SOURCE/DISPLAY/SOURCES.ZIP/HWINITP.ASM
/SOURCE/DISPLAY/SOURCES.ZIP/MAKE.BAT
/SOURCE/DISPLAY/SOURCES.ZIP/MUXINT.ASM
/SOURCE/DISPLAY/SOURCES.ZIP/PREPARE.ASM
/SOURCE/DISPLAY/SOURCES.ZIP/SELECT.ASM
/SOURCE/DISPLAY/SOURCES.ZIP/STRINGS.EN
/SOURCE/DISPLAY/SOURCES.ZIP/STRINGS.ES
/SOURCE/DISPLAY/SOURCES.ZIP/TEST.ASM
/SOURCE/DISPLAY/SOURCES.ZIP/TEST.COM
