/
/APPINFO/
/APPINFO/EDIT.DE
/APPINFO/EDIT.FR
/APPINFO/EDIT.LSM
/APPINFO/EDIT.SV
/APPINFO/EDIT.TR
/BIN/
/BIN/EDIT.EXE
/BIN/EDIT.HLP
/DOC/
/DOC/EDIT/
/DOC/EDIT/BUGS.TXT
/DOC/EDIT/CONTRIB.TXT
/DOC/EDIT/COPYING
/SOURCE/
/SOURCE/EDIT/
/SOURCE/EDIT/SOURCES.ZIP/
/SOURCE/EDIT/SOURCES.ZIP/ASCIITAB.C
/SOURCE/EDIT/SOURCES.ZIP/BUILD_ED.BAT
/SOURCE/EDIT/SOURCES.ZIP/CALENDAR.C
/SOURCE/EDIT/SOURCES.ZIP/CONFIG.C
/SOURCE/EDIT/SOURCES.ZIP/CONFIG.H
/SOURCE/EDIT/SOURCES.ZIP/EDIT.C
/SOURCE/EDIT/SOURCES.ZIP/EDIT.H
/SOURCE/EDIT/SOURCES.ZIP/EDIT.MAK
/SOURCE/EDIT/SOURCES.ZIP/EDIT.TXT
/SOURCE/EDIT/SOURCES.ZIP/MENUS.C
