/
/APPINFO/
/APPINFO/EDLIN.DE
/APPINFO/EDLIN.FR
/APPINFO/EDLIN.LSM
/APPINFO/EDLIN.SV
/APPINFO/EDLIN.TR
/BIN/
/BIN/EDLIN.EXE
/BIN/EDLIN32.EXE
/DOC/
/DOC/EDLIN/
/DOC/EDLIN/AUTHORS
/DOC/EDLIN/CHANGES
/DOC/EDLIN/COPYING
/DOC/EDLIN/EDLIN-DE.HTM
/DOC/EDLIN/EDLIN-EN.HTM
/DOC/EDLIN/EDLIN-FR.HTM
/DOC/EDLIN/EDLIN-JA.HTM
/DOC/EDLIN/EDLIN-JA.TXT
/DOC/EDLIN/EDLIN-SV.HTM
/DOC/EDLIN/EDLIN-TR.HTM
/DOC/EDLIN/EDLIN-TR.TXT
/DOC/EDLIN/EDLIN-TR.UTF
/DOC/EDLIN/EDLIN.HTM
/DOC/EDLIN/INSTALL
/DOC/EDLIN/NEWS
/DOC/EDLIN/README
/DOC/EDLIN/TODO
/NLS/
/NLS/EDLIN.DA
/NLS/EDLIN.DE
/NLS/EDLIN.EN
/NLS/EDLIN.EO
/NLS/EDLIN.ES
/NLS/EDLIN.EU
/NLS/EDLIN.FI
/NLS/EDLIN.FR
/NLS/EDLIN.IS
/NLS/EDLIN.IT
/NLS/EDLIN.JA
/NLS/EDLIN.LA
/NLS/EDLIN.NL
/NLS/EDLIN.NO
/NLS/EDLIN.PL
/NLS/EDLIN.PT
/NLS/EDLIN.SL
/NLS/EDLIN.SV
/NLS/EDLIN.TR
/SOURCE/
/SOURCE/EDLIN/
/SOURCE/EDLIN/SOURCES.ZIP/
/SOURCE/EDLIN/SOURCES.ZIP/aclocal.m4
/SOURCE/EDLIN/SOURCES.ZIP/AUTHORS
/SOURCE/EDLIN/SOURCES.ZIP/catgets.c
/SOURCE/EDLIN/SOURCES.ZIP/ChangeLog
/SOURCE/EDLIN/SOURCES.ZIP/compile
/SOURCE/EDLIN/SOURCES.ZIP/config.guess
/SOURCE/EDLIN/SOURCES.ZIP/config-h.bc
/SOURCE/EDLIN/SOURCES.ZIP/config.h.in
/SOURCE/EDLIN/SOURCES.ZIP/config-h.ow
/SOURCE/EDLIN/SOURCES.ZIP/config.sub
/SOURCE/EDLIN/SOURCES.ZIP/configure
/SOURCE/EDLIN/SOURCES.ZIP/configure.ac
/SOURCE/EDLIN/SOURCES.ZIP/COPYING
/SOURCE/EDLIN/SOURCES.ZIP/defines.c
/SOURCE/EDLIN/SOURCES.ZIP/defines.h
/SOURCE/EDLIN/SOURCES.ZIP/depcomp
/SOURCE/EDLIN/SOURCES.ZIP/dynarray.h
/SOURCE/EDLIN/SOURCES.ZIP/dynstr.c
/SOURCE/EDLIN/SOURCES.ZIP/dynstr.h
/SOURCE/EDLIN/SOURCES.ZIP/edlib.c
/SOURCE/EDLIN/SOURCES.ZIP/edlib.h
/SOURCE/EDLIN/SOURCES.ZIP/edlin.c
/SOURCE/EDLIN/SOURCES.ZIP/edlin.htm
/SOURCE/EDLIN/SOURCES.ZIP/edlin-ja.htm
/SOURCE/EDLIN/SOURCES.ZIP/edlin-ja.txt
/SOURCE/EDLIN/SOURCES.ZIP/edlin.tgt
/SOURCE/EDLIN/SOURCES.ZIP/edlin.wpj
/SOURCE/EDLIN/SOURCES.ZIP/INSTALL
/SOURCE/EDLIN/SOURCES.ZIP/install-sh
/SOURCE/EDLIN/SOURCES.ZIP/kit2msgs.c
/SOURCE/EDLIN/SOURCES.ZIP/kitten/
/SOURCE/EDLIN/SOURCES.ZIP/kitten/edlin.da
/SOURCE/EDLIN/SOURCES.ZIP/kitten/edlin.de
/SOURCE/EDLIN/SOURCES.ZIP/kitten/edlin.en
/SOURCE/EDLIN/SOURCES.ZIP/kitten/edlin.eo
/SOURCE/EDLIN/SOURCES.ZIP/kitten/edlin.es
/SOURCE/EDLIN/SOURCES.ZIP/kitten/edlin.eu
/SOURCE/EDLIN/SOURCES.ZIP/kitten/edlin.fi
/SOURCE/EDLIN/SOURCES.ZIP/kitten/edlin.fr
/SOURCE/EDLIN/SOURCES.ZIP/kitten/edlin.is
/SOURCE/EDLIN/SOURCES.ZIP/kitten/edlin.it
/SOURCE/EDLIN/SOURCES.ZIP/kitten/edlin.ja
/SOURCE/EDLIN/SOURCES.ZIP/kitten/edlin.la
/SOURCE/EDLIN/SOURCES.ZIP/kitten/edlin.nl
/SOURCE/EDLIN/SOURCES.ZIP/kitten/edlin.no
/SOURCE/EDLIN/SOURCES.ZIP/kitten/edlin.pl
/SOURCE/EDLIN/SOURCES.ZIP/kitten/edlin.pt
/SOURCE/EDLIN/SOURCES.ZIP/kitten/edlin.sl
/SOURCE/EDLIN/SOURCES.ZIP/kitten/edlin.sv
/SOURCE/EDLIN/SOURCES.ZIP/kitten/edlin.tr
/SOURCE/EDLIN/SOURCES.ZIP/Makefile.am
/SOURCE/EDLIN/SOURCES.ZIP/Makefile.bc
/SOURCE/EDLIN/SOURCES.ZIP/Makefile.in
/SOURCE/EDLIN/SOURCES.ZIP/MAKEFILE.OW
/SOURCE/EDLIN/SOURCES.ZIP/malloc.c
/SOURCE/EDLIN/SOURCES.ZIP/missing
/SOURCE/EDLIN/SOURCES.ZIP/mkinstalldirs
/SOURCE/EDLIN/SOURCES.ZIP/msgscats.h
/SOURCE/EDLIN/SOURCES.ZIP/msgs-da.h
/SOURCE/EDLIN/SOURCES.ZIP/msgs-de2.h
/SOURCE/EDLIN/SOURCES.ZIP/msgs-de.h
/SOURCE/EDLIN/SOURCES.ZIP/msgs-en.h
/SOURCE/EDLIN/SOURCES.ZIP/msgs-eo.h
/SOURCE/EDLIN/SOURCES.ZIP/msgs-es.h
/SOURCE/EDLIN/SOURCES.ZIP/msgs-eu.h
/SOURCE/EDLIN/SOURCES.ZIP/msgs-fi.h
/SOURCE/EDLIN/SOURCES.ZIP/msgs-fr.h
/SOURCE/EDLIN/SOURCES.ZIP/msgs.h
/SOURCE/EDLIN/SOURCES.ZIP/msgs-is.h
/SOURCE/EDLIN/SOURCES.ZIP/msgs-it.h
/SOURCE/EDLIN/SOURCES.ZIP/msgs-ja.h
/SOURCE/EDLIN/SOURCES.ZIP/msgs-la.h
/SOURCE/EDLIN/SOURCES.ZIP/msgs-nl.h
/SOURCE/EDLIN/SOURCES.ZIP/msgs-no.h
/SOURCE/EDLIN/SOURCES.ZIP/msgs-pl.h
/SOURCE/EDLIN/SOURCES.ZIP/msgs-pt.h
/SOURCE/EDLIN/SOURCES.ZIP/msgs-sl.h
/SOURCE/EDLIN/SOURCES.ZIP/msgs-sv.h
/SOURCE/EDLIN/SOURCES.ZIP/msgs-tr.h
/SOURCE/EDLIN/SOURCES.ZIP/NEWS
/SOURCE/EDLIN/SOURCES.ZIP/nl_types.h
/SOURCE/EDLIN/SOURCES.ZIP/ow.bat
/SOURCE/EDLIN/SOURCES.ZIP/README
/SOURCE/EDLIN/SOURCES.ZIP/realloc.c
/SOURCE/EDLIN/SOURCES.ZIP/TODO
