/
/APPINFO/
/APPINFO/EXE2BIN.DE
/APPINFO/EXE2BIN.FR
/APPINFO/EXE2BIN.LSM
/APPINFO/EXE2BIN.SV
/APPINFO/EXE2BIN.TR
/BIN/
/BIN/EXE2BIN.COM
/DOC/
/DOC/EXE2BIN/
/DOC/EXE2BIN/EXE2BIN.TXT
/DOC/EXE2BIN/LICENSE.TXT
/HELP/
/HELP/EXE2BIN.DE
/HELP/EXE2BIN.EN
/HELP/EXE2BIN.ES
/HELP/EXE2BIN.FR
/HELP/EXE2BIN.SV
/HELP/EXE2BIN.TR
/SOURCE/
/SOURCE/EXE2BIN/
/SOURCE/EXE2BIN/SOURCES.ZIP/
/SOURCE/EXE2BIN/SOURCES.ZIP/BANCFG.H
/SOURCE/EXE2BIN/SOURCES.ZIP/BANNER.H
/SOURCE/EXE2BIN/SOURCES.ZIP/EXE2BIN.C
/SOURCE/EXE2BIN/SOURCES.ZIP/EXE2BIN.MAK
/SOURCE/EXE2BIN/SOURCES.ZIP/EXEDOS.H
/SOURCE/EXE2BIN/SOURCES.ZIP/TRY.ASM
/SOURCE/EXE2BIN/SOURCES.ZIP/WATCOM.H
