/
/APPINFO/
/APPINFO/FC.DE
/APPINFO/FC.FR
/APPINFO/FC.LSM
/APPINFO/FC.SV
/APPINFO/FC.TR
/BIN/
/BIN/FC.EXE
/DOC/
/DOC/FC/
/DOC/FC/COPYING
/DOC/FC/FC.TXT
/DOC/FC/HISTORY.TXT
/HELP/
/HELP/FC.DE
/HELP/FC.EN
/HELP/FC.ES
/HELP/FC.FR
/HELP/FC.TR
/NLS/
/NLS/FC.DE
/NLS/FC.DK
/NLS/FC.EN
/NLS/FC.ES
/NLS/FC.FR
/NLS/FC.IT
/NLS/FC.LV
/NLS/FC.NL
/NLS/FC.PL
/NLS/FC.SL
/NLS/FC.SV
/NLS/FC.TR
/SOURCE/
/SOURCE/FC/
/SOURCE/FC/SOURCES.ZIP/
/SOURCE/FC/SOURCES.ZIP/FC.C
/SOURCE/FC/SOURCES.ZIP/FCTOOLS.C
/SOURCE/FC/SOURCES.ZIP/FCTOOLS.H
/SOURCE/FC/SOURCES.ZIP/FC.TXT
/SOURCE/FC/SOURCES.ZIP/HISTORY.TXT
/SOURCE/FC/SOURCES.ZIP/KITTEN.C
/SOURCE/FC/SOURCES.ZIP/KITTEN.H
