/
/APPINFO/
/APPINFO/FDAPM.DE
/APPINFO/FDAPM.FR
/APPINFO/FDAPM.LSM
/APPINFO/FDAPM.SV
/APPINFO/FDAPM.TR
/BIN/
/BIN/FDAPM.COM
/BIN/IDLEDPMS.COM
/DOC/
/DOC/FDAPM/
/DOC/FDAPM/APMNOTES.TXT
/DOC/FDAPM/FDAPM.TXT
/SOURCE/
/SOURCE/FDAPM/
/SOURCE/FDAPM/SOURCES.ZIP/
/SOURCE/FDAPM/SOURCES.ZIP/ACPITOOL.ASM
/SOURCE/FDAPM/SOURCES.ZIP/APMFUNC.ASM
/SOURCE/FDAPM/SOURCES.ZIP/APMSTAT.ASM
/SOURCE/FDAPM/SOURCES.ZIP/DISCLAIM.TXT
/SOURCE/FDAPM/SOURCES.ZIP/DISPLAY.ASM
/SOURCE/FDAPM/SOURCES.ZIP/DPMSFUNC.ASM
/SOURCE/FDAPM/SOURCES.ZIP/FDAPM.ASM
/SOURCE/FDAPM/SOURCES.ZIP/FIXTIME.ASM
/SOURCE/FDAPM/SOURCES.ZIP/FLUSH.ASM
/SOURCE/FDAPM/SOURCES.ZIP/HANDLERS.ASM
/SOURCE/FDAPM/SOURCES.ZIP/HOOKTSR.ASM
/SOURCE/FDAPM/SOURCES.ZIP/IDLEDPMS.ASM
/SOURCE/FDAPM/SOURCES.ZIP/PARSER.ASM
/SOURCE/FDAPM/SOURCES.ZIP/POWSTAT.ASM
/SOURCE/FDAPM/SOURCES.ZIP/REBOOT.ASM
