/
/APPINFO/
/APPINFO/FDHELPER.DE
/APPINFO/FDHELPER.FR
/APPINFO/FDHELPER.LSM
/APPINFO/FDHELPER.SV
/APPINFO/FDHELPER.TR
/BIN/
/BIN/APROPOS.BAT
/BIN/CDROM.BAT
/BIN/FASTHELP.BAT
/BIN/FDHELP.BAT
/BIN/HELP.BAT
/BIN/ONELANG.BAT
/BIN/SETLANG.BAT
/BIN/WELCOME.BAT
/BIN/WHATIS.BAT
/HELP/
/HELP/CDROM.DE
/HELP/CDROM.EN
/HELP/CDROM.ES
/HELP/CDROM.FR
/HELP/CDROM.SV
/HELP/CDROM.TR
/NLS/
/NLS/CDROM.DE
/NLS/CDROM.EN
/NLS/CDROM.ES
/NLS/CDROM.FR
/NLS/CDROM.SV
/NLS/CDROM.TR
/NLS/WELCOME.DE
/NLS/WELCOME.EN
/NLS/WELCOME.EO
/NLS/WELCOME.ES
/NLS/WELCOME.FR
/NLS/WELCOME.NL
/NLS/WELCOME.SV
/NLS/WELCOME.TR
/SOURCE/
/SOURCE/FDHELPER/
/SOURCE/FDHELPER/SOURCES.ZIP/
/SOURCE/FDHELPER/SOURCES.ZIP/LICENSE.TXT
/SOURCE/FDHELPER/SOURCES.ZIP/README.TXT
