/
/APPINFO/
/APPINFO/FDIMPLES.DE
/APPINFO/FDIMPLES.FR
/APPINFO/FDIMPLES.LSM
/APPINFO/FDIMPLES.SV
/APPINFO/FDIMPLES.TR
/BIN/
/BIN/FDIMPLES.EXE
/DOC/
/DOC/FDIMPLES/
/DOC/FDIMPLES/LICENSE
/DOC/FDIMPLES/README.MD
/NLS/
/NLS/FDIMPLES.DE
/NLS/FDIMPLES.EN
/NLS/FDIMPLES.EO
/NLS/FDIMPLES.ES
/NLS/FDIMPLES.FR
/NLS/FDIMPLES.NL
/NLS/FDIMPLES.RU
/NLS/FDIMPLES.SV
/NLS/FDIMPLES.TR
/SOURCE/
/SOURCE/FDIMPLES/
/SOURCE/FDIMPLES/SOURCES.ZIP/
/SOURCE/FDIMPLES/SOURCES.ZIP/APPINFO.LSM
/SOURCE/FDIMPLES/SOURCES.ZIP/BUILD.BAT
/SOURCE/FDIMPLES/SOURCES.ZIP/CLEAN.BAT
/SOURCE/FDIMPLES/SOURCES.ZIP/FDIMPLES.INC
/SOURCE/FDIMPLES/SOURCES.ZIP/FDIMPLES.PAS
/SOURCE/FDIMPLES/SOURCES.ZIP/FILEIO.PAS
/SOURCE/FDIMPLES/SOURCES.ZIP/LANGUAGE.PAS
/SOURCE/FDIMPLES/SOURCES.ZIP/QCRT/
/SOURCE/FDIMPLES/SOURCES.ZIP/QCRT/DEMOS/
/SOURCE/FDIMPLES/SOURCES.ZIP/QCRT/DEMOS/DEMO_000.ASM
/SOURCE/FDIMPLES/SOURCES.ZIP/QCRT/DEMOS/DEMO_001.ASM
/SOURCE/FDIMPLES/SOURCES.ZIP/QCRT/DEMOS/DEMO_001.INC
/SOURCE/FDIMPLES/SOURCES.ZIP/QCRT/DEMOS/DEMO_002.ASM
/SOURCE/FDIMPLES/SOURCES.ZIP/QCRT/DEMOS/DEMO_003.ASM
/SOURCE/FDIMPLES/SOURCES.ZIP/QCRT/DEMOS/DEMO_004.PAS
/SOURCE/FDIMPLES/SOURCES.ZIP/QCRT/DEMOS/DEMO_005.PAS
/SOURCE/FDIMPLES/SOURCES.ZIP/QCRT/HISTORY
/SOURCE/FDIMPLES/SOURCES.ZIP/QCRT/LICENSE
/SOURCE/FDIMPLES/SOURCES.ZIP/QCRT/MKCLEAN.BAT
/SOURCE/FDIMPLES/SOURCES.ZIP/QCRT/MKDEMOS.BAT
/SOURCE/FDIMPLES/SOURCES.ZIP/QCRT/PASCAL/
/SOURCE/FDIMPLES/SOURCES.ZIP/QCRT/PASCAL/MKUNITS.BAT
/SOURCE/FDIMPLES/SOURCES.ZIP/QCRT/PASCAL/QASCIIZ.PAS
/SOURCE/FDIMPLES/SOURCES.ZIP/QCRT/PASCAL/QBOXES.INC
/SOURCE/FDIMPLES/SOURCES.ZIP/QCRT/PASCAL/QBOXES.PAS
/SOURCE/FDIMPLES/SOURCES.ZIP/QCRT/PASCAL/QCLASS.PAS
/SOURCE/FDIMPLES/SOURCES.ZIP/QCRT/PASCAL/QCRT.DEF
/SOURCE/FDIMPLES/SOURCES.ZIP/QCRT/PASCAL/QCRT.PAS
/SOURCE/FDIMPLES/SOURCES.ZIP/QCRT/PASCAL/QDOS.PAS
/SOURCE/FDIMPLES/SOURCES.ZIP/QCRT/PASCAL/QEDITLN.PAS
/SOURCE/FDIMPLES/SOURCES.ZIP/QCRT/PASCAL/QEMS.PAS
/SOURCE/FDIMPLES/SOURCES.ZIP/QCRT/PASCAL/QEVENTS.PAS
/SOURCE/FDIMPLES/SOURCES.ZIP/QCRT/PASCAL/QFILES.PAS
/SOURCE/FDIMPLES/SOURCES.ZIP/QCRT/PASCAL/QLISTS.PAS
/SOURCE/FDIMPLES/SOURCES.ZIP/QCRT/PASCAL/QSTRINGS.PAS
/SOURCE/FDIMPLES/SOURCES.ZIP/QCRT/PASCAL/QXMS.PAS
/SOURCE/FDIMPLES/SOURCES.ZIP/QCRT/QASCIIZ.ASM
/SOURCE/FDIMPLES/SOURCES.ZIP/QCRT/QCRT.ASM
/SOURCE/FDIMPLES/SOURCES.ZIP/QCRT/QDEFINES.INC
/SOURCE/FDIMPLES/SOURCES.ZIP/QCRT/QDOS.ASM
/SOURCE/FDIMPLES/SOURCES.ZIP/QCRT/QEMS.ASM
/SOURCE/FDIMPLES/SOURCES.ZIP/QCRT/QSTRINGS.ASM
/SOURCE/FDIMPLES/SOURCES.ZIP/QCRT/QXMS.ASM
/SOURCE/FDIMPLES/SOURCES.ZIP/QCRT/README.MD
/SOURCE/FDIMPLES/SOURCES.ZIP/QCRT/TODO
/SOURCE/FDIMPLES/SOURCES.ZIP/VERSION.INC
