/
/APPINFO/
/APPINFO/FDISK.DE
/APPINFO/FDISK.FR
/APPINFO/FDISK.LSM
/APPINFO/FDISK.SV
/APPINFO/FDISK.TR
/BIN/
/BIN/FDISK.EXE
/BIN/FDISK.INI
/BIN/FDISKPT.INI
/DOC/
/DOC/FDISK/
/DOC/FDISK/BLOADER.TXT
/DOC/FDISK/BUGS.TXT
/DOC/FDISK/CONTRIB.TXT
/DOC/FDISK/FAQ.TXT
/DOC/FDISK/FILELIST.TXT
/DOC/FDISK/HELP.TXT
/DOC/FDISK/HISTORY.TXT
/DOC/FDISK/INSTALL.TXT
/DOC/FDISK/LICENSE.TXT
/DOC/FDISK/NEWS.TXT
/DOC/FDISK/PARTN.HTM
/DOC/FDISK/PARTN.TXT
/DOC/FDISK/README.TXT
/HELP/
/HELP/FDISK.DE
/HELP/FDISK.EN
/HELP/FDISK.ES
/HELP/FDISK.FR
/HELP/FDISK.SV
/HELP/FDISK.TR
/SOURCE/
/SOURCE/FDISK/
/SOURCE/FDISK/SOURCES.ZIP/
/SOURCE/FDISK/SOURCES.ZIP/BOOTEASY/
/SOURCE/FDISK/SOURCES.ZIP/BOOTEASY/BOOTEASY
/SOURCE/FDISK/SOURCES.ZIP/BOOTEASY/BOOTEASY.ASM
/SOURCE/FDISK/SOURCES.ZIP/BOOTNORM/
/SOURCE/FDISK/SOURCES.ZIP/BOOTNORM/BOOTNORM.ASM
/SOURCE/FDISK/SOURCES.ZIP/BOOTNORM/BOOTNORM.LST
/SOURCE/FDISK/SOURCES.ZIP/CATS396S/
/SOURCE/FDISK/SOURCES.ZIP/CATS396S/DOC/
/SOURCE/FDISK/SOURCES.ZIP/CATS396S/DOC/BUGS
/SOURCE/FDISK/SOURCES.ZIP/CATS396S/DOC/EXAMPLE.TXT
/SOURCE/FDISK/SOURCES.ZIP/CATS396S/DOC/GENCAT.TXT
/SOURCE/FDISK/SOURCES.ZIP/CATS396S/DOC/HOWTO/
/SOURCE/FDISK/SOURCES.ZIP/CATS396S/DOC/HOWTO/INTL.TXT
/SOURCE/FDISK/SOURCES.ZIP/CATS396S/DOC/INSTALL
/SOURCE/FDISK/SOURCES.ZIP/CATS396S/DOC/LGPL.TXT
/SOURCE/FDISK/SOURCES.ZIP/CATS396S/DOC/NEWS
/SOURCE/FDISK/SOURCES.ZIP/CATS396S/DOC/README
/SOURCE/FDISK/SOURCES.ZIP/CATS396S/INCLUDE/
/SOURCE/FDISK/SOURCES.ZIP/CATS396S/INCLUDE/CATGETS.H
/SOURCE/FDISK/SOURCES.ZIP/CATS396S/INCLUDE/DB.H
/SOURCE/FDISK/SOURCES.ZIP/CATS396S/LIB/
/SOURCE/FDISK/SOURCES.ZIP/CATS396S/LIB/CATGETS.C
/SOURCE/FDISK/SOURCES.ZIP/CATS396S/LIB/DB.C
/SOURCE/FDISK/SOURCES.ZIP/CATS396S/LIB/GET_LINE.C
/SOURCE/FDISK/SOURCES.ZIP/CATS396S/LIB/MAKEFILE.BC
/SOURCE/FDISK/SOURCES.ZIP/CATS396S/LIB/MAKEFILE.TC
/SOURCE/FDISK/SOURCES.ZIP/CATS396S/MAKEFILE.BC
/SOURCE/FDISK/SOURCES.ZIP/CATS396S/MAKEFILE.TC
/SOURCE/FDISK/SOURCES.ZIP/CATS396S/NLS/
/SOURCE/FDISK/SOURCES.ZIP/CATS396S/NLS/CATS.MSG
/SOURCE/FDISK/SOURCES.ZIP/CATS396S/NLS/CATS.PIG
/SOURCE/FDISK/SOURCES.ZIP/CATS396S/NLS/CATS.XX
/SOURCE/FDISK/SOURCES.ZIP/CATS396S/SRC/
/SOURCE/FDISK/SOURCES.ZIP/CATS396S/SRC/CATS.C
/SOURCE/FDISK/SOURCES.ZIP/CATS396S/SRC/CATS2.C
/SOURCE/FDISK/SOURCES.ZIP/CATS396S/SRC/GENCAT.C
/SOURCE/FDISK/SOURCES.ZIP/CATS396S/SRC/GETOPT.C
/SOURCE/FDISK/SOURCES.ZIP/CATS396S/SRC/GETOPT.H
/SOURCE/FDISK/SOURCES.ZIP/CATS396S/SRC/INDEX.C
/SOURCE/FDISK/SOURCES.ZIP/CATS396S/SRC/INIT.C
/SOURCE/FDISK/SOURCES.ZIP/CATS396S/SRC/INIT.INI
/SOURCE/FDISK/SOURCES.ZIP/CATS396S/SRC/MAKEFILE.BC
/SOURCE/FDISK/SOURCES.ZIP/CATS396S/SRC/MAKEFILE.TC
/SOURCE/FDISK/SOURCES.ZIP/CATS396S/SRC/STRINGS.C
/SOURCE/FDISK/SOURCES.ZIP/CATS396S/SRC/STRINGS.CAT
/SOURCE/FDISK/SOURCES.ZIP/FDISK/
/SOURCE/FDISK/SOURCES.ZIP/FDISK/BOOTEASY.ASM
/SOURCE/FDISK/SOURCES.ZIP/FDISK/BOOTNORM.ASM
/SOURCE/FDISK/SOURCES.ZIP/FDISK/BTEST.BAT
/SOURCE/FDISK/SOURCES.ZIP/FDISK/BUILD.BAT
/SOURCE/FDISK/SOURCES.ZIP/FDISK/CMD.C
/SOURCE/FDISK/SOURCES.ZIP/FDISK/CMD.H
/SOURCE/FDISK/SOURCES.ZIP/FDISK/DEL.C
/SOURCE/FDISK/SOURCES.ZIP/FDISK/EDIT1
/SOURCE/FDISK/SOURCES.ZIP/FDISK/FDISK.LNK
/SOURCE/FDISK/SOURCES.ZIP/FDISK/FDISK.PRJ
/SOURCE/FDISK/SOURCES.ZIP/FDISK/FDISKIO.C
/SOURCE/FDISK/SOURCES.ZIP/FDISK/FDISKIO.H
/SOURCE/FDISK/SOURCES.ZIP/FDISK/GO.BAT
/SOURCE/FDISK/SOURCES.ZIP/FDISK/HELLO.C
/SOURCE/FDISK/SOURCES.ZIP/FDISK/HELPSCR.C
/SOURCE/FDISK/SOURCES.ZIP/FDISK/HELPSCR.H
/SOURCE/FDISK/SOURCES.ZIP/FDISK/KBDINPUT.C
/SOURCE/FDISK/SOURCES.ZIP/FDISK/KBDINPUT.H
/SOURCE/FDISK/SOURCES.ZIP/FDISK/KITTEN.C
/SOURCE/FDISK/SOURCES.ZIP/FDISK/KITTEN.H
/SOURCE/FDISK/SOURCES.ZIP/FDISK/MAIN.C
/SOURCE/FDISK/SOURCES.ZIP/FDISK/MAIN.H
/SOURCE/FDISK/SOURCES.ZIP/FDISK/MAKEFILE
/SOURCE/FDISK/SOURCES.ZIP/FDISK/PACK.BAT
/SOURCE/FDISK/SOURCES.ZIP/FDISK/PCOMPUTE.C
/SOURCE/FDISK/SOURCES.ZIP/FDISK/PCOMPUTE.H
/SOURCE/FDISK/SOURCES.ZIP/FDISK/PDISKIO.C
/SOURCE/FDISK/SOURCES.ZIP/FDISK/PDISKIO.H
/SOURCE/FDISK/SOURCES.ZIP/FDISK/PDISKI~1.C
/SOURCE/FDISK/SOURCES.ZIP/FDISK/RESP.TMP
/SOURCE/FDISK/SOURCES.ZIP/FDISK/SMARTMBR
/SOURCE/FDISK/SOURCES.ZIP/FDISK/SMARTMBR.ASM
/SOURCE/FDISK/SOURCES.ZIP/FDISK/SMARTMBR.LST
/SOURCE/FDISK/SOURCES.ZIP/FDISK/START.BAT
/SOURCE/FDISK/SOURCES.ZIP/FDISK/TEST.C
/SOURCE/FDISK/SOURCES.ZIP/FDISK/TT.BIN
/SOURCE/FDISK/SOURCES.ZIP/FDISK/USERINT1.C
/SOURCE/FDISK/SOURCES.ZIP/FDISK/USERINT1.H
/SOURCE/FDISK/SOURCES.ZIP/FDISK/USERINT2.C
/SOURCE/FDISK/SOURCES.ZIP/FDISK/USERINT2.H
/SOURCE/FDISK/SOURCES.ZIP/RTESTING/
/SOURCE/FDISK/SOURCES.ZIP/RTESTING/T1.BAT
/SOURCE/FDISK/SOURCES.ZIP/UTIL/
/SOURCE/FDISK/SOURCES.ZIP/UTIL/DEVPREP.BAT
/SOURCE/FDISK/SOURCES.ZIP/UTIL/MAKEZIP.BAT
/SOURCE/FDISK/SOURCES.ZIP/UTIL/ZIPPREP.BAT
