/
/APPINFO/
/APPINFO/FDNPKG.DE
/APPINFO/FDNPKG.FR
/APPINFO/FDNPKG.LSM
/APPINFO/FDNPKG.SV
/APPINFO/FDNPKG.TR
/BIN/
/BIN/FDINST.EXE
/BIN/FDNPKG.CFG
/BIN/FDNPKG.EXE
/BIN/FDNPKG.OEM
/DOC/
/DOC/FDNPKG/
/DOC/FDNPKG/FDINST.TXT
/DOC/FDNPKG/FDNPKG.TXT
/DOC/FDNPKG/HISTORY.TXT
/NLS/
/NLS/FDNPKG.DE
/NLS/FDNPKG.DK
/NLS/FDNPKG.EN
/NLS/FDNPKG.ES
/NLS/FDNPKG.FR
/NLS/FDNPKG.PL
/NLS/FDNPKG.SI
/NLS/FDNPKG.SL
/NLS/FDNPKG.TR
/SOURCE/
/SOURCE/FDNPKG/
/SOURCE/FDNPKG/SOURCES.ZIP/
/SOURCE/FDNPKG/SOURCES.ZIP/COMLINK.ASM
/SOURCE/FDNPKG/SOURCES.ZIP/CRC32.C
/SOURCE/FDNPKG/SOURCES.ZIP/CRC32.H
/SOURCE/FDNPKG/SOURCES.ZIP/CWSDSTUB.BIN
/SOURCE/FDNPKG/SOURCES.ZIP/DBG.C
/SOURCE/FDNPKG/SOURCES.ZIP/DBG.H
/SOURCE/FDNPKG/SOURCES.ZIP/DEFLATE.TXT
/SOURCE/FDNPKG/SOURCES.ZIP/FDINST/
/SOURCE/FDNPKG/SOURCES.ZIP/FDINST/BUILD.BAT
/SOURCE/FDNPKG/SOURCES.ZIP/FDINST/CLEAN.BAT
/SOURCE/FDNPKG/SOURCES.ZIP/FDINST/FDINST.C
/SOURCE/FDNPKG/SOURCES.ZIP/FDINST/FDINST.TXT
/SOURCE/FDNPKG/SOURCES.ZIP/FDINST/KPRINTF0.C
/SOURCE/FDNPKG/SOURCES.ZIP/FDNPKG.C
/SOURCE/FDNPKG/SOURCES.ZIP/FDNPKG.CFG
/SOURCE/FDNPKG/SOURCES.ZIP/FDNPKG.H
/SOURCE/FDNPKG/SOURCES.ZIP/FDNPKG.TXT
/SOURCE/FDNPKG/SOURCES.ZIP/FILEEXST.C
/SOURCE/FDNPKG/SOURCES.ZIP/FILEEXST.H
/SOURCE/FDNPKG/SOURCES.ZIP/GETDELIM.C
/SOURCE/FDNPKG/SOURCES.ZIP/GETDELIM.H
/SOURCE/FDNPKG/SOURCES.ZIP/HELPERS.C
/SOURCE/FDNPKG/SOURCES.ZIP/HELPERS.H
/SOURCE/FDNPKG/SOURCES.ZIP/HISTORY.TXT
/SOURCE/FDNPKG/SOURCES.ZIP/HTTP.C
/SOURCE/FDNPKG/SOURCES.ZIP/HTTP.H
/SOURCE/FDNPKG/SOURCES.ZIP/INF.C
/SOURCE/FDNPKG/SOURCES.ZIP/INF.H
/SOURCE/FDNPKG/SOURCES.ZIP/KITTENDJ.C
/SOURCE/FDNPKG/SOURCES.ZIP/KITTENDJ.H
/SOURCE/FDNPKG/SOURCES.ZIP/KPRINTF.C
/SOURCE/FDNPKG/SOURCES.ZIP/KPRINTF.H
/SOURCE/FDNPKG/SOURCES.ZIP/LIBGZ.C
/SOURCE/FDNPKG/SOURCES.ZIP/LIBGZ.H
/SOURCE/FDNPKG/SOURCES.ZIP/LIBUNZIP.C
/SOURCE/FDNPKG/SOURCES.ZIP/LIBUNZIP.H
/SOURCE/FDNPKG/SOURCES.ZIP/LOADCONF.C
/SOURCE/FDNPKG/SOURCES.ZIP/LOADCONF.H
/SOURCE/FDNPKG/SOURCES.ZIP/LSM.C
/SOURCE/FDNPKG/SOURCES.ZIP/LSM.H
/SOURCE/FDNPKG/SOURCES.ZIP/LZMADEC.C
/SOURCE/FDNPKG/SOURCES.ZIP/LZMADEC.H
/SOURCE/FDNPKG/SOURCES.ZIP/LZMAFRMT.TXT
/SOURCE/FDNPKG/SOURCES.ZIP/MAKEFILE
/SOURCE/FDNPKG/SOURCES.ZIP/NET.C
/SOURCE/FDNPKG/SOURCES.ZIP/NET.H
/SOURCE/FDNPKG/SOURCES.ZIP/PARSECMD.C
/SOURCE/FDNPKG/SOURCES.ZIP/PARSECMD.H
/SOURCE/FDNPKG/SOURCES.ZIP/PARSEURL.C
/SOURCE/FDNPKG/SOURCES.ZIP/PARSEURL.H
/SOURCE/FDNPKG/SOURCES.ZIP/PKGDB.C
/SOURCE/FDNPKG/SOURCES.ZIP/PKGDB.H
/SOURCE/FDNPKG/SOURCES.ZIP/PKGINST.C
/SOURCE/FDNPKG/SOURCES.ZIP/PKGINST.H
/SOURCE/FDNPKG/SOURCES.ZIP/PKGREM.C
/SOURCE/FDNPKG/SOURCES.ZIP/PKGREM.H
/SOURCE/FDNPKG/SOURCES.ZIP/PKGSRCH.C
/SOURCE/FDNPKG/SOURCES.ZIP/PKGSRCH.H
/SOURCE/FDNPKG/SOURCES.ZIP/READENV.C
/SOURCE/FDNPKG/SOURCES.ZIP/READENV.H
/SOURCE/FDNPKG/SOURCES.ZIP/RTRIM.C
/SOURCE/FDNPKG/SOURCES.ZIP/RTRIM.H
/SOURCE/FDNPKG/SOURCES.ZIP/SHOWINST.C
/SOURCE/FDNPKG/SOURCES.ZIP/SHOWINST.H
/SOURCE/FDNPKG/SOURCES.ZIP/TEST-GZ.C
/SOURCE/FDNPKG/SOURCES.ZIP/TESTHTTP.C
/SOURCE/FDNPKG/SOURCES.ZIP/TEST-UNZ.C
/SOURCE/FDNPKG/SOURCES.ZIP/TEST-URL.C
/SOURCE/FDNPKG/SOURCES.ZIP/TEST-VER.C
/SOURCE/FDNPKG/SOURCES.ZIP/TODO.TXT
/SOURCE/FDNPKG/SOURCES.ZIP/VERSION.H
/SOURCE/FDNPKG/SOURCES.ZIP/ZIPFORMT.TXT
/SOURCE/FDNPKG/SOURCES.ZIP/ZLIB/
/SOURCE/FDNPKG/SOURCES.ZIP/ZLIB/README.TXT
/SOURCE/FDNPKG/SOURCES.ZIP/ZLIB/ZCONF.H
/SOURCE/FDNPKG/SOURCES.ZIP/ZLIB/ZLIB.H
/SOURCE/FDNPKG/SOURCES.ZIP/ZLIB/ZLIB_DJ.A
/SOURCE/FDNPKG/SOURCES.ZIP/ZLIB/ZLIB_L.LIB
