/
/APPINFO/
/APPINFO/FDXMS.DE
/APPINFO/FDXMS.FR
/APPINFO/FDXMS.LSM
/APPINFO/FDXMS.SV
/APPINFO/FDXMS.TR
/BIN/
/BIN/FDXMS.SYS
/BIN/FDXMST.SYS
/BIN/FDXXMS.SYS
/BIN/FDXXMST.SYS
/DOC/
/DOC/FDXMS/
/DOC/FDXMS/FDXMS.TXT
/DOC/FDXMS/HISTORY.TXT
/DOC/FDXMS/LICENSE.TXT
/DOC/FDXMS/TODO.TXT
/SOURCE/
/SOURCE/FDXMS/
/SOURCE/FDXMS/SOURCES.ZIP/
/SOURCE/FDXMS/SOURCES.ZIP/fdxms.asm
/SOURCE/FDXMS/SOURCES.ZIP/fdxms.inc
/SOURCE/FDXMS/SOURCES.ZIP/link_script
/SOURCE/FDXMS/SOURCES.ZIP/makefile
/SOURCE/FDXMS/SOURCES.ZIP/print_string.inc
/SOURCE/FDXMS/SOURCES.ZIP/xms_resident.inc
/SOURCE/FDXMS/SOURCES.ZIP/xxms_nonresident.inc
/SOURCE/FDXMS/SOURCES.ZIP/xxms_resident.inc
/SOURCE/FDXMS/SOURCES.ZIP/xxms_variables.inc
