/
/APPINFO/
/APPINFO/FDXMS286.DE
/APPINFO/FDXMS286.FR
/APPINFO/FDXMS286.LSM
/APPINFO/FDXMS286.SV
/APPINFO/FDXMS286.TR
/BIN/
/BIN/FDXM286T.SYS
/BIN/FDXMS286.SYS
/BIN/XMSTEST.EXE
/DOC/
/DOC/FDXMS286/
/DOC/FDXMS286/FDXMS286.TXT
/DOC/FDXMS286/HISTORY.TXT
/DOC/FDXMS286/LICENSE.TXT
/DOC/FDXMS286/TODO.TXT
/SOURCE/
/SOURCE/FDXMS286/
/SOURCE/FDXMS286/SOURCES.ZIP/
/SOURCE/FDXMS286/SOURCES.ZIP/FDXMS286.ASM
/SOURCE/FDXMS286/SOURCES.ZIP/FDXMS.INC
/SOURCE/FDXMS286/SOURCES.ZIP/MAKEFILE
/SOURCE/FDXMS286/SOURCES.ZIP/PRINT_ST.INC
/SOURCE/FDXMS286/SOURCES.ZIP/XMSTEST.C
