/
/APPINFO/
/APPINFO/FIND.DE
/APPINFO/FIND.FR
/APPINFO/FIND.LSM
/APPINFO/FIND.SV
/APPINFO/FIND.TR
/BIN/
/BIN/FIND.COM
/DOC/
/DOC/FIND/
/DOC/FIND/BUGS
/DOC/FIND/COPYING
/DOC/FIND/INSTALL
/DOC/FIND/NEWS
/DOC/FIND/README
/NLS/
/NLS/FIND.DE
/NLS/FIND.DK
/NLS/FIND.EN
/NLS/FIND.ES
/NLS/FIND.FI
/NLS/FIND.FR
/NLS/FIND.HU
/NLS/FIND.IT
/NLS/FIND.LV
/NLS/FIND.NL
/NLS/FIND.PL
/NLS/FIND.PT
/NLS/FIND.RU
/NLS/FIND.SL
/NLS/FIND.SV
/NLS/FIND.TR
/SOURCE/
/SOURCE/FIND/
/SOURCE/FIND/SOURCES.ZIP/
/SOURCE/FIND/SOURCES.ZIP/FIND.C
/SOURCE/FIND/SOURCES.ZIP/FIND_STR.C
/SOURCE/FIND/SOURCES.ZIP/FIND_STR.H
/SOURCE/FIND/SOURCES.ZIP/IO95/
/SOURCE/FIND/SOURCES.ZIP/IO95/BORLANDC/
/SOURCE/FIND/SOURCES.ZIP/IO95/BORLANDC/MKLIB.BAT
/SOURCE/FIND/SOURCES.ZIP/IO95/BORLANDC/MKTEST.BAT
/SOURCE/FIND/SOURCES.ZIP/IO95/DIR95.C
/SOURCE/FIND/SOURCES.ZIP/IO95/DIR95.H
/SOURCE/FIND/SOURCES.ZIP/IO95/FILES
/SOURCE/FIND/SOURCES.ZIP/IO95/FIND95.C
/SOURCE/FIND/SOURCES.ZIP/IO95/FIND95.H
/SOURCE/FIND/SOURCES.ZIP/IO95/FLLPTH95.C
/SOURCE/FIND/SOURCES.ZIP/IO95/FOPEN95.C
/SOURCE/FIND/SOURCES.ZIP/IO95/GETCWD95.C
/SOURCE/FIND/SOURCES.ZIP/IO95/GPL.TXT
/SOURCE/FIND/SOURCES.ZIP/IO95/HISTORY
/SOURCE/FIND/SOURCES.ZIP/IO95/IO95.BAK
/SOURCE/FIND/SOURCES.ZIP/IO95/IO95.H
/SOURCE/FIND/SOURCES.ZIP/IO95/IO95.LIB
/SOURCE/FIND/SOURCES.ZIP/IO95/IO95_LOC.H
/SOURCE/FIND/SOURCES.ZIP/IO95/L2S95.C
/SOURCE/FIND/SOURCES.ZIP/IO95/LGPL.TXT
/SOURCE/FIND/SOURCES.ZIP/IO95/MAKEFILE
/SOURCE/FIND/SOURCES.ZIP/IO95/MAKEIO95.BAT
/SOURCE/FIND/SOURCES.ZIP/IO95/MKDIR95.C
/SOURCE/FIND/SOURCES.ZIP/IO95/OPEN95.C
/SOURCE/FIND/SOURCES.ZIP/IO95/README
/SOURCE/FIND/SOURCES.ZIP/IO95/REN95.C
/SOURCE/FIND/SOURCES.ZIP/IO95/STDIO95.H
/SOURCE/FIND/SOURCES.ZIP/IO95/T.CC
/SOURCE/FIND/SOURCES.ZIP/IO95/TAGS
/SOURCE/FIND/SOURCES.ZIP/IO95/TST.BAT
/SOURCE/FIND/SOURCES.ZIP/IO95/TST.OUT
/SOURCE/FIND/SOURCES.ZIP/IO95/TURBOC.CFG
/SOURCE/FIND/SOURCES.ZIP/IO95/TURBOC/
/SOURCE/FIND/SOURCES.ZIP/IO95/TURBOC/MKLIB.BAT
/SOURCE/FIND/SOURCES.ZIP/IO95/TURBOC/MKTEST.BAT
/SOURCE/FIND/SOURCES.ZIP/IO95/WIN95API.C
/SOURCE/FIND/SOURCES.ZIP/KITTEN.C
/SOURCE/FIND/SOURCES.ZIP/KITTEN.H
/SOURCE/FIND/SOURCES.ZIP/LFNAPI.C
/SOURCE/FIND/SOURCES.ZIP/LFNAPI.H
/SOURCE/FIND/SOURCES.ZIP/MAKEFILE
/SOURCE/FIND/SOURCES.ZIP/TCCONFIG.TC
/SOURCE/FIND/SOURCES.ZIP/TURBOC.CFG
