/
/APPINFO/
/APPINFO/FORMAT.DE
/APPINFO/FORMAT.FR
/APPINFO/FORMAT.LSM
/APPINFO/FORMAT.SV
/APPINFO/FORMAT.TR
/BIN/
/BIN/FORMAT.EXE
/DOC/
/DOC/FORMAT/
/DOC/FORMAT/BUGS.TXT
/DOC/FORMAT/CONTRIB.TXT
/DOC/FORMAT/HELP.TXT
/DOC/FORMAT/LICENSE.TXT
/DOC/FORMAT/NEWS.TXT
/DOC/FORMAT/README.TXT
/DOC/FORMAT/TODO.TXT
/SOURCE/
/SOURCE/FORMAT/
/SOURCE/FORMAT/SOURCES.ZIP/
/SOURCE/FORMAT/SOURCES.ZIP/BCREAD.C
/SOURCE/FORMAT/SOURCES.ZIP/BOOTCODE.H
/SOURCE/FORMAT/SOURCES.ZIP/BTSTRCT.H
/SOURCE/FORMAT/SOURCES.ZIP/CREATEFS.C
/SOURCE/FORMAT/SOURCES.ZIP/CREATEFS.H
/SOURCE/FORMAT/SOURCES.ZIP/DRIVEIO.C
/SOURCE/FORMAT/SOURCES.ZIP/DRIVEIO.H
/SOURCE/FORMAT/SOURCES.ZIP/FLOPPY.C
/SOURCE/FORMAT/SOURCES.ZIP/FLOPPY.H
/SOURCE/FORMAT/SOURCES.ZIP/FORMAT.H
/SOURCE/FORMAT/SOURCES.ZIP/GETOPT.C
/SOURCE/FORMAT/SOURCES.ZIP/GETOPT.H
/SOURCE/FORMAT/SOURCES.ZIP/HDISK.C
/SOURCE/FORMAT/SOURCES.ZIP/HDISK.H
/SOURCE/FORMAT/SOURCES.ZIP/INIT.C
/SOURCE/FORMAT/SOURCES.ZIP/INIT.H
/SOURCE/FORMAT/SOURCES.ZIP/MAIN.C
/SOURCE/FORMAT/SOURCES.ZIP/MAKEFILE
/SOURCE/FORMAT/SOURCES.ZIP/OLD_TCC.MAK
/SOURCE/FORMAT/SOURCES.ZIP/OLD_WCC.MAK
/SOURCE/FORMAT/SOURCES.ZIP/PRF.C
/SOURCE/FORMAT/SOURCES.ZIP/RECORDBC.C
/SOURCE/FORMAT/SOURCES.ZIP/SAVEFS.C
/SOURCE/FORMAT/SOURCES.ZIP/SAVEFS.H
/SOURCE/FORMAT/SOURCES.ZIP/UFORMAT.C
/SOURCE/FORMAT/SOURCES.ZIP/UFORMAT.H
/SOURCE/FORMAT/SOURCES.ZIP/USERINT.C
/SOURCE/FORMAT/SOURCES.ZIP/USERINT.H
