/
/APPINFO/
/APPINFO/FREECOM.DE
/APPINFO/FREECOM.FR
/APPINFO/FREECOM.LSM
/APPINFO/FREECOM.SV
/APPINFO/FREECOM.TR
/BIN/
/BIN/COMMAND.COM
/BIN/FREECOM/
/BIN/FREECOM/28.com
/BIN/FREECOM/50.com
/BIN/FREECOM/FDCOM.ICO
/BIN/FREECOM/KSWAP/
/BIN/FREECOM/KSWAP/CMD-SI.COM
/BIN/FREECOM/KSWAP/CMD-SV.COM
/BIN/FREECOM/KSWAP/cmd-de.com
/BIN/FREECOM/KSWAP/cmd-en.com
/BIN/FREECOM/KSWAP/cmd-es.com
/BIN/FREECOM/KSWAP/cmd-fi.com
/BIN/FREECOM/KSWAP/cmd-fr.com
/BIN/FREECOM/KSWAP/cmd-it.com
/BIN/FREECOM/KSWAP/cmd-nl.com
/BIN/FREECOM/KSWAP/cmd-pl.com
/BIN/FREECOM/KSWAP/cmd-ptb.com
/BIN/FREECOM/KSWAP/cmd-rs.com
/BIN/FREECOM/KSWAP/cmd-ru.com
/BIN/FREECOM/KSWAP/cmd-tr.com
/BIN/FREECOM/KSWAP/cmd-ua.com
/BIN/FREECOM/KSWAP/cmd-yu.com
/BIN/FREECOM/KSWAP/k-swap.txt
/BIN/FREECOM/KSWAP/kssf.com
/BIN/FREECOM/KSWAP/vspawn.com
/BIN/FREECOM/LICENSE.TXT
/BIN/FREECOM/README.TXT
/BIN/FREECOM/VERSION.TXT
/BIN/FREECOM/XSWAP/
/BIN/FREECOM/XSWAP/CMD-SI.COM
/BIN/FREECOM/XSWAP/CMD-SV.COM
/BIN/FREECOM/XSWAP/cmd-de.com
/BIN/FREECOM/XSWAP/cmd-en.com
/BIN/FREECOM/XSWAP/cmd-es.com
/BIN/FREECOM/XSWAP/cmd-fi.com
/BIN/FREECOM/XSWAP/cmd-fr.com
/BIN/FREECOM/XSWAP/cmd-it.com
/BIN/FREECOM/XSWAP/cmd-nl.com
/BIN/FREECOM/XSWAP/cmd-pl.com
/BIN/FREECOM/XSWAP/cmd-ptb.com
/BIN/FREECOM/XSWAP/cmd-rs.com
/BIN/FREECOM/XSWAP/cmd-ru.com
/BIN/FREECOM/XSWAP/cmd-tr.com
/BIN/FREECOM/XSWAP/cmd-ua.com
/BIN/FREECOM/XSWAP/cmd-yu.com
/BIN/FREECOM/load_icd.exe
/SOURCE/
/SOURCE/FREECOM/
/SOURCE/FREECOM/SOURCES.ZIP/
/SOURCE/FREECOM/SOURCES.ZIP/bin/
/SOURCE/FREECOM/SOURCES.ZIP/bin/fdcom.ico
/SOURCE/FREECOM/SOURCES.ZIP/buildall.bat
/SOURCE/FREECOM/SOURCES.ZIP/build.bat
/SOURCE/FREECOM/SOURCES.ZIP/build.sh
/SOURCE/FREECOM/SOURCES.ZIP/ci_build.sh
/SOURCE/FREECOM/SOURCES.ZIP/ci_test.sh
/SOURCE/FREECOM/SOURCES.ZIP/clean.bat
/SOURCE/FREECOM/SOURCES.ZIP/clean.sh
/SOURCE/FREECOM/SOURCES.ZIP/cmd/
/SOURCE/FREECOM/SOURCES.ZIP/cmd/alias.c
/SOURCE/FREECOM/SOURCES.ZIP/cmd/beep.c
/SOURCE/FREECOM/SOURCES.ZIP/cmd/break.c
/SOURCE/FREECOM/SOURCES.ZIP/cmd/call.c
/SOURCE/FREECOM/SOURCES.ZIP/cmd/cdd.c
/SOURCE/FREECOM/SOURCES.ZIP/cmd/chcp.c
/SOURCE/FREECOM/SOURCES.ZIP/cmd/chdir.c
/SOURCE/FREECOM/SOURCES.ZIP/cmd/cls.c
/SOURCE/FREECOM/SOURCES.ZIP/cmd/cmd.m1
/SOURCE/FREECOM/SOURCES.ZIP/cmd/cmd.m2
/SOURCE/FREECOM/SOURCES.ZIP/cmd/cmd.mak
/SOURCE/FREECOM/SOURCES.ZIP/cmd/copy.c
/SOURCE/FREECOM/SOURCES.ZIP/cmd/ctty.c
/SOURCE/FREECOM/SOURCES.ZIP/cmd/date.c
/SOURCE/FREECOM/SOURCES.ZIP/cmd/del.c
/SOURCE/FREECOM/SOURCES.ZIP/cmd/depend.mk
/SOURCE/FREECOM/SOURCES.ZIP/cmd/dir.c
/SOURCE/FREECOM/SOURCES.ZIP/cmd/dirs.c
/SOURCE/FREECOM/SOURCES.ZIP/cmd/doskey.c
/SOURCE/FREECOM/SOURCES.ZIP/cmd/echo.c
/SOURCE/FREECOM/SOURCES.ZIP/cmd/exit.c
/SOURCE/FREECOM/SOURCES.ZIP/cmd/exit2.c
/SOURCE/FREECOM/SOURCES.ZIP/cmd/fddebug.c
/SOURCE/FREECOM/SOURCES.ZIP/cmd/for.c
/SOURCE/FREECOM/SOURCES.ZIP/cmd/goto.c
/SOURCE/FREECOM/SOURCES.ZIP/cmd/history.c
/SOURCE/FREECOM/SOURCES.ZIP/cmd/if.c
/SOURCE/FREECOM/SOURCES.ZIP/cmd/lfnfor.c
/SOURCE/FREECOM/SOURCES.ZIP/cmd/makefile
/SOURCE/FREECOM/SOURCES.ZIP/cmd/memory.c
/SOURCE/FREECOM/SOURCES.ZIP/cmd/mkdir.c
/SOURCE/FREECOM/SOURCES.ZIP/cmd/path.c
/SOURCE/FREECOM/SOURCES.ZIP/cmd/pause.c
/SOURCE/FREECOM/SOURCES.ZIP/cmd/popd.c
/SOURCE/FREECOM/SOURCES.ZIP/cmd/prompt.c
/SOURCE/FREECOM/SOURCES.ZIP/cmd/pushd.c
/SOURCE/FREECOM/SOURCES.ZIP/cmd/rem.c
/SOURCE/FREECOM/SOURCES.ZIP/cmd/ren.c
/SOURCE/FREECOM/SOURCES.ZIP/cmd/rmdir.c
/SOURCE/FREECOM/SOURCES.ZIP/cmd/set.c
/SOURCE/FREECOM/SOURCES.ZIP/cmd/shift.c
/SOURCE/FREECOM/SOURCES.ZIP/cmd/time.c
/SOURCE/FREECOM/SOURCES.ZIP/cmd/truename.c
/SOURCE/FREECOM/SOURCES.ZIP/cmd/type.c
/SOURCE/FREECOM/SOURCES.ZIP/cmd/verify.c
/SOURCE/FREECOM/SOURCES.ZIP/cmd/which.c
/SOURCE/FREECOM/SOURCES.ZIP/command.lsm
/SOURCE/FREECOM/SOURCES.ZIP/config.b
/SOURCE/FREECOM/SOURCES.ZIP/config.h
/SOURCE/FREECOM/SOURCES.ZIP/config.std
/SOURCE/FREECOM/SOURCES.ZIP/criter/
/SOURCE/FREECOM/SOURCES.ZIP/criter/context.x
/SOURCE/FREECOM/SOURCES.ZIP/criter/criter.asm
/SOURCE/FREECOM/SOURCES.ZIP/criter/criter.mak
/SOURCE/FREECOM/SOURCES.ZIP/criter/criter.txt
/SOURCE/FREECOM/SOURCES.ZIP/criter/dmy_cbrk.asm
/SOURCE/FREECOM/SOURCES.ZIP/criter/files.txt
/SOURCE/FREECOM/SOURCES.ZIP/criter/makefile
/SOURCE/FREECOM/SOURCES.ZIP/criter/resource.id
/SOURCE/FREECOM/SOURCES.ZIP/criter/resource.inc
/SOURCE/FREECOM/SOURCES.ZIP/docs/
/SOURCE/FREECOM/SOURCES.ZIP/docs/HELP.EN
/SOURCE/FREECOM/SOURCES.ZIP/docs/_config.yml
/SOURCE/FREECOM/SOURCES.ZIP/docs/c0.txt
/SOURCE/FREECOM/SOURCES.ZIP/docs/cmt1.txt
/SOURCE/FREECOM/SOURCES.ZIP/docs/cmt10.txt
/SOURCE/FREECOM/SOURCES.ZIP/docs/cmt2.txt
/SOURCE/FREECOM/SOURCES.ZIP/docs/cmt3.txt
/SOURCE/FREECOM/SOURCES.ZIP/docs/cmt4.txt
/SOURCE/FREECOM/SOURCES.ZIP/docs/cmt5.txt
/SOURCE/FREECOM/SOURCES.ZIP/docs/cmt6.txt
/SOURCE/FREECOM/SOURCES.ZIP/docs/cmt7.txt
/SOURCE/FREECOM/SOURCES.ZIP/docs/cmt8.txt
/SOURCE/FREECOM/SOURCES.ZIP/docs/comments.txt
/SOURCE/FREECOM/SOURCES.ZIP/docs/compile.txt
/SOURCE/FREECOM/SOURCES.ZIP/docs/contrib.txt
/SOURCE/FREECOM/SOURCES.ZIP/docs/download.txt
/SOURCE/FREECOM/SOURCES.ZIP/docs/faq.txt
/SOURCE/FREECOM/SOURCES.ZIP/docs/files.txt
/SOURCE/FREECOM/SOURCES.ZIP/docs/history.txt
/SOURCE/FREECOM/SOURCES.ZIP/docs/html/
/SOURCE/FREECOM/SOURCES.ZIP/docs/html/build48.html
/SOURCE/FREECOM/SOURCES.ZIP/docs/html/commands/
/SOURCE/FREECOM/SOURCES.ZIP/docs/html/commands/FreeCOM.html
/SOURCE/FREECOM/SOURCES.ZIP/docs/html/commands/alias.db
/SOURCE/FREECOM/SOURCES.ZIP/docs/html/commands/aliases.db
/SOURCE/FREECOM/SOURCES.ZIP/docs/html/commands/appendix.html
/SOURCE/FREECOM/SOURCES.ZIP/docs/html/commands/beep.db
/SOURCE/FREECOM/SOURCES.ZIP/docs/html/commands/break.db
/SOURCE/FREECOM/SOURCES.ZIP/docs/html/commands/call.db
/SOURCE/FREECOM/SOURCES.ZIP/docs/html/commands/cancel.db
/SOURCE/FREECOM/SOURCES.ZIP/docs/html/commands/cd.db
/SOURCE/FREECOM/SOURCES.ZIP/docs/html/commands/cdd.db
/SOURCE/FREECOM/SOURCES.ZIP/docs/html/commands/chdir.db
/SOURCE/FREECOM/SOURCES.ZIP/docs/html/commands/cls.db
/SOURCE/FREECOM/SOURCES.ZIP/docs/html/commands/cmd.html
/SOURCE/FREECOM/SOURCES.ZIP/docs/html/commands/copy.db
/SOURCE/FREECOM/SOURCES.ZIP/docs/html/commands/ctty.db
/SOURCE/FREECOM/SOURCES.ZIP/docs/html/commands/date.db
/SOURCE/FREECOM/SOURCES.ZIP/docs/html/commands/db2html
/SOURCE/FREECOM/SOURCES.ZIP/docs/html/commands/del.db
/SOURCE/FREECOM/SOURCES.ZIP/docs/html/commands/dir.db
/SOURCE/FREECOM/SOURCES.ZIP/docs/html/commands/dirs.db
/SOURCE/FREECOM/SOURCES.ZIP/docs/html/commands/echo.db
/SOURCE/FREECOM/SOURCES.ZIP/docs/html/commands/einput.db
/SOURCE/FREECOM/SOURCES.ZIP/docs/html/commands/erase.db
/SOURCE/FREECOM/SOURCES.ZIP/docs/html/commands/exit.db
/SOURCE/FREECOM/SOURCES.ZIP/docs/html/commands/f_2con.db
/SOURCE/FREECOM/SOURCES.ZIP/docs/html/commands/f_batch.db
/SOURCE/FREECOM/SOURCES.ZIP/docs/html/commands/f_envkf.db
/SOURCE/FREECOM/SOURCES.ZIP/docs/html/commands/f_keys.db
/SOURCE/FREECOM/SOURCES.ZIP/docs/html/commands/f_mux-ae.db
/SOURCE/FREECOM/SOURCES.ZIP/docs/html/commands/f_nls.db
/SOURCE/FREECOM/SOURCES.ZIP/docs/html/commands/fcalllog.db
/SOURCE/FREECOM/SOURCES.ZIP/docs/html/commands/fcomp.db
/SOURCE/FREECOM/SOURCES.ZIP/docs/html/commands/fdirstck.db
/SOURCE/FREECOM/SOURCES.ZIP/docs/html/commands/fhist.db
/SOURCE/FREECOM/SOURCES.ZIP/docs/html/commands/flastdir.db
/SOURCE/FREECOM/SOURCES.ZIP/docs/html/commands/for.db
/SOURCE/FREECOM/SOURCES.ZIP/docs/html/commands/goto.db
/SOURCE/FREECOM/SOURCES.ZIP/docs/html/commands/history.db
/SOURCE/FREECOM/SOURCES.ZIP/docs/html/commands/if.db
/SOURCE/FREECOM/SOURCES.ZIP/docs/html/commands/info
/SOURCE/FREECOM/SOURCES.ZIP/docs/html/commands/load_msg.db
/SOURCE/FREECOM/SOURCES.ZIP/docs/html/commands/loadfix.db
/SOURCE/FREECOM/SOURCES.ZIP/docs/html/commands/loadhigh.db
/SOURCE/FREECOM/SOURCES.ZIP/docs/html/commands/md.db
/SOURCE/FREECOM/SOURCES.ZIP/docs/html/commands/memory.db
/SOURCE/FREECOM/SOURCES.ZIP/docs/html/commands/mkdir.db
/SOURCE/FREECOM/SOURCES.ZIP/docs/html/commands/parse.pl
/SOURCE/FREECOM/SOURCES.ZIP/docs/html/commands/parseHTML
/SOURCE/FREECOM/SOURCES.ZIP/docs/html/commands/path.db
/SOURCE/FREECOM/SOURCES.ZIP/docs/html/commands/pause.db
/SOURCE/FREECOM/SOURCES.ZIP/docs/html/commands/popd.db
/SOURCE/FREECOM/SOURCES.ZIP/docs/html/commands/prompt.db
/SOURCE/FREECOM/SOURCES.ZIP/docs/html/commands/pushd.db
/SOURCE/FREECOM/SOURCES.ZIP/docs/html/commands/quit.db
/SOURCE/FREECOM/SOURCES.ZIP/docs/html/commands/rd.db
/SOURCE/FREECOM/SOURCES.ZIP/docs/html/commands/rem.db
/SOURCE/FREECOM/SOURCES.ZIP/docs/html/commands/ren.db
/SOURCE/FREECOM/SOURCES.ZIP/docs/html/commands/rename.db
/SOURCE/FREECOM/SOURCES.ZIP/docs/html/commands/rmdir.db
/SOURCE/FREECOM/SOURCES.ZIP/docs/html/commands/set.db
/SOURCE/FREECOM/SOURCES.ZIP/docs/html/commands/shift.db
/SOURCE/FREECOM/SOURCES.ZIP/docs/html/commands/time.db
/SOURCE/FREECOM/SOURCES.ZIP/docs/html/commands/truename.db
/SOURCE/FREECOM/SOURCES.ZIP/docs/html/commands/type.db
/SOURCE/FREECOM/SOURCES.ZIP/docs/html/commands/ver.db
/SOURCE/FREECOM/SOURCES.ZIP/docs/html/commands/verify.db
/SOURCE/FREECOM/SOURCES.ZIP/docs/html/commands/vol.db
/SOURCE/FREECOM/SOURCES.ZIP/docs/html/commands/which.db
/SOURCE/FREECOM/SOURCES.ZIP/docs/index.md
/SOURCE/FREECOM/SOURCES.ZIP/docs/k-swap.txt
/SOURCE/FREECOM/SOURCES.ZIP/docs/language.txt
/SOURCE/FREECOM/SOURCES.ZIP/docs/loadhigh.txt
/SOURCE/FREECOM/SOURCES.ZIP/docs/localize.txt
/SOURCE/FREECOM/SOURCES.ZIP/docs/module.txt
/SOURCE/FREECOM/SOURCES.ZIP/docs/notes.txt
/SOURCE/FREECOM/SOURCES.ZIP/docs/piping.txt
/SOURCE/FREECOM/SOURCES.ZIP/docs/pt_br/
/SOURCE/FREECOM/SOURCES.ZIP/docs/pt_br/config.h
/SOURCE/FREECOM/SOURCES.ZIP/docs/pt_br/config.mak
/SOURCE/FREECOM/SOURCES.ZIP/docs/pt_br/download.txt
/SOURCE/FREECOM/SOURCES.ZIP/docs/pt_br/file_id.diz
/SOURCE/FREECOM/SOURCES.ZIP/docs/pt_br/readme
/SOURCE/FREECOM/SOURCES.ZIP/docs/ptchldrv.txt
/SOURCE/FREECOM/SOURCES.ZIP/docs/resource.txt
/SOURCE/FREECOM/SOURCES.ZIP/docs/todo.txt
/SOURCE/FREECOM/SOURCES.ZIP/docs/upload.txt
/SOURCE/FREECOM/SOURCES.ZIP/docs/vspawn.txt
/SOURCE/FREECOM/SOURCES.ZIP/err_fcts.h
/SOURCE/FREECOM/SOURCES.ZIP/FILE_ID.DIZ
/SOURCE/FREECOM/SOURCES.ZIP/include/
/SOURCE/FREECOM/SOURCES.ZIP/include/batch.h
/SOURCE/FREECOM/SOURCES.ZIP/include/cmdline.h
/SOURCE/FREECOM/SOURCES.ZIP/include/command.h
/SOURCE/FREECOM/SOURCES.ZIP/include/context.h
/SOURCE/FREECOM/SOURCES.ZIP/include/crossjmp.h
/SOURCE/FREECOM/SOURCES.ZIP/include/cswap.h
/SOURCE/FREECOM/SOURCES.ZIP/include/datefunc.h
/SOURCE/FREECOM/SOURCES.ZIP/include/debug.h
/SOURCE/FREECOM/SOURCES.ZIP/include/infores.h
/SOURCE/FREECOM/SOURCES.ZIP/include/keys.h
/SOURCE/FREECOM/SOURCES.ZIP/include/kswap.h
/SOURCE/FREECOM/SOURCES.ZIP/include/large.inc
/SOURCE/FREECOM/SOURCES.ZIP/include/lfnfuncs.h
/SOURCE/FREECOM/SOURCES.ZIP/include/medium.inc
/SOURCE/FREECOM/SOURCES.ZIP/include/misc.h
/SOURCE/FREECOM/SOURCES.ZIP/include/model.inc
/SOURCE/FREECOM/SOURCES.ZIP/include/module.h
/SOURCE/FREECOM/SOURCES.ZIP/include/mux_ae.h
/SOURCE/FREECOM/SOURCES.ZIP/include/nls.h
/SOURCE/FREECOM/SOURCES.ZIP/include/openf.h
/SOURCE/FREECOM/SOURCES.ZIP/include/res.h
/SOURCE/FREECOM/SOURCES.ZIP/include/resource.h
/SOURCE/FREECOM/SOURCES.ZIP/include/small.inc
/SOURCE/FREECOM/SOURCES.ZIP/include/strings.typ
/SOURCE/FREECOM/SOURCES.ZIP/include/stuff.inc
/SOURCE/FREECOM/SOURCES.ZIP/include/timefunc.h
/SOURCE/FREECOM/SOURCES.ZIP/lib/
/SOURCE/FREECOM/SOURCES.ZIP/lib/absfile.c
/SOURCE/FREECOM/SOURCES.ZIP/lib/almemblk.c
/SOURCE/FREECOM/SOURCES.ZIP/lib/alprmblk.c
/SOURCE/FREECOM/SOURCES.ZIP/lib/alsysblk.c
/SOURCE/FREECOM/SOURCES.ZIP/lib/app_get.c
/SOURCE/FREECOM/SOURCES.ZIP/lib/app_set.c
/SOURCE/FREECOM/SOURCES.ZIP/lib/beep_l.c
/SOURCE/FREECOM/SOURCES.ZIP/lib/beep_n.c
/SOURCE/FREECOM/SOURCES.ZIP/lib/brk_get.c
/SOURCE/FREECOM/SOURCES.ZIP/lib/brk_set.c
/SOURCE/FREECOM/SOURCES.ZIP/lib/c16.mac
/SOURCE/FREECOM/SOURCES.ZIP/lib/cbreak.c
/SOURCE/FREECOM/SOURCES.ZIP/lib/cbs.c
/SOURCE/FREECOM/SOURCES.ZIP/lib/cd_dir.c
/SOURCE/FREECOM/SOURCES.ZIP/lib/cgetch.c
/SOURCE/FREECOM/SOURCES.ZIP/lib/cgettime.c
/SOURCE/FREECOM/SOURCES.ZIP/lib/chgctxt.c
/SOURCE/FREECOM/SOURCES.ZIP/lib/chgdrv.c
/SOURCE/FREECOM/SOURCES.ZIP/lib/chgenv.c
/SOURCE/FREECOM/SOURCES.ZIP/lib/chgenvc.c
/SOURCE/FREECOM/SOURCES.ZIP/lib/chgenvr.c
/SOURCE/FREECOM/SOURCES.ZIP/lib/clrline.c
/SOURCE/FREECOM/SOURCES.ZIP/lib/cmdinput.c
/SOURCE/FREECOM/SOURCES.ZIP/lib/comfile.c
/SOURCE/FREECOM/SOURCES.ZIP/lib/compfile.c
/SOURCE/FREECOM/SOURCES.ZIP/lib/critend.c
/SOURCE/FREECOM/SOURCES.ZIP/lib/critrchk.c
/SOURCE/FREECOM/SOURCES.ZIP/lib/ctxt.c
/SOURCE/FREECOM/SOURCES.ZIP/lib/ctxt_adr.c
/SOURCE/FREECOM/SOURCES.ZIP/lib/ctxt_as.c
/SOURCE/FREECOM/SOURCES.ZIP/lib/ctxt_chg.c
/SOURCE/FREECOM/SOURCES.ZIP/lib/ctxt_clr.c
/SOURCE/FREECOM/SOURCES.ZIP/lib/ctxt_get.c
/SOURCE/FREECOM/SOURCES.ZIP/lib/ctxt_inf.c
/SOURCE/FREECOM/SOURCES.ZIP/lib/ctxt_mk.c
/SOURCE/FREECOM/SOURCES.ZIP/lib/ctxt_mkb.c
/SOURCE/FREECOM/SOURCES.ZIP/lib/ctxt_mkn.c
/SOURCE/FREECOM/SOURCES.ZIP/lib/ctxt_pop.c
/SOURCE/FREECOM/SOURCES.ZIP/lib/ctxt_psh.c
/SOURCE/FREECOM/SOURCES.ZIP/lib/ctxt_rnu.c
/SOURCE/FREECOM/SOURCES.ZIP/lib/ctxt_set.c
/SOURCE/FREECOM/SOURCES.ZIP/lib/ctxt_ss.c
/SOURCE/FREECOM/SOURCES.ZIP/lib/ctxt_vw.c
/SOURCE/FREECOM/SOURCES.ZIP/lib/curdatel.c
/SOURCE/FREECOM/SOURCES.ZIP/lib/curtime.c
/SOURCE/FREECOM/SOURCES.ZIP/lib/cwd.c
/SOURCE/FREECOM/SOURCES.ZIP/lib/dateget.c
/SOURCE/FREECOM/SOURCES.ZIP/lib/dateset.c
/SOURCE/FREECOM/SOURCES.ZIP/lib/dbg_c.c
/SOURCE/FREECOM/SOURCES.ZIP/lib/dbg_mem.c
/SOURCE/FREECOM/SOURCES.ZIP/lib/dbg_prnt.c
/SOURCE/FREECOM/SOURCES.ZIP/lib/dbg_s.c
/SOURCE/FREECOM/SOURCES.ZIP/lib/dbg_sn.c
/SOURCE/FREECOM/SOURCES.ZIP/lib/delay.c
/SOURCE/FREECOM/SOURCES.ZIP/lib/depend.mk
/SOURCE/FREECOM/SOURCES.ZIP/lib/devopen.c
/SOURCE/FREECOM/SOURCES.ZIP/lib/dfn_err.c
/SOURCE/FREECOM/SOURCES.ZIP/lib/dispcnt.c
/SOURCE/FREECOM/SOURCES.ZIP/lib/dispexit.c
/SOURCE/FREECOM/SOURCES.ZIP/lib/drvnum.c
/SOURCE/FREECOM/SOURCES.ZIP/lib/efct_001.c
/SOURCE/FREECOM/SOURCES.ZIP/lib/err1.c
/SOURCE/FREECOM/SOURCES.ZIP/lib/err10.c
/SOURCE/FREECOM/SOURCES.ZIP/lib/err11.c
/SOURCE/FREECOM/SOURCES.ZIP/lib/err12.c
/SOURCE/FREECOM/SOURCES.ZIP/lib/err13.c
/SOURCE/FREECOM/SOURCES.ZIP/lib/err14.c
/SOURCE/FREECOM/SOURCES.ZIP/lib/err15.c
/SOURCE/FREECOM/SOURCES.ZIP/lib/err16.c
/SOURCE/FREECOM/SOURCES.ZIP/lib/err17.c
/SOURCE/FREECOM/SOURCES.ZIP/lib/err18.c
/SOURCE/FREECOM/SOURCES.ZIP/lib/err19.c
/SOURCE/FREECOM/SOURCES.ZIP/lib/err2.c
/SOURCE/FREECOM/SOURCES.ZIP/lib/err20.c
/SOURCE/FREECOM/SOURCES.ZIP/lib/err21.c
/SOURCE/FREECOM/SOURCES.ZIP/lib/err22.c
/SOURCE/FREECOM/SOURCES.ZIP/lib/err23.c
/SOURCE/FREECOM/SOURCES.ZIP/lib/err24.c
/SOURCE/FREECOM/SOURCES.ZIP/lib/err25.c
/SOURCE/FREECOM/SOURCES.ZIP/lib/err26.c
/SOURCE/FREECOM/SOURCES.ZIP/lib/err27.c
/SOURCE/FREECOM/SOURCES.ZIP/lib/err28.c
/SOURCE/FREECOM/SOURCES.ZIP/lib/err29.c
/SOURCE/FREECOM/SOURCES.ZIP/lib/err3.c
/SOURCE/FREECOM/SOURCES.ZIP/lib/err30.c
/SOURCE/FREECOM/SOURCES.ZIP/lib/err31.c
/SOURCE/FREECOM/SOURCES.ZIP/lib/err32.c
/SOURCE/FREECOM/SOURCES.ZIP/lib/err33.c
/SOURCE/FREECOM/SOURCES.ZIP/lib/err34.c
/SOURCE/FREECOM/SOURCES.ZIP/lib/err35.c
/SOURCE/FREECOM/SOURCES.ZIP/lib/err36.c
/SOURCE/FREECOM/SOURCES.ZIP/lib/err37.c
/SOURCE/FREECOM/SOURCES.ZIP/lib/err38.c
/SOURCE/FREECOM/SOURCES.ZIP/lib/err39.c
/SOURCE/FREECOM/SOURCES.ZIP/lib/err4.c
/SOURCE/FREECOM/SOURCES.ZIP/lib/err40.c
/SOURCE/FREECOM/SOURCES.ZIP/lib/err41.c
/SOURCE/FREECOM/SOURCES.ZIP/lib/err42.c
/SOURCE/FREECOM/SOURCES.ZIP/lib/err43.c
/SOURCE/FREECOM/SOURCES.ZIP/lib/err44.c
/SOURCE/FREECOM/SOURCES.ZIP/lib/err45.c
/SOURCE/FREECOM/SOURCES.ZIP/lib/err46.c
/SOURCE/FREECOM/SOURCES.ZIP/lib/err47.c
/SOURCE/FREECOM/SOURCES.ZIP/lib/err48.c
/SOURCE/FREECOM/SOURCES.ZIP/lib/err49.c
/SOURCE/FREECOM/SOURCES.ZIP/lib/err5.c
/SOURCE/FREECOM/SOURCES.ZIP/lib/err50.c
/SOURCE/FREECOM/SOURCES.ZIP/lib/err51.c
/SOURCE/FREECOM/SOURCES.ZIP/lib/err52.c
/SOURCE/FREECOM/SOURCES.ZIP/lib/err53.c
/SOURCE/FREECOM/SOURCES.ZIP/lib/err54.c
/SOURCE/FREECOM/SOURCES.ZIP/lib/err55.c
/SOURCE/FREECOM/SOURCES.ZIP/lib/err56.c
/SOURCE/FREECOM/SOURCES.ZIP/lib/err57.c
/SOURCE/FREECOM/SOURCES.ZIP/lib/err58.c
/SOURCE/FREECOM/SOURCES.ZIP/lib/err59.c
/SOURCE/FREECOM/SOURCES.ZIP/lib/err6.c
/SOURCE/FREECOM/SOURCES.ZIP/lib/err60.c
/SOURCE/FREECOM/SOURCES.ZIP/lib/err61.c
/SOURCE/FREECOM/SOURCES.ZIP/lib/err62.c
/SOURCE/FREECOM/SOURCES.ZIP/lib/err63.c
/SOURCE/FREECOM/SOURCES.ZIP/lib/err64.c
/SOURCE/FREECOM/SOURCES.ZIP/lib/err65.c
/SOURCE/FREECOM/SOURCES.ZIP/lib/err66.c
/SOURCE/FREECOM/SOURCES.ZIP/lib/err67.c
/SOURCE/FREECOM/SOURCES.ZIP/lib/err68.c
/SOURCE/FREECOM/SOURCES.ZIP/lib/err69.c
/SOURCE/FREECOM/SOURCES.ZIP/lib/err7.c
/SOURCE/FREECOM/SOURCES.ZIP/lib/err70.c
/SOURCE/FREECOM/SOURCES.ZIP/lib/err71.c
/SOURCE/FREECOM/SOURCES.ZIP/lib/err72.c
/SOURCE/FREECOM/SOURCES.ZIP/lib/err73.c
/SOURCE/FREECOM/SOURCES.ZIP/lib/err74.c
/SOURCE/FREECOM/SOURCES.ZIP/lib/err75.c
/SOURCE/FREECOM/SOURCES.ZIP/lib/err76.c
/SOURCE/FREECOM/SOURCES.ZIP/lib/err77.c
/SOURCE/FREECOM/SOURCES.ZIP/lib/err78.c
/SOURCE/FREECOM/SOURCES.ZIP/lib/err79.c
/SOURCE/FREECOM/SOURCES.ZIP/lib/err8.c
/SOURCE/FREECOM/SOURCES.ZIP/lib/err80.c
/SOURCE/FREECOM/SOURCES.ZIP/lib/err81.c
/SOURCE/FREECOM/SOURCES.ZIP/lib/err82.c
/SOURCE/FREECOM/SOURCES.ZIP/lib/err83.c
/SOURCE/FREECOM/SOURCES.ZIP/lib/err84.c
/SOURCE/FREECOM/SOURCES.ZIP/lib/err85.c
/SOURCE/FREECOM/SOURCES.ZIP/lib/err86.c
/SOURCE/FREECOM/SOURCES.ZIP/lib/err87.c
/SOURCE/FREECOM/SOURCES.ZIP/lib/err9.c
/SOURCE/FREECOM/SOURCES.ZIP/lib/err_fcts.mk
/SOURCE/FREECOM/SOURCES.ZIP/lib/err_fcts.src
/SOURCE/FREECOM/SOURCES.ZIP/lib/exec.c
/SOURCE/FREECOM/SOURCES.ZIP/lib/exec1.c
/SOURCE/FREECOM/SOURCES.ZIP/lib/farread.c
/SOURCE/FREECOM/SOURCES.ZIP/lib/fdattr.c
/SOURCE/FREECOM/SOURCES.ZIP/lib/fdevopen.c
/SOURCE/FREECOM/SOURCES.ZIP/lib/fdsattr.c
/SOURCE/FREECOM/SOURCES.ZIP/lib/filecomp.c
/SOURCE/FREECOM/SOURCES.ZIP/lib/files.txt
/SOURCE/FREECOM/SOURCES.ZIP/lib/fillcomp.c
/SOURCE/FREECOM/SOURCES.ZIP/lib/find.c
/SOURCE/FREECOM/SOURCES.ZIP/lib/freep.c
/SOURCE/FREECOM/SOURCES.ZIP/lib/frsysblk.c
/SOURCE/FREECOM/SOURCES.ZIP/lib/fstpcpy.c
/SOURCE/FREECOM/SOURCES.ZIP/lib/gallstr.c
/SOURCE/FREECOM/SOURCES.ZIP/lib/get1mcb.c
/SOURCE/FREECOM/SOURCES.ZIP/lib/getenv.c
/SOURCE/FREECOM/SOURCES.ZIP/lib/goxy.c
/SOURCE/FREECOM/SOURCES.ZIP/lib/grabfcom.c
/SOURCE/FREECOM/SOURCES.ZIP/lib/gumblink.c
/SOURCE/FREECOM/SOURCES.ZIP/lib/hdlrctxt.c
/SOURCE/FREECOM/SOURCES.ZIP/lib/hist_get.c
/SOURCE/FREECOM/SOURCES.ZIP/lib/hist_set.c
/SOURCE/FREECOM/SOURCES.ZIP/lib/inputdos.c
/SOURCE/FREECOM/SOURCES.ZIP/lib/is_empty.c
/SOURCE/FREECOM/SOURCES.ZIP/lib/is_fnamc.c
/SOURCE/FREECOM/SOURCES.ZIP/lib/is_fnstr.c
/SOURCE/FREECOM/SOURCES.ZIP/lib/is_pchr.c
/SOURCE/FREECOM/SOURCES.ZIP/lib/isadev.c
/SOURCE/FREECOM/SOURCES.ZIP/lib/keyprsd.c
/SOURCE/FREECOM/SOURCES.ZIP/lib/kswap_c.c
/SOURCE/FREECOM/SOURCES.ZIP/lib/lastdget.c
/SOURCE/FREECOM/SOURCES.ZIP/lib/lastdset.c
/SOURCE/FREECOM/SOURCES.ZIP/lib/leadopt.c
/SOURCE/FREECOM/SOURCES.ZIP/lib/lfnfuncs.c
/SOURCE/FREECOM/SOURCES.ZIP/lib/lib.m1
/SOURCE/FREECOM/SOURCES.ZIP/lib/lib.m2
/SOURCE/FREECOM/SOURCES.ZIP/lib/lib.mak
/SOURCE/FREECOM/SOURCES.ZIP/lib/lowexec.asm
/SOURCE/FREECOM/SOURCES.ZIP/lib/ltrimcl.c
/SOURCE/FREECOM/SOURCES.ZIP/lib/ltrimsp.c
/SOURCE/FREECOM/SOURCES.ZIP/lib/lwr1wd.c
/SOURCE/FREECOM/SOURCES.ZIP/lib/makefile
/SOURCE/FREECOM/SOURCES.ZIP/lib/match.c
/SOURCE/FREECOM/SOURCES.ZIP/lib/messages.c
/SOURCE/FREECOM/SOURCES.ZIP/lib/mk_rddir.c
/SOURCE/FREECOM/SOURCES.ZIP/lib/mktmpfil.c
/SOURCE/FREECOM/SOURCES.ZIP/lib/msg_dflt.c
/SOURCE/FREECOM/SOURCES.ZIP/lib/msg_dps.c
/SOURCE/FREECOM/SOURCES.ZIP/lib/msg_fstr.c
/SOURCE/FREECOM/SOURCES.ZIP/lib/msg_get.c
/SOURCE/FREECOM/SOURCES.ZIP/lib/msg_gpt.c
/SOURCE/FREECOM/SOURCES.ZIP/lib/msg_mkey.c
/SOURCE/FREECOM/SOURCES.ZIP/lib/msg_prmp.c
/SOURCE/FREECOM/SOURCES.ZIP/lib/mux_ae.c
/SOURCE/FREECOM/SOURCES.ZIP/lib/myperror.c
/SOURCE/FREECOM/SOURCES.ZIP/lib/nls.c
/SOURCE/FREECOM/SOURCES.ZIP/lib/nls_date.c
/SOURCE/FREECOM/SOURCES.ZIP/lib/nls_time.c
/SOURCE/FREECOM/SOURCES.ZIP/lib/num_fmt.c
/SOURCE/FREECOM/SOURCES.ZIP/lib/onoff.c
/SOURCE/FREECOM/SOURCES.ZIP/lib/openf.c
/SOURCE/FREECOM/SOURCES.ZIP/lib/optsb.c
/SOURCE/FREECOM/SOURCES.ZIP/lib/optsi.c
/SOURCE/FREECOM/SOURCES.ZIP/lib/optss.c
/SOURCE/FREECOM/SOURCES.ZIP/lib/parsenum.c
/SOURCE/FREECOM/SOURCES.ZIP/lib/pr_date.c
/SOURCE/FREECOM/SOURCES.ZIP/lib/pr_prmpt.c
/SOURCE/FREECOM/SOURCES.ZIP/lib/pr_time.c
/SOURCE/FREECOM/SOURCES.ZIP/lib/prf.c
/SOURCE/FREECOM/SOURCES.ZIP/lib/prprompt.c
/SOURCE/FREECOM/SOURCES.ZIP/lib/readcmd.c
/SOURCE/FREECOM/SOURCES.ZIP/lib/realnum.c
/SOURCE/FREECOM/SOURCES.ZIP/lib/res.c
/SOURCE/FREECOM/SOURCES.ZIP/lib/res_r.c
/SOURCE/FREECOM/SOURCES.ZIP/lib/res_vald.c
/SOURCE/FREECOM/SOURCES.ZIP/lib/res_w.c
/SOURCE/FREECOM/SOURCES.ZIP/lib/resfile.c
/SOURCE/FREECOM/SOURCES.ZIP/lib/rmtmpfil.c
/SOURCE/FREECOM/SOURCES.ZIP/lib/rtrimcl.c
/SOURCE/FREECOM/SOURCES.ZIP/lib/rtrimsp.c
/SOURCE/FREECOM/SOURCES.ZIP/lib/salloc.c
/SOURCE/FREECOM/SOURCES.ZIP/lib/samefile.c
/SOURCE/FREECOM/SOURCES.ZIP/lib/scancmd.c
/SOURCE/FREECOM/SOURCES.ZIP/lib/scanerr.pl
/SOURCE/FREECOM/SOURCES.ZIP/lib/scanopt.c
/SOURCE/FREECOM/SOURCES.ZIP/lib/session.c
/SOURCE/FREECOM/SOURCES.ZIP/lib/showcmds.c
/SOURCE/FREECOM/SOURCES.ZIP/lib/skqwd.c
/SOURCE/FREECOM/SOURCES.ZIP/lib/spfnam.c
/SOURCE/FREECOM/SOURCES.ZIP/lib/split.c
/SOURCE/FREECOM/SOURCES.ZIP/lib/sumblink.c
/SOURCE/FREECOM/SOURCES.ZIP/lib/timeget.c
/SOURCE/FREECOM/SOURCES.ZIP/lib/timeset.c
/SOURCE/FREECOM/SOURCES.ZIP/lib/tmpnam.c
/SOURCE/FREECOM/SOURCES.ZIP/lib/trimcl.c
/SOURCE/FREECOM/SOURCES.ZIP/lib/trimsp.c
/SOURCE/FREECOM/SOURCES.ZIP/lib/truepath.c
/SOURCE/FREECOM/SOURCES.ZIP/lib/truncate.c
/SOURCE/FREECOM/SOURCES.ZIP/lib/txtlend.c
/SOURCE/FREECOM/SOURCES.ZIP/lib/unquote.c
/SOURCE/FREECOM/SOURCES.ZIP/lib/vcgetch.c
/SOURCE/FREECOM/SOURCES.ZIP/lib/vcgetstr.c
/SOURCE/FREECOM/SOURCES.ZIP/lib/where.c
/SOURCE/FREECOM/SOURCES.ZIP/license
/SOURCE/FREECOM/SOURCES.ZIP/makefile
/SOURCE/FREECOM/SOURCES.ZIP/mkdist.bat
/SOURCE/FREECOM/SOURCES.ZIP/mkfiles/
/SOURCE/FREECOM/SOURCES.ZIP/mkfiles/bc5.mak
/SOURCE/FREECOM/SOURCES.ZIP/mkfiles/gcc.mak
/SOURCE/FREECOM/SOURCES.ZIP/mkfiles/tc2.mak
/SOURCE/FREECOM/SOURCES.ZIP/mkfiles/turbocpp.mak
/SOURCE/FREECOM/SOURCES.ZIP/mkfiles/watcom.mak
/SOURCE/FREECOM/SOURCES.ZIP/README.md
/SOURCE/FREECOM/SOURCES.ZIP/scripts/
/SOURCE/FREECOM/SOURCES.ZIP/scripts/complng.pl
/SOURCE/FREECOM/SOURCES.ZIP/scripts/compsyms.pl
/SOURCE/FREECOM/SOURCES.ZIP/scripts/director.bat
/SOURCE/FREECOM/SOURCES.ZIP/scripts/disp_cmd.asm
/SOURCE/FREECOM/SOURCES.ZIP/scripts/echolib.bat
/SOURCE/FREECOM/SOURCES.ZIP/scripts/echoto.bat
/SOURCE/FREECOM/SOURCES.ZIP/scripts/fetchseg.pl
/SOURCE/FREECOM/SOURCES.ZIP/scripts/findstrg.pl
/SOURCE/FREECOM/SOURCES.ZIP/scripts/makecmd.bat
/SOURCE/FREECOM/SOURCES.ZIP/scripts/mkxref.pl
/SOURCE/FREECOM/SOURCES.ZIP/scripts/rmfiles.bat
/SOURCE/FREECOM/SOURCES.ZIP/scripts/sav.btm
/SOURCE/FREECOM/SOURCES.ZIP/shell/
/SOURCE/FREECOM/SOURCES.ZIP/shell/batch.c
/SOURCE/FREECOM/SOURCES.ZIP/shell/cb_catch.asm
/SOURCE/FREECOM/SOURCES.ZIP/shell/cmdtable.c
/SOURCE/FREECOM/SOURCES.ZIP/shell/command.c
/SOURCE/FREECOM/SOURCES.ZIP/shell/command.ld
/SOURCE/FREECOM/SOURCES.ZIP/shell/command.m1
/SOURCE/FREECOM/SOURCES.ZIP/shell/command.m2
/SOURCE/FREECOM/SOURCES.ZIP/shell/command.mak
/SOURCE/FREECOM/SOURCES.ZIP/shell/cswap.asm
/SOURCE/FREECOM/SOURCES.ZIP/shell/cswapc.c
/SOURCE/FREECOM/SOURCES.ZIP/shell/depend.mk
/SOURCE/FREECOM/SOURCES.ZIP/shell/dummies.asm
/SOURCE/FREECOM/SOURCES.ZIP/shell/expalias.c
/SOURCE/FREECOM/SOURCES.ZIP/shell/init.c
/SOURCE/FREECOM/SOURCES.ZIP/shell/kswap.c
/SOURCE/FREECOM/SOURCES.ZIP/shell/loadhigh.c
/SOURCE/FREECOM/SOURCES.ZIP/shell/makefile
/SOURCE/FREECOM/SOURCES.ZIP/shell/module.c
/SOURCE/FREECOM/SOURCES.ZIP/shell/redir.c
/SOURCE/FREECOM/SOURCES.ZIP/shell/termhook.asm
/SOURCE/FREECOM/SOURCES.ZIP/shell/ver.c
/SOURCE/FREECOM/SOURCES.ZIP/shell/wlinker.bat
/SOURCE/FREECOM/SOURCES.ZIP/shell/xms_2e.asm
/SOURCE/FREECOM/SOURCES.ZIP/shell/xms_brk.asm
/SOURCE/FREECOM/SOURCES.ZIP/shell/xms_crit.asm
/SOURCE/FREECOM/SOURCES.ZIP/strings/
/SOURCE/FREECOM/SOURCES.ZIP/strings/CHANGED
/SOURCE/FREECOM/SOURCES.ZIP/strings/DEFAULT.err
/SOURCE/FREECOM/SOURCES.ZIP/strings/DEFAULT.lng
/SOURCE/FREECOM/SOURCES.ZIP/strings/critstrs.c
/SOURCE/FREECOM/SOURCES.ZIP/strings/depend.mk
/SOURCE/FREECOM/SOURCES.ZIP/strings/dutch.err
/SOURCE/FREECOM/SOURCES.ZIP/strings/dutch.lng
/SOURCE/FREECOM/SOURCES.ZIP/strings/english.err
/SOURCE/FREECOM/SOURCES.ZIP/strings/english.lng
/SOURCE/FREECOM/SOURCES.ZIP/strings/finnish.err
/SOURCE/FREECOM/SOURCES.ZIP/strings/finnish.lng
/SOURCE/FREECOM/SOURCES.ZIP/strings/fixstrs.c
/SOURCE/FREECOM/SOURCES.ZIP/strings/french.err
/SOURCE/FREECOM/SOURCES.ZIP/strings/french.lng
/SOURCE/FREECOM/SOURCES.ZIP/strings/german.err
/SOURCE/FREECOM/SOURCES.ZIP/strings/german.lng
/SOURCE/FREECOM/SOURCES.ZIP/strings/indent.pro
/SOURCE/FREECOM/SOURCES.ZIP/strings/italian.err
/SOURCE/FREECOM/SOURCES.ZIP/strings/italian.lng
/SOURCE/FREECOM/SOURCES.ZIP/strings/makefile
/SOURCE/FREECOM/SOURCES.ZIP/strings/polish.err
/SOURCE/FREECOM/SOURCES.ZIP/strings/polish.lng
/SOURCE/FREECOM/SOURCES.ZIP/strings/pt_br.err
/SOURCE/FREECOM/SOURCES.ZIP/strings/pt_br.lng
/SOURCE/FREECOM/SOURCES.ZIP/strings/russian.err
/SOURCE/FREECOM/SOURCES.ZIP/strings/russian.lng
/SOURCE/FREECOM/SOURCES.ZIP/strings/serbian.err
/SOURCE/FREECOM/SOURCES.ZIP/strings/serbian.lng
/SOURCE/FREECOM/SOURCES.ZIP/strings/slovene.err
/SOURCE/FREECOM/SOURCES.ZIP/strings/slovene.lng
/SOURCE/FREECOM/SOURCES.ZIP/strings/spanish.err
/SOURCE/FREECOM/SOURCES.ZIP/strings/spanish.lng
/SOURCE/FREECOM/SOURCES.ZIP/strings/strings.mak
/SOURCE/FREECOM/SOURCES.ZIP/strings/strings/
/SOURCE/FREECOM/SOURCES.ZIP/strings/strings/strings.mak
/SOURCE/FREECOM/SOURCES.ZIP/strings/swedish.err
/SOURCE/FREECOM/SOURCES.ZIP/strings/swedish.lng
/SOURCE/FREECOM/SOURCES.ZIP/strings/turkish.err
/SOURCE/FREECOM/SOURCES.ZIP/strings/turkish.lng
/SOURCE/FREECOM/SOURCES.ZIP/strings/ukr.err
/SOURCE/FREECOM/SOURCES.ZIP/strings/ukr.lng
/SOURCE/FREECOM/SOURCES.ZIP/strings/yu437.err
/SOURCE/FREECOM/SOURCES.ZIP/strings/yu437.lng
/SOURCE/FREECOM/SOURCES.ZIP/suppl/
/SOURCE/FREECOM/SOURCES.ZIP/suppl/algnbyte.h
/SOURCE/FREECOM/SOURCES.ZIP/suppl/algndflt.h
/SOURCE/FREECOM/SOURCES.ZIP/suppl/appname.h
/SOURCE/FREECOM/SOURCES.ZIP/suppl/clnsuppl.bat
/SOURCE/FREECOM/SOURCES.ZIP/suppl/cntry.h
/SOURCE/FREECOM/SOURCES.ZIP/suppl/compat/
/SOURCE/FREECOM/SOURCES.ZIP/suppl/compat/conio.h
/SOURCE/FREECOM/SOURCES.ZIP/suppl/compat/dos.h
/SOURCE/FREECOM/SOURCES.ZIP/suppl/compat/io.h
/SOURCE/FREECOM/SOURCES.ZIP/suppl/compat/process.h
/SOURCE/FREECOM/SOURCES.ZIP/suppl/dfn.h
/SOURCE/FREECOM/SOURCES.ZIP/suppl/dynstr.h
/SOURCE/FREECOM/SOURCES.ZIP/suppl/environ.h
/SOURCE/FREECOM/SOURCES.ZIP/suppl/errcodes.h
/SOURCE/FREECOM/SOURCES.ZIP/suppl/external.h
/SOURCE/FREECOM/SOURCES.ZIP/suppl/fmemory.h
/SOURCE/FREECOM/SOURCES.ZIP/suppl/getopt.h
/SOURCE/FREECOM/SOURCES.ZIP/suppl/mcb.h
/SOURCE/FREECOM/SOURCES.ZIP/suppl/msglib.h
/SOURCE/FREECOM/SOURCES.ZIP/suppl/msgs.h
/SOURCE/FREECOM/SOURCES.ZIP/suppl/nls.h
/SOURCE/FREECOM/SOURCES.ZIP/suppl/nls_c.h
/SOURCE/FREECOM/SOURCES.ZIP/suppl/nls_f.h
/SOURCE/FREECOM/SOURCES.ZIP/suppl/p-bc.h
/SOURCE/FREECOM/SOURCES.ZIP/suppl/p-gcc.h
/SOURCE/FREECOM/SOURCES.ZIP/suppl/p-mc.h
/SOURCE/FREECOM/SOURCES.ZIP/suppl/p-pac.h
/SOURCE/FREECOM/SOURCES.ZIP/suppl/p-watcom.h
/SOURCE/FREECOM/SOURCES.ZIP/suppl/portable.h
/SOURCE/FREECOM/SOURCES.ZIP/suppl/psp.h
/SOURCE/FREECOM/SOURCES.ZIP/suppl/readme.txt
/SOURCE/FREECOM/SOURCES.ZIP/suppl/regproto.h
/SOURCE/FREECOM/SOURCES.ZIP/suppl/src/
/SOURCE/FREECOM/SOURCES.ZIP/suppl/src/_getdcwd.c
/SOURCE/FREECOM/SOURCES.ZIP/suppl/src/addu.c
/SOURCE/FREECOM/SOURCES.ZIP/suppl/src/app_ievx.c
/SOURCE/FREECOM/SOURCES.ZIP/suppl/src/app_ini_.c
/SOURCE/FREECOM/SOURCES.ZIP/suppl/src/app_init.c
/SOURCE/FREECOM/SOURCES.ZIP/suppl/src/app_name.c
/SOURCE/FREECOM/SOURCES.ZIP/suppl/src/app_namx.c
/SOURCE/FREECOM/SOURCES.ZIP/suppl/src/app_vars.c
/SOURCE/FREECOM/SOURCES.ZIP/suppl/src/appname.loc
/SOURCE/FREECOM/SOURCES.ZIP/suppl/src/bugs
/SOURCE/FREECOM/SOURCES.ZIP/suppl/src/byte2par.c
/SOURCE/FREECOM/SOURCES.ZIP/suppl/src/cntry.c
/SOURCE/FREECOM/SOURCES.ZIP/suppl/src/copying
/SOURCE/FREECOM/SOURCES.ZIP/suppl/src/copying.lb
/SOURCE/FREECOM/SOURCES.ZIP/suppl/src/dbgf_chg.c
/SOURCE/FREECOM/SOURCES.ZIP/suppl/src/dbgf_cl.c
/SOURCE/FREECOM/SOURCES.ZIP/suppl/src/dbgf_cle.c
/SOURCE/FREECOM/SOURCES.ZIP/suppl/src/dbgf_clg.c
/SOURCE/FREECOM/SOURCES.ZIP/suppl/src/dbgf_dl.c
/SOURCE/FREECOM/SOURCES.ZIP/suppl/src/dbgf_dpl.c
/SOURCE/FREECOM/SOURCES.ZIP/suppl/src/dbgf_et.c
/SOURCE/FREECOM/SOURCES.ZIP/suppl/src/dbgf_ext.c
/SOURCE/FREECOM/SOURCES.ZIP/suppl/src/dbgf_fl.c
/SOURCE/FREECOM/SOURCES.ZIP/suppl/src/dbgf_flg.c
/SOURCE/FREECOM/SOURCES.ZIP/suppl/src/dbgf_ien.c
/SOURCE/FREECOM/SOURCES.ZIP/suppl/src/dbgf_lgh.c
/SOURCE/FREECOM/SOURCES.ZIP/suppl/src/dbgf_lgi.c
/SOURCE/FREECOM/SOURCES.ZIP/suppl/src/dbgf_lgt.c
/SOURCE/FREECOM/SOURCES.ZIP/suppl/src/dbgf_lk.c
/SOURCE/FREECOM/SOURCES.ZIP/suppl/src/dbgf_log.c
/SOURCE/FREECOM/SOURCES.ZIP/suppl/src/dbgf_lv.c
/SOURCE/FREECOM/SOURCES.ZIP/suppl/src/dbgf_mfi.c
/SOURCE/FREECOM/SOURCES.ZIP/suppl/src/dbgf_mi.c
/SOURCE/FREECOM/SOURCES.ZIP/suppl/src/dbgf_mki.c
/SOURCE/FREECOM/SOURCES.ZIP/suppl/src/dbgf_ml.c
/SOURCE/FREECOM/SOURCES.ZIP/suppl/src/dbgf_pop.c
/SOURCE/FREECOM/SOURCES.ZIP/suppl/src/dbgf_prt.c
/SOURCE/FREECOM/SOURCES.ZIP/suppl/src/dbgf_psh.c
/SOURCE/FREECOM/SOURCES.ZIP/suppl/src/dbgf_var.c
/SOURCE/FREECOM/SOURCES.ZIP/suppl/src/dbgm_chk.c
/SOURCE/FREECOM/SOURCES.ZIP/suppl/src/dbgv_s0.c
/SOURCE/FREECOM/SOURCES.ZIP/suppl/src/dbgv_s10.c
/SOURCE/FREECOM/SOURCES.ZIP/suppl/src/dbgv_s13.c
/SOURCE/FREECOM/SOURCES.ZIP/suppl/src/dbgv_s14.c
/SOURCE/FREECOM/SOURCES.ZIP/suppl/src/dbgv_s15.c
/SOURCE/FREECOM/SOURCES.ZIP/suppl/src/dbgv_s17.c
/SOURCE/FREECOM/SOURCES.ZIP/suppl/src/dbgv_s19.c
/SOURCE/FREECOM/SOURCES.ZIP/suppl/src/dbgv_s2.c
/SOURCE/FREECOM/SOURCES.ZIP/suppl/src/dbgv_s20.c
/SOURCE/FREECOM/SOURCES.ZIP/suppl/src/dbgv_s22.c
/SOURCE/FREECOM/SOURCES.ZIP/suppl/src/dbgv_s23.c
/SOURCE/FREECOM/SOURCES.ZIP/suppl/src/dbgv_s24.c
/SOURCE/FREECOM/SOURCES.ZIP/suppl/src/dbgv_s25.c
/SOURCE/FREECOM/SOURCES.ZIP/suppl/src/dbgv_s3.c
/SOURCE/FREECOM/SOURCES.ZIP/suppl/src/dbgv_s4.c
/SOURCE/FREECOM/SOURCES.ZIP/suppl/src/dbgv_s5.c
/SOURCE/FREECOM/SOURCES.ZIP/suppl/src/dbgv_s6.c
/SOURCE/FREECOM/SOURCES.ZIP/suppl/src/dbgv_s7.c
/SOURCE/FREECOM/SOURCES.ZIP/suppl/src/dbgv_s8.c
/SOURCE/FREECOM/SOURCES.ZIP/suppl/src/dfn.loc
/SOURCE/FREECOM/SOURCES.ZIP/suppl/src/dfndeli2.c
/SOURCE/FREECOM/SOURCES.ZIP/suppl/src/dfndelim.c
/SOURCE/FREECOM/SOURCES.ZIP/suppl/src/dfnexpan.c
/SOURCE/FREECOM/SOURCES.ZIP/suppl/src/dfnfnam.c
/SOURCE/FREECOM/SOURCES.ZIP/suppl/src/dfnfullp.c
/SOURCE/FREECOM/SOURCES.ZIP/suppl/src/dfnmerge.c
/SOURCE/FREECOM/SOURCES.ZIP/suppl/src/dfnpath.c
/SOURCE/FREECOM/SOURCES.ZIP/suppl/src/dfnsplit.c
/SOURCE/FREECOM/SOURCES.ZIP/suppl/src/dfnsquee.c
/SOURCE/FREECOM/SOURCES.ZIP/suppl/src/dfnstat.c
/SOURCE/FREECOM/SOURCES.ZIP/suppl/src/dfntruen.c
/SOURCE/FREECOM/SOURCES.ZIP/suppl/src/dir.loc
/SOURCE/FREECOM/SOURCES.ZIP/suppl/src/dmemcmpf.c
/SOURCE/FREECOM/SOURCES.ZIP/suppl/src/dosalloc.c
/SOURCE/FREECOM/SOURCES.ZIP/suppl/src/dosfree.c
/SOURCE/FREECOM/SOURCES.ZIP/suppl/src/dossize.c
/SOURCE/FREECOM/SOURCES.ZIP/suppl/src/dstrchar.c
/SOURCE/FREECOM/SOURCES.ZIP/suppl/src/dstrfupr.c
/SOURCE/FREECOM/SOURCES.ZIP/suppl/src/dstrleft.c
/SOURCE/FREECOM/SOURCES.ZIP/suppl/src/dstrrepl.c
/SOURCE/FREECOM/SOURCES.ZIP/suppl/src/dstrtrim.c
/SOURCE/FREECOM/SOURCES.ZIP/suppl/src/dstrupr.c
/SOURCE/FREECOM/SOURCES.ZIP/suppl/src/eeopen.c
/SOURCE/FREECOM/SOURCES.ZIP/suppl/src/eestrcon.c
/SOURCE/FREECOM/SOURCES.ZIP/suppl/src/elvis.rc
/SOURCE/FREECOM/SOURCES.ZIP/suppl/src/eno.loc
/SOURCE/FREECOM/SOURCES.ZIP/suppl/src/enoallc.c
/SOURCE/FREECOM/SOURCES.ZIP/suppl/src/enoreal.c
/SOURCE/FREECOM/SOURCES.ZIP/suppl/src/enosdup.c
/SOURCE/FREECOM/SOURCES.ZIP/suppl/src/enosetos.c
/SOURCE/FREECOM/SOURCES.ZIP/suppl/src/env_chg.c
/SOURCE/FREECOM/SOURCES.ZIP/suppl/src/env_del.c
/SOURCE/FREECOM/SOURCES.ZIP/suppl/src/env_dvar.c
/SOURCE/FREECOM/SOURCES.ZIP/suppl/src/env_find.c
/SOURCE/FREECOM/SOURCES.ZIP/suppl/src/env_fora.c
/SOURCE/FREECOM/SOURCES.ZIP/suppl/src/env_free.c
/SOURCE/FREECOM/SOURCES.ZIP/suppl/src/env_insv.c
/SOURCE/FREECOM/SOURCES.ZIP/suppl/src/env_len.c
/SOURCE/FREECOM/SOURCES.ZIP/suppl/src/env_mtch.c
/SOURCE/FREECOM/SOURCES.ZIP/suppl/src/env_new.c
/SOURCE/FREECOM/SOURCES.ZIP/suppl/src/env_nost.c
/SOURCE/FREECOM/SOURCES.ZIP/suppl/src/env_ovrw.c
/SOURCE/FREECOM/SOURCES.ZIP/suppl/src/env_repl.c
/SOURCE/FREECOM/SOURCES.ZIP/suppl/src/env_rlsg.c
/SOURCE/FREECOM/SOURCES.ZIP/suppl/src/env_scnt.c
/SOURCE/FREECOM/SOURCES.ZIP/suppl/src/env_sdup.c
/SOURCE/FREECOM/SOURCES.ZIP/suppl/src/env_size.c
/SOURCE/FREECOM/SOURCES.ZIP/suppl/src/env_strg.c
/SOURCE/FREECOM/SOURCES.ZIP/suppl/src/env_sub.c
/SOURCE/FREECOM/SOURCES.ZIP/suppl/src/env_var1.c
/SOURCE/FREECOM/SOURCES.ZIP/suppl/src/env_var2.c
/SOURCE/FREECOM/SOURCES.ZIP/suppl/src/environ.loc
/SOURCE/FREECOM/SOURCES.ZIP/suppl/src/erfc_00f.c
/SOURCE/FREECOM/SOURCES.ZIP/suppl/src/erfc_015.c
/SOURCE/FREECOM/SOURCES.ZIP/suppl/src/ffmaxbuf.c
/SOURCE/FREECOM/SOURCES.ZIP/suppl/src/fgetpos.c
/SOURCE/FREECOM/SOURCES.ZIP/suppl/src/file_id.diz
/SOURCE/FREECOM/SOURCES.ZIP/suppl/src/filefind.c
/SOURCE/FREECOM/SOURCES.ZIP/suppl/src/fmemchr.c
/SOURCE/FREECOM/SOURCES.ZIP/suppl/src/fmemcmp.c
/SOURCE/FREECOM/SOURCES.ZIP/suppl/src/fmemcpy.c
/SOURCE/FREECOM/SOURCES.ZIP/suppl/src/fmemory.loc
/SOURCE/FREECOM/SOURCES.ZIP/suppl/src/fmemove.c
/SOURCE/FREECOM/SOURCES.ZIP/suppl/src/fnorm.c
/SOURCE/FREECOM/SOURCES.ZIP/suppl/src/fputmc.c
/SOURCE/FREECOM/SOURCES.ZIP/suppl/src/fstrcpy.c
/SOURCE/FREECOM/SOURCES.ZIP/suppl/src/fstrdup.c
/SOURCE/FREECOM/SOURCES.ZIP/suppl/src/fstrlen.c
/SOURCE/FREECOM/SOURCES.ZIP/suppl/src/gm_chgm.c
/SOURCE/FREECOM/SOURCES.ZIP/suppl/src/gm_dup.c
/SOURCE/FREECOM/SOURCES.ZIP/suppl/src/gm_gtmem.c
/SOURCE/FREECOM/SOURCES.ZIP/suppl/src/gm_res.c
/SOURCE/FREECOM/SOURCES.ZIP/suppl/src/initsupl.loc
/SOURCE/FREECOM/SOURCES.ZIP/suppl/src/intr.asm
/SOURCE/FREECOM/SOURCES.ZIP/suppl/src/invokedo.c
/SOURCE/FREECOM/SOURCES.ZIP/suppl/src/mcb_1st.c
/SOURCE/FREECOM/SOURCES.ZIP/suppl/src/mcb_is.c
/SOURCE/FREECOM/SOURCES.ZIP/suppl/src/mcb_leng.c
/SOURCE/FREECOM/SOURCES.ZIP/suppl/src/mcb_nxt.c
/SOURCE/FREECOM/SOURCES.ZIP/suppl/src/mcb_walk.c
/SOURCE/FREECOM/SOURCES.ZIP/suppl/src/msgs.lng
/SOURCE/FREECOM/SOURCES.ZIP/suppl/src/msgs.loc
/SOURCE/FREECOM/SOURCES.ZIP/suppl/src/msgs_w.loc
/SOURCE/FREECOM/SOURCES.ZIP/suppl/src/nls.loc
/SOURCE/FREECOM/SOURCES.ZIP/suppl/src/nls/
/SOURCE/FREECOM/SOURCES.ZIP/suppl/src/nls/english.err
/SOURCE/FREECOM/SOURCES.ZIP/suppl/src/nls/english.lng
/SOURCE/FREECOM/SOURCES.ZIP/suppl/src/nlstime.c
/SOURCE/FREECOM/SOURCES.ZIP/suppl/src/s_skipwd.c
/SOURCE/FREECOM/SOURCES.ZIP/suppl/src/s_skipws.c
/SOURCE/FREECOM/SOURCES.ZIP/suppl/src/sstr.src
/SOURCE/FREECOM/SOURCES.ZIP/suppl/src/stpcat.c
/SOURCE/FREECOM/SOURCES.ZIP/suppl/src/stpcpy.c
/SOURCE/FREECOM/SOURCES.ZIP/suppl/src/str.loc
/SOURCE/FREECOM/SOURCES.ZIP/suppl/src/strnum.c
/SOURCE/FREECOM/SOURCES.ZIP/suppl/src/suppl.mak
/SOURCE/FREECOM/SOURCES.ZIP/suppl/src/suppldbg.loc
/SOURCE/FREECOM/SOURCES.ZIP/suppl/src/supplio.loc
/SOURCE/FREECOM/SOURCES.ZIP/suppl/src/syslog.loc
/SOURCE/FREECOM/SOURCES.ZIP/suppl/src/toupperx.c
/SOURCE/FREECOM/SOURCES.ZIP/suppl/sstr.h
/SOURCE/FREECOM/SOURCES.ZIP/suppl/str.h
/SOURCE/FREECOM/SOURCES.ZIP/suppl/supl_def.h
/SOURCE/FREECOM/SOURCES.ZIP/suppl/suppl.h
/SOURCE/FREECOM/SOURCES.ZIP/suppl/suppl.mak
/SOURCE/FREECOM/SOURCES.ZIP/suppl/suppldbg.h
/SOURCE/FREECOM/SOURCES.ZIP/suppl/supplio.h
/SOURCE/FREECOM/SOURCES.ZIP/suppl/syslog.h
/SOURCE/FREECOM/SOURCES.ZIP/tests/
/SOURCE/FREECOM/SOURCES.ZIP/tests/args.bat
/SOURCE/FREECOM/SOURCES.ZIP/tests/bat1.bat
/SOURCE/FREECOM/SOURCES.ZIP/tests/bat2.bat
/SOURCE/FREECOM/SOURCES.ZIP/tests/bat3.bat
/SOURCE/FREECOM/SOURCES.ZIP/tests/benny.bat
/SOURCE/FREECOM/SOURCES.ZIP/tests/compat.bat
/SOURCE/FREECOM/SOURCES.ZIP/tests/ctty-nul.bat
/SOURCE/FREECOM/SOURCES.ZIP/tests/dir-test.txt
/SOURCE/FREECOM/SOURCES.ZIP/tests/errlvl.bat
/SOURCE/FREECOM/SOURCES.ZIP/tests/errlvl.c
/SOURCE/FREECOM/SOURCES.ZIP/tests/fdos.out
/SOURCE/FREECOM/SOURCES.ZIP/tests/hbp001a.bat
/SOURCE/FREECOM/SOURCES.ZIP/tests/hbp001b.bat
/SOURCE/FREECOM/SOURCES.ZIP/tests/hbp002.txt
/SOURCE/FREECOM/SOURCES.ZIP/tests/hbp_001.txt
/SOURCE/FREECOM/SOURCES.ZIP/tests/label.bat
/SOURCE/FREECOM/SOURCES.ZIP/tests/longcmd.bat
/SOURCE/FREECOM/SOURCES.ZIP/tests/msdos.out
/SOURCE/FREECOM/SOURCES.ZIP/tests/refl.bat
/SOURCE/FREECOM/SOURCES.ZIP/tests/t.bat
/SOURCE/FREECOM/SOURCES.ZIP/tests/test.bat
/SOURCE/FREECOM/SOURCES.ZIP/tests/test1.bat
/SOURCE/FREECOM/SOURCES.ZIP/tests/test2.bat
/SOURCE/FREECOM/SOURCES.ZIP/tests/test3.bat
/SOURCE/FREECOM/SOURCES.ZIP/tests/test4.bat
/SOURCE/FREECOM/SOURCES.ZIP/tests/testenv.c
/SOURCE/FREECOM/SOURCES.ZIP/tests/tst-if.bat
/SOURCE/FREECOM/SOURCES.ZIP/tools/
/SOURCE/FREECOM/SOURCES.ZIP/tools/28.asm
/SOURCE/FREECOM/SOURCES.ZIP/tools/50.asm
/SOURCE/FREECOM/SOURCES.ZIP/tools/debug.h
/SOURCE/FREECOM/SOURCES.ZIP/tools/depend.mk
/SOURCE/FREECOM/SOURCES.ZIP/tools/files.txt
/SOURCE/FREECOM/SOURCES.ZIP/tools/icmd_1.nas
/SOURCE/FREECOM/SOURCES.ZIP/tools/icmd_2.nas
/SOURCE/FREECOM/SOURCES.ZIP/tools/icmd_3.nas
/SOURCE/FREECOM/SOURCES.ZIP/tools/icmd_inc.inc
/SOURCE/FREECOM/SOURCES.ZIP/tools/icmd_tpl.nas
/SOURCE/FREECOM/SOURCES.ZIP/tools/kssf.asm
/SOURCE/FREECOM/SOURCES.ZIP/tools/load_icd.c
/SOURCE/FREECOM/SOURCES.ZIP/tools/makefile
/SOURCE/FREECOM/SOURCES.ZIP/tools/makefile.1
/SOURCE/FREECOM/SOURCES.ZIP/tools/ptchldrv.c
/SOURCE/FREECOM/SOURCES.ZIP/tools/ptchsize.c
/SOURCE/FREECOM/SOURCES.ZIP/tools/resource.h
/SOURCE/FREECOM/SOURCES.ZIP/tools/tools.m1
/SOURCE/FREECOM/SOURCES.ZIP/tools/tools.m2
/SOURCE/FREECOM/SOURCES.ZIP/tools/vspawn.asm
/SOURCE/FREECOM/SOURCES.ZIP/utils/
/SOURCE/FREECOM/SOURCES.ZIP/utils/MAKECMD.BAT
/SOURCE/FREECOM/SOURCES.ZIP/utils/chunk.c
/SOURCE/FREECOM/SOURCES.ZIP/utils/debug.h
/SOURCE/FREECOM/SOURCES.ZIP/utils/depend.mk
/SOURCE/FREECOM/SOURCES.ZIP/utils/files.txt
/SOURCE/FREECOM/SOURCES.ZIP/utils/makefile
/SOURCE/FREECOM/SOURCES.ZIP/utils/misc.h
/SOURCE/FREECOM/SOURCES.ZIP/utils/mkctxt.c
/SOURCE/FREECOM/SOURCES.ZIP/utils/mkinfres.c
/SOURCE/FREECOM/SOURCES.ZIP/utils/mktools.c
/SOURCE/FREECOM/SOURCES.ZIP/utils/resource.h
/SOURCE/FREECOM/SOURCES.ZIP/utils/utils.mak
/SOURCE/FREECOM/SOURCES.ZIP/VERSION.TXT
