/
/APPINFO/
/APPINFO/GRAPHICS.DE
/APPINFO/GRAPHICS.FR
/APPINFO/GRAPHICS.LSM
/APPINFO/GRAPHICS.SV
/APPINFO/GRAPHICS.TR
/BIN/
/BIN/GRAPH-HP.COM
/BIN/GRAPH-PS.COM
/BIN/GRAPHICS.BAT
/BIN/GRAPHPIN.COM
/DOC/
/DOC/GRAPHICS/
/DOC/GRAPHICS/EPSON.PNG
/DOC/GRAPHICS/GRAPHICS.TXT
/SOURCE/
/SOURCE/GRAPHICS/
/SOURCE/GRAPHICS/SOURCES.ZIP/
/SOURCE/GRAPHICS/SOURCES.ZIP/DISPATCH.ASM
/SOURCE/GRAPHICS/SOURCES.ZIP/DITHER.ASM
/SOURCE/GRAPHICS/SOURCES.ZIP/EPSON.ASM
/SOURCE/GRAPHICS/SOURCES.ZIP/EXTRA/
/SOURCE/GRAPHICS/SOURCES.ZIP/EXTRA/HP-READ.C
/SOURCE/GRAPHICS/SOURCES.ZIP/EXTRA/HP-READ.ELF
/SOURCE/GRAPHICS/SOURCES.ZIP/EXTRA/HPTEST.ASM
/SOURCE/GRAPHICS/SOURCES.ZIP/EXTRA/PIN-READ.C
/SOURCE/GRAPHICS/SOURCES.ZIP/EXTRA/PIN-READ.ELF
/SOURCE/GRAPHICS/SOURCES.ZIP/GETPIXEL.ASM
/SOURCE/GRAPHICS/SOURCES.ZIP/GRAPHICS.ASM
/SOURCE/GRAPHICS/SOURCES.ZIP/HPPCL.ASM
/SOURCE/GRAPHICS/SOURCES.ZIP/MAKEFILE.BAT
/SOURCE/GRAPHICS/SOURCES.ZIP/MESSAGES.ASM
/SOURCE/GRAPHICS/SOURCES.ZIP/PALETTE.ASM
/SOURCE/GRAPHICS/SOURCES.ZIP/POSTSCR.ASM
