/
/APPINFO/
/APPINFO/JEMM.DE
/APPINFO/JEMM.FR
/APPINFO/JEMM.LSM
/APPINFO/JEMM.SV
/APPINFO/JEMM.TR
/BIN/
/BIN/CPUSTAT.EXE
/BIN/EMSSTAT.EXE
/BIN/JEMFBHLP.EXE
/BIN/JEMM386.EXE
/BIN/JEMMEX.EXE
/BIN/MEMSTAT.EXE
/BIN/MOVEXBDA.EXE
/BIN/UMBM-OLD.EXE
/BIN/XCDROM32.DLL
/BIN/XDMA32.DLL
/BIN/XMSSTAT.EXE
/DOC/
/DOC/JEMM/
/DOC/JEMM/ARTISTIC.TXT
/DOC/JEMM/GNU_GPL.TXT
/DOC/JEMM/HISTORY.TXT
/DOC/JEMM/JLOAD.EXE
/DOC/JEMM/JLOAD.TXT
/DOC/JEMM/README.TXT
/DOC/JEMM/XCDROM32.TXT
/DOC/JEMM/XDMA32.TXT
/SOURCE/
/SOURCE/JEMM/
/SOURCE/JEMM/SOURCES.ZIP/
/SOURCE/JEMM/SOURCES.ZIP/INCLUDE/
/SOURCE/JEMM/SOURCES.ZIP/INCLUDE/JLM.H
/SOURCE/JEMM/SOURCES.ZIP/INCLUDE/JLM.INC
/SOURCE/JEMM/SOURCES.ZIP/INCLUDE/JLMFASM.INC
/SOURCE/JEMM/SOURCES.ZIP/README.TXT
/SOURCE/JEMM/SOURCES.ZIP/SRC/
/SOURCE/JEMM/SOURCES.ZIP/SRC/DEBUG.ASM
/SOURCE/JEMM/SOURCES.ZIP/SRC/DEBUG.INC
/SOURCE/JEMM/SOURCES.ZIP/SRC/DEV.ASM
/SOURCE/JEMM/SOURCES.ZIP/SRC/DMA.ASM
/SOURCE/JEMM/SOURCES.ZIP/SRC/EMS.ASM
/SOURCE/JEMM/SOURCES.ZIP/SRC/EMS32.INC
/SOURCE/JEMM/SOURCES.ZIP/SRC/EMU.ASM
/SOURCE/JEMM/SOURCES.ZIP/SRC/EXTERNAL.INC
/SOURCE/JEMM/SOURCES.ZIP/SRC/I15.ASM
/SOURCE/JEMM/SOURCES.ZIP/SRC/INIT.ASM
/SOURCE/JEMM/SOURCES.ZIP/SRC/INIT16.ASM
/SOURCE/JEMM/SOURCES.ZIP/SRC/JEMM.INC
/SOURCE/JEMM/SOURCES.ZIP/SRC/JEMM16.ASM
/SOURCE/JEMM/SOURCES.ZIP/SRC/JEMM16.INC
/SOURCE/JEMM/SOURCES.ZIP/SRC/JEMM32.ASM
/SOURCE/JEMM/SOURCES.ZIP/SRC/JEMM32.INC
/SOURCE/JEMM/SOURCES.ZIP/SRC/MAKEFILE
/SOURCE/JEMM/SOURCES.ZIP/SRC/POOL.ASM
/SOURCE/JEMM/SOURCES.ZIP/SRC/VCPI.ASM
/SOURCE/JEMM/SOURCES.ZIP/SRC/VDS.ASM
/SOURCE/JEMM/SOURCES.ZIP/SRC/XMS.ASM
/SOURCE/JEMM/SOURCES.ZIP/TOOLS/
/SOURCE/JEMM/SOURCES.ZIP/TOOLS/BIN2INC.EXE
/SOURCE/JEMM/SOURCES.ZIP/TOOLS/CPUSTAT/
/SOURCE/JEMM/SOURCES.ZIP/TOOLS/CPUSTAT/CPUSTAT.ASM
/SOURCE/JEMM/SOURCES.ZIP/TOOLS/CPUSTAT/MAKE.BAT
/SOURCE/JEMM/SOURCES.ZIP/TOOLS/CPUSTAT/PRINTF.INC
/SOURCE/JEMM/SOURCES.ZIP/TOOLS/EMSSTAT/
/SOURCE/JEMM/SOURCES.ZIP/TOOLS/EMSSTAT/EMSSTAT.ASM
/SOURCE/JEMM/SOURCES.ZIP/TOOLS/EMSSTAT/MAKE.BAT
/SOURCE/JEMM/SOURCES.ZIP/TOOLS/JEMFBHLP/
/SOURCE/JEMM/SOURCES.ZIP/TOOLS/JEMFBHLP/JEMFBHLP.ASM
/SOURCE/JEMM/SOURCES.ZIP/TOOLS/JEMFBHLP/MAKE.BAT
/SOURCE/JEMM/SOURCES.ZIP/TOOLS/JLOAD/
/SOURCE/JEMM/SOURCES.ZIP/TOOLS/JLOAD/DEBUG.INC
/SOURCE/JEMM/SOURCES.ZIP/TOOLS/JLOAD/JLOAD.ASM
/SOURCE/JEMM/SOURCES.ZIP/TOOLS/JLOAD/JLOAD.INC
/SOURCE/JEMM/SOURCES.ZIP/TOOLS/JLOAD/JLOAD32.ASM
/SOURCE/JEMM/SOURCES.ZIP/TOOLS/JLOAD/JLOAD32.INC
/SOURCE/JEMM/SOURCES.ZIP/TOOLS/JLOAD/MACROS.INC
/SOURCE/JEMM/SOURCES.ZIP/TOOLS/JLOAD/MAKEFILE
/SOURCE/JEMM/SOURCES.ZIP/TOOLS/JLOAD/VDMAD.ASM
/SOURCE/JEMM/SOURCES.ZIP/TOOLS/JLOAD/VMM.ASM
/SOURCE/JEMM/SOURCES.ZIP/TOOLS/JLOAD/WINNT.INC
/SOURCE/JEMM/SOURCES.ZIP/TOOLS/MEMSTAT/
/SOURCE/JEMM/SOURCES.ZIP/TOOLS/MEMSTAT/MAKE.BAT
/SOURCE/JEMM/SOURCES.ZIP/TOOLS/MEMSTAT/MEMSTAT.ASM
/SOURCE/JEMM/SOURCES.ZIP/TOOLS/MOVEXBDA/
/SOURCE/JEMM/SOURCES.ZIP/TOOLS/MOVEXBDA/MAKE.BAT
/SOURCE/JEMM/SOURCES.ZIP/TOOLS/MOVEXBDA/MOVEXBDA.ASM
/SOURCE/JEMM/SOURCES.ZIP/TOOLS/UMBM/
/SOURCE/JEMM/SOURCES.ZIP/TOOLS/UMBM/MAKE.BAT
/SOURCE/JEMM/SOURCES.ZIP/TOOLS/UMBM/UMBM.ASM
/SOURCE/JEMM/SOURCES.ZIP/TOOLS/XMSSTAT/
/SOURCE/JEMM/SOURCES.ZIP/TOOLS/XMSSTAT/MAKE.BAT
/SOURCE/JEMM/SOURCES.ZIP/TOOLS/XMSSTAT/XMSSTAT.ASM
