/
/APPINFO/
/APPINFO/KERNEL.DE
/APPINFO/KERNEL.FR
/APPINFO/KERNEL.LSM
/APPINFO/KERNEL.SV
/APPINFO/KERNEL.TR
/BIN/
/BIN/COUNTRY.SYS
/BIN/KERNL386.SYS
/BIN/KERNL86.SYS
/BIN/KERNL86N.SYS
/BIN/SETVER.SYS
/BIN/SYS.COM
/DOC/
/DOC/KERNEL/
/DOC/KERNEL/COPYING
/DOC/KERNEL/bugs.txt
/DOC/KERNEL/build.txt
/DOC/KERNEL/config.txt
/DOC/KERNEL/contrib.txt
/DOC/KERNEL/history.txt
/DOC/KERNEL/index.md
/DOC/KERNEL/intfns.txt
/DOC/KERNEL/lfnapi.txt
/DOC/KERNEL/memdisk.txt
/DOC/KERNEL/mkboot.txt
/DOC/KERNEL/nls.txt
/DOC/KERNEL/readme.cvs
/DOC/KERNEL/readme.txt
/DOC/KERNEL/sys.txt
/SOURCE/
/SOURCE/KERNEL/
/SOURCE/KERNEL/SOURCES.ZIP/
/SOURCE/KERNEL/SOURCES.ZIP/bin/
/SOURCE/KERNEL/SOURCES.ZIP/bin/autoexec.bat
/SOURCE/KERNEL/SOURCES.ZIP/bin/config.sys
/SOURCE/KERNEL/SOURCES.ZIP/bin/install.bat
/SOURCE/KERNEL/SOURCES.ZIP/boot/
/SOURCE/KERNEL/SOURCES.ZIP/boot/boot.asm
/SOURCE/KERNEL/SOURCES.ZIP/boot/boot32.asm
/SOURCE/KERNEL/SOURCES.ZIP/boot/boot32lb.asm
/SOURCE/KERNEL/SOURCES.ZIP/boot/makefile
/SOURCE/KERNEL/SOURCES.ZIP/boot/oemboot.asm
/SOURCE/KERNEL/SOURCES.ZIP/buildall.bat
/SOURCE/KERNEL/SOURCES.ZIP/build.bat
/SOURCE/KERNEL/SOURCES.ZIP/ci_build.sh
/SOURCE/KERNEL/SOURCES.ZIP/ci_test.sh
/SOURCE/KERNEL/SOURCES.ZIP/clean.bat
/SOURCE/KERNEL/SOURCES.ZIP/clobber.bat
/SOURCE/KERNEL/SOURCES.ZIP/config.b
/SOURCE/KERNEL/SOURCES.ZIP/config.m
/SOURCE/KERNEL/SOURCES.ZIP/COPYING
/SOURCE/KERNEL/SOURCES.ZIP/default.bat
/SOURCE/KERNEL/SOURCES.ZIP/docs/
/SOURCE/KERNEL/SOURCES.ZIP/docs/bugs.txt
/SOURCE/KERNEL/SOURCES.ZIP/docs/build.txt
/SOURCE/KERNEL/SOURCES.ZIP/docs/config.txt
/SOURCE/KERNEL/SOURCES.ZIP/docs/contrib.txt
/SOURCE/KERNEL/SOURCES.ZIP/docs/fdkernel.lsm
/SOURCE/KERNEL/SOURCES.ZIP/docs/history.txt
/SOURCE/KERNEL/SOURCES.ZIP/docs/index.md
/SOURCE/KERNEL/SOURCES.ZIP/docs/intfns.txt
/SOURCE/KERNEL/SOURCES.ZIP/docs/lfnapi.txt
/SOURCE/KERNEL/SOURCES.ZIP/docs/memdisk.txt
/SOURCE/KERNEL/SOURCES.ZIP/docs/mkboot.txt
/SOURCE/KERNEL/SOURCES.ZIP/docs/nls.txt
/SOURCE/KERNEL/SOURCES.ZIP/docs/readme.cvs
/SOURCE/KERNEL/SOURCES.ZIP/docs/readme.txt
/SOURCE/KERNEL/SOURCES.ZIP/docs/sys.txt
/SOURCE/KERNEL/SOURCES.ZIP/drivers/
/SOURCE/KERNEL/SOURCES.ZIP/drivers/floppy.asm
/SOURCE/KERNEL/SOURCES.ZIP/drivers/makefile
/SOURCE/KERNEL/SOURCES.ZIP/drivers/rdpcclk.asm
/SOURCE/KERNEL/SOURCES.ZIP/drivers/wratclk.asm
/SOURCE/KERNEL/SOURCES.ZIP/drivers/wrpcclk.asm
/SOURCE/KERNEL/SOURCES.ZIP/filelist
/SOURCE/KERNEL/SOURCES.ZIP/hdr/
/SOURCE/KERNEL/SOURCES.ZIP/hdr/algnbyte.h
/SOURCE/KERNEL/SOURCES.ZIP/hdr/algndflt.h
/SOURCE/KERNEL/SOURCES.ZIP/hdr/buffer.h
/SOURCE/KERNEL/SOURCES.ZIP/hdr/cds.h
/SOURCE/KERNEL/SOURCES.ZIP/hdr/clock.h
/SOURCE/KERNEL/SOURCES.ZIP/hdr/date.h
/SOURCE/KERNEL/SOURCES.ZIP/hdr/dcb.h
/SOURCE/KERNEL/SOURCES.ZIP/hdr/debug.h
/SOURCE/KERNEL/SOURCES.ZIP/hdr/device.h
/SOURCE/KERNEL/SOURCES.ZIP/hdr/dirmatch.h
/SOURCE/KERNEL/SOURCES.ZIP/hdr/dsk.h
/SOURCE/KERNEL/SOURCES.ZIP/hdr/error.h
/SOURCE/KERNEL/SOURCES.ZIP/hdr/exe.h
/SOURCE/KERNEL/SOURCES.ZIP/hdr/fat.h
/SOURCE/KERNEL/SOURCES.ZIP/hdr/fcb.h
/SOURCE/KERNEL/SOURCES.ZIP/hdr/file.h
/SOURCE/KERNEL/SOURCES.ZIP/hdr/fnode.h
/SOURCE/KERNEL/SOURCES.ZIP/hdr/kbd.h
/SOURCE/KERNEL/SOURCES.ZIP/hdr/kconfig.h
/SOURCE/KERNEL/SOURCES.ZIP/hdr/lol.h
/SOURCE/KERNEL/SOURCES.ZIP/hdr/mcb.h
/SOURCE/KERNEL/SOURCES.ZIP/hdr/network.h
/SOURCE/KERNEL/SOURCES.ZIP/hdr/nls.h
/SOURCE/KERNEL/SOURCES.ZIP/hdr/pcb.h
/SOURCE/KERNEL/SOURCES.ZIP/hdr/portab.h
/SOURCE/KERNEL/SOURCES.ZIP/hdr/process.h
/SOURCE/KERNEL/SOURCES.ZIP/hdr/sft.h
/SOURCE/KERNEL/SOURCES.ZIP/hdr/stacks.inc
/SOURCE/KERNEL/SOURCES.ZIP/hdr/tail.h
/SOURCE/KERNEL/SOURCES.ZIP/hdr/time.h
/SOURCE/KERNEL/SOURCES.ZIP/hdr/version.h
/SOURCE/KERNEL/SOURCES.ZIP/hdr/win.h
/SOURCE/KERNEL/SOURCES.ZIP/hdr/xstructs.h
/SOURCE/KERNEL/SOURCES.ZIP/kernel/
/SOURCE/KERNEL/SOURCES.ZIP/kernel/apisupt.asm
/SOURCE/KERNEL/SOURCES.ZIP/kernel/asmsupt.asm
/SOURCE/KERNEL/SOURCES.ZIP/kernel/blockio.c
/SOURCE/KERNEL/SOURCES.ZIP/kernel/break.c
/SOURCE/KERNEL/SOURCES.ZIP/kernel/chario.c
/SOURCE/KERNEL/SOURCES.ZIP/kernel/config.c
/SOURCE/KERNEL/SOURCES.ZIP/kernel/config.h
/SOURCE/KERNEL/SOURCES.ZIP/kernel/console.asm
/SOURCE/KERNEL/SOURCES.ZIP/kernel/country.asm
/SOURCE/KERNEL/SOURCES.ZIP/kernel/cpu.asm
/SOURCE/KERNEL/SOURCES.ZIP/kernel/dosfns.c
/SOURCE/KERNEL/SOURCES.ZIP/kernel/dosidle.asm
/SOURCE/KERNEL/SOURCES.ZIP/kernel/dsk.c
/SOURCE/KERNEL/SOURCES.ZIP/kernel/dyndata.h
/SOURCE/KERNEL/SOURCES.ZIP/kernel/dyninit.c
/SOURCE/KERNEL/SOURCES.ZIP/kernel/entry.asm
/SOURCE/KERNEL/SOURCES.ZIP/kernel/error.c
/SOURCE/KERNEL/SOURCES.ZIP/kernel/execrh.asm
/SOURCE/KERNEL/SOURCES.ZIP/kernel/fatdir.c
/SOURCE/KERNEL/SOURCES.ZIP/kernel/fatfs.c
/SOURCE/KERNEL/SOURCES.ZIP/kernel/fattab.c
/SOURCE/KERNEL/SOURCES.ZIP/kernel/fcbfns.c
/SOURCE/KERNEL/SOURCES.ZIP/kernel/globals.h
/SOURCE/KERNEL/SOURCES.ZIP/kernel/init-dat.h
/SOURCE/KERNEL/SOURCES.ZIP/kernel/init-mod.h
/SOURCE/KERNEL/SOURCES.ZIP/kernel/initclk.c
/SOURCE/KERNEL/SOURCES.ZIP/kernel/initdisk.c
/SOURCE/KERNEL/SOURCES.ZIP/kernel/inithma.c
/SOURCE/KERNEL/SOURCES.ZIP/kernel/initoem.c
/SOURCE/KERNEL/SOURCES.ZIP/kernel/int2f.asm
/SOURCE/KERNEL/SOURCES.ZIP/kernel/inthndlr.c
/SOURCE/KERNEL/SOURCES.ZIP/kernel/intr.asm
/SOURCE/KERNEL/SOURCES.ZIP/kernel/io.asm
/SOURCE/KERNEL/SOURCES.ZIP/kernel/io.inc
/SOURCE/KERNEL/SOURCES.ZIP/kernel/ioctl.c
/SOURCE/KERNEL/SOURCES.ZIP/kernel/iprf.c
/SOURCE/KERNEL/SOURCES.ZIP/kernel/irqstack.asm
/SOURCE/KERNEL/SOURCES.ZIP/kernel/kernel.asm
/SOURCE/KERNEL/SOURCES.ZIP/kernel/kernel.cfg
/SOURCE/KERNEL/SOURCES.ZIP/kernel/kernel.ld
/SOURCE/KERNEL/SOURCES.ZIP/kernel/lfnapi.c
/SOURCE/KERNEL/SOURCES.ZIP/kernel/ludivmul.inc
/SOURCE/KERNEL/SOURCES.ZIP/kernel/main.c
/SOURCE/KERNEL/SOURCES.ZIP/kernel/makefile
/SOURCE/KERNEL/SOURCES.ZIP/kernel/memdisk.asm
/SOURCE/KERNEL/SOURCES.ZIP/kernel/memmgr.c
/SOURCE/KERNEL/SOURCES.ZIP/kernel/misc.c
/SOURCE/KERNEL/SOURCES.ZIP/kernel/network.c
/SOURCE/KERNEL/SOURCES.ZIP/kernel/newstuff.c
/SOURCE/KERNEL/SOURCES.ZIP/kernel/nls.c
/SOURCE/KERNEL/SOURCES.ZIP/kernel/nls/
/SOURCE/KERNEL/SOURCES.ZIP/kernel/nls/001-437.hc
/SOURCE/KERNEL/SOURCES.ZIP/kernel/nls/001-437.unf
/SOURCE/KERNEL/SOURCES.ZIP/kernel/nls/001-437.up
/SOURCE/KERNEL/SOURCES.ZIP/kernel/nls/049-850.hc
/SOURCE/KERNEL/SOURCES.ZIP/kernel/nls/049-850.unf
/SOURCE/KERNEL/SOURCES.ZIP/kernel/nls/049-850.up
/SOURCE/KERNEL/SOURCES.ZIP/kernel/nls/files
/SOURCE/KERNEL/SOURCES.ZIP/kernel/nls_hc.asm
/SOURCE/KERNEL/SOURCES.ZIP/kernel/nls_load.c
/SOURCE/KERNEL/SOURCES.ZIP/kernel/nlssupt.asm
/SOURCE/KERNEL/SOURCES.ZIP/kernel/prf.c
/SOURCE/KERNEL/SOURCES.ZIP/kernel/printer.asm
/SOURCE/KERNEL/SOURCES.ZIP/kernel/procsupt.asm
/SOURCE/KERNEL/SOURCES.ZIP/kernel/proto.h
/SOURCE/KERNEL/SOURCES.ZIP/kernel/segs.inc
/SOURCE/KERNEL/SOURCES.ZIP/kernel/serial.asm
/SOURCE/KERNEL/SOURCES.ZIP/kernel/strings.c
/SOURCE/KERNEL/SOURCES.ZIP/kernel/sysclk.c
/SOURCE/KERNEL/SOURCES.ZIP/kernel/syspack.c
/SOURCE/KERNEL/SOURCES.ZIP/kernel/systime.c
/SOURCE/KERNEL/SOURCES.ZIP/kernel/task.c
/SOURCE/KERNEL/SOURCES.ZIP/kernel/turboc.cfg
/SOURCE/KERNEL/SOURCES.ZIP/lib/
/SOURCE/KERNEL/SOURCES.ZIP/lib/makefile
/SOURCE/KERNEL/SOURCES.ZIP/makefile
/SOURCE/KERNEL/SOURCES.ZIP/MAKEPKGS.BAT
/SOURCE/KERNEL/SOURCES.ZIP/mkfiles/
/SOURCE/KERNEL/SOURCES.ZIP/mkfiles/bc3.mak
/SOURCE/KERNEL/SOURCES.ZIP/mkfiles/bc5.mak
/SOURCE/KERNEL/SOURCES.ZIP/mkfiles/gcc.mak
/SOURCE/KERNEL/SOURCES.ZIP/mkfiles/generic.mak
/SOURCE/KERNEL/SOURCES.ZIP/mkfiles/mscl8.mak
/SOURCE/KERNEL/SOURCES.ZIP/mkfiles/owlinux.mak
/SOURCE/KERNEL/SOURCES.ZIP/mkfiles/owwin.mak
/SOURCE/KERNEL/SOURCES.ZIP/mkfiles/tc2.mak
/SOURCE/KERNEL/SOURCES.ZIP/mkfiles/tc3.mak
/SOURCE/KERNEL/SOURCES.ZIP/mkfiles/turbocpp.mak
/SOURCE/KERNEL/SOURCES.ZIP/mkfiles/watcom.mak
/SOURCE/KERNEL/SOURCES.ZIP/README.md
/SOURCE/KERNEL/SOURCES.ZIP/RELEASE.BAT
/SOURCE/KERNEL/SOURCES.ZIP/setver/
/SOURCE/KERNEL/SOURCES.ZIP/setver/makefile
/SOURCE/KERNEL/SOURCES.ZIP/setver/setver.asm
/SOURCE/KERNEL/SOURCES.ZIP/share/
/SOURCE/KERNEL/SOURCES.ZIP/share/makefile
/SOURCE/KERNEL/SOURCES.ZIP/share/share.c
/SOURCE/KERNEL/SOURCES.ZIP/share/share.hlp
/SOURCE/KERNEL/SOURCES.ZIP/sys/
/SOURCE/KERNEL/SOURCES.ZIP/sys/bin2c.c
/SOURCE/KERNEL/SOURCES.ZIP/sys/fdkrncfg.c
/SOURCE/KERNEL/SOURCES.ZIP/sys/makefile
/SOURCE/KERNEL/SOURCES.ZIP/sys/sys.c
/SOURCE/KERNEL/SOURCES.ZIP/sys/talloc.c
/SOURCE/KERNEL/SOURCES.ZIP/tests/
/SOURCE/KERNEL/SOURCES.ZIP/tests/absread/
/SOURCE/KERNEL/SOURCES.ZIP/tests/absread/absread.c
/SOURCE/KERNEL/SOURCES.ZIP/tests/absread/build.bat
/SOURCE/KERNEL/SOURCES.ZIP/utils/
/SOURCE/KERNEL/SOURCES.ZIP/utils/echoto.bat
/SOURCE/KERNEL/SOURCES.ZIP/utils/exeflat.c
/SOURCE/KERNEL/SOURCES.ZIP/utils/indent.ini
/SOURCE/KERNEL/SOURCES.ZIP/utils/makefile
/SOURCE/KERNEL/SOURCES.ZIP/utils/patchobj.c
/SOURCE/KERNEL/SOURCES.ZIP/utils/proto.bat
/SOURCE/KERNEL/SOURCES.ZIP/utils/relocinf.c
/SOURCE/KERNEL/SOURCES.ZIP/utils/rmfiles.bat
/SOURCE/KERNEL/SOURCES.ZIP/utils/wlinker.bat
