/
/APPINFO/
/APPINFO/KEYB_LAY.DE
/APPINFO/KEYB_LAY.FR
/APPINFO/KEYB_LAY.LSM
/APPINFO/KEYB_LAY.SV
/APPINFO/KEYB_LAY.TR
/BIN/
/BIN/KEYBOARD.SYS
/BIN/KEYBRD2.SYS
/BIN/KEYBRD3.SYS
/BIN/KEYBRD4.SYS
/DOC/
/DOC/KEYB/
/DOC/KEYB/LAYOUTS/
/DOC/KEYB/LAYOUTS/BE-INTL.TXT
/DOC/KEYB/LAYOUTS/CHEROKEE.TXT
/DOC/KEYB/LAYOUTS/COPYING.TXT
/DOC/KEYB/LAYOUTS/ENHANCED.TXT
/DOC/KEYB/LAYOUTS/FR-INTL.TXT
/DOC/KEYB/LAYOUTS/GEORGIA.TXT
/DOC/KEYB/LAYOUTS/HISTORY.TXT
/DOC/KEYB/LAYOUTS/IT-INTL.TXT
/DOC/KEYB/LAYOUTS/JP106.TXT
/DOC/KEYB/LAYOUTS/LAYOUTS.TXT
/DOC/KEYB/LAYOUTS/PO-INTL.TXT
/DOC/KEYB/LAYOUTS/README.TXT
/DOC/KEYB/LAYOUTS/RUSSIA.TXT
/DOC/KEYB/LAYOUTS/SP-INTL.TXT
/DOC/KEYB/LAYOUTS/UK-INTL.TXT
/DOC/KEYB/LAYOUTS/US-INTL.TXT
/SOURCE/
/SOURCE/KEYB/
/SOURCE/KEYB/LAYOUTS/
/SOURCE/KEYB/LAYOUTS/AR462.KEY
/SOURCE/KEYB/LAYOUTS/AR470.KEY
/SOURCE/KEYB/LAYOUTS/AZ.KEY
/SOURCE/KEYB/LAYOUTS/BE.KEY
/SOURCE/KEYB/LAYOUTS/BG.KEY
/SOURCE/KEYB/LAYOUTS/BG103.KEY
/SOURCE/KEYB/LAYOUTS/BG241.KEY
/SOURCE/KEYB/LAYOUTS/BL.KEY
/SOURCE/KEYB/LAYOUTS/BN.KEY
/SOURCE/KEYB/LAYOUTS/BR.KEY
/SOURCE/KEYB/LAYOUTS/BR274.KEY
/SOURCE/KEYB/LAYOUTS/BX.KEY
/SOURCE/KEYB/LAYOUTS/CE.KEY
/SOURCE/KEYB/LAYOUTS/CE443.KEY
/SOURCE/KEYB/LAYOUTS/CF.KEY
/SOURCE/KEYB/LAYOUTS/CF445.KEY
/SOURCE/KEYB/LAYOUTS/CO.KEY
/SOURCE/KEYB/LAYOUTS/CZ.KEY
/SOURCE/KEYB/LAYOUTS/CZ244.KEY
/SOURCE/KEYB/LAYOUTS/CZ489.KEY
/SOURCE/KEYB/LAYOUTS/DK.KEY
/SOURCE/KEYB/LAYOUTS/DV.KEY
/SOURCE/KEYB/LAYOUTS/ET.KEY
/SOURCE/KEYB/LAYOUTS/FO.KEY
/SOURCE/KEYB/LAYOUTS/FR.KEY
/SOURCE/KEYB/LAYOUTS/FX.KEY
/SOURCE/KEYB/LAYOUTS/GK.KEY
/SOURCE/KEYB/LAYOUTS/GK220.KEY
/SOURCE/KEYB/LAYOUTS/GK459.KEY
/SOURCE/KEYB/LAYOUTS/GR.KEY
/SOURCE/KEYB/LAYOUTS/GR453.KEY
/SOURCE/KEYB/LAYOUTS/HU.KEY
/SOURCE/KEYB/LAYOUTS/HU208.KEY
/SOURCE/KEYB/LAYOUTS/HY.KEY
/SOURCE/KEYB/LAYOUTS/IL.KEY
/SOURCE/KEYB/LAYOUTS/IS.KEY
/SOURCE/KEYB/LAYOUTS/IS161.KEY
/SOURCE/KEYB/LAYOUTS/IT.KEY
/SOURCE/KEYB/LAYOUTS/IT142.KEY
/SOURCE/KEYB/LAYOUTS/IX.KEY
/SOURCE/KEYB/LAYOUTS/JP.KEY
/SOURCE/KEYB/LAYOUTS/KA.KEY
/SOURCE/KEYB/LAYOUTS/KK.KEY
/SOURCE/KEYB/LAYOUTS/KK476.KEY
/SOURCE/KEYB/LAYOUTS/KX.KEY
/SOURCE/KEYB/LAYOUTS/KY.KEY
/SOURCE/KEYB/LAYOUTS/LA.KEY
/SOURCE/KEYB/LAYOUTS/LH.KEY
/SOURCE/KEYB/LAYOUTS/LT.KEY
/SOURCE/KEYB/LAYOUTS/LT210.KEY
/SOURCE/KEYB/LAYOUTS/LT211.KEY
/SOURCE/KEYB/LAYOUTS/LT221.KEY
/SOURCE/KEYB/LAYOUTS/LT456.KEY
/SOURCE/KEYB/LAYOUTS/LV.KEY
/SOURCE/KEYB/LAYOUTS/LV455.KEY
/SOURCE/KEYB/LAYOUTS/MK.KEY
/SOURCE/KEYB/LAYOUTS/MN.KEY
/SOURCE/KEYB/LAYOUTS/MT.KEY
/SOURCE/KEYB/LAYOUTS/MT103.KEY
/SOURCE/KEYB/LAYOUTS/NE.KEY
/SOURCE/KEYB/LAYOUTS/NG.KEY
/SOURCE/KEYB/LAYOUTS/NL.KEY
/SOURCE/KEYB/LAYOUTS/NO.KEY
/SOURCE/KEYB/LAYOUTS/PH.KEY
/SOURCE/KEYB/LAYOUTS/PL.KEY
/SOURCE/KEYB/LAYOUTS/PL214.KEY
/SOURCE/KEYB/LAYOUTS/PO.KEY
/SOURCE/KEYB/LAYOUTS/PX.KEY
/SOURCE/KEYB/LAYOUTS/RH.KEY
/SOURCE/KEYB/LAYOUTS/RO.KEY
/SOURCE/KEYB/LAYOUTS/RO446.KEY
/SOURCE/KEYB/LAYOUTS/RU.KEY
/SOURCE/KEYB/LAYOUTS/RU443.KEY
/SOURCE/KEYB/LAYOUTS/RX.KEY
/SOURCE/KEYB/LAYOUTS/RX443.KEY
/SOURCE/KEYB/LAYOUTS/SF.KEY
/SOURCE/KEYB/LAYOUTS/SG.KEY
/SOURCE/KEYB/LAYOUTS/SK.KEY
/SOURCE/KEYB/LAYOUTS/SP.KEY
/SOURCE/KEYB/LAYOUTS/SQ.KEY
/SOURCE/KEYB/LAYOUTS/SQ448.KEY
/SOURCE/KEYB/LAYOUTS/SU.KEY
/SOURCE/KEYB/LAYOUTS/SX.KEY
/SOURCE/KEYB/LAYOUTS/TJ.KEY
/SOURCE/KEYB/LAYOUTS/TM.KEY
/SOURCE/KEYB/LAYOUTS/TR.KEY
/SOURCE/KEYB/LAYOUTS/TR440.KEY
/SOURCE/KEYB/LAYOUTS/TT.KEY
/SOURCE/KEYB/LAYOUTS/TT443.KEY
/SOURCE/KEYB/LAYOUTS/UK.KEY
/SOURCE/KEYB/LAYOUTS/UK168.KEY
/SOURCE/KEYB/LAYOUTS/UR.KEY
/SOURCE/KEYB/LAYOUTS/UR1996.KEY
/SOURCE/KEYB/LAYOUTS/UR2001.KEY
/SOURCE/KEYB/LAYOUTS/UR2007.KEY
/SOURCE/KEYB/LAYOUTS/UR465.KEY
/SOURCE/KEYB/LAYOUTS/US.KEY
/SOURCE/KEYB/LAYOUTS/UX.KEY
/SOURCE/KEYB/LAYOUTS/UZ.KEY
/SOURCE/KEYB/LAYOUTS/VI.KEY
/SOURCE/KEYB/LAYOUTS/YC.KEY
/SOURCE/KEYB/LAYOUTS/YC450.KEY
/SOURCE/KEYB/LAYOUTS/YU.KEY
