/
/APPINFO/
/APPINFO/LABEL.DE
/APPINFO/LABEL.FR
/APPINFO/LABEL.LSM
/APPINFO/LABEL.SV
/APPINFO/LABEL.TR
/BIN/
/BIN/LABEL.EXE
/BIN/_LABEL.EXE
/DOC/
/DOC/LABEL/
/DOC/LABEL/HISTORY.TXT
/DOC/LABEL/LICENSE
/NLS/
/NLS/LABEL.DE
/NLS/LABEL.EN
/NLS/LABEL.FR
/NLS/LABEL.SV
/NLS/LABEL.TR
/SOURCE/
/SOURCE/LABEL/
/SOURCE/LABEL/SOURCES.ZIP/
/SOURCE/LABEL/SOURCES.ZIP/build.bat
/SOURCE/LABEL/SOURCES.ZIP/build.sh
/SOURCE/LABEL/SOURCES.ZIP/doc/
/SOURCE/LABEL/SOURCES.ZIP/doc/history.txt
/SOURCE/LABEL/SOURCES.ZIP/kitten/
/SOURCE/LABEL/SOURCES.ZIP/kitten/LICENSE
/SOURCE/LABEL/SOURCES.ZIP/kitten/build.bat
/SOURCE/LABEL/SOURCES.ZIP/kitten/build.sh
/SOURCE/LABEL/SOURCES.ZIP/kitten/kitten.c
/SOURCE/LABEL/SOURCES.ZIP/kitten/kitten.h
/SOURCE/LABEL/SOURCES.ZIP/kitten/test/
/SOURCE/LABEL/SOURCES.ZIP/kitten/test/Makefile
/SOURCE/LABEL/SOURCES.ZIP/kitten/test/nls/
/SOURCE/LABEL/SOURCES.ZIP/kitten/test/nls/test.es
/SOURCE/LABEL/SOURCES.ZIP/kitten/test/test.c
/SOURCE/LABEL/SOURCES.ZIP/label.lsm
/SOURCE/LABEL/SOURCES.ZIP/license
/SOURCE/LABEL/SOURCES.ZIP/nls/
/SOURCE/LABEL/SOURCES.ZIP/nls/label.de
/SOURCE/LABEL/SOURCES.ZIP/nls/label.en
/SOURCE/LABEL/SOURCES.ZIP/nls/label.fr
/SOURCE/LABEL/SOURCES.ZIP/nls/label.tr
/SOURCE/LABEL/SOURCES.ZIP/src/
/SOURCE/LABEL/SOURCES.ZIP/src/Makefile
/SOURCE/LABEL/SOURCES.ZIP/src/label.c
/SOURCE/LABEL/SOURCES.ZIP/src/label.tc
/SOURCE/LABEL/SOURCES.ZIP/src/prf.c
