/
/APPINFO/
/APPINFO/LBACACHE.DE
/APPINFO/LBACACHE.FR
/APPINFO/LBACACHE.LSM
/APPINFO/LBACACHE.SV
/APPINFO/LBACACHE.TR
/BIN/
/BIN/LBACACHE.COM
/BIN/TICKLE.COM
/DOC/
/DOC/LBACACHE/
/DOC/LBACACHE/CACHES.TXT
/DOC/LBACACHE/COPYING.TXT
/DOC/LBACACHE/HISTORY.TXT
/DOC/LBACACHE/LBACACHE.LSM
/DOC/LBACACHE/LBACACHE.TXT
/DOC/LBACACHE/TICKLEHD.TXT
/SOURCE/
/SOURCE/LBACACHE/
/SOURCE/LBACACHE/SOURCES.ZIP/
/SOURCE/LBACACHE/SOURCES.ZIP/BINSEL2.ASM
/SOURCE/LBACACHE/SOURCES.ZIP/BINSEL2.TXT
/SOURCE/LBACACHE/SOURCES.ZIP/BINSEL.ASM
/SOURCE/LBACACHE/SOURCES.ZIP/CHS2LBA.ASM
/SOURCE/LBACACHE/SOURCES.ZIP/CMDLINE.ASM
/SOURCE/LBACACHE/SOURCES.ZIP/DATAHEAD.ASM
/SOURCE/LBACACHE/SOURCES.ZIP/DISCLAIM.TXT
/SOURCE/LBACACHE/SOURCES.ZIP/DISPATCH.ASM
/SOURCE/LBACACHE/SOURCES.ZIP/LBACACHE.ASM
/SOURCE/LBACACHE/SOURCES.ZIP/MAKEFILE.BAT
/SOURCE/LBACACHE/SOURCES.ZIP/MAKEFILE.SH
/SOURCE/LBACACHE/SOURCES.ZIP/MEEPDISP.ASM
/SOURCE/LBACACHE/SOURCES.ZIP/OLD/
/SOURCE/LBACACHE/SOURCES.ZIP/OLD/BINSELS.TGZ
/SOURCE/LBACACHE/SOURCES.ZIP/OLD/DISPATCH.DIF
/SOURCE/LBACACHE/SOURCES.ZIP/READ.ASM
/SOURCE/LBACACHE/SOURCES.ZIP/RWFUNC.ASM
/SOURCE/LBACACHE/SOURCES.ZIP/SETUP.ASM
/SOURCE/LBACACHE/SOURCES.ZIP/TOOLS/
/SOURCE/LBACACHE/SOURCES.ZIP/TOOLS/TICKLE.ASM
/SOURCE/LBACACHE/SOURCES.ZIP/UNCACHE.ASM
/SOURCE/LBACACHE/SOURCES.ZIP/WRITE.ASM
/SOURCE/LBACACHE/SOURCES.ZIP/XMSCOPY.ASM
