/
/APPINFO/
/APPINFO/MEM.DE
/APPINFO/MEM.FR
/APPINFO/MEM.LSM
/APPINFO/MEM.SV
/APPINFO/MEM.TR
/BIN/
/BIN/MEM.EXE
/DOC/
/DOC/MEM/
/DOC/MEM/LICENSE.TXT
/DOC/MEM/MEM.LSM
/DOC/MEM/README
/NLS/
/NLS/MEM.DE
/NLS/MEM.EN
/NLS/MEM.ES
/NLS/MEM.FI
/NLS/MEM.FR
/NLS/MEM.IT
/NLS/MEM.NL
/NLS/MEM.PL
/NLS/MEM.SL
/NLS/MEM.SV
/NLS/MEM.TR
/SOURCE/
/SOURCE/MEM/
/SOURCE/MEM/SOURCES.ZIP/
/SOURCE/MEM/SOURCES.ZIP/BUILD.BAT
/SOURCE/MEM/SOURCES.ZIP/FILELIST.TXT
/SOURCE/MEM/SOURCES.ZIP/KITTEN.C
/SOURCE/MEM/SOURCES.ZIP/KITTEN.H
/SOURCE/MEM/SOURCES.ZIP/MAKEFILE
/SOURCE/MEM/SOURCES.ZIP/MAKENLS.PL
/SOURCE/MEM/SOURCES.ZIP/MAKEZIP.BAT
/SOURCE/MEM/SOURCES.ZIP/MEM2.C
/SOURCE/MEM/SOURCES.ZIP/MEM.C
/SOURCE/MEM/SOURCES.ZIP/MEMSUPT.ASM
/SOURCE/MEM/SOURCES.ZIP/MEMTEST.C
/SOURCE/MEM/SOURCES.ZIP/MKFILES/
/SOURCE/MEM/SOURCES.ZIP/MKFILES/GENERIC.MAK
/SOURCE/MEM/SOURCES.ZIP/MKFILES/MAKENLS.MAK
/SOURCE/MEM/SOURCES.ZIP/MKFILES/NLS.MAK
/SOURCE/MEM/SOURCES.ZIP/MKFILES/TURBOCPP.MAK
/SOURCE/MEM/SOURCES.ZIP/MKFILES/WATCOM.MAK
/SOURCE/MEM/SOURCES.ZIP/MUSCHI.PL
/SOURCE/MEM/SOURCES.ZIP/PRF.C
/SOURCE/MEM/SOURCES.ZIP/TEST/
/SOURCE/MEM/SOURCES.ZIP/TEST/CASES.TXT
/SOURCE/MEM/SOURCES.ZIP/TEST/COMMANDS.TXT
/SOURCE/MEM/SOURCES.ZIP/TEST/HMAMIN15.BAT
/SOURCE/MEM/SOURCES.ZIP/TEST/HMAMIN15.SYS
/SOURCE/MEM/SOURCES.ZIP/TEST/HMAMIN64.BAT
/SOURCE/MEM/SOURCES.ZIP/TEST/HMAMIN64.SYS
/SOURCE/MEM/SOURCES.ZIP/TEST/MEMTEST2.BAT
/SOURCE/MEM/SOURCES.ZIP/TEST/PLAIN.BAT
/SOURCE/MEM/SOURCES.ZIP/TEST/PLAIN.SYS
/SOURCE/MEM/SOURCES.ZIP/TEST/XMS.BAT
/SOURCE/MEM/SOURCES.ZIP/TEST/XMS.SYS
