/
/APPINFO/
/APPINFO/MIRROR.DE
/APPINFO/MIRROR.FR
/APPINFO/MIRROR.LSM
/APPINFO/MIRROR.SV
/APPINFO/MIRROR.TR
/BIN/
/BIN/MIRROR.EXE
/DOC/
/DOC/MIRROR/
/DOC/MIRROR/BUGS.TXT
/DOC/MIRROR/CONTRIB.TXT
/DOC/MIRROR/HELP.TXT
/DOC/MIRROR/LICENSE.TXT
/DOC/MIRROR/NEWS.TXT
/DOC/MIRROR/README.TXT
/HELP/
/HELP/MIRROR.DE
/HELP/MIRROR.EN
/HELP/MIRROR.FR
/HELP/MIRROR.SV
/HELP/MIRROR.TR
/SOURCE/
/SOURCE/MIRROR/
/SOURCE/MIRROR/SOURCES.ZIP/
/SOURCE/MIRROR/SOURCES.ZIP/BUGS.TXT
/SOURCE/MIRROR/SOURCES.ZIP/CONTRIB.TXT
/SOURCE/MIRROR/SOURCES.ZIP/HELP.TXT
/SOURCE/MIRROR/SOURCES.ZIP/INSTALL.TXT
/SOURCE/MIRROR/SOURCES.ZIP/LICENSE.TXT
/SOURCE/MIRROR/SOURCES.ZIP/MIRROR.CPP
/SOURCE/MIRROR/SOURCES.ZIP/MIRROR.LSM
/SOURCE/MIRROR/SOURCES.ZIP/NEWS.TXT
/SOURCE/MIRROR/SOURCES.ZIP/README.TXT
