/
/APPINFO/
/APPINFO/MKEYB.DE
/APPINFO/MKEYB.FR
/APPINFO/MKEYB.LSM
/APPINFO/MKEYB.SV
/APPINFO/MKEYB.TR
/BIN/
/BIN/MKEYB.EXE
/DOC/
/DOC/MKEYB/
/DOC/MKEYB/HISTORY.TXT
/DOC/MKEYB/LICENSE.TXT
/DOC/MKEYB/MKEYB.HTM
/DOC/MKEYB/README.TXT
/SOURCE/
/SOURCE/MKEYB/
/SOURCE/MKEYB/SOURCES.ZIP/
/SOURCE/MKEYB/SOURCES.ZIP/BUILD.BAT
/SOURCE/MKEYB/SOURCES.ZIP/HISTORY.TXT
/SOURCE/MKEYB/SOURCES.ZIP/KEYDEFBE.H
/SOURCE/MKEYB/SOURCES.ZIP/KEYDEFBG.H
/SOURCE/MKEYB/SOURCES.ZIP/KEYDEFBP.H
/SOURCE/MKEYB/SOURCES.ZIP/KEYDEFBR.H
/SOURCE/MKEYB/SOURCES.ZIP/KEYDEFBX.H
/SOURCE/MKEYB/SOURCES.ZIP/KEYDEFDK.H
/SOURCE/MKEYB/SOURCES.ZIP/KEYDEFFR.H
/SOURCE/MKEYB/SOURCES.ZIP/KEYDEFGR.H
/SOURCE/MKEYB/SOURCES.ZIP/KEYDEFHE.H
/SOURCE/MKEYB/SOURCES.ZIP/KEYDEFIT.H
/SOURCE/MKEYB/SOURCES.ZIP/KEYDEFLA.H
/SOURCE/MKEYB/SOURCES.ZIP/KEYDEFNL.H
/SOURCE/MKEYB/SOURCES.ZIP/KEYDEFNO.H
/SOURCE/MKEYB/SOURCES.ZIP/KEYDEFPL.H
/SOURCE/MKEYB/SOURCES.ZIP/KEYDEFPO.H
/SOURCE/MKEYB/SOURCES.ZIP/KEYDEFRU.H
/SOURCE/MKEYB/SOURCES.ZIP/KEYDEFSF.H
/SOURCE/MKEYB/SOURCES.ZIP/KEYDEFSG.H
/SOURCE/MKEYB/SOURCES.ZIP/KEYDEFSL.H
/SOURCE/MKEYB/SOURCES.ZIP/KEYDEFSP.H
/SOURCE/MKEYB/SOURCES.ZIP/KEYDEFSU.H
/SOURCE/MKEYB/SOURCES.ZIP/KEYDEFSV.H
/SOURCE/MKEYB/SOURCES.ZIP/KEYDEFUK.H
/SOURCE/MKEYB/SOURCES.ZIP/LICENSE.TXT
/SOURCE/MKEYB/SOURCES.ZIP/MAKEFILE
/SOURCE/MKEYB/SOURCES.ZIP/MKEYBA.ASM
/SOURCE/MKEYB/SOURCES.ZIP/MKEYB.C
/SOURCE/MKEYB/SOURCES.ZIP/MKEYB.H
/SOURCE/MKEYB/SOURCES.ZIP/MKEYB.HTM
/SOURCE/MKEYB/SOURCES.ZIP/MKEYB.LSM
/SOURCE/MKEYB/SOURCES.ZIP/MKEYBR.C
/SOURCE/MKEYB/SOURCES.ZIP/MKZIP.BAT
/SOURCE/MKEYB/SOURCES.ZIP/PORTAB.H
/SOURCE/MKEYB/SOURCES.ZIP/PRF.C
/SOURCE/MKEYB/SOURCES.ZIP/README.TXT
