/
/APPINFO/
/APPINFO/MODE.DE
/APPINFO/MODE.FR
/APPINFO/MODE.LSM
/APPINFO/MODE.SV
/APPINFO/MODE.TR
/BIN/
/BIN/MODE.COM
/DOC/
/DOC/MODE/
/DOC/MODE/MODE.TXT
/HELP/
/HELP/MODE.EN
/SOURCE/
/SOURCE/MODE/
/SOURCE/MODE/SOURCES.ZIP/
/SOURCE/MODE/SOURCES.ZIP/BIN2C.C
/SOURCE/MODE/SOURCES.ZIP/CPITRICK.ASM
/SOURCE/MODE/SOURCES.ZIP/CPITRICK.OBJ
/SOURCE/MODE/SOURCES.ZIP/EGA.CPX
/SOURCE/MODE/SOURCES.ZIP/MAKEFILE
/SOURCE/MODE/SOURCES.ZIP/MODE.C
/SOURCE/MODE/SOURCES.ZIP/MODECON.C
/SOURCE/MODE/SOURCES.ZIP/MODECP.C
/SOURCE/MODE/SOURCES.ZIP/MODE.H
/SOURCE/MODE/SOURCES.ZIP/MODEINT.ASM
/SOURCE/MODE/SOURCES.ZIP/MODEINT.BIN
/SOURCE/MODE/SOURCES.ZIP/MODEINT.H
/SOURCE/MODE/SOURCES.ZIP/MODE.MAP
/SOURCE/MODE/SOURCES.ZIP/MODEOPT.C
/SOURCE/MODE/SOURCES.ZIP/MODEPAR.C
/SOURCE/MODE/SOURCES.ZIP/MODESER.C
/SOURCE/MODE/SOURCES.ZIP/MODETSR.C
/SOURCE/MODE/SOURCES.ZIP/MODEVGA.C
/SOURCE/MODE/SOURCES.ZIP/PRF.C
