/
/APPINFO/
/APPINFO/MORE.DE
/APPINFO/MORE.FR
/APPINFO/MORE.LSM
/APPINFO/MORE.SV
/APPINFO/MORE.TR
/BIN/
/BIN/MORE.EXE
/BIN/_MORE.EXE
/DOC/
/DOC/MORE/
/DOC/MORE/BUGS
/DOC/MORE/GPL-20.TXT
/DOC/MORE/INSTALL
/DOC/MORE/NEWS
/DOC/MORE/README
/HELP/
/HELP/MORE.DE
/HELP/MORE.EN
/HELP/MORE.FR
/HELP/MORE.SV
/HELP/MORE.TR
/NLS/
/NLS/MORE.DE
/NLS/MORE.DK
/NLS/MORE.EN
/NLS/MORE.EO
/NLS/MORE.ES
/NLS/MORE.FI
/NLS/MORE.FR
/NLS/MORE.HU
/NLS/MORE.IT
/NLS/MORE.LV
/NLS/MORE.NL
/NLS/MORE.PL
/NLS/MORE.PT
/NLS/MORE.RU
/NLS/MORE.SL
/NLS/MORE.SV
/NLS/MORE.TR
/SOURCE/
/SOURCE/MORE/
/SOURCE/MORE/SOURCES.ZIP/
/SOURCE/MORE/SOURCES.ZIP/FIND95.C
/SOURCE/MORE/SOURCES.ZIP/FIND95.H
/SOURCE/MORE/SOURCES.ZIP/KITTEN.C
/SOURCE/MORE/SOURCES.ZIP/KITTEN.H
/SOURCE/MORE/SOURCES.ZIP/L2S95.C
/SOURCE/MORE/SOURCES.ZIP/L2S95.H
/SOURCE/MORE/SOURCES.ZIP/LFNAPI.C
/SOURCE/MORE/SOURCES.ZIP/LFNAPI.H
/SOURCE/MORE/SOURCES.ZIP/MAKEFILE
/SOURCE/MORE/SOURCES.ZIP/MKZIP.BAT
/SOURCE/MORE/SOURCES.ZIP/MORE.C
/SOURCE/MORE/SOURCES.ZIP/PRF.C
/SOURCE/MORE/SOURCES.ZIP/TALLOC.C
/SOURCE/MORE/SOURCES.ZIP/TCDUMMY.C
