/
/APPINFO/
/APPINFO/MOVE.DE
/APPINFO/MOVE.FR
/APPINFO/MOVE.LSM
/APPINFO/MOVE.SV
/APPINFO/MOVE.TR
/BIN/
/BIN/MOVE.EXE
/BIN/_MOVE.EXE
/DOC/
/DOC/MOVE/
/DOC/MOVE/BUGS.TXT
/DOC/MOVE/COPYING.TXT
/DOC/MOVE/README
/NLS/
/NLS/MOVE.DE
/NLS/MOVE.EN
/NLS/MOVE.EO
/NLS/MOVE.ES
/NLS/MOVE.FR
/NLS/MOVE.IT
/NLS/MOVE.PL
/NLS/MOVE.SL
/NLS/MOVE.SV
/NLS/MOVE.TR
/SOURCE/
/SOURCE/MOVE/
/SOURCE/MOVE/SOURCES.ZIP/
/SOURCE/MOVE/SOURCES.ZIP/KITTEN.C
/SOURCE/MOVE/SOURCES.ZIP/KITTEN.H
/SOURCE/MOVE/SOURCES.ZIP/MAKEFILE
/SOURCE/MOVE/SOURCES.ZIP/MISC.C
/SOURCE/MOVE/SOURCES.ZIP/MISC.H
/SOURCE/MOVE/SOURCES.ZIP/MOVE.C
/SOURCE/MOVE/SOURCES.ZIP/MOVEDIR.C
/SOURCE/MOVE/SOURCES.ZIP/MOVEDIR.H
/SOURCE/MOVE/SOURCES.ZIP/VERSION.H
