/
/APPINFO/
/APPINFO/NANSI.DE
/APPINFO/NANSI.FR
/APPINFO/NANSI.LSM
/APPINFO/NANSI.SV
/APPINFO/NANSI.TR
/BIN/
/BIN/NANSI.SYS
/DOC/
/DOC/NANSI/
/DOC/NANSI/LICENSE.TXT
/DOC/NANSI/NANSI.DOC
/SOURCE/
/SOURCE/NANSI/
/SOURCE/NANSI/SOURCES.ZIP/
/SOURCE/NANSI/SOURCES.ZIP/MAKEFILE
/SOURCE/NANSI/SOURCES.ZIP/MAKEFILE.BAT
/SOURCE/NANSI/SOURCES.ZIP/NANSI.ASM
/SOURCE/NANSI/SOURCES.ZIP/NANSI_F.ASM
/SOURCE/NANSI/SOURCES.ZIP/NANSI_I.ASM
/SOURCE/NANSI/SOURCES.ZIP/NANSI.MAP
/SOURCE/NANSI/SOURCES.ZIP/NANSI_P.ASM
/SOURCE/NANSI/SOURCES.ZIP/RAW.C
/SOURCE/NANSI/SOURCES.ZIP/RAW.H
/SOURCE/NANSI/SOURCES.ZIP/TOOLS.TXT
