/
/APPINFO/
/APPINFO/RECOVER.DE
/APPINFO/RECOVER.FR
/APPINFO/RECOVER.LSM
/APPINFO/RECOVER.SV
/APPINFO/RECOVER.TR
/BIN/
/BIN/RECOVER.EXE
/DOC/
/DOC/RECOVER/
/DOC/RECOVER/COPYING
/SOURCE/
/SOURCE/RECOVER/
/SOURCE/RECOVER/SOURCES.ZIP/
/SOURCE/RECOVER/SOURCES.ZIP/CONFIG.MAK
/SOURCE/RECOVER/SOURCES.ZIP/ENGINE/
/SOURCE/RECOVER/SOURCES.ZIP/ENGINE/APMLIB/
/SOURCE/RECOVER/SOURCES.ZIP/ENGINE/APMLIB/INCLUDE/
/SOURCE/RECOVER/SOURCES.ZIP/ENGINE/APMLIB/INCLUDE/APMLIB.H
/SOURCE/RECOVER/SOURCES.ZIP/ENGINE/APMLIB/INCLUDE/CEXT.H
/SOURCE/RECOVER/SOURCES.ZIP/ENGINE/APMLIB/MAKEFILE
/SOURCE/RECOVER/SOURCES.ZIP/ENGINE/APMLIB/OBJ/
/SOURCE/RECOVER/SOURCES.ZIP/ENGINE/APMLIB/OBJ/REMOVE.ME
/SOURCE/RECOVER/SOURCES.ZIP/ENGINE/APMLIB/SOURCE/
/SOURCE/RECOVER/SOURCES.ZIP/ENGINE/APMLIB/SOURCE/APMLIB.C
/SOURCE/RECOVER/SOURCES.ZIP/ENGINE/APMLIB/SOURCE/APMLIBP.PAS
/SOURCE/RECOVER/SOURCES.ZIP/ENGINE/APMLIB/SOURCE/TEST.C
/SOURCE/RECOVER/SOURCES.ZIP/ENGINE/CACHE/
/SOURCE/RECOVER/SOURCES.ZIP/ENGINE/CACHE/BLKCACHE.C
/SOURCE/RECOVER/SOURCES.ZIP/ENGINE/CACHE/BLKCACHE.H
/SOURCE/RECOVER/SOURCES.ZIP/ENGINE/CACHE/EMS.ASM
/SOURCE/RECOVER/SOURCES.ZIP/ENGINE/CACHE/EMS.H
/SOURCE/RECOVER/SOURCES.ZIP/ENGINE/CACHE/LOGCACHE.C
/SOURCE/RECOVER/SOURCES.ZIP/ENGINE/CACHE/LOGCACHE.H
/SOURCE/RECOVER/SOURCES.ZIP/ENGINE/CACHE/MAKEFILE
/SOURCE/RECOVER/SOURCES.ZIP/ENGINE/CACHE/PHSCACHE.C
/SOURCE/RECOVER/SOURCES.ZIP/ENGINE/CACHE/PHSCACHE.H
/SOURCE/RECOVER/SOURCES.ZIP/ENGINE/CACHE/PREREAD.C
/SOURCE/RECOVER/SOURCES.ZIP/ENGINE/CACHE/SCTCACHE.C
/SOURCE/RECOVER/SOURCES.ZIP/ENGINE/CACHE/WRTBACK.C
/SOURCE/RECOVER/SOURCES.ZIP/ENGINE/CACHE/WRTBACK.H
/SOURCE/RECOVER/SOURCES.ZIP/ENGINE/CACHE/XMS.ASM
/SOURCE/RECOVER/SOURCES.ZIP/ENGINE/CACHE/XMS.H
/SOURCE/RECOVER/SOURCES.ZIP/ENGINE/DELETE.BAT
/SOURCE/RECOVER/SOURCES.ZIP/ENGINE/DISKLIB/
/SOURCE/RECOVER/SOURCES.ZIP/ENGINE/DISKLIB/ARCHIVE/
/SOURCE/RECOVER/SOURCES.ZIP/ENGINE/DISKLIB/ARCHIVE/DISKLIB/
/SOURCE/RECOVER/SOURCES.ZIP/ENGINE/DISKLIB/ARCHIVE/DISKLIB/apps.txt
/SOURCE/RECOVER/SOURCES.ZIP/ENGINE/DISKLIB/ARCHIVE/DISKLIB/arc.bat
/SOURCE/RECOVER/SOURCES.ZIP/ENGINE/DISKLIB/ARCHIVE/DISKLIB/boot.c
/SOURCE/RECOVER/SOURCES.ZIP/ENGINE/DISKLIB/ARCHIVE/DISKLIB/boota.c
/SOURCE/RECOVER/SOURCES.ZIP/ENGINE/DISKLIB/ARCHIVE/DISKLIB/bootaw.c
/SOURCE/RECOVER/SOURCES.ZIP/ENGINE/DISKLIB/ARCHIVE/DISKLIB/cc.bat
/SOURCE/RECOVER/SOURCES.ZIP/ENGINE/DISKLIB/ARCHIVE/DISKLIB/changelo.txt
/SOURCE/RECOVER/SOURCES.ZIP/ENGINE/DISKLIB/ARCHIVE/DISKLIB/debug.h
/SOURCE/RECOVER/SOURCES.ZIP/ENGINE/DISKLIB/ARCHIVE/DISKLIB/df.c
/SOURCE/RECOVER/SOURCES.ZIP/ENGINE/DISKLIB/ARCHIVE/DISKLIB/df.txt
/SOURCE/RECOVER/SOURCES.ZIP/ENGINE/DISKLIB/ARCHIVE/DISKLIB/diskfile.c
/SOURCE/RECOVER/SOURCES.ZIP/ENGINE/DISKLIB/ARCHIVE/DISKLIB/disklib.h
/SOURCE/RECOVER/SOURCES.ZIP/ENGINE/DISKLIB/ARCHIVE/DISKLIB/disklib.txt
/SOURCE/RECOVER/SOURCES.ZIP/ENGINE/DISKLIB/ARCHIVE/DISKLIB/dos/
/SOURCE/RECOVER/SOURCES.ZIP/ENGINE/DISKLIB/ARCHIVE/DISKLIB/dos/bios.c
/SOURCE/RECOVER/SOURCES.ZIP/ENGINE/DISKLIB/ARCHIVE/DISKLIB/dos/dosio.c
/SOURCE/RECOVER/SOURCES.ZIP/ENGINE/DISKLIB/ARCHIVE/DISKLIB/dos/env.bat
/SOURCE/RECOVER/SOURCES.ZIP/ENGINE/DISKLIB/ARCHIVE/DISKLIB/dos/error.c
/SOURCE/RECOVER/SOURCES.ZIP/ENGINE/DISKLIB/ARCHIVE/DISKLIB/dos/free.c
/SOURCE/RECOVER/SOURCES.ZIP/ENGINE/DISKLIB/ARCHIVE/DISKLIB/dos/gcc/
/SOURCE/RECOVER/SOURCES.ZIP/ENGINE/DISKLIB/ARCHIVE/DISKLIB/dos/gcc/bios.c
/SOURCE/RECOVER/SOURCES.ZIP/ENGINE/DISKLIB/ARCHIVE/DISKLIB/dos/gcc/dosmem.c
/SOURCE/RECOVER/SOURCES.ZIP/ENGINE/DISKLIB/ARCHIVE/DISKLIB/dos/gcc/dosmem.h
/SOURCE/RECOVER/SOURCES.ZIP/ENGINE/DISKLIB/ARCHIVE/DISKLIB/dos/gcc/edump.c
/SOURCE/RECOVER/SOURCES.ZIP/ENGINE/DISKLIB/ARCHIVE/DISKLIB/dos/gcc/error.c
/SOURCE/RECOVER/SOURCES.ZIP/ENGINE/DISKLIB/ARCHIVE/DISKLIB/dos/gcc/ioctl.c
/SOURCE/RECOVER/SOURCES.ZIP/ENGINE/DISKLIB/ARCHIVE/DISKLIB/dos/gcc/rdump.c
/SOURCE/RECOVER/SOURCES.ZIP/ENGINE/DISKLIB/ARCHIVE/DISKLIB/dos/gcc/read.c
/SOURCE/RECOVER/SOURCES.ZIP/ENGINE/DISKLIB/ARCHIVE/DISKLIB/dos/gcc/write.c
/SOURCE/RECOVER/SOURCES.ZIP/ENGINE/DISKLIB/ARCHIVE/DISKLIB/dos/getdisk.c
/SOURCE/RECOVER/SOURCES.ZIP/ENGINE/DISKLIB/ARCHIVE/DISKLIB/dos/ioctl.c
/SOURCE/RECOVER/SOURCES.ZIP/ENGINE/DISKLIB/ARCHIVE/DISKLIB/dos/lock.c
/SOURCE/RECOVER/SOURCES.ZIP/ENGINE/DISKLIB/ARCHIVE/DISKLIB/dos/makefile.gcc
/SOURCE/RECOVER/SOURCES.ZIP/ENGINE/DISKLIB/ARCHIVE/DISKLIB/dos/makefile.msc
/SOURCE/RECOVER/SOURCES.ZIP/ENGINE/DISKLIB/ARCHIVE/DISKLIB/dos/makefile.wcl
/SOURCE/RECOVER/SOURCES.ZIP/ENGINE/DISKLIB/ARCHIVE/DISKLIB/dos/mk.bat
/SOURCE/RECOVER/SOURCES.ZIP/ENGINE/DISKLIB/ARCHIVE/DISKLIB/dos/rdump.c
/SOURCE/RECOVER/SOURCES.ZIP/ENGINE/DISKLIB/ARCHIVE/DISKLIB/dos/read.c
/SOURCE/RECOVER/SOURCES.ZIP/ENGINE/DISKLIB/ARCHIVE/DISKLIB/dos/ver.c
/SOURCE/RECOVER/SOURCES.ZIP/ENGINE/DISKLIB/ARCHIVE/DISKLIB/dos/write.c
/SOURCE/RECOVER/SOURCES.ZIP/ENGINE/DISKLIB/ARCHIVE/DISKLIB/dosio.h
/SOURCE/RECOVER/SOURCES.ZIP/ENGINE/DISKLIB/ARCHIVE/DISKLIB/drives.c
/SOURCE/RECOVER/SOURCES.ZIP/ENGINE/DISKLIB/ARCHIVE/DISKLIB/dump.c
/SOURCE/RECOVER/SOURCES.ZIP/ENGINE/DISKLIB/ARCHIVE/DISKLIB/err.c
/SOURCE/RECOVER/SOURCES.ZIP/ENGINE/DISKLIB/ARCHIVE/DISKLIB/fat.c
/SOURCE/RECOVER/SOURCES.ZIP/ENGINE/DISKLIB/ARCHIVE/DISKLIB/fat.h
/SOURCE/RECOVER/SOURCES.ZIP/ENGINE/DISKLIB/ARCHIVE/DISKLIB/get.c
/SOURCE/RECOVER/SOURCES.ZIP/ENGINE/DISKLIB/ARCHIVE/DISKLIB/getparts.c
/SOURCE/RECOVER/SOURCES.ZIP/ENGINE/DISKLIB/ARCHIVE/DISKLIB/getparts.txt
/SOURCE/RECOVER/SOURCES.ZIP/ENGINE/DISKLIB/ARCHIVE/DISKLIB/last.c
/SOURCE/RECOVER/SOURCES.ZIP/ENGINE/DISKLIB/ARCHIVE/DISKLIB/lib.c
/SOURCE/RECOVER/SOURCES.ZIP/ENGINE/DISKLIB/ARCHIVE/DISKLIB/lib.h
/SOURCE/RECOVER/SOURCES.ZIP/ENGINE/DISKLIB/ARCHIVE/DISKLIB/lockt.c
/SOURCE/RECOVER/SOURCES.ZIP/ENGINE/DISKLIB/ARCHIVE/DISKLIB/media.c
/SOURCE/RECOVER/SOURCES.ZIP/ENGINE/DISKLIB/ARCHIVE/DISKLIB/mid.c
/SOURCE/RECOVER/SOURCES.ZIP/ENGINE/DISKLIB/ARCHIVE/DISKLIB/mid.txt
/SOURCE/RECOVER/SOURCES.ZIP/ENGINE/DISKLIB/ARCHIVE/DISKLIB/part.c
/SOURCE/RECOVER/SOURCES.ZIP/ENGINE/DISKLIB/ARCHIVE/DISKLIB/part.h
/SOURCE/RECOVER/SOURCES.ZIP/ENGINE/DISKLIB/ARCHIVE/DISKLIB/qf.bat
/SOURCE/RECOVER/SOURCES.ZIP/ENGINE/DISKLIB/ARCHIVE/DISKLIB/readme.txt
/SOURCE/RECOVER/SOURCES.ZIP/ENGINE/DISKLIB/ARCHIVE/DISKLIB/shorti.c
/SOURCE/RECOVER/SOURCES.ZIP/ENGINE/DISKLIB/ARCHIVE/DISKLIB/show.c
/SOURCE/RECOVER/SOURCES.ZIP/ENGINE/DISKLIB/ARCHIVE/DISKLIB/testioct.c
/SOURCE/RECOVER/SOURCES.ZIP/ENGINE/DISKLIB/ARCHIVE/DISKLIB/vers.c
/SOURCE/RECOVER/SOURCES.ZIP/ENGINE/DISKLIB/ARCHIVE/DISKLIB/win32.h
/SOURCE/RECOVER/SOURCES.ZIP/ENGINE/DISKLIB/ARCHIVE/DISKLIB/win32/
/SOURCE/RECOVER/SOURCES.ZIP/ENGINE/DISKLIB/ARCHIVE/DISKLIB/win32/bios.c
/SOURCE/RECOVER/SOURCES.ZIP/ENGINE/DISKLIB/ARCHIVE/DISKLIB/win32/device.c
/SOURCE/RECOVER/SOURCES.ZIP/ENGINE/DISKLIB/ARCHIVE/DISKLIB/win32/error.c
/SOURCE/RECOVER/SOURCES.ZIP/ENGINE/DISKLIB/ARCHIVE/DISKLIB/win32/free.c
/SOURCE/RECOVER/SOURCES.ZIP/ENGINE/DISKLIB/ARCHIVE/DISKLIB/win32/getdisk.c
/SOURCE/RECOVER/SOURCES.ZIP/ENGINE/DISKLIB/ARCHIVE/DISKLIB/win32/intdos.c
/SOURCE/RECOVER/SOURCES.ZIP/ENGINE/DISKLIB/ARCHIVE/DISKLIB/win32/ioctl.c
/SOURCE/RECOVER/SOURCES.ZIP/ENGINE/DISKLIB/ARCHIVE/DISKLIB/win32/lock.c
/SOURCE/RECOVER/SOURCES.ZIP/ENGINE/DISKLIB/ARCHIVE/DISKLIB/win32/makefile.mnt
/SOURCE/RECOVER/SOURCES.ZIP/ENGINE/DISKLIB/ARCHIVE/DISKLIB/win32/makefile.msc
/SOURCE/RECOVER/SOURCES.ZIP/ENGINE/DISKLIB/ARCHIVE/DISKLIB/win32/makefile.wcl
/SOURCE/RECOVER/SOURCES.ZIP/ENGINE/DISKLIB/ARCHIVE/DISKLIB/win32/makefile.wnt
/SOURCE/RECOVER/SOURCES.ZIP/ENGINE/DISKLIB/ARCHIVE/DISKLIB/win32/mk.bat
/SOURCE/RECOVER/SOURCES.ZIP/ENGINE/DISKLIB/ARCHIVE/DISKLIB/win32/rdump.c
/SOURCE/RECOVER/SOURCES.ZIP/ENGINE/DISKLIB/ARCHIVE/DISKLIB/win32/read.c
/SOURCE/RECOVER/SOURCES.ZIP/ENGINE/DISKLIB/ARCHIVE/DISKLIB/win32/ver.c
/SOURCE/RECOVER/SOURCES.ZIP/ENGINE/DISKLIB/ARCHIVE/DISKLIB/win32/winnt/
/SOURCE/RECOVER/SOURCES.ZIP/ENGINE/DISKLIB/ARCHIVE/DISKLIB/win32/winnt/bios.c
/SOURCE/RECOVER/SOURCES.ZIP/ENGINE/DISKLIB/ARCHIVE/DISKLIB/win32/winnt/getdisk.c
/SOURCE/RECOVER/SOURCES.ZIP/ENGINE/DISKLIB/ARCHIVE/DISKLIB/win32/winnt/open.c
/SOURCE/RECOVER/SOURCES.ZIP/ENGINE/DISKLIB/ARCHIVE/DISKLIB/win32/winnt/read.c
/SOURCE/RECOVER/SOURCES.ZIP/ENGINE/DISKLIB/ARCHIVE/DISKLIB/win32/wlib.c
/SOURCE/RECOVER/SOURCES.ZIP/ENGINE/DISKLIB/ARCHIVE/DISKLIB/win32/write.c
/SOURCE/RECOVER/SOURCES.ZIP/ENGINE/DISKLIB/ARCHIVE/DISKLIB/xlate.c
/SOURCE/RECOVER/SOURCES.ZIP/ENGINE/DISKLIB/DISKLIB.H
/SOURCE/RECOVER/SOURCES.ZIP/ENGINE/DISKLIB/DOCS/
/SOURCE/RECOVER/SOURCES.ZIP/ENGINE/DISKLIB/DOCS/DISKIO.HTM
/SOURCE/RECOVER/SOURCES.ZIP/ENGINE/DISKLIB/DOCS/DISKIO2.HTM
/SOURCE/RECOVER/SOURCES.ZIP/ENGINE/DISKLIB/DOCS/D_DISK.HTM
/SOURCE/RECOVER/SOURCES.ZIP/ENGINE/DISKLIB/DOCS/LICENS1.TXT
/SOURCE/RECOVER/SOURCES.ZIP/ENGINE/DISKLIB/DOCS/LICENS2.TXT
/SOURCE/RECOVER/SOURCES.ZIP/ENGINE/DISKLIB/DOCS/LICENSE.TXT
/SOURCE/RECOVER/SOURCES.ZIP/ENGINE/DISKLIB/DOCS/NT.HTM
/SOURCE/RECOVER/SOURCES.ZIP/ENGINE/DISKLIB/DOSIO.H
/SOURCE/RECOVER/SOURCES.ZIP/ENGINE/DISKLIB/GETDISK.C
/SOURCE/RECOVER/SOURCES.ZIP/ENGINE/DISKLIB/IOCTL.C
/SOURCE/RECOVER/SOURCES.ZIP/ENGINE/DISKLIB/MAKEFILE
/SOURCE/RECOVER/SOURCES.ZIP/ENGINE/DISKLIB/READ.C
/SOURCE/RECOVER/SOURCES.ZIP/ENGINE/DISKLIB/WRITE.C
/SOURCE/RECOVER/SOURCES.ZIP/ENGINE/DISKLIB/XLATE.C
/SOURCE/RECOVER/SOURCES.ZIP/ENGINE/DOC/
/SOURCE/RECOVER/SOURCES.ZIP/ENGINE/DOC/FTE.DOC
/SOURCE/RECOVER/SOURCES.ZIP/ENGINE/DOC/JENNINGS/
/SOURCE/RECOVER/SOURCES.ZIP/ENGINE/DOC/JENNINGS/LICENSE.TXT
/SOURCE/RECOVER/SOURCES.ZIP/ENGINE/DOC/JENNINGS/LICENS~1.TXT
/SOURCE/RECOVER/SOURCES.ZIP/ENGINE/DOC/JENNINGS/LICENS~2.TXT
/SOURCE/RECOVER/SOURCES.ZIP/ENGINE/DTSTRCT/
/SOURCE/RECOVER/SOURCES.ZIP/ENGINE/DTSTRCT/BITFIELD.C
/SOURCE/RECOVER/SOURCES.ZIP/ENGINE/DTSTRCT/GNUMA~X1
/SOURCE/RECOVER/SOURCES.ZIP/ENGINE/DTSTRCT/MAKEFILE
/SOURCE/RECOVER/SOURCES.ZIP/ENGINE/HEADER/
/SOURCE/RECOVER/SOURCES.ZIP/ENGINE/HEADER/ADCPDIRS.H
/SOURCE/RECOVER/SOURCES.ZIP/ENGINE/HEADER/BACKMEM.H
/SOURCE/RECOVER/SOURCES.ZIP/ENGINE/HEADER/BACKUP.H
/SOURCE/RECOVER/SOURCES.ZIP/ENGINE/HEADER/BOOT.H
/SOURCE/RECOVER/SOURCES.ZIP/ENGINE/HEADER/BUFSHIFT.H
/SOURCE/RECOVER/SOURCES.ZIP/ENGINE/HEADER/CLCFSIZE.H
/SOURCE/RECOVER/SOURCES.ZIP/ENGINE/HEADER/CPYSCT.H
/SOURCE/RECOVER/SOURCES.ZIP/ENGINE/HEADER/DATAAREA.H
/SOURCE/RECOVER/SOURCES.ZIP/ENGINE/HEADER/DIRCNT.H
/SOURCE/RECOVER/SOURCES.ZIP/ENGINE/HEADER/DIRECT.H
/SOURCE/RECOVER/SOURCES.ZIP/ENGINE/HEADER/DRIVE.H
/SOURCE/RECOVER/SOURCES.ZIP/ENGINE/HEADER/DTSTRCT.H
/SOURCE/RECOVER/SOURCES.ZIP/ENGINE/HEADER/FAT.H
/SOURCE/RECOVER/SOURCES.ZIP/ENGINE/HEADER/FAT.H~
/SOURCE/RECOVER/SOURCES.ZIP/ENGINE/HEADER/FATCONST.H
/SOURCE/RECOVER/SOURCES.ZIP/ENGINE/HEADER/FEXIST.H
/SOURCE/RECOVER/SOURCES.ZIP/ENGINE/HEADER/FILECHN.H
/SOURCE/RECOVER/SOURCES.ZIP/ENGINE/HEADER/FNDCIDIR.H
/SOURCE/RECOVER/SOURCES.ZIP/ENGINE/HEADER/FNDCIFAT.H
/SOURCE/RECOVER/SOURCES.ZIP/ENGINE/HEADER/FNDFFSPC.H
/SOURCE/RECOVER/SOURCES.ZIP/ENGINE/HEADER/FNDLSTCT.H
/SOURCE/RECOVER/SOURCES.ZIP/ENGINE/HEADER/FREESPAC.H
/SOURCE/RECOVER/SOURCES.ZIP/ENGINE/HEADER/FSINFO.H
/SOURCE/RECOVER/SOURCES.ZIP/ENGINE/HEADER/FTE.H
/SOURCE/RECOVER/SOURCES.ZIP/ENGINE/HEADER/FTEERR.H
/SOURCE/RECOVER/SOURCES.ZIP/ENGINE/HEADER/FTEMEM.H
/SOURCE/RECOVER/SOURCES.ZIP/ENGINE/HEADER/FTEMISC.H
/SOURCE/RECOVER/SOURCES.ZIP/ENGINE/HEADER/GTNTHCST.H
/SOURCE/RECOVER/SOURCES.ZIP/ENGINE/HEADER/IO.H
/SOURCE/RECOVER/SOURCES.ZIP/ENGINE/HEADER/LCHDIR.H
/SOURCE/RECOVER/SOURCES.ZIP/ENGINE/HEADER/LFN.H
/SOURCE/RECOVER/SOURCES.ZIP/ENGINE/HEADER/LOCPATH.H
/SOURCE/RECOVER/SOURCES.ZIP/ENGINE/HEADER/LOGCACHE.H
/SOURCE/RECOVER/SOURCES.ZIP/ENGINE/HEADER/LOWFAT32.H
/SOURCE/RECOVER/SOURCES.ZIP/ENGINE/HEADER/LSTACKD.H
/SOURCE/RECOVER/SOURCES.ZIP/ENGINE/HEADER/MKABSPTH.H
/SOURCE/RECOVER/SOURCES.ZIP/ENGINE/HEADER/NTHENTRY.H
/SOURCE/RECOVER/SOURCES.ZIP/ENGINE/HEADER/NTHFLCLT.H
/SOURCE/RECOVER/SOURCES.ZIP/ENGINE/HEADER/PATHCONV.H
/SOURCE/RECOVER/SOURCES.ZIP/ENGINE/HEADER/PREREAD.H
/SOURCE/RECOVER/SOURCES.ZIP/ENGINE/HEADER/RDWRSECT.H
/SOURCE/RECOVER/SOURCES.ZIP/ENGINE/HEADER/RELOCCLT.H
/SOURCE/RECOVER/SOURCES.ZIP/ENGINE/HEADER/SCTCACHE.H
/SOURCE/RECOVER/SOURCES.ZIP/ENGINE/HEADER/STRNICMP.H
/SOURCE/RECOVER/SOURCES.ZIP/ENGINE/HEADER/SUBDIR.H
/SOURCE/RECOVER/SOURCES.ZIP/ENGINE/HEADER/SUREMEM.H
/SOURCE/RECOVER/SOURCES.ZIP/ENGINE/HEADER/SWPCLST.H
/SOURCE/RECOVER/SOURCES.ZIP/ENGINE/HEADER/TRACEPTH.H
/SOURCE/RECOVER/SOURCES.ZIP/ENGINE/HEADER/TRAVERSL.H
/SOURCE/RECOVER/SOURCES.ZIP/ENGINE/HEADER/VOLUME.H
/SOURCE/RECOVER/SOURCES.ZIP/ENGINE/HEADER/WALKTREE.H
/SOURCE/RECOVER/SOURCES.ZIP/ENGINE/HEADER/WALKWPTH.H
/SOURCE/RECOVER/SOURCES.ZIP/ENGINE/HEADER/WILDCARD.H
/SOURCE/RECOVER/SOURCES.ZIP/ENGINE/HEAPMEM/
/SOURCE/RECOVER/SOURCES.ZIP/ENGINE/HEAPMEM/BACKMEM.C
/SOURCE/RECOVER/SOURCES.ZIP/ENGINE/HEAPMEM/FTEMEM.C
/SOURCE/RECOVER/SOURCES.ZIP/ENGINE/HEAPMEM/GNUMA~W2
/SOURCE/RECOVER/SOURCES.ZIP/ENGINE/HEAPMEM/GNUMA~X1
/SOURCE/RECOVER/SOURCES.ZIP/ENGINE/HEAPMEM/MAKEFILE
/SOURCE/RECOVER/SOURCES.ZIP/ENGINE/HEAPMEM/SUREMEM.C
/SOURCE/RECOVER/SOURCES.ZIP/ENGINE/HIGH/
/SOURCE/RECOVER/SOURCES.ZIP/ENGINE/HIGH/ADCPDIRS.C
/SOURCE/RECOVER/SOURCES.ZIP/ENGINE/HIGH/CLCFSIZE.C
/SOURCE/RECOVER/SOURCES.ZIP/ENGINE/HIGH/CPYSCT.C
/SOURCE/RECOVER/SOURCES.ZIP/ENGINE/HIGH/DIRCNT.C
/SOURCE/RECOVER/SOURCES.ZIP/ENGINE/HIGH/FEXIST.C
/SOURCE/RECOVER/SOURCES.ZIP/ENGINE/HIGH/FILECHN.C
/SOURCE/RECOVER/SOURCES.ZIP/ENGINE/HIGH/FNDCIDIR.C
/SOURCE/RECOVER/SOURCES.ZIP/ENGINE/HIGH/FNDCIFAT.C
/SOURCE/RECOVER/SOURCES.ZIP/ENGINE/HIGH/FNDFFSPC.C
/SOURCE/RECOVER/SOURCES.ZIP/ENGINE/HIGH/FNDLSTCT.C
/SOURCE/RECOVER/SOURCES.ZIP/ENGINE/HIGH/FREESPAC.C
/SOURCE/RECOVER/SOURCES.ZIP/ENGINE/HIGH/GNUMA~X1
/SOURCE/RECOVER/SOURCES.ZIP/ENGINE/HIGH/GTNTHCST.C
/SOURCE/RECOVER/SOURCES.ZIP/ENGINE/HIGH/LCHDIR.C
/SOURCE/RECOVER/SOURCES.ZIP/ENGINE/HIGH/LOCPATH.C
/SOURCE/RECOVER/SOURCES.ZIP/ENGINE/HIGH/LSTACKD.C
/SOURCE/RECOVER/SOURCES.ZIP/ENGINE/HIGH/MAKEFILE
/SOURCE/RECOVER/SOURCES.ZIP/ENGINE/HIGH/NTHENTRY.C
/SOURCE/RECOVER/SOURCES.ZIP/ENGINE/HIGH/NTHFLCLT.C
/SOURCE/RECOVER/SOURCES.ZIP/ENGINE/HIGH/RELOCCLT.C
/SOURCE/RECOVER/SOURCES.ZIP/ENGINE/HIGH/SRCHDIR.C
/SOURCE/RECOVER/SOURCES.ZIP/ENGINE/HIGH/SWPCLST.C
/SOURCE/RECOVER/SOURCES.ZIP/ENGINE/HIGH/SWPCLST.C~
/SOURCE/RECOVER/SOURCES.ZIP/ENGINE/HIGH/TRACEPTH.C
/SOURCE/RECOVER/SOURCES.ZIP/ENGINE/HIGH/WALKTREE.C
/SOURCE/RECOVER/SOURCES.ZIP/ENGINE/HIGH/WALKWPTH.C
/SOURCE/RECOVER/SOURCES.ZIP/ENGINE/LIB/
/SOURCE/RECOVER/SOURCES.ZIP/ENGINE/LIB/CLEANFTE.BAT
/SOURCE/RECOVER/SOURCES.ZIP/ENGINE/LIB/GNUMA~X1
/SOURCE/RECOVER/SOURCES.ZIP/ENGINE/LIB/MAKEFILE
/SOURCE/RECOVER/SOURCES.ZIP/ENGINE/LIB/MAKEFTE.BAT
/SOURCE/RECOVER/SOURCES.ZIP/ENGINE/LOW/
/SOURCE/RECOVER/SOURCES.ZIP/ENGINE/LOW/BACKUP.C
/SOURCE/RECOVER/SOURCES.ZIP/ENGINE/LOW/BOOT.C
/SOURCE/RECOVER/SOURCES.ZIP/ENGINE/LOW/DIRECT.C
/SOURCE/RECOVER/SOURCES.ZIP/ENGINE/LOW/DRIVE.C
/SOURCE/RECOVER/SOURCES.ZIP/ENGINE/LOW/FAT.C
/SOURCE/RECOVER/SOURCES.ZIP/ENGINE/LOW/FSINFO.C
/SOURCE/RECOVER/SOURCES.ZIP/ENGINE/LOW/FTEERR.C
/SOURCE/RECOVER/SOURCES.ZIP/ENGINE/LOW/GNUMA~X1
/SOURCE/RECOVER/SOURCES.ZIP/ENGINE/LOW/IO.C
/SOURCE/RECOVER/SOURCES.ZIP/ENGINE/LOW/LFN.C
/SOURCE/RECOVER/SOURCES.ZIP/ENGINE/LOW/LOWFAT32.C
/SOURCE/RECOVER/SOURCES.ZIP/ENGINE/LOW/MAKEFILE
/SOURCE/RECOVER/SOURCES.ZIP/ENGINE/LOW/RDWRSECT.C
/SOURCE/RECOVER/SOURCES.ZIP/ENGINE/LOW/RDWRS~PU.C
/SOURCE/RECOVER/SOURCES.ZIP/ENGINE/LOW/SUBDIR.C
/SOURCE/RECOVER/SOURCES.ZIP/ENGINE/LOW/VOLUME.C
/SOURCE/RECOVER/SOURCES.ZIP/ENGINE/MISC/
/SOURCE/RECOVER/SOURCES.ZIP/ENGINE/MISC/BUFSHIFT.C
/SOURCE/RECOVER/SOURCES.ZIP/ENGINE/MISC/ENTSHIFT.C
/SOURCE/RECOVER/SOURCES.ZIP/ENGINE/MISC/GNUMA~X1
/SOURCE/RECOVER/SOURCES.ZIP/ENGINE/MISC/MAKEFILE
/SOURCE/RECOVER/SOURCES.ZIP/ENGINE/MISC/MKABSPTH.C
/SOURCE/RECOVER/SOURCES.ZIP/ENGINE/MISC/PATHCONV.C
/SOURCE/RECOVER/SOURCES.ZIP/ENGINE/MISC/STRNICMP.C
/SOURCE/RECOVER/SOURCES.ZIP/ENGINE/MISC/WILDCARD.C
/SOURCE/RECOVER/SOURCES.ZIP/MAKEFILE
/SOURCE/RECOVER/SOURCES.ZIP/MISC/
/SOURCE/RECOVER/SOURCES.ZIP/MISC/BOOL.H
/SOURCE/RECOVER/SOURCES.ZIP/MISC/INTELWLK.C
/SOURCE/RECOVER/SOURCES.ZIP/MISC/INTELWLK.H
/SOURCE/RECOVER/SOURCES.ZIP/MISC/MAKEFILE
/SOURCE/RECOVER/SOURCES.ZIP/MISC/PATH.C
/SOURCE/RECOVER/SOURCES.ZIP/MISC/PATH.H
/SOURCE/RECOVER/SOURCES.ZIP/MISC/SWITCHCH.ASM
/SOURCE/RECOVER/SOURCES.ZIP/MISC/SWITCHCH.H
/SOURCE/RECOVER/SOURCES.ZIP/MISC/TRUNAME.C
/SOURCE/RECOVER/SOURCES.ZIP/MISC/TRUNAME.H
/SOURCE/RECOVER/SOURCES.ZIP/MISC/USEFUL.H
/SOURCE/RECOVER/SOURCES.ZIP/MISC/VERSION.H
/SOURCE/RECOVER/SOURCES.ZIP/RECOVER.C
/SOURCE/RECOVER/SOURCES.ZIP/RECOVER.MAP
/SOURCE/RECOVER/SOURCES.ZIP/SPECIFIC/
/SOURCE/RECOVER/SOURCES.ZIP/SPECIFIC/CROSSLNK.C
/SOURCE/RECOVER/SOURCES.ZIP/SPECIFIC/LOSTCLTS.BAK
/SOURCE/RECOVER/SOURCES.ZIP/SPECIFIC/LOSTCLTS.C
/SOURCE/RECOVER/SOURCES.ZIP/SPECIFIC/MAKEFILE
/SOURCE/RECOVER/SOURCES.ZIP/SPECIFIC/RECOVDSK.BAK
/SOURCE/RECOVER/SOURCES.ZIP/SPECIFIC/RECOVDSK.C
/SOURCE/RECOVER/SOURCES.ZIP/SPECIFIC/RECOVER.H
/SOURCE/RECOVER/SOURCES.ZIP/SPECIFIC/RECOVFIL.BAK
/SOURCE/RECOVER/SOURCES.ZIP/SPECIFIC/RECOVFIL.C
/SOURCE/RECOVER/SOURCES.ZIP/SPECIFIC/SPECIFIC.LST
