/
/APPINFO/
/APPINFO/SHSUFDRV.DE
/APPINFO/SHSUFDRV.FR
/APPINFO/SHSUFDRV.LSM
/APPINFO/SHSUFDRV.SV
/APPINFO/SHSUFDRV.TR
/BIN/
/BIN/DRVON.COM
/BIN/SHFDRV86.EXE
/BIN/SHRDRV86.EXE
/BIN/SHSUFDRV.EXE
/BIN/SHSURDRV.EXE
/DOC/
/DOC/SHSUFDRV/
/DOC/SHSUFDRV/README.TXT
/DOC/SHSUFDRV/ZLIBCDRD.TXT
/SOURCE/
/SOURCE/SHSUFDRV/
/SOURCE/SHSUFDRV/SOURCES.ZIP/
/SOURCE/SHSUFDRV/SOURCES.ZIP/DRVON.NSM
/SOURCE/SHSUFDRV/SOURCES.ZIP/MAKEFILE
/SOURCE/SHSUFDRV/SOURCES.ZIP/NASM.MAC
/SOURCE/SHSUFDRV/SOURCES.ZIP/SHSUFDRV.NSM
/SOURCE/SHSUFDRV/SOURCES.ZIP/SHSURDRV.NSM
/SOURCE/SHSUFDRV/SOURCES.ZIP/ZLIBCDRD.LIB
