/
/APPINFO/
/APPINFO/SORT.DE
/APPINFO/SORT.FR
/APPINFO/SORT.LSM
/APPINFO/SORT.SV
/APPINFO/SORT.TR
/BIN/
/BIN/SORT.EXE
/DOC/
/DOC/SORT/
/DOC/SORT/CHANGES
/DOC/SORT/SORT.1
/DOC/SORT/SORT.ROF
/NLS/
/NLS/SORT.DE
/NLS/SORT.EN
/NLS/SORT.ES
/NLS/SORT.FI
/NLS/SORT.FR
/NLS/SORT.IT
/NLS/SORT.LV
/NLS/SORT.NL
/NLS/SORT.PL
/NLS/SORT.PT
/NLS/SORT.SL
/NLS/SORT.SV
/NLS/SORT.TR
/SOURCE/
/SOURCE/SORT/
/SOURCE/SORT/SOURCES.ZIP/
/SOURCE/SORT/SOURCES.ZIP/KITTEN.C
/SOURCE/SORT/SOURCES.ZIP/KITTEN.H
/SOURCE/SORT/SOURCES.ZIP/L2S95.C
/SOURCE/SORT/SOURCES.ZIP/L2S95.H
/SOURCE/SORT/SOURCES.ZIP/LFNAPI.C
/SOURCE/SORT/SOURCES.ZIP/LFNAPI.H
/SOURCE/SORT/SOURCES.ZIP/MAKEFILE
/SOURCE/SORT/SOURCES.ZIP/SORT.C
