/
/APPINFO/
/APPINFO/SWSUBST.DE
/APPINFO/SWSUBST.FR
/APPINFO/SWSUBST.LSM
/APPINFO/SWSUBST.SV
/APPINFO/SWSUBST.TR
/BIN/
/BIN/SWSUBST.EXE
/DOC/
/DOC/SWSUBST/
/DOC/SWSUBST/FILE_ID.DIZ
/SOURCE/
/SOURCE/SWSUBST/
/SOURCE/SWSUBST/SOURCES.ZIP/
/SOURCE/SWSUBST/SOURCES.ZIP/02C016F.MSG
/SOURCE/SWSUBST/SOURCES.ZIP/CDS.C
/SOURCE/SWSUBST/SOURCES.ZIP/CDS.H
/SOURCE/SWSUBST/SOURCES.ZIP/COMPILE.BAT
/SOURCE/SWSUBST/SOURCES.ZIP/DEUTSCH.MSG
/SOURCE/SWSUBST/SOURCES.ZIP/DEUTSCH.NRO
/SOURCE/SWSUBST/SOURCES.ZIP/DRIVE.C
/SOURCE/SWSUBST/SOURCES.ZIP/ELVIS.RC
/SOURCE/SWSUBST/SOURCES.ZIP/ENGLISH.MSG
/SOURCE/SWSUBST/SOURCES.ZIP/ENGLISH.NRO
/SOURCE/SWSUBST/SOURCES.ZIP/FILES
/SOURCE/SWSUBST/SOURCES.ZIP/FLUSHDSK.C
/SOURCE/SWSUBST/SOURCES.ZIP/HISTORY
/SOURCE/SWSUBST/SOURCES.ZIP/JOIN/
/SOURCE/SWSUBST/SOURCES.ZIP/JOIN/DEUTSCH.NRO
/SOURCE/SWSUBST/SOURCES.ZIP/JOIN/ENGLISH.NRO
/SOURCE/SWSUBST/SOURCES.ZIP/JOIN/JOIN.1
/SOURCE/SWSUBST/SOURCES.ZIP/JOIN/JOIN.1G
/SOURCE/SWSUBST/SOURCES.ZIP/JOIN/JOIN.BAT
/SOURCE/SWSUBST/SOURCES.ZIP/MAKEFILE
/SOURCE/SWSUBST/SOURCES.ZIP/MKDIR.C
/SOURCE/SWSUBST/SOURCES.ZIP/NOTES
/SOURCE/SWSUBST/SOURCES.ZIP/PRINT.C
/SOURCE/SWSUBST/SOURCES.ZIP/README
/SOURCE/SWSUBST/SOURCES.ZIP/REMOVE.C
/SOURCE/SWSUBST/SOURCES.ZIP/SET.C
/SOURCE/SWSUBST/SOURCES.ZIP/SUBST/
/SOURCE/SWSUBST/SOURCES.ZIP/SUBST/DEUTSCH.NRO
/SOURCE/SWSUBST/SOURCES.ZIP/SUBST/ENGLISH.NRO
/SOURCE/SWSUBST/SOURCES.ZIP/SUBST/SUBST.1
/SOURCE/SWSUBST/SOURCES.ZIP/SUBST/SUBST.1G
/SOURCE/SWSUBST/SOURCES.ZIP/SUBST/SUBST.BAT
/SOURCE/SWSUBST/SOURCES.ZIP/SUBST.C
/SOURCE/SWSUBST/SOURCES.ZIP/SWAP.C
/SOURCE/SWSUBST/SOURCES.ZIP/SWSUBST.1
/SOURCE/SWSUBST/SOURCES.ZIP/SWSUBST.1G
/SOURCE/SWSUBST/SOURCES.ZIP/SWSUBST.C
/SOURCE/SWSUBST/SOURCES.ZIP/SWSUBST.H
/SOURCE/SWSUBST/SOURCES.ZIP/SWSUBST.LSM
/SOURCE/SWSUBST/SOURCES.ZIP/YERROR.C
/SOURCE/SWSUBST/SOURCES.ZIP/YERROR.H
