/
/APPINFO/
/APPINFO/TREE.DE
/APPINFO/TREE.FR
/APPINFO/TREE.LSM
/APPINFO/TREE.SV
/APPINFO/TREE.TR
/BIN/
/BIN/TREE.COM
/DOC/
/DOC/TREE/
/DOC/TREE/BUGS.TXT
/DOC/TREE/HISTORY.TXT
/DOC/TREE/LICENSE.TXT
/HELP/
/HELP/TREE.DE
/HELP/TREE.EN
/HELP/TREE.FR
/HELP/TREE.SV
/HELP/TREE.TR
/NLS/
/NLS/TREE.DE
/NLS/TREE.EN
/NLS/TREE.ES
/NLS/TREE.FR
/NLS/TREE.IT
/NLS/TREE.PL
/NLS/TREE.RU
/NLS/TREE.SL
/NLS/TREE.SV
/NLS/TREE.TR
/SOURCE/
/SOURCE/TREE/
/SOURCE/TREE/SOURCES.ZIP/
/SOURCE/TREE/SOURCES.ZIP/CATGETS.C
/SOURCE/TREE/SOURCES.ZIP/CATGETS.H
/SOURCE/TREE/SOURCES.ZIP/CMPLALL.BAT
/SOURCE/TREE/SOURCES.ZIP/DB.C
/SOURCE/TREE/SOURCES.ZIP/DB.H
/SOURCE/TREE/SOURCES.ZIP/DOC/
/SOURCE/TREE/SOURCES.ZIP/DOC/BUGS.TXT
/SOURCE/TREE/SOURCES.ZIP/DOC/COMPILE.TXT
/SOURCE/TREE/SOURCES.ZIP/DOC/FILES.TXT
/SOURCE/TREE/SOURCES.ZIP/DOC/HISTORY.TXT
/SOURCE/TREE/SOURCES.ZIP/DOC/LICENSE.TXT
/SOURCE/TREE/SOURCES.ZIP/DOC/TREE.LSM
/SOURCE/TREE/SOURCES.ZIP/FINDFILE.C
/SOURCE/TREE/SOURCES.ZIP/FINDFILE.H
/SOURCE/TREE/SOURCES.ZIP/FINDFILE.PAC
/SOURCE/TREE/SOURCES.ZIP/GET_LINE.C
/SOURCE/TREE/SOURCES.ZIP/GETOPT.C
/SOURCE/TREE/SOURCES.ZIP/GETOPT.H
/SOURCE/TREE/SOURCES.ZIP/NLS/
/SOURCE/TREE/SOURCES.ZIP/NLS/TREE.DE
/SOURCE/TREE/SOURCES.ZIP/NLS/TREE.EN
/SOURCE/TREE/SOURCES.ZIP/NLS/TREE.ES
/SOURCE/TREE/SOURCES.ZIP/TREE.C
/SOURCE/TREE/SOURCES.ZIP/TREE.MAK
