/
/APPINFO/
/APPINFO/UNDELETE.DE
/APPINFO/UNDELETE.FR
/APPINFO/UNDELETE.LSM
/APPINFO/UNDELETE.SV
/APPINFO/UNDELETE.TR
/BIN/
/BIN/UNDELETE.COM
/DOC/
/DOC/UNDELETE/
/DOC/UNDELETE/COPYING.TXT
/DOC/UNDELETE/DISCLAIM.TXT
/DOC/UNDELETE/HOWTO1.TXT
/DOC/UNDELETE/NOTES.TXT
/DOC/UNDELETE/RELNOTES.TXT
/SOURCE/
/SOURCE/UNDELETE/
/SOURCE/UNDELETE/SOURCES.ZIP/
/SOURCE/UNDELETE/SOURCES.ZIP/CLUSTER.C
/SOURCE/UNDELETE/SOURCES.ZIP/CLUSTER.H
/SOURCE/UNDELETE/SOURCES.ZIP/DIR16.C
/SOURCE/UNDELETE/SOURCES.ZIP/DIR16.H
/SOURCE/UNDELETE/SOURCES.ZIP/DIRFIND.C
/SOURCE/UNDELETE/SOURCES.ZIP/DIRFIND.H
/SOURCE/UNDELETE/SOURCES.ZIP/DISKIO.C
/SOURCE/UNDELETE/SOURCES.ZIP/DISKIO.H
/SOURCE/UNDELETE/SOURCES.ZIP/DOSTYPES.H
/SOURCE/UNDELETE/SOURCES.ZIP/DRIVEIO.C-
/SOURCE/UNDELETE/SOURCES.ZIP/DRIVEIO.H-
/SOURCE/UNDELETE/SOURCES.ZIP/DRIVES.C
/SOURCE/UNDELETE/SOURCES.ZIP/DRIVES.H
/SOURCE/UNDELETE/SOURCES.ZIP/FATIO.C
/SOURCE/UNDELETE/SOURCES.ZIP/FATIO.H
/SOURCE/UNDELETE/SOURCES.ZIP/MAKEFILE
/SOURCE/UNDELETE/SOURCES.ZIP/UNDELDOS.TC
/SOURCE/UNDELETE/SOURCES.ZIP/UNDELETE.C
/SOURCE/UNDELETE/SOURCES.ZIP/UNDELETE.TC
