/
/APPINFO/
/APPINFO/UNZIP.DE
/APPINFO/UNZIP.FR
/APPINFO/UNZIP.LSM
/APPINFO/UNZIP.SV
/APPINFO/UNZIP.TR
/BIN/
/BIN/UNZIP.EXE
/DOC/
/DOC/UNZIP/
/DOC/UNZIP/LICENSE
/DOC/UNZIP/README
/DOC/UNZIP/README.DOS
/DOC/UNZIP/UNZIP.TXT
/DOC/UNZIP/WHERE
/SOURCE/
/SOURCE/UNZIP/
/SOURCE/UNZIP/SOURCES.ZIP/
/SOURCE/UNZIP/SOURCES.ZIP/acorn/
/SOURCE/UNZIP/SOURCES.ZIP/acorn/Contents
/SOURCE/UNZIP/SOURCES.ZIP/acorn/GMakefile
/SOURCE/UNZIP/SOURCES.ZIP/acorn/ReadMe
/SOURCE/UNZIP/SOURCES.ZIP/acorn/RunMe1st
/SOURCE/UNZIP/SOURCES.ZIP/acorn/acorn.c
/SOURCE/UNZIP/SOURCES.ZIP/acorn/makefile
/SOURCE/UNZIP/SOURCES.ZIP/acorn/riscos.c
/SOURCE/UNZIP/SOURCES.ZIP/acorn/riscos.h
/SOURCE/UNZIP/SOURCES.ZIP/acorn/srcrename
/SOURCE/UNZIP/SOURCES.ZIP/acorn/swiven.h
/SOURCE/UNZIP/SOURCES.ZIP/acorn/swiven.s
/SOURCE/UNZIP/SOURCES.ZIP/amiga/
/SOURCE/UNZIP/SOURCES.ZIP/amiga/Contents
/SOURCE/UNZIP/SOURCES.ZIP/amiga/amiga.c
/SOURCE/UNZIP/SOURCES.ZIP/amiga/amiga.h
/SOURCE/UNZIP/SOURCES.ZIP/amiga/crc_68.a
/SOURCE/UNZIP/SOURCES.ZIP/amiga/filedate.c
/SOURCE/UNZIP/SOURCES.ZIP/amiga/flate.a
/SOURCE/UNZIP/SOURCES.ZIP/amiga/makefile.azt
/SOURCE/UNZIP/SOURCES.ZIP/amiga/makesfx.c
/SOURCE/UNZIP/SOURCES.ZIP/amiga/smakefile
/SOURCE/UNZIP/SOURCES.ZIP/amiga/stat.c
/SOURCE/UNZIP/SOURCES.ZIP/amiga/z-stat.h
/SOURCE/UNZIP/SOURCES.ZIP/aosvs/
/SOURCE/UNZIP/SOURCES.ZIP/aosvs/Contents
/SOURCE/UNZIP/SOURCES.ZIP/aosvs/README
/SOURCE/UNZIP/SOURCES.ZIP/aosvs/aosvs.c
/SOURCE/UNZIP/SOURCES.ZIP/aosvs/aosvs.h
/SOURCE/UNZIP/SOURCES.ZIP/aosvs/make_unz.cli
/SOURCE/UNZIP/SOURCES.ZIP/api.c
/SOURCE/UNZIP/SOURCES.ZIP/apihelp.c
/SOURCE/UNZIP/SOURCES.ZIP/atari/
/SOURCE/UNZIP/SOURCES.ZIP/atari/Contents
/SOURCE/UNZIP/SOURCES.ZIP/atari/Makefile
/SOURCE/UNZIP/SOURCES.ZIP/atari/Makefile.old
/SOURCE/UNZIP/SOURCES.ZIP/atari/README.old
/SOURCE/UNZIP/SOURCES.ZIP/atari/atari.c
/SOURCE/UNZIP/SOURCES.ZIP/atari/make_unz.mup
/SOURCE/UNZIP/SOURCES.ZIP/atheos/
/SOURCE/UNZIP/SOURCES.ZIP/atheos/Contents
/SOURCE/UNZIP/SOURCES.ZIP/atheos/Makefile
/SOURCE/UNZIP/SOURCES.ZIP/atheos/README
/SOURCE/UNZIP/SOURCES.ZIP/atheos/athcfg.h
/SOURCE/UNZIP/SOURCES.ZIP/atheos/atheos.c
/SOURCE/UNZIP/SOURCES.ZIP/atheos/atheos.h
/SOURCE/UNZIP/SOURCES.ZIP/beos/
/SOURCE/UNZIP/SOURCES.ZIP/beos/Contents
/SOURCE/UNZIP/SOURCES.ZIP/beos/Makefile
/SOURCE/UNZIP/SOURCES.ZIP/beos/README
/SOURCE/UNZIP/SOURCES.ZIP/beos/beocfg.h
/SOURCE/UNZIP/SOURCES.ZIP/beos/beos.c
/SOURCE/UNZIP/SOURCES.ZIP/beos/beos.h
/SOURCE/UNZIP/SOURCES.ZIP/beos/beosmain.cpp
/SOURCE/UNZIP/SOURCES.ZIP/beos/unzip.rsc
/SOURCE/UNZIP/SOURCES.ZIP/beos/unzipsfx.rsc
/SOURCE/UNZIP/SOURCES.ZIP/BUGS
/SOURCE/UNZIP/SOURCES.ZIP/bzip2/
/SOURCE/UNZIP/SOURCES.ZIP/bzip2/00README.IZ
/SOURCE/UNZIP/SOURCES.ZIP/bzip2/Makebz2.iz
/SOURCE/UNZIP/SOURCES.ZIP/bzip2/buildbz2.com
/SOURCE/UNZIP/SOURCES.ZIP/bzip2/descrbz2.mms
/SOURCE/UNZIP/SOURCES.ZIP/bzip2/makbz2iz.msc
/SOURCE/UNZIP/SOURCES.ZIP/bzip2/makbz2iz.wat
/SOURCE/UNZIP/SOURCES.ZIP/cmsmvs/
/SOURCE/UNZIP/SOURCES.ZIP/cmsmvs/INSTALL.CMS
/SOURCE/UNZIP/SOURCES.ZIP/cmsmvs/README.CMS
/SOURCE/UNZIP/SOURCES.ZIP/cmsmvs/README.MVS
/SOURCE/UNZIP/SOURCES.ZIP/cmsmvs/WHATSNEW.CMS
/SOURCE/UNZIP/SOURCES.ZIP/cmsmvs/ccunzip.exec
/SOURCE/UNZIP/SOURCES.ZIP/cmsmvs/mc.exec
/SOURCE/UNZIP/SOURCES.ZIP/cmsmvs/mvs.mki
/SOURCE/UNZIP/SOURCES.ZIP/cmsmvs/unzip.exec
/SOURCE/UNZIP/SOURCES.ZIP/cmsmvs/unzip.makefile
/SOURCE/UNZIP/SOURCES.ZIP/cmsmvs/unzmvsc.job
/SOURCE/UNZIP/SOURCES.ZIP/cmsmvs/unzvmc.exec
/SOURCE/UNZIP/SOURCES.ZIP/cmsmvs/vmmvs.c
/SOURCE/UNZIP/SOURCES.ZIP/cmsmvs/vmmvs.h
/SOURCE/UNZIP/SOURCES.ZIP/cmsmvs/vmstat.h
/SOURCE/UNZIP/SOURCES.ZIP/cmsmvs/zipinfo.exec
/SOURCE/UNZIP/SOURCES.ZIP/consts.h
/SOURCE/UNZIP/SOURCES.ZIP/Contents
/SOURCE/UNZIP/SOURCES.ZIP/COPYING.OLD
/SOURCE/UNZIP/SOURCES.ZIP/crc32.c
/SOURCE/UNZIP/SOURCES.ZIP/crc32.h
/SOURCE/UNZIP/SOURCES.ZIP/crc_i386.S
/SOURCE/UNZIP/SOURCES.ZIP/crypt.c
/SOURCE/UNZIP/SOURCES.ZIP/crypt.h
/SOURCE/UNZIP/SOURCES.ZIP/ebcdic.h
/SOURCE/UNZIP/SOURCES.ZIP/envargs.c
/SOURCE/UNZIP/SOURCES.ZIP/explode.c
/SOURCE/UNZIP/SOURCES.ZIP/extract.c
/SOURCE/UNZIP/SOURCES.ZIP/file_id.diz
/SOURCE/UNZIP/SOURCES.ZIP/fileio.c
/SOURCE/UNZIP/SOURCES.ZIP/flexos/
/SOURCE/UNZIP/SOURCES.ZIP/flexos/Contents
/SOURCE/UNZIP/SOURCES.ZIP/flexos/README
/SOURCE/UNZIP/SOURCES.ZIP/flexos/flexos.c
/SOURCE/UNZIP/SOURCES.ZIP/flexos/flxcfg.h
/SOURCE/UNZIP/SOURCES.ZIP/flexos/hc.pro
/SOURCE/UNZIP/SOURCES.ZIP/flexos/makefile
/SOURCE/UNZIP/SOURCES.ZIP/funzip.c
/SOURCE/UNZIP/SOURCES.ZIP/funzip.txt
/SOURCE/UNZIP/SOURCES.ZIP/gbloffs.c
/SOURCE/UNZIP/SOURCES.ZIP/globals.c
/SOURCE/UNZIP/SOURCES.ZIP/globals.h
/SOURCE/UNZIP/SOURCES.ZIP/History.600
/SOURCE/UNZIP/SOURCES.ZIP/human68k/
/SOURCE/UNZIP/SOURCES.ZIP/human68k/Contents
/SOURCE/UNZIP/SOURCES.ZIP/human68k/Makefile
/SOURCE/UNZIP/SOURCES.ZIP/human68k/crc_68.s
/SOURCE/UNZIP/SOURCES.ZIP/human68k/flate.s
/SOURCE/UNZIP/SOURCES.ZIP/human68k/human68k.c
/SOURCE/UNZIP/SOURCES.ZIP/inflate.c
/SOURCE/UNZIP/SOURCES.ZIP/inflate.h
/SOURCE/UNZIP/SOURCES.ZIP/INSTALL
/SOURCE/UNZIP/SOURCES.ZIP/LICENSE
/SOURCE/UNZIP/SOURCES.ZIP/list.c
/SOURCE/UNZIP/SOURCES.ZIP/macos/
/SOURCE/UNZIP/SOURCES.ZIP/macos/Contents
/SOURCE/UNZIP/SOURCES.ZIP/macos/HISTORY.TXT
/SOURCE/UNZIP/SOURCES.ZIP/macos/README.TXT
/SOURCE/UNZIP/SOURCES.ZIP/macos/UnZp.h
/SOURCE/UNZIP/SOURCES.ZIP/macos/UnZpLib.h
/SOURCE/UNZIP/SOURCES.ZIP/macos/UnZpPrj.xml
/SOURCE/UNZIP/SOURCES.ZIP/macos/UnZpSFX.h
/SOURCE/UNZIP/SOURCES.ZIP/macos/UnZpSx.h
/SOURCE/UNZIP/SOURCES.ZIP/macos/source/
/SOURCE/UNZIP/SOURCES.ZIP/macos/source/charmap.h
/SOURCE/UNZIP/SOURCES.ZIP/macos/source/getenv.c
/SOURCE/UNZIP/SOURCES.ZIP/macos/source/helpers.c
/SOURCE/UNZIP/SOURCES.ZIP/macos/source/helpers.h
/SOURCE/UNZIP/SOURCES.ZIP/macos/source/macbin3.c
/SOURCE/UNZIP/SOURCES.ZIP/macos/source/macbin3.h
/SOURCE/UNZIP/SOURCES.ZIP/macos/source/maccfg.h
/SOURCE/UNZIP/SOURCES.ZIP/macos/source/macdir.c
/SOURCE/UNZIP/SOURCES.ZIP/macos/source/macdir.h
/SOURCE/UNZIP/SOURCES.ZIP/macos/source/macos.c
/SOURCE/UNZIP/SOURCES.ZIP/macos/source/macscreen.c
/SOURCE/UNZIP/SOURCES.ZIP/macos/source/macstat.c
/SOURCE/UNZIP/SOURCES.ZIP/macos/source/macstat.h
/SOURCE/UNZIP/SOURCES.ZIP/macos/source/macstuff.h
/SOURCE/UNZIP/SOURCES.ZIP/macos/source/mactime.c
/SOURCE/UNZIP/SOURCES.ZIP/macos/source/mactime.h
/SOURCE/UNZIP/SOURCES.ZIP/macos/source/macunzip.c
/SOURCE/UNZIP/SOURCES.ZIP/macos/source/pathname.c
/SOURCE/UNZIP/SOURCES.ZIP/macos/source/pathname.h
/SOURCE/UNZIP/SOURCES.ZIP/macos/source/sxunzip.c
/SOURCE/UNZIP/SOURCES.ZIP/macos/source/unzip_rc.hqx
/SOURCE/UNZIP/SOURCES.ZIP/man/
/SOURCE/UNZIP/SOURCES.ZIP/man/Contents
/SOURCE/UNZIP/SOURCES.ZIP/man/funzip.1
/SOURCE/UNZIP/SOURCES.ZIP/man/unzip.1
/SOURCE/UNZIP/SOURCES.ZIP/man/unzipsfx.1
/SOURCE/UNZIP/SOURCES.ZIP/man/zipgrep.1
/SOURCE/UNZIP/SOURCES.ZIP/man/zipinfo.1
/SOURCE/UNZIP/SOURCES.ZIP/match.c
/SOURCE/UNZIP/SOURCES.ZIP/msdos/
/SOURCE/UNZIP/SOURCES.ZIP/msdos/Contents
/SOURCE/UNZIP/SOURCES.ZIP/msdos/README
/SOURCE/UNZIP/SOURCES.ZIP/msdos/crc_i86.asm
/SOURCE/UNZIP/SOURCES.ZIP/msdos/doscfg.h
/SOURCE/UNZIP/SOURCES.ZIP/msdos/makefile.bc
/SOURCE/UNZIP/SOURCES.ZIP/msdos/makefile.dj1
/SOURCE/UNZIP/SOURCES.ZIP/msdos/makefile.dj2
/SOURCE/UNZIP/SOURCES.ZIP/msdos/makefile.emx
/SOURCE/UNZIP/SOURCES.ZIP/msdos/makefile.msc
/SOURCE/UNZIP/SOURCES.ZIP/msdos/makefile.tc
/SOURCE/UNZIP/SOURCES.ZIP/msdos/makefile.wat
/SOURCE/UNZIP/SOURCES.ZIP/msdos/msc51opt.dif
/SOURCE/UNZIP/SOURCES.ZIP/msdos/msdos.c
/SOURCE/UNZIP/SOURCES.ZIP/netware/
/SOURCE/UNZIP/SOURCES.ZIP/netware/Contents
/SOURCE/UNZIP/SOURCES.ZIP/netware/README
/SOURCE/UNZIP/SOURCES.ZIP/netware/makefile.wat
/SOURCE/UNZIP/SOURCES.ZIP/netware/netware.c
/SOURCE/UNZIP/SOURCES.ZIP/netware/nlm_EOL.pat
/SOURCE/UNZIP/SOURCES.ZIP/netware/nlmcfg.h
/SOURCE/UNZIP/SOURCES.ZIP/netware/unzip.build
/SOURCE/UNZIP/SOURCES.ZIP/netware/unzip.link
/SOURCE/UNZIP/SOURCES.ZIP/new-cmdparser/
/SOURCE/UNZIP/SOURCES.ZIP/new-cmdparser/unz6-newcmdparser-diffs.txt
/SOURCE/UNZIP/SOURCES.ZIP/os2/
/SOURCE/UNZIP/SOURCES.ZIP/os2/Contents
/SOURCE/UNZIP/SOURCES.ZIP/os2/makefile.os2
/SOURCE/UNZIP/SOURCES.ZIP/os2/os2.c
/SOURCE/UNZIP/SOURCES.ZIP/os2/os2acl.c
/SOURCE/UNZIP/SOURCES.ZIP/os2/os2acl.h
/SOURCE/UNZIP/SOURCES.ZIP/os2/os2cfg.h
/SOURCE/UNZIP/SOURCES.ZIP/os2/os2data.h
/SOURCE/UNZIP/SOURCES.ZIP/os2/rexxapi.c
/SOURCE/UNZIP/SOURCES.ZIP/os2/rexxapi.def
/SOURCE/UNZIP/SOURCES.ZIP/os2/rexxhelp.c
/SOURCE/UNZIP/SOURCES.ZIP/os2/rexxtest.cmd
/SOURCE/UNZIP/SOURCES.ZIP/os2/stub.def
/SOURCE/UNZIP/SOURCES.ZIP/os2/unzip.def
/SOURCE/UNZIP/SOURCES.ZIP/os2/zgrepapi.cmd
/SOURCE/UNZIP/SOURCES.ZIP/os2/zip2exe.cmd
/SOURCE/UNZIP/SOURCES.ZIP/os2/zipgrep.cmd
/SOURCE/UNZIP/SOURCES.ZIP/process.c
/SOURCE/UNZIP/SOURCES.ZIP/proginfo/
/SOURCE/UNZIP/SOURCES.ZIP/proginfo/3rdparty.bug
/SOURCE/UNZIP/SOURCES.ZIP/proginfo/CONTRIBS
/SOURCE/UNZIP/SOURCES.ZIP/proginfo/Contents
/SOURCE/UNZIP/SOURCES.ZIP/proginfo/ZipPorts
/SOURCE/UNZIP/SOURCES.ZIP/proginfo/defer.in
/SOURCE/UNZIP/SOURCES.ZIP/proginfo/extrafld.txt
/SOURCE/UNZIP/SOURCES.ZIP/proginfo/fileinfo.cms
/SOURCE/UNZIP/SOURCES.ZIP/proginfo/nt.sd
/SOURCE/UNZIP/SOURCES.ZIP/proginfo/perform.dos
/SOURCE/UNZIP/SOURCES.ZIP/proginfo/timezone.txt
/SOURCE/UNZIP/SOURCES.ZIP/proginfo/ziplimit.txt
/SOURCE/UNZIP/SOURCES.ZIP/qdos/
/SOURCE/UNZIP/SOURCES.ZIP/qdos/Contents
/SOURCE/UNZIP/SOURCES.ZIP/qdos/IZREADME.SMS
/SOURCE/UNZIP/SOURCES.ZIP/qdos/Makefile
/SOURCE/UNZIP/SOURCES.ZIP/qdos/callstub.c
/SOURCE/UNZIP/SOURCES.ZIP/qdos/config.S
/SOURCE/UNZIP/SOURCES.ZIP/qdos/crc68.s
/SOURCE/UNZIP/SOURCES.ZIP/qdos/izqdos.h
/SOURCE/UNZIP/SOURCES.ZIP/qdos/makesfx.c
/SOURCE/UNZIP/SOURCES.ZIP/qdos/qdos.c
/SOURCE/UNZIP/SOURCES.ZIP/README
/SOURCE/UNZIP/SOURCES.ZIP/tandem/
/SOURCE/UNZIP/SOURCES.ZIP/tandem/Contents
/SOURCE/UNZIP/SOURCES.ZIP/tandem/HISTORY
/SOURCE/UNZIP/SOURCES.ZIP/tandem/README
/SOURCE/UNZIP/SOURCES.ZIP/tandem/commacs
/SOURCE/UNZIP/SOURCES.ZIP/tandem/doit
/SOURCE/UNZIP/SOURCES.ZIP/tandem/macros
/SOURCE/UNZIP/SOURCES.ZIP/tandem/make
/SOURCE/UNZIP/SOURCES.ZIP/tandem/makesfx
/SOURCE/UNZIP/SOURCES.ZIP/tandem/tandem.c
/SOURCE/UNZIP/SOURCES.ZIP/tandem/tandem.h
/SOURCE/UNZIP/SOURCES.ZIP/tandem/tannsk.h
/SOURCE/UNZIP/SOURCES.ZIP/tandem/tanunz.c
/SOURCE/UNZIP/SOURCES.ZIP/testmake.zip/
/SOURCE/UNZIP/SOURCES.ZIP/testmake.zip/notes
/SOURCE/UNZIP/SOURCES.ZIP/testmake.zip/testmake.zipinfo
/SOURCE/UNZIP/SOURCES.ZIP/theos/
/SOURCE/UNZIP/SOURCES.ZIP/theos/Contents
/SOURCE/UNZIP/SOURCES.ZIP/theos/_fprintf.c
/SOURCE/UNZIP/SOURCES.ZIP/theos/_isatty.c
/SOURCE/UNZIP/SOURCES.ZIP/theos/_setargv.c
/SOURCE/UNZIP/SOURCES.ZIP/theos/_sprintf.c
/SOURCE/UNZIP/SOURCES.ZIP/theos/_stat.c
/SOURCE/UNZIP/SOURCES.ZIP/theos/charconv.h
/SOURCE/UNZIP/SOURCES.ZIP/theos/makefile
/SOURCE/UNZIP/SOURCES.ZIP/theos/oldstat.h
/SOURCE/UNZIP/SOURCES.ZIP/theos/stat.h
/SOURCE/UNZIP/SOURCES.ZIP/theos/theos.c
/SOURCE/UNZIP/SOURCES.ZIP/theos/thscfg.h
/SOURCE/UNZIP/SOURCES.ZIP/timezone.c
/SOURCE/UNZIP/SOURCES.ZIP/timezone.h
/SOURCE/UNZIP/SOURCES.ZIP/ToDo
/SOURCE/UNZIP/SOURCES.ZIP/tops20/
/SOURCE/UNZIP/SOURCES.ZIP/tops20/Contents
/SOURCE/UNZIP/SOURCES.ZIP/tops20/make.mic
/SOURCE/UNZIP/SOURCES.ZIP/tops20/rename.mic
/SOURCE/UNZIP/SOURCES.ZIP/tops20/tops20.c
/SOURCE/UNZIP/SOURCES.ZIP/ttyio.c
/SOURCE/UNZIP/SOURCES.ZIP/ttyio.h
/SOURCE/UNZIP/SOURCES.ZIP/ubz2err.c
/SOURCE/UNZIP/SOURCES.ZIP/unix/
/SOURCE/UNZIP/SOURCES.ZIP/unix/Contents
/SOURCE/UNZIP/SOURCES.ZIP/unix/Makefile
/SOURCE/UNZIP/SOURCES.ZIP/unix/Packaging/
/SOURCE/UNZIP/SOURCES.ZIP/unix/Packaging/README
/SOURCE/UNZIP/SOURCES.ZIP/unix/Packaging/pkginfo.in
/SOURCE/UNZIP/SOURCES.ZIP/unix/Packaging/postinstall
/SOURCE/UNZIP/SOURCES.ZIP/unix/Packaging/preinstall.in
/SOURCE/UNZIP/SOURCES.ZIP/unix/Packaging/prototype
/SOURCE/UNZIP/SOURCES.ZIP/unix/configure
/SOURCE/UNZIP/SOURCES.ZIP/unix/unix.c
/SOURCE/UNZIP/SOURCES.ZIP/unix/unxcfg.h
/SOURCE/UNZIP/SOURCES.ZIP/unix/zipgrep
/SOURCE/UNZIP/SOURCES.ZIP/unreduce.c
/SOURCE/UNZIP/SOURCES.ZIP/unshrink.c
/SOURCE/UNZIP/SOURCES.ZIP/unzip.c
/SOURCE/UNZIP/SOURCES.ZIP/unzip.h
/SOURCE/UNZIP/SOURCES.ZIP/unzipsfx.txt
/SOURCE/UNZIP/SOURCES.ZIP/unzipstb.c
/SOURCE/UNZIP/SOURCES.ZIP/unzip.txt
/SOURCE/UNZIP/SOURCES.ZIP/unzpriv.h
/SOURCE/UNZIP/SOURCES.ZIP/unzvers.h
/SOURCE/UNZIP/SOURCES.ZIP/vms/
/SOURCE/UNZIP/SOURCES.ZIP/vms/Contents
/SOURCE/UNZIP/SOURCES.ZIP/vms/INSTALL.VMS
/SOURCE/UNZIP/SOURCES.ZIP/vms/NOTES.TXT
/SOURCE/UNZIP/SOURCES.ZIP/vms/README
/SOURCE/UNZIP/SOURCES.ZIP/vms/UNZIP_MSG.MSG
/SOURCE/UNZIP/SOURCES.ZIP/vms/build_unzip.com
/SOURCE/UNZIP/SOURCES.ZIP/vms/bzlib.h
/SOURCE/UNZIP/SOURCES.ZIP/vms/cmdline.c
/SOURCE/UNZIP/SOURCES.ZIP/vms/collect_deps.com
/SOURCE/UNZIP/SOURCES.ZIP/vms/cvthelp.tpu
/SOURCE/UNZIP/SOURCES.ZIP/vms/descrip.mms
/SOURCE/UNZIP/SOURCES.ZIP/vms/descrip_deps.mms
/SOURCE/UNZIP/SOURCES.ZIP/vms/descrip_mkdeps.mms
/SOURCE/UNZIP/SOURCES.ZIP/vms/descrip_src.mms
/SOURCE/UNZIP/SOURCES.ZIP/vms/find_bzip2_lib.com
/SOURCE/UNZIP/SOURCES.ZIP/vms/hlp_lib_next.com
/SOURCE/UNZIP/SOURCES.ZIP/vms/infback9.h
/SOURCE/UNZIP/SOURCES.ZIP/vms/makesfx.com
/SOURCE/UNZIP/SOURCES.ZIP/vms/mod_dep.com
/SOURCE/UNZIP/SOURCES.ZIP/vms/unixio_gcc.h
/SOURCE/UNZIP/SOURCES.ZIP/vms/unixlib_gcc.h
/SOURCE/UNZIP/SOURCES.ZIP/vms/unz_cli.cld
/SOURCE/UNZIP/SOURCES.ZIP/vms/unzip.opt
/SOURCE/UNZIP/SOURCES.ZIP/vms/unzip_cli.help
/SOURCE/UNZIP/SOURCES.ZIP/vms/unzip_def.rnh
/SOURCE/UNZIP/SOURCES.ZIP/vms/unzipsfx.hlp
/SOURCE/UNZIP/SOURCES.ZIP/vms/unzipsfx.opt
/SOURCE/UNZIP/SOURCES.ZIP/vms/vms.c
/SOURCE/UNZIP/SOURCES.ZIP/vms/vms.h
/SOURCE/UNZIP/SOURCES.ZIP/vms/vmscfg.h
/SOURCE/UNZIP/SOURCES.ZIP/vms/vmsdefs.h
/SOURCE/UNZIP/SOURCES.ZIP/vms/zlib.h
/SOURCE/UNZIP/SOURCES.ZIP/WHERE
/SOURCE/UNZIP/SOURCES.ZIP/win32/
/SOURCE/UNZIP/SOURCES.ZIP/win32/Contents
/SOURCE/UNZIP/SOURCES.ZIP/win32/Makefile
/SOURCE/UNZIP/SOURCES.ZIP/win32/Makefile.bc
/SOURCE/UNZIP/SOURCES.ZIP/win32/Makefile.dj
/SOURCE/UNZIP/SOURCES.ZIP/win32/Makefile.emx
/SOURCE/UNZIP/SOURCES.ZIP/win32/Makefile.gcc
/SOURCE/UNZIP/SOURCES.ZIP/win32/Makefile.lcc
/SOURCE/UNZIP/SOURCES.ZIP/win32/Makefile.wat
/SOURCE/UNZIP/SOURCES.ZIP/win32/crc_i386.asm
/SOURCE/UNZIP/SOURCES.ZIP/win32/crc_i386.c
/SOURCE/UNZIP/SOURCES.ZIP/win32/crc_lcc.asm
/SOURCE/UNZIP/SOURCES.ZIP/win32/nt.c
/SOURCE/UNZIP/SOURCES.ZIP/win32/nt.h
/SOURCE/UNZIP/SOURCES.ZIP/win32/rsxntwin.h
/SOURCE/UNZIP/SOURCES.ZIP/win32/vc6/
/SOURCE/UNZIP/SOURCES.ZIP/win32/vc6/bz2lib.dsp
/SOURCE/UNZIP/SOURCES.ZIP/win32/vc6/funzip.dsp
/SOURCE/UNZIP/SOURCES.ZIP/win32/vc6/unzip.dsp
/SOURCE/UNZIP/SOURCES.ZIP/win32/vc6/unzip.dsw
/SOURCE/UNZIP/SOURCES.ZIP/win32/vc6/unzipbz2.dsp
/SOURCE/UNZIP/SOURCES.ZIP/win32/vc6/unzipsfx.dsp
/SOURCE/UNZIP/SOURCES.ZIP/win32/vc8/
/SOURCE/UNZIP/SOURCES.ZIP/win32/vc8/bz2lib.vcproj
/SOURCE/UNZIP/SOURCES.ZIP/win32/vc8/funzip.vcproj
/SOURCE/UNZIP/SOURCES.ZIP/win32/vc8/unzip.sln
/SOURCE/UNZIP/SOURCES.ZIP/win32/vc8/unzip.vcproj
/SOURCE/UNZIP/SOURCES.ZIP/win32/vc8/unzipbz2.vcproj
/SOURCE/UNZIP/SOURCES.ZIP/win32/vc8/unzipsfx.vcproj
/SOURCE/UNZIP/SOURCES.ZIP/win32/w32cfg.h
/SOURCE/UNZIP/SOURCES.ZIP/win32/win32.c
/SOURCE/UNZIP/SOURCES.ZIP/win32/win32i64.c
/SOURCE/UNZIP/SOURCES.ZIP/win32/winapp.rc
/SOURCE/UNZIP/SOURCES.ZIP/win32-experimental/
/SOURCE/UNZIP/SOURCES.ZIP/win32-experimental/unz60d10_w32wide-Unicode_patch.txt
/SOURCE/UNZIP/SOURCES.ZIP/wince/
/SOURCE/UNZIP/SOURCES.ZIP/wince/Contents
/SOURCE/UNZIP/SOURCES.ZIP/wince/README
/SOURCE/UNZIP/SOURCES.ZIP/wince/ilmask.bmp
/SOURCE/UNZIP/SOURCES.ZIP/wince/imglist.2bp
/SOURCE/UNZIP/SOURCES.ZIP/wince/imglist.bmp
/SOURCE/UNZIP/SOURCES.ZIP/wince/inc/
/SOURCE/UNZIP/SOURCES.ZIP/wince/inc/conio.h
/SOURCE/UNZIP/SOURCES.ZIP/wince/inc/errno.h
/SOURCE/UNZIP/SOURCES.ZIP/wince/inc/locale.h
/SOURCE/UNZIP/SOURCES.ZIP/wince/inc/signal.h
/SOURCE/UNZIP/SOURCES.ZIP/wince/inc/stdio.h
/SOURCE/UNZIP/SOURCES.ZIP/wince/intrface.cpp
/SOURCE/UNZIP/SOURCES.ZIP/wince/intrface.h
/SOURCE/UNZIP/SOURCES.ZIP/wince/punzip.h
/SOURCE/UNZIP/SOURCES.ZIP/wince/punzip.htp
/SOURCE/UNZIP/SOURCES.ZIP/wince/punzip.ic2
/SOURCE/UNZIP/SOURCES.ZIP/wince/punzip.ico
/SOURCE/UNZIP/SOURCES.ZIP/wince/punzip.rc
/SOURCE/UNZIP/SOURCES.ZIP/wince/punzip.rcv
/SOURCE/UNZIP/SOURCES.ZIP/wince/resource.h
/SOURCE/UNZIP/SOURCES.ZIP/wince/toolbar.2bp
/SOURCE/UNZIP/SOURCES.ZIP/wince/toolbar.bmp
/SOURCE/UNZIP/SOURCES.ZIP/wince/vc5/
/SOURCE/UNZIP/SOURCES.ZIP/wince/vc5/punzip.dsp
/SOURCE/UNZIP/SOURCES.ZIP/wince/vc6/
/SOURCE/UNZIP/SOURCES.ZIP/wince/vc6/punzip.dsp
/SOURCE/UNZIP/SOURCES.ZIP/wince/vcEMbed3/
/SOURCE/UNZIP/SOURCES.ZIP/wince/vcEMbed3/punzip.vcp
/SOURCE/UNZIP/SOURCES.ZIP/wince/vcEMbed3/unzipcmd.vcp
/SOURCE/UNZIP/SOURCES.ZIP/wince/vcEMbed3/unzipwce.vcw
/SOURCE/UNZIP/SOURCES.ZIP/wince/wcecfg.h
/SOURCE/UNZIP/SOURCES.ZIP/wince/wcemain.c
/SOURCE/UNZIP/SOURCES.ZIP/wince/wince.cpp
/SOURCE/UNZIP/SOURCES.ZIP/wince/wince.h
/SOURCE/UNZIP/SOURCES.ZIP/wince/winmain.cpp
/SOURCE/UNZIP/SOURCES.ZIP/wince/winmain.h
/SOURCE/UNZIP/SOURCES.ZIP/wince/zipfile.ic2
/SOURCE/UNZIP/SOURCES.ZIP/wince/zipfile.ico
/SOURCE/UNZIP/SOURCES.ZIP/windll/
/SOURCE/UNZIP/SOURCES.ZIP/windll/Contents
/SOURCE/UNZIP/SOURCES.ZIP/windll/csharp/
/SOURCE/UNZIP/SOURCES.ZIP/windll/csharp/App.ico
/SOURCE/UNZIP/SOURCES.ZIP/windll/csharp/AssemblyInfo.cs
/SOURCE/UNZIP/SOURCES.ZIP/windll/csharp/CSharpInfoZip_UnZipSample.csproj
/SOURCE/UNZIP/SOURCES.ZIP/windll/csharp/Form1.cs
/SOURCE/UNZIP/SOURCES.ZIP/windll/csharp/Form1.resx
/SOURCE/UNZIP/SOURCES.ZIP/windll/csharp/ReadMeCS.txt
/SOURCE/UNZIP/SOURCES.ZIP/windll/csharp/UnZipDLLPrintMessageEventArgs.cs
/SOURCE/UNZIP/SOURCES.ZIP/windll/csharp/UnZipDLLServiceMessageEventArgs.cs
/SOURCE/UNZIP/SOURCES.ZIP/windll/csharp/Unzip.cs
/SOURCE/UNZIP/SOURCES.ZIP/windll/csharp/ZipFileEntries.cs
/SOURCE/UNZIP/SOURCES.ZIP/windll/csharp/ZipFileEntry.cs
/SOURCE/UNZIP/SOURCES.ZIP/windll/csharp/frmShowContents.cs
/SOURCE/UNZIP/SOURCES.ZIP/windll/csharp/frmShowContents.resx
/SOURCE/UNZIP/SOURCES.ZIP/windll/decs.h
/SOURCE/UNZIP/SOURCES.ZIP/windll/guisfx/
/SOURCE/UNZIP/SOURCES.ZIP/windll/guisfx/dialog.h
/SOURCE/UNZIP/SOURCES.ZIP/windll/guisfx/sfxw.ico
/SOURCE/UNZIP/SOURCES.ZIP/windll/guisfx/sfxwiz.c
/SOURCE/UNZIP/SOURCES.ZIP/windll/guisfx/sfxwiz.dlg
/SOURCE/UNZIP/SOURCES.ZIP/windll/guisfx/sfxwiz.rc
/SOURCE/UNZIP/SOURCES.ZIP/windll/guisfx/sfxwiz16.mak
/SOURCE/UNZIP/SOURCES.ZIP/windll/guisfx/unzsfx16.def
/SOURCE/UNZIP/SOURCES.ZIP/windll/structs.h
/SOURCE/UNZIP/SOURCES.ZIP/windll/unziplib.def
/SOURCE/UNZIP/SOURCES.ZIP/windll/uzexampl.c
/SOURCE/UNZIP/SOURCES.ZIP/windll/uzexampl.h
/SOURCE/UNZIP/SOURCES.ZIP/windll/vb/
/SOURCE/UNZIP/SOURCES.ZIP/windll/vb/VBReadMe.txt
/SOURCE/UNZIP/SOURCES.ZIP/windll/vb/vbunzip.bas
/SOURCE/UNZIP/SOURCES.ZIP/windll/vb/vbunzip.frm
/SOURCE/UNZIP/SOURCES.ZIP/windll/vb/vbunzip.vbp
/SOURCE/UNZIP/SOURCES.ZIP/windll/vc5/
/SOURCE/UNZIP/SOURCES.ZIP/windll/vc5/dll/
/SOURCE/UNZIP/SOURCES.ZIP/windll/vc5/dll/unz32dll.dsp
/SOURCE/UNZIP/SOURCES.ZIP/windll/vc5/exampl/
/SOURCE/UNZIP/SOURCES.ZIP/windll/vc5/exampl/c_dll_ex.dsp
/SOURCE/UNZIP/SOURCES.ZIP/windll/vc5/lib/
/SOURCE/UNZIP/SOURCES.ZIP/windll/vc5/lib/unz32lib.dsp
/SOURCE/UNZIP/SOURCES.ZIP/windll/vc5/sfx/
/SOURCE/UNZIP/SOURCES.ZIP/windll/vc5/sfx/SFXWiz32.dsp
/SOURCE/UNZIP/SOURCES.ZIP/windll/vc5/sfx/SFXWiz32.dsw
/SOURCE/UNZIP/SOURCES.ZIP/windll/vc5/sfx/unzsfx32.dsp
/SOURCE/UNZIP/SOURCES.ZIP/windll/vc5/unzip32.dsw
/SOURCE/UNZIP/SOURCES.ZIP/windll/vc6/
/SOURCE/UNZIP/SOURCES.ZIP/windll/vc6/dll/
/SOURCE/UNZIP/SOURCES.ZIP/windll/vc6/dll/unz32dll.dsp
/SOURCE/UNZIP/SOURCES.ZIP/windll/vc6/exampl/
/SOURCE/UNZIP/SOURCES.ZIP/windll/vc6/exampl/c_dll_ex.dsp
/SOURCE/UNZIP/SOURCES.ZIP/windll/vc6/lib/
/SOURCE/UNZIP/SOURCES.ZIP/windll/vc6/lib/unz32lib.dsp
/SOURCE/UNZIP/SOURCES.ZIP/windll/vc6/sfx/
/SOURCE/UNZIP/SOURCES.ZIP/windll/vc6/sfx/SFXWiz32.dsp
/SOURCE/UNZIP/SOURCES.ZIP/windll/vc6/sfx/SFXWiz32.dsw
/SOURCE/UNZIP/SOURCES.ZIP/windll/vc6/sfx/unzsfx32.dsp
/SOURCE/UNZIP/SOURCES.ZIP/windll/vc6/unzip32.dsw
/SOURCE/UNZIP/SOURCES.ZIP/windll/vc8/
/SOURCE/UNZIP/SOURCES.ZIP/windll/vc8/dll/
/SOURCE/UNZIP/SOURCES.ZIP/windll/vc8/dll/unz32dll.vcproj
/SOURCE/UNZIP/SOURCES.ZIP/windll/vc8/exampl/
/SOURCE/UNZIP/SOURCES.ZIP/windll/vc8/exampl/c_dll_ex.vcproj
/SOURCE/UNZIP/SOURCES.ZIP/windll/vc8/lib/
/SOURCE/UNZIP/SOURCES.ZIP/windll/vc8/lib/unz32lib.vcproj
/SOURCE/UNZIP/SOURCES.ZIP/windll/vc8/sfx/
/SOURCE/UNZIP/SOURCES.ZIP/windll/vc8/sfx/SFXWiz32.sln
/SOURCE/UNZIP/SOURCES.ZIP/windll/vc8/sfx/SFXWiz32.vcproj
/SOURCE/UNZIP/SOURCES.ZIP/windll/vc8/sfx/unzsfx32.vcproj
/SOURCE/UNZIP/SOURCES.ZIP/windll/vc8/unzip32.sln
/SOURCE/UNZIP/SOURCES.ZIP/windll/windll.c
/SOURCE/UNZIP/SOURCES.ZIP/windll/windll.h
/SOURCE/UNZIP/SOURCES.ZIP/windll/windll.rc
/SOURCE/UNZIP/SOURCES.ZIP/windll/windll.txt
/SOURCE/UNZIP/SOURCES.ZIP/windll/windll16.def
/SOURCE/UNZIP/SOURCES.ZIP/windll/windll32.def
/SOURCE/UNZIP/SOURCES.ZIP/windll/windll_lc.def
/SOURCE/UNZIP/SOURCES.ZIP/windll/windllgcc.def
/SOURCE/UNZIP/SOURCES.ZIP/zipgrep.txt
/SOURCE/UNZIP/SOURCES.ZIP/zip.h
/SOURCE/UNZIP/SOURCES.ZIP/zipinfo.c
/SOURCE/UNZIP/SOURCES.ZIP/zipinfo.txt
