/
/APPINFO/
/APPINFO/V8POWER.DE
/APPINFO/V8POWER.FR
/APPINFO/V8POWER.LSM
/APPINFO/V8POWER.SV
/APPINFO/V8POWER.TR
/BIN/
/BIN/VASK.COM
/BIN/VCHKBOX.COM
/BIN/VCHOICE.COM
/BIN/VCLS.COM
/BIN/VCURSOR.COM
/BIN/VDELAY.COM
/BIN/VDELETE.COM
/BIN/VEACH.COM
/BIN/VECHO.COM
/BIN/VERRLVL.COM
/BIN/VFDUTIL.COM
/BIN/VFONT.COM
/BIN/VFRAME.COM
/BIN/VGOTOXY.COM
/BIN/VINFO.COM
/BIN/VINSERT.COM
/BIN/VLINE.COM
/BIN/VMATH.COM
/BIN/VMODE.COM
/BIN/VPAUSE.COM
/BIN/VPCSPKR.COM
/BIN/VPROGRES.COM
/BIN/VREADKEY.COM
/BIN/VSTR.COM
/BIN/VVER.COM
/BIN/VVIEW.COM
/DOC/
/DOC/V8POWER/
/DOC/V8POWER/DEMOS/
/DOC/V8POWER/DEMOS/DEMO.BAT
/DOC/V8POWER/EXAMPLES/
/DOC/V8POWER/EXAMPLES/EX00.BAT
/DOC/V8POWER/EXAMPLES/EX01.BAT
/DOC/V8POWER/EXAMPLES/EX02.BAT
/DOC/V8POWER/EXAMPLES/EX03.BAT
/DOC/V8POWER/EXAMPLES/EX04.BAT
/DOC/V8POWER/EXAMPLES/EX05.BAT
/DOC/V8POWER/EXAMPLES/EX06.BAT
/DOC/V8POWER/EXAMPLES/EX07.BAT
/DOC/V8POWER/EXAMPLES/EX08.BAT
/DOC/V8POWER/EXAMPLES/EX09.BAT
/DOC/V8POWER/EXAMPLES/EX10.BAT
/DOC/V8POWER/EXAMPLES/EX11.BAT
/DOC/V8POWER/EXAMPLES/EX12.BAT
/DOC/V8POWER/EXAMPLES/README.txt
/DOC/V8POWER/LICENSE
/DOC/V8POWER/ROADMAP.txt
/HELP/
/HELP/V8POWER.DE
/HELP/V8POWER.EN
/HELP/V8POWER.FR
/HELP/V8POWER.SV
/HELP/V8POWER.TR
/HELP/VASK.DE
/HELP/VASK.EN
/HELP/VASK.FR
/HELP/VASK.SV
/HELP/VASK.TR
/HELP/VCHKBOX.DE
/HELP/VCHKBOX.EN
/HELP/VCHKBOX.FR
/HELP/VCHKBOX.SV
/HELP/VCHKBOX.TR
/HELP/VCHOICE.DE
/HELP/VCHOICE.EN
/HELP/VCHOICE.FR
/HELP/VCHOICE.SV
/HELP/VCHOICE.TR
/HELP/VCLS.DE
/HELP/VCLS.EN
/HELP/VCLS.FR
/HELP/VCLS.SV
/HELP/VCLS.TR
/HELP/VCURSOR.DE
/HELP/VCURSOR.EN
/HELP/VCURSOR.FR
/HELP/VCURSOR.SV
/HELP/VCURSOR.TR
/HELP/VDELAY.DE
/HELP/VDELAY.EN
/HELP/VDELAY.FR
/HELP/VDELAY.SV
/HELP/VDELAY.TR
/HELP/VDELETE.DE
/HELP/VDELETE.EN
/HELP/VDELETE.FR
/HELP/VDELETE.SV
/HELP/VDELETE.TR
/HELP/VEACH.DE
/HELP/VEACH.EN
/HELP/VEACH.FR
/HELP/VEACH.SV
/HELP/VEACH.TR
/HELP/VECHO.DE
/HELP/VECHO.EN
/HELP/VECHO.FR
/HELP/VECHO.SV
/HELP/VECHO.TR
/HELP/VERRLVL.DE
/HELP/VERRLVL.EN
/HELP/VERRLVL.FR
/HELP/VERRLVL.SV
/HELP/VERRLVL.TR
/HELP/VFDUTIL.DE
/HELP/VFDUTIL.EN
/HELP/VFDUTIL.FR
/HELP/VFDUTIL.SV
/HELP/VFDUTIL.TR
/HELP/VFONT.DE
/HELP/VFONT.EN
/HELP/VFONT.FR
/HELP/VFONT.SV
/HELP/VFONT.TR
/HELP/VFRAME.DE
/HELP/VFRAME.EN
/HELP/VFRAME.FR
/HELP/VFRAME.SV
/HELP/VFRAME.TR
/HELP/VGOTOXY.DE
/HELP/VGOTOXY.EN
/HELP/VGOTOXY.FR
/HELP/VGOTOXY.SV
/HELP/VGOTOXY.TR
/HELP/VINFO.DE
/HELP/VINFO.EN
/HELP/VINFO.FR
/HELP/VINFO.SV
/HELP/VINFO.TR
/HELP/VINSERT.DE
/HELP/VINSERT.EN
/HELP/VINSERT.FR
/HELP/VINSERT.SV
/HELP/VINSERT.TR
/HELP/VLINE.DE
/HELP/VLINE.EN
/HELP/VLINE.FR
/HELP/VLINE.SV
/HELP/VLINE.TR
/HELP/VMATH.DE
/HELP/VMATH.EN
/HELP/VMATH.FR
/HELP/VMATH.SV
/HELP/VMATH.TR
/HELP/VMODE.DE
/HELP/VMODE.EN
/HELP/VMODE.FR
/HELP/VMODE.SV
/HELP/VMODE.TR
/HELP/VPAUSE.DE
/HELP/VPAUSE.EN
/HELP/VPAUSE.FR
/HELP/VPAUSE.SV
/HELP/VPAUSE.TR
/HELP/VPCSPKR.DE
/HELP/VPCSPKR.EN
/HELP/VPCSPKR.FR
/HELP/VPCSPKR.SV
/HELP/VPCSPKR.TR
/HELP/VPROGRES.DE
/HELP/VPROGRES.EN
/HELP/VPROGRES.FR
/HELP/VPROGRES.SV
/HELP/VPROGRES.TR
/HELP/VREADKEY.DE
/HELP/VREADKEY.EN
/HELP/VREADKEY.FR
/HELP/VREADKEY.SV
/HELP/VREADKEY.TR
/HELP/VSTR.DE
/HELP/VSTR.EN
/HELP/VSTR.FR
/HELP/VSTR.SV
/HELP/VSTR.TR
/HELP/VVER.DE
/HELP/VVER.EN
/HELP/VVER.FR
/HELP/VVER.SV
/HELP/VVER.TR
/HELP/VVIEW.DE
/HELP/VVIEW.EN
/HELP/VVIEW.FR
/HELP/VVIEW.SV
/HELP/VVIEW.TR
/SOURCE/
/SOURCE/V8POWER/
/SOURCE/V8POWER/SOURCES.ZIP/
/SOURCE/V8POWER/SOURCES.ZIP/LICENSE
/SOURCE/V8POWER/SOURCES.ZIP/MKCLEAN.BAT
/SOURCE/V8POWER/SOURCES.ZIP/MKV8.BAT
/SOURCE/V8POWER/SOURCES.ZIP/MKV8.SH
/SOURCE/V8POWER/SOURCES.ZIP/RELEASE.SH
/SOURCE/V8POWER/SOURCES.ZIP/ROADMAP.TXT
/SOURCE/V8POWER/SOURCES.ZIP/SOURCE/
/SOURCE/V8POWER/SOURCES.ZIP/SOURCE/APPINFO.LSM
/SOURCE/V8POWER/SOURCES.ZIP/SOURCE/COMMON.INC
/SOURCE/V8POWER/SOURCES.ZIP/SOURCE/DSKTLS.INC
/SOURCE/V8POWER/SOURCES.ZIP/SOURCE/EXEC.INC
/SOURCE/V8POWER/SOURCES.ZIP/SOURCE/FIND.INC
/SOURCE/V8POWER/SOURCES.ZIP/SOURCE/INT64.INC
/SOURCE/V8POWER/SOURCES.ZIP/SOURCE/MACHINES.INC
/SOURCE/V8POWER/SOURCES.ZIP/SOURCE/SWITCHES.INC
/SOURCE/V8POWER/SOURCES.ZIP/SOURCE/TABLES.INC
/SOURCE/V8POWER/SOURCES.ZIP/SOURCE/TRANSLAT.INC
/SOURCE/V8POWER/SOURCES.ZIP/SOURCE/V8-BIOS.INC
/SOURCE/V8POWER/SOURCES.ZIP/SOURCE/V8-DATA.INC
/SOURCE/V8POWER/SOURCES.ZIP/SOURCE/V8-DEBUG.INC
/SOURCE/V8POWER/SOURCES.ZIP/SOURCE/V8-DOS.INC
/SOURCE/V8POWER/SOURCES.ZIP/SOURCE/V8-FINAL.INC
/SOURCE/V8POWER/SOURCES.ZIP/SOURCE/V8-GRPHX.INC
/SOURCE/V8POWER/SOURCES.ZIP/SOURCE/V8-HELP.INC
/SOURCE/V8POWER/SOURCES.ZIP/SOURCE/V8-MACRO.INC
/SOURCE/V8POWER/SOURCES.ZIP/SOURCE/V8-PREP.INC
/SOURCE/V8POWER/SOURCES.ZIP/SOURCE/V8-STRUC.INC
/SOURCE/V8POWER/SOURCES.ZIP/SOURCE/V8-VBIOS.INC
/SOURCE/V8POWER/SOURCES.ZIP/SOURCE/VASK.ASM
/SOURCE/V8POWER/SOURCES.ZIP/SOURCE/VCHKBOX.ASM
/SOURCE/V8POWER/SOURCES.ZIP/SOURCE/VCHOICE.ASM
/SOURCE/V8POWER/SOURCES.ZIP/SOURCE/VCLS.ASM
/SOURCE/V8POWER/SOURCES.ZIP/SOURCE/VCURSOR.ASM
/SOURCE/V8POWER/SOURCES.ZIP/SOURCE/VDELAY.ASM
/SOURCE/V8POWER/SOURCES.ZIP/SOURCE/VDELETE.ASM
/SOURCE/V8POWER/SOURCES.ZIP/SOURCE/VEACH.ASM
/SOURCE/V8POWER/SOURCES.ZIP/SOURCE/VECHO.ASM
/SOURCE/V8POWER/SOURCES.ZIP/SOURCE/VERRLVL.ASM
/SOURCE/V8POWER/SOURCES.ZIP/SOURCE/VFDUTIL.ASM
/SOURCE/V8POWER/SOURCES.ZIP/SOURCE/VFONT.ASM
/SOURCE/V8POWER/SOURCES.ZIP/SOURCE/VFRAME.ASM
/SOURCE/V8POWER/SOURCES.ZIP/SOURCE/VGOTOXY.ASM
/SOURCE/V8POWER/SOURCES.ZIP/SOURCE/VINFO.ASM
/SOURCE/V8POWER/SOURCES.ZIP/SOURCE/VINSERT.ASM
/SOURCE/V8POWER/SOURCES.ZIP/SOURCE/VLINE.ASM
/SOURCE/V8POWER/SOURCES.ZIP/SOURCE/VMATH.ASM
/SOURCE/V8POWER/SOURCES.ZIP/SOURCE/VMODE.ASM
/SOURCE/V8POWER/SOURCES.ZIP/SOURCE/VPAUSE.ASM
/SOURCE/V8POWER/SOURCES.ZIP/SOURCE/VPCSPKR.ASM
/SOURCE/V8POWER/SOURCES.ZIP/SOURCE/VPROGRES.ASM
/SOURCE/V8POWER/SOURCES.ZIP/SOURCE/VREADKEY.ASM
/SOURCE/V8POWER/SOURCES.ZIP/SOURCE/VSTR.ASM
/SOURCE/V8POWER/SOURCES.ZIP/SOURCE/VVER.ASM
/SOURCE/V8POWER/SOURCES.ZIP/SOURCE/VVIEW.ASM
