/
/APPINFO/
/APPINFO/XCOPY.DE
/APPINFO/XCOPY.FR
/APPINFO/XCOPY.LSM
/APPINFO/XCOPY.SV
/APPINFO/XCOPY.TR
/BIN/
/BIN/XCOPY.EXE
/DOC/
/DOC/RXCOPY/
/DOC/RXCOPY/COPYING.TXT
/DOC/RXCOPY/HISTORY.TXT
/DOC/RXCOPY/XCOPY.TXT
/NLS/
/NLS/XCOPY.DE
/NLS/XCOPY.EN
/NLS/XCOPY.ES
/NLS/XCOPY.FI
/NLS/XCOPY.FR
/NLS/XCOPY.IT
/NLS/XCOPY.PL
/NLS/XCOPY.RU
/NLS/XCOPY.SL
/NLS/XCOPY.SV
/NLS/XCOPY.TR
/SOURCE/
/SOURCE/XCOPY/
/SOURCE/XCOPY/SOURCES.ZIP/
/SOURCE/XCOPY/SOURCES.ZIP/KITTEN.C
/SOURCE/XCOPY/SOURCES.ZIP/KITTEN.H
/SOURCE/XCOPY/SOURCES.ZIP/MAKEFILE
/SOURCE/XCOPY/SOURCES.ZIP/PRF.C
/SOURCE/XCOPY/SOURCES.ZIP/SHARED.INC
/SOURCE/XCOPY/SOURCES.ZIP/TCPP3.MAK
/SOURCE/XCOPY/SOURCES.ZIP/TURBOC.CFG
/SOURCE/XCOPY/SOURCES.ZIP/XCOPY.C
/SOURCE/XCOPY/SOURCES.ZIP/XCOPY.MAP
