/
/APPINFO/
/APPINFO/ZIP.DE
/APPINFO/ZIP.FR
/APPINFO/ZIP.LSM
/APPINFO/ZIP.SV
/APPINFO/ZIP.TR
/BIN/
/BIN/ZIP.EXE
/BIN/ZIP16.EXE
/BIN/ZIPCLOAK.EXE
/BIN/ZIPNOTE.EXE
/BIN/ZIPSPLIT.EXE
/DOC/
/DOC/ZIP/
/DOC/ZIP/BUGS
/DOC/ZIP/CHANGES
/DOC/ZIP/INSTALL
/DOC/ZIP/LICENSE
/DOC/ZIP/MANUAL
/DOC/ZIP/README
/DOC/ZIP/README.CR
/DOC/ZIP/README.DOS
/DOC/ZIP/TODO
/DOC/ZIP/WHATSNEW
/DOC/ZIP/WHERE
/DOC/ZIP/ZIPCLOAK.TXT
/DOC/ZIP/ZIPNOTE.TXT
/DOC/ZIP/ZIPSPLIT.TXT
/SOURCE/
/SOURCE/ZIP/
/SOURCE/ZIP/SOURCES.ZIP/
/SOURCE/ZIP/SOURCES.ZIP/acorn/
/SOURCE/ZIP/SOURCES.ZIP/acorn/GMakefile
/SOURCE/ZIP/SOURCES.ZIP/acorn/ReadMe
/SOURCE/ZIP/SOURCES.ZIP/acorn/ReadMe.GMakefile
/SOURCE/ZIP/SOURCES.ZIP/acorn/RunMe1st
/SOURCE/ZIP/SOURCES.ZIP/acorn/acornzip.c
/SOURCE/ZIP/SOURCES.ZIP/acorn/makefile
/SOURCE/ZIP/SOURCES.ZIP/acorn/match.s
/SOURCE/ZIP/SOURCES.ZIP/acorn/osdep.h
/SOURCE/ZIP/SOURCES.ZIP/acorn/riscos.c
/SOURCE/ZIP/SOURCES.ZIP/acorn/riscos.h
/SOURCE/ZIP/SOURCES.ZIP/acorn/sendbits.s
/SOURCE/ZIP/SOURCES.ZIP/acorn/srcrename
/SOURCE/ZIP/SOURCES.ZIP/acorn/swiven.h
/SOURCE/ZIP/SOURCES.ZIP/acorn/swiven.s
/SOURCE/ZIP/SOURCES.ZIP/acorn/zipsfx
/SOURCE/ZIP/SOURCES.ZIP/acorn/zipup.h
/SOURCE/ZIP/SOURCES.ZIP/amiga/
/SOURCE/ZIP/SOURCES.ZIP/amiga/LMKfile
/SOURCE/ZIP/SOURCES.ZIP/amiga/README
/SOURCE/ZIP/SOURCES.ZIP/amiga/amiga.c
/SOURCE/ZIP/SOURCES.ZIP/amiga/amiga.h
/SOURCE/ZIP/SOURCES.ZIP/amiga/amigazip.c
/SOURCE/ZIP/SOURCES.ZIP/amiga/crc_68.a
/SOURCE/ZIP/SOURCES.ZIP/amiga/deflate.a
/SOURCE/ZIP/SOURCES.ZIP/amiga/filedate.c
/SOURCE/ZIP/SOURCES.ZIP/amiga/makefile.azt
/SOURCE/ZIP/SOURCES.ZIP/amiga/match.a
/SOURCE/ZIP/SOURCES.ZIP/amiga/match_68.a
/SOURCE/ZIP/SOURCES.ZIP/amiga/osdep.h
/SOURCE/ZIP/SOURCES.ZIP/amiga/smakefile
/SOURCE/ZIP/SOURCES.ZIP/amiga/stat.c
/SOURCE/ZIP/SOURCES.ZIP/amiga/z-stat.h
/SOURCE/ZIP/SOURCES.ZIP/amiga/zipup.h
/SOURCE/ZIP/SOURCES.ZIP/aosvs/
/SOURCE/ZIP/SOURCES.ZIP/aosvs/aosvs.c
/SOURCE/ZIP/SOURCES.ZIP/aosvs/make.cli
/SOURCE/ZIP/SOURCES.ZIP/api.c
/SOURCE/ZIP/SOURCES.ZIP/api.h
/SOURCE/ZIP/SOURCES.ZIP/atari/
/SOURCE/ZIP/SOURCES.ZIP/atari/Makefile
/SOURCE/ZIP/SOURCES.ZIP/atari/README
/SOURCE/ZIP/SOURCES.ZIP/atari/atari.c
/SOURCE/ZIP/SOURCES.ZIP/atari/make_all.mup
/SOURCE/ZIP/SOURCES.ZIP/atari/make_zip.mup
/SOURCE/ZIP/SOURCES.ZIP/atari/osdep.h
/SOURCE/ZIP/SOURCES.ZIP/atari/zipup.h
/SOURCE/ZIP/SOURCES.ZIP/atheos/
/SOURCE/ZIP/SOURCES.ZIP/atheos/Makefile
/SOURCE/ZIP/SOURCES.ZIP/atheos/README
/SOURCE/ZIP/SOURCES.ZIP/atheos/atheos.c
/SOURCE/ZIP/SOURCES.ZIP/atheos/osdep.h
/SOURCE/ZIP/SOURCES.ZIP/atheos/zipup.h
/SOURCE/ZIP/SOURCES.ZIP/beos/
/SOURCE/ZIP/SOURCES.ZIP/beos/Contents
/SOURCE/ZIP/SOURCES.ZIP/beos/Makefile
/SOURCE/ZIP/SOURCES.ZIP/beos/README
/SOURCE/ZIP/SOURCES.ZIP/beos/beos.c
/SOURCE/ZIP/SOURCES.ZIP/beos/osdep.h
/SOURCE/ZIP/SOURCES.ZIP/beos/zipup.h
/SOURCE/ZIP/SOURCES.ZIP/Betas_Readme.txt
/SOURCE/ZIP/SOURCES.ZIP/BUGS
/SOURCE/ZIP/SOURCES.ZIP/bzip2/
/SOURCE/ZIP/SOURCES.ZIP/bzip2/install.txt
/SOURCE/ZIP/SOURCES.ZIP/CHANGES
/SOURCE/ZIP/SOURCES.ZIP/cmsmvs/
/SOURCE/ZIP/SOURCES.ZIP/cmsmvs/README.CMS
/SOURCE/ZIP/SOURCES.ZIP/cmsmvs/README.MVS
/SOURCE/ZIP/SOURCES.ZIP/cmsmvs/README.MVS.LE
/SOURCE/ZIP/SOURCES.ZIP/cmsmvs/cczip.exec
/SOURCE/ZIP/SOURCES.ZIP/cmsmvs/cms.c
/SOURCE/ZIP/SOURCES.ZIP/cmsmvs/cmsmvs.c
/SOURCE/ZIP/SOURCES.ZIP/cmsmvs/cmsmvs.h
/SOURCE/ZIP/SOURCES.ZIP/cmsmvs/cstat.h
/SOURCE/ZIP/SOURCES.ZIP/cmsmvs/mc.exec
/SOURCE/ZIP/SOURCES.ZIP/cmsmvs/mvs.c
/SOURCE/ZIP/SOURCES.ZIP/cmsmvs/mvs.h
/SOURCE/ZIP/SOURCES.ZIP/cmsmvs/mvs.mki
/SOURCE/ZIP/SOURCES.ZIP/cmsmvs/pipzip.rexx
/SOURCE/ZIP/SOURCES.ZIP/cmsmvs/zip.exec
/SOURCE/ZIP/SOURCES.ZIP/cmsmvs/zip.makefile
/SOURCE/ZIP/SOURCES.ZIP/cmsmvs/zipcloak.exec
/SOURCE/ZIP/SOURCES.ZIP/cmsmvs/zipmvsc.job
/SOURCE/ZIP/SOURCES.ZIP/cmsmvs/zipname.conven
/SOURCE/ZIP/SOURCES.ZIP/cmsmvs/zipnote.exec
/SOURCE/ZIP/SOURCES.ZIP/cmsmvs/zipsplit.exec
/SOURCE/ZIP/SOURCES.ZIP/cmsmvs/zipup.h
/SOURCE/ZIP/SOURCES.ZIP/cmsmvs/zipvmc.exec
/SOURCE/ZIP/SOURCES.ZIP/crc32.c
/SOURCE/ZIP/SOURCES.ZIP/crc32.h
/SOURCE/ZIP/SOURCES.ZIP/crc_i386.S
/SOURCE/ZIP/SOURCES.ZIP/crypt.c
/SOURCE/ZIP/SOURCES.ZIP/crypt.h
/SOURCE/ZIP/SOURCES.ZIP/deflate.c
/SOURCE/ZIP/SOURCES.ZIP/ebcdic.h
/SOURCE/ZIP/SOURCES.ZIP/file_id.diz
/SOURCE/ZIP/SOURCES.ZIP/fileio.c
/SOURCE/ZIP/SOURCES.ZIP/globals.c
/SOURCE/ZIP/SOURCES.ZIP/human68k/
/SOURCE/ZIP/SOURCES.ZIP/human68k/Makefile
/SOURCE/ZIP/SOURCES.ZIP/human68k/Makefile.gcc
/SOURCE/ZIP/SOURCES.ZIP/human68k/crc_68.s
/SOURCE/ZIP/SOURCES.ZIP/human68k/deflate.s
/SOURCE/ZIP/SOURCES.ZIP/human68k/human68k.c
/SOURCE/ZIP/SOURCES.ZIP/human68k/match.s
/SOURCE/ZIP/SOURCES.ZIP/human68k/osdep.h
/SOURCE/ZIP/SOURCES.ZIP/human68k/zipup.h
/SOURCE/ZIP/SOURCES.ZIP/INSTALL
/SOURCE/ZIP/SOURCES.ZIP/LICENSE
/SOURCE/ZIP/SOURCES.ZIP/macos/
/SOURCE/ZIP/SOURCES.ZIP/macos/Contents
/SOURCE/ZIP/SOURCES.ZIP/macos/HISTORY.TXT
/SOURCE/ZIP/SOURCES.ZIP/macos/README.TXT
/SOURCE/ZIP/SOURCES.ZIP/macos/ZipLib.h
/SOURCE/ZIP/SOURCES.ZIP/macos/ZipSx.h
/SOURCE/ZIP/SOURCES.ZIP/macos/ZpPrj.hqx
/SOURCE/ZIP/SOURCES.ZIP/macos/osdep.h
/SOURCE/ZIP/SOURCES.ZIP/macos/readme.1st
/SOURCE/ZIP/SOURCES.ZIP/macos/source/
/SOURCE/ZIP/SOURCES.ZIP/macos/source/VolWarn.h
/SOURCE/ZIP/SOURCES.ZIP/macos/source/charmap.h
/SOURCE/ZIP/SOURCES.ZIP/macos/source/extrafld.c
/SOURCE/ZIP/SOURCES.ZIP/macos/source/getenv.c
/SOURCE/ZIP/SOURCES.ZIP/macos/source/helpers.c
/SOURCE/ZIP/SOURCES.ZIP/macos/source/helpers.h
/SOURCE/ZIP/SOURCES.ZIP/macos/source/macglob.h
/SOURCE/ZIP/SOURCES.ZIP/macos/source/macopen.c
/SOURCE/ZIP/SOURCES.ZIP/macos/source/macopen.h
/SOURCE/ZIP/SOURCES.ZIP/macos/source/macos.c
/SOURCE/ZIP/SOURCES.ZIP/macos/source/macstuff.c
/SOURCE/ZIP/SOURCES.ZIP/macos/source/macstuff.h
/SOURCE/ZIP/SOURCES.ZIP/macos/source/mactime.c
/SOURCE/ZIP/SOURCES.ZIP/macos/source/mactime.h
/SOURCE/ZIP/SOURCES.ZIP/macos/source/pathname.c
/SOURCE/ZIP/SOURCES.ZIP/macos/source/pathname.h
/SOURCE/ZIP/SOURCES.ZIP/macos/source/recurse.c
/SOURCE/ZIP/SOURCES.ZIP/macos/source/recurse.h
/SOURCE/ZIP/SOURCES.ZIP/macos/source/unixlike.c
/SOURCE/ZIP/SOURCES.ZIP/macos/source/unixlike.h
/SOURCE/ZIP/SOURCES.ZIP/macos/source/zip_rc.hqx
/SOURCE/ZIP/SOURCES.ZIP/macos/zipup.h
/SOURCE/ZIP/SOURCES.ZIP/man/
/SOURCE/ZIP/SOURCES.ZIP/man/zip.1
/SOURCE/ZIP/SOURCES.ZIP/man/zipcloak.1
/SOURCE/ZIP/SOURCES.ZIP/man/zipnote.1
/SOURCE/ZIP/SOURCES.ZIP/man/zipsplit.1
/SOURCE/ZIP/SOURCES.ZIP/MANUAL
/SOURCE/ZIP/SOURCES.ZIP/match.S
/SOURCE/ZIP/SOURCES.ZIP/msdos/
/SOURCE/ZIP/SOURCES.ZIP/msdos/README.DOS
/SOURCE/ZIP/SOURCES.ZIP/msdos/crc_i86.asm
/SOURCE/ZIP/SOURCES.ZIP/msdos/makebz2.dj2
/SOURCE/ZIP/SOURCES.ZIP/msdos/makefile.bor
/SOURCE/ZIP/SOURCES.ZIP/msdos/makefile.dj1
/SOURCE/ZIP/SOURCES.ZIP/msdos/makefile.dj2
/SOURCE/ZIP/SOURCES.ZIP/msdos/makefile.emx
/SOURCE/ZIP/SOURCES.ZIP/msdos/makefile.msc
/SOURCE/ZIP/SOURCES.ZIP/msdos/makefile.tc
/SOURCE/ZIP/SOURCES.ZIP/msdos/makefile.wat
/SOURCE/ZIP/SOURCES.ZIP/msdos/match.asm
/SOURCE/ZIP/SOURCES.ZIP/msdos/msdos.c
/SOURCE/ZIP/SOURCES.ZIP/msdos/osdep.h
/SOURCE/ZIP/SOURCES.ZIP/msdos/zipup.h
/SOURCE/ZIP/SOURCES.ZIP/novell/
/SOURCE/ZIP/SOURCES.ZIP/novell/MAKEINIT
/SOURCE/ZIP/SOURCES.ZIP/novell/Makefile
/SOURCE/ZIP/SOURCES.ZIP/novell/Netware.c
/SOURCE/ZIP/SOURCES.ZIP/novell/README
/SOURCE/ZIP/SOURCES.ZIP/novell/m.cmd
/SOURCE/ZIP/SOURCES.ZIP/novell/osdep.h
/SOURCE/ZIP/SOURCES.ZIP/novell/signal.c
/SOURCE/ZIP/SOURCES.ZIP/novell/zip.lnk
/SOURCE/ZIP/SOURCES.ZIP/novell/zipup.h
/SOURCE/ZIP/SOURCES.ZIP/os2/
/SOURCE/ZIP/SOURCES.ZIP/os2/makefile.os2
/SOURCE/ZIP/SOURCES.ZIP/os2/match32.asm
/SOURCE/ZIP/SOURCES.ZIP/os2/os2.c
/SOURCE/ZIP/SOURCES.ZIP/os2/os2acl.c
/SOURCE/ZIP/SOURCES.ZIP/os2/os2acl.h
/SOURCE/ZIP/SOURCES.ZIP/os2/os2zip.c
/SOURCE/ZIP/SOURCES.ZIP/os2/os2zip.h
/SOURCE/ZIP/SOURCES.ZIP/os2/osdep.h
/SOURCE/ZIP/SOURCES.ZIP/os2/zip.def
/SOURCE/ZIP/SOURCES.ZIP/os2/zipup.h
/SOURCE/ZIP/SOURCES.ZIP/proginfo/
/SOURCE/ZIP/SOURCES.ZIP/proginfo/3rdparty.bug
/SOURCE/ZIP/SOURCES.ZIP/proginfo/ZipPorts
/SOURCE/ZIP/SOURCES.ZIP/proginfo/algorith.txt
/SOURCE/ZIP/SOURCES.ZIP/proginfo/ebcdic.msg
/SOURCE/ZIP/SOURCES.ZIP/proginfo/extrafld.txt
/SOURCE/ZIP/SOURCES.ZIP/proginfo/fileinfo.cms
/SOURCE/ZIP/SOURCES.ZIP/proginfo/infozip.who
/SOURCE/ZIP/SOURCES.ZIP/proginfo/ntsd.txt
/SOURCE/ZIP/SOURCES.ZIP/proginfo/perform.dos
/SOURCE/ZIP/SOURCES.ZIP/proginfo/timezone.txt
/SOURCE/ZIP/SOURCES.ZIP/proginfo/txtvsbin.txt
/SOURCE/ZIP/SOURCES.ZIP/proginfo/ziplimit.txt
/SOURCE/ZIP/SOURCES.ZIP/qdos/
/SOURCE/ZIP/SOURCES.ZIP/qdos/IZREADME.SMS
/SOURCE/ZIP/SOURCES.ZIP/qdos/Makefile.qdos
/SOURCE/ZIP/SOURCES.ZIP/qdos/Makefile.qlzip
/SOURCE/ZIP/SOURCES.ZIP/qdos/config.s
/SOURCE/ZIP/SOURCES.ZIP/qdos/crc68.s
/SOURCE/ZIP/SOURCES.ZIP/qdos/match.s
/SOURCE/ZIP/SOURCES.ZIP/qdos/osdep.h
/SOURCE/ZIP/SOURCES.ZIP/qdos/qdos.c
/SOURCE/ZIP/SOURCES.ZIP/qdos/qfileio.c
/SOURCE/ZIP/SOURCES.ZIP/qdos/zipup.h
/SOURCE/ZIP/SOURCES.ZIP/README
/SOURCE/ZIP/SOURCES.ZIP/README.CR
/SOURCE/ZIP/SOURCES.ZIP/revision.h
/SOURCE/ZIP/SOURCES.ZIP/tailor.h
/SOURCE/ZIP/SOURCES.ZIP/tandem/
/SOURCE/ZIP/SOURCES.ZIP/tandem/HISTORY
/SOURCE/ZIP/SOURCES.ZIP/tandem/README
/SOURCE/ZIP/SOURCES.ZIP/tandem/commacs
/SOURCE/ZIP/SOURCES.ZIP/tandem/doit
/SOURCE/ZIP/SOURCES.ZIP/tandem/macros
/SOURCE/ZIP/SOURCES.ZIP/tandem/make
/SOURCE/ZIP/SOURCES.ZIP/tandem/tandem.c
/SOURCE/ZIP/SOURCES.ZIP/tandem/tandem.h
/SOURCE/ZIP/SOURCES.ZIP/tandem/tannsk.h
/SOURCE/ZIP/SOURCES.ZIP/tandem/tanzip.c
/SOURCE/ZIP/SOURCES.ZIP/tandem/tanzip.h
/SOURCE/ZIP/SOURCES.ZIP/tandem/zipup.h
/SOURCE/ZIP/SOURCES.ZIP/theos/
/SOURCE/ZIP/SOURCES.ZIP/theos/Makefile
/SOURCE/ZIP/SOURCES.ZIP/theos/README
/SOURCE/ZIP/SOURCES.ZIP/theos/_chmod.c
/SOURCE/ZIP/SOURCES.ZIP/theos/_fprintf.c
/SOURCE/ZIP/SOURCES.ZIP/theos/_isatty.c
/SOURCE/ZIP/SOURCES.ZIP/theos/_rename.c
/SOURCE/ZIP/SOURCES.ZIP/theos/_setargv.c
/SOURCE/ZIP/SOURCES.ZIP/theos/_stat.c
/SOURCE/ZIP/SOURCES.ZIP/theos/charconv.h
/SOURCE/ZIP/SOURCES.ZIP/theos/osdep.h
/SOURCE/ZIP/SOURCES.ZIP/theos/stat.h
/SOURCE/ZIP/SOURCES.ZIP/theos/theos.c
/SOURCE/ZIP/SOURCES.ZIP/theos/zipup.h
/SOURCE/ZIP/SOURCES.ZIP/timezone.c
/SOURCE/ZIP/SOURCES.ZIP/timezone.h
/SOURCE/ZIP/SOURCES.ZIP/TODO
/SOURCE/ZIP/SOURCES.ZIP/tops20/
/SOURCE/ZIP/SOURCES.ZIP/tops20/make.mic
/SOURCE/ZIP/SOURCES.ZIP/tops20/osdep.h
/SOURCE/ZIP/SOURCES.ZIP/tops20/rename.mic
/SOURCE/ZIP/SOURCES.ZIP/tops20/tops20.c
/SOURCE/ZIP/SOURCES.ZIP/tops20/zipup.h
/SOURCE/ZIP/SOURCES.ZIP/trees.c
/SOURCE/ZIP/SOURCES.ZIP/ttyio.c
/SOURCE/ZIP/SOURCES.ZIP/ttyio.h
/SOURCE/ZIP/SOURCES.ZIP/unix/
/SOURCE/ZIP/SOURCES.ZIP/unix/Makefile
/SOURCE/ZIP/SOURCES.ZIP/unix/Packaging/
/SOURCE/ZIP/SOURCES.ZIP/unix/Packaging/README
/SOURCE/ZIP/SOURCES.ZIP/unix/Packaging/pkginfo.in
/SOURCE/ZIP/SOURCES.ZIP/unix/Packaging/postinstall
/SOURCE/ZIP/SOURCES.ZIP/unix/Packaging/preinstall.in
/SOURCE/ZIP/SOURCES.ZIP/unix/Packaging/prototype
/SOURCE/ZIP/SOURCES.ZIP/unix/README.OS390
/SOURCE/ZIP/SOURCES.ZIP/unix/configure
/SOURCE/ZIP/SOURCES.ZIP/unix/osdep.h
/SOURCE/ZIP/SOURCES.ZIP/unix/unix.c
/SOURCE/ZIP/SOURCES.ZIP/unix/zipup.h
/SOURCE/ZIP/SOURCES.ZIP/USexport.msg
/SOURCE/ZIP/SOURCES.ZIP/util.c
/SOURCE/ZIP/SOURCES.ZIP/vms/
/SOURCE/ZIP/SOURCES.ZIP/vms/NOTES.TXT
/SOURCE/ZIP/SOURCES.ZIP/vms/VMS_ZIP.RNH
/SOURCE/ZIP/SOURCES.ZIP/vms/build_zip.com
/SOURCE/ZIP/SOURCES.ZIP/vms/bzlib.h
/SOURCE/ZIP/SOURCES.ZIP/vms/cmdline.c
/SOURCE/ZIP/SOURCES.ZIP/vms/collect_deps.com
/SOURCE/ZIP/SOURCES.ZIP/vms/cvthelp.tpu
/SOURCE/ZIP/SOURCES.ZIP/vms/descrip.mms
/SOURCE/ZIP/SOURCES.ZIP/vms/descrip_deps.mms
/SOURCE/ZIP/SOURCES.ZIP/vms/descrip_mkdeps.mms
/SOURCE/ZIP/SOURCES.ZIP/vms/descrip_src.mms
/SOURCE/ZIP/SOURCES.ZIP/vms/find_bzip2_lib.com
/SOURCE/ZIP/SOURCES.ZIP/vms/hlp_lib_next.com
/SOURCE/ZIP/SOURCES.ZIP/vms/install_vms.txt
/SOURCE/ZIP/SOURCES.ZIP/vms/mod_dep.com
/SOURCE/ZIP/SOURCES.ZIP/vms/osdep.h
/SOURCE/ZIP/SOURCES.ZIP/vms/stream_lf.fdl
/SOURCE/ZIP/SOURCES.ZIP/vms/unixio_gcc.h
/SOURCE/ZIP/SOURCES.ZIP/vms/unixlib_gcc.h
/SOURCE/ZIP/SOURCES.ZIP/vms/vms.c
/SOURCE/ZIP/SOURCES.ZIP/vms/vms.h
/SOURCE/ZIP/SOURCES.ZIP/vms/vms_im.c
/SOURCE/ZIP/SOURCES.ZIP/vms/vms_msg_gen.c
/SOURCE/ZIP/SOURCES.ZIP/vms/vms_pk.c
/SOURCE/ZIP/SOURCES.ZIP/vms/vmsdefs.h
/SOURCE/ZIP/SOURCES.ZIP/vms/vmsmunch.c
/SOURCE/ZIP/SOURCES.ZIP/vms/vmsmunch.h
/SOURCE/ZIP/SOURCES.ZIP/vms/vmszip.c
/SOURCE/ZIP/SOURCES.ZIP/vms/zip.opt
/SOURCE/ZIP/SOURCES.ZIP/vms/zip_cli.cld
/SOURCE/ZIP/SOURCES.ZIP/vms/zip_cli.help
/SOURCE/ZIP/SOURCES.ZIP/vms/zip_msg.msg
/SOURCE/ZIP/SOURCES.ZIP/vms/zipup.h
/SOURCE/ZIP/SOURCES.ZIP/WHATSNEW
/SOURCE/ZIP/SOURCES.ZIP/WHERE
/SOURCE/ZIP/SOURCES.ZIP/win32/
/SOURCE/ZIP/SOURCES.ZIP/win32/README.NT
/SOURCE/ZIP/SOURCES.ZIP/win32/README.TZ
/SOURCE/ZIP/SOURCES.ZIP/win32/README.txt
/SOURCE/ZIP/SOURCES.ZIP/win32/crc_i386.asm
/SOURCE/ZIP/SOURCES.ZIP/win32/crc_i386.c
/SOURCE/ZIP/SOURCES.ZIP/win32/crc_lcc.asm
/SOURCE/ZIP/SOURCES.ZIP/win32/gvmat64.asm
/SOURCE/ZIP/SOURCES.ZIP/win32/lm32_lcc.asm
/SOURCE/ZIP/SOURCES.ZIP/win32/makefile.a64
/SOURCE/ZIP/SOURCES.ZIP/win32/makefile.bor
/SOURCE/ZIP/SOURCES.ZIP/win32/makefile.dj
/SOURCE/ZIP/SOURCES.ZIP/win32/makefile.emx
/SOURCE/ZIP/SOURCES.ZIP/win32/makefile.gcc
/SOURCE/ZIP/SOURCES.ZIP/win32/makefile.ibm
/SOURCE/ZIP/SOURCES.ZIP/win32/makefile.lcc
/SOURCE/ZIP/SOURCES.ZIP/win32/makefile.w10
/SOURCE/ZIP/SOURCES.ZIP/win32/makefile.w32
/SOURCE/ZIP/SOURCES.ZIP/win32/makefile.wat
/SOURCE/ZIP/SOURCES.ZIP/win32/makenoas.w32
/SOURCE/ZIP/SOURCES.ZIP/win32/match32.asm
/SOURCE/ZIP/SOURCES.ZIP/win32/nt.c
/SOURCE/ZIP/SOURCES.ZIP/win32/nt.h
/SOURCE/ZIP/SOURCES.ZIP/win32/osdep.h
/SOURCE/ZIP/SOURCES.ZIP/win32/readme.a64
/SOURCE/ZIP/SOURCES.ZIP/win32/rsxntwin.h
/SOURCE/ZIP/SOURCES.ZIP/win32/vc6/
/SOURCE/ZIP/SOURCES.ZIP/win32/vc6/ReadmeVC.txt
/SOURCE/ZIP/SOURCES.ZIP/win32/vc6/zip.dsp
/SOURCE/ZIP/SOURCES.ZIP/win32/vc6/zip.dsw
/SOURCE/ZIP/SOURCES.ZIP/win32/vc6/zipcloak.dsp
/SOURCE/ZIP/SOURCES.ZIP/win32/vc6/zipnote.dsp
/SOURCE/ZIP/SOURCES.ZIP/win32/vc6/zipsplit.dsp
/SOURCE/ZIP/SOURCES.ZIP/win32/vc6bz2/
/SOURCE/ZIP/SOURCES.ZIP/win32/vc6bz2/ReadVCBZ.txt
/SOURCE/ZIP/SOURCES.ZIP/win32/vc6bz2/zip.dsp
/SOURCE/ZIP/SOURCES.ZIP/win32/vc6bz2/zip.dsw
/SOURCE/ZIP/SOURCES.ZIP/win32/win32.c
/SOURCE/ZIP/SOURCES.ZIP/win32/win32i64.c
/SOURCE/ZIP/SOURCES.ZIP/win32/win32zip.c
/SOURCE/ZIP/SOURCES.ZIP/win32/win32zip.h
/SOURCE/ZIP/SOURCES.ZIP/win32/zip.def
/SOURCE/ZIP/SOURCES.ZIP/win32/zip.rc
/SOURCE/ZIP/SOURCES.ZIP/win32/zipup.h
/SOURCE/ZIP/SOURCES.ZIP/windll/
/SOURCE/ZIP/SOURCES.ZIP/windll/VBz64/
/SOURCE/ZIP/SOURCES.ZIP/windll/VBz64/VBZIP.VBP
/SOURCE/ZIP/SOURCES.ZIP/windll/VBz64/VBZIP.vbw
/SOURCE/ZIP/SOURCES.ZIP/windll/VBz64/VBZipBas.bas
/SOURCE/ZIP/SOURCES.ZIP/windll/VBz64/Vbzipfrm.frm
/SOURCE/ZIP/SOURCES.ZIP/windll/VBz64/readVB64.txt
/SOURCE/ZIP/SOURCES.ZIP/windll/Vb/
/SOURCE/ZIP/SOURCES.ZIP/windll/Vb/VBZIP.vbw
/SOURCE/ZIP/SOURCES.ZIP/windll/Vb/VBZipBas.bas
/SOURCE/ZIP/SOURCES.ZIP/windll/Vb/Vbzip.vbp
/SOURCE/ZIP/SOURCES.ZIP/windll/Vb/Vbzipfrm.frm
/SOURCE/ZIP/SOURCES.ZIP/windll/Vb/readmeVB.txt
/SOURCE/ZIP/SOURCES.ZIP/windll/contents
/SOURCE/ZIP/SOURCES.ZIP/windll/example.c
/SOURCE/ZIP/SOURCES.ZIP/windll/example.h
/SOURCE/ZIP/SOURCES.ZIP/windll/structs.h
/SOURCE/ZIP/SOURCES.ZIP/windll/visualc/
/SOURCE/ZIP/SOURCES.ZIP/windll/visualc/dll/
/SOURCE/ZIP/SOURCES.ZIP/windll/visualc/dll/zip32z64.dsp
/SOURCE/ZIP/SOURCES.ZIP/windll/visualc/dll/zip32z64.dsw
/SOURCE/ZIP/SOURCES.ZIP/windll/visualc/lib/
/SOURCE/ZIP/SOURCES.ZIP/windll/visualc/lib/zip32z64.dsp
/SOURCE/ZIP/SOURCES.ZIP/windll/visualc/lib/zip32z64.dsw
/SOURCE/ZIP/SOURCES.ZIP/windll/windll.aps
/SOURCE/ZIP/SOURCES.ZIP/windll/windll.c
/SOURCE/ZIP/SOURCES.ZIP/windll/windll.h
/SOURCE/ZIP/SOURCES.ZIP/windll/windll.rc
/SOURCE/ZIP/SOURCES.ZIP/windll/windll.txt
/SOURCE/ZIP/SOURCES.ZIP/windll/windll16.def
/SOURCE/ZIP/SOURCES.ZIP/windll/windll32.def
/SOURCE/ZIP/SOURCES.ZIP/windll/ziplib.def
/SOURCE/ZIP/SOURCES.ZIP/zbz2err.c
/SOURCE/ZIP/SOURCES.ZIP/zip30.ann
/SOURCE/ZIP/SOURCES.ZIP/zip30f.ann
/SOURCE/ZIP/SOURCES.ZIP/zip30g.ann
/SOURCE/ZIP/SOURCES.ZIP/zip30h.ann
/SOURCE/ZIP/SOURCES.ZIP/zip.c
/SOURCE/ZIP/SOURCES.ZIP/zipcloak.c
/SOURCE/ZIP/SOURCES.ZIP/zipcloak.txt
/SOURCE/ZIP/SOURCES.ZIP/ziperr.h
/SOURCE/ZIP/SOURCES.ZIP/zipfile.c
/SOURCE/ZIP/SOURCES.ZIP/zip.h
/SOURCE/ZIP/SOURCES.ZIP/zipnote.c
/SOURCE/ZIP/SOURCES.ZIP/zipnote.txt
/SOURCE/ZIP/SOURCES.ZIP/zipsplit.c
/SOURCE/ZIP/SOURCES.ZIP/zipsplit.txt
/SOURCE/ZIP/SOURCES.ZIP/zip.txt
/SOURCE/ZIP/SOURCES.ZIP/zipup.c
