# This is a sample menu.lst file. You should make some changes to it.
# The old install method of booting via the stage-files has been removed.
# Please install GRLDR boot strap code to MBR with the bootlace.com
# utility under DOS/Win9x or Linux.

color light-blue/blue black/green
timeout 30
default /default


title <-- BACK
find --set-root /grub/menu.lst
configfile /grub/menu.lst

title find and load NTLDR of Windows NT/2K/XP
fallback 1
find --set-root --ignore-floppies /ntldr
chainloader /ntldr
savedefault --wait=2

title find and load BOOTMGR of Windows VISTA/7/10/11
fallback 2
find --set-root --ignore-floppies /bootmgr
chainloader /bootmgr
savedefault --wait=2

title find and load CMLDR, the Recovery Console of Windows NT/2K/XP
fallback 3
find --set-root --ignore-floppies /cmldr
chainloader /cmldr
#####################################################################
# write string "cmdcons" to memory 0000:7C03 in 2 steps:
#####################################################################
# step 1. Write 4 chars "cmdc" at 0000:7C03
write 0x7C03 0x63646D63
# step 2. Write 3 chars "ons" and an ending null at 0000:7C07
write 0x7C07 0x00736E6F
savedefault --wait=2

title find and load IO.SYS of Windows 9x/Me
fallback 4
find --set-root /io.sys
chainloader /io.sys
savedefault --wait=2

#title find and boot 0PE.ISO
#fallback 5
#find --set-root /0PE/0PE.ISO
#map /0PE/0PE.ISO (0xff) || map --mem /0PE/0PE.ISO (0xff)
#map --hook
#chainloader (0xff)
#savedefault --wait=2

#title find and boot MicroPE.ISO
#fallback 6
#find --set-root /boot/MicroPE.ISO
#map /boot/MicroPE.ISO (0xff) || map --mem /boot/MicroPE.ISO (0xff)
#map --hook
#chainloader (0xff)
#savedefault --wait=2

#title Parted Magic ISO
#fallback 7
#find --set-root /pmagic.iso
#map /pmagic.iso (0xff) || map --mem /pmagic.iso (0xff)
#map --hook
#chainloader (0xff)
#savedefault --wait=2

#title Ultimate Boot CD ISO
#fallback 8
#find --set-root /ubcd.iso
#map /ubcd.iso (0xff) || map --mem /ubcd.iso (0xff)
#map --hook
#chainloader (0xff)
#savedefault --wait=2

title commandline
commandline

title floppy (fd0)
chainloader (fd0)+1
rootnoverify (fd0)


title MAXDOS.IMG
find --set-root /udbcd
map --mem /dosimg/maxdos.img (fd0)
map --hook
chainloader (fd0)+1
rootnoverify (fd0)


